#
# There is insufficient memory for the Java Runtime Environment to continue.
# Native memory allocation (malloc) failed to allocate 1565776 bytes for Chunk::new
# Possible reasons:
#   The system is out of physical RAM or swap space
#   The process is running with CompressedOops enabled, and the Java Heap may be blocking the growth of the native heap
# Possible solutions:
#   Reduce memory load on the system
#   Increase physical memory or swap space
#   Check if swap backing store is full
#   Decrease Java heap size (-Xmx/-Xms)
#   Decrease number of Java threads
#   Decrease Java thread stack sizes (-Xss)
#   Set larger code cache with -XX:ReservedCodeCacheSize=
#   JVM is running with Unscaled Compressed Oops mode in which the Java heap is
#     placed in the first 4GB address space. The Java Heap base address is the
#     maximum limit for the native heap growth. Please use -XX:HeapBaseMinAddress
#     to set the Java Heap base and to place the Java Heap above 4GB virtual address.
# This output file may be truncated or incomplete.
#
#  Out of Memory Error (arena.cpp:189), pid=8340, tid=5108
#
# JRE version: OpenJDK Runtime Environment (17.0.6) (build 17.0.6+0-b2043.56-9586694)
# Java VM: OpenJDK 64-Bit Server VM (17.0.6+0-b2043.56-9586694, mixed mode, tiered, compressed oops, compressed class ptrs, g1 gc, windows-amd64)
# No core dump will be written. Minidumps are not enabled by default on client versions of Windows
#

---------------  S U M M A R Y ------------

Command Line: org.jetbrains.kotlin.cli.jvm.K2JVMCompiler @C:\Users\thang\Downloads\software\social_network_app-main\social_network_app-main\app\build\20230426_11080891347467010915.compiler.options

Host: Intel(R) Core(TM) i7-8565U CPU @ 1.80GHz, 8 cores, 7G,  Windows 10 , 64 bit Build 19041 (10.0.19041.2788)
Time: Wed Apr 26 08:46:38 2023 SE Asia Standard Time elapsed time: 3.436339 seconds (0d 0h 0m 3s)

---------------  T H R E A D  ---------------

Current thread (0x000002433622b070):  JavaThread "C2 CompilerThread1" daemon [_thread_in_native, id=5108, stack(0x000000a724c00000,0x000000a724d00000)]


Current CompileTask:
C2:   3436 2973       4       jdk.internal.loader.ClassLoaders$AppClassLoader::loadClass (40 bytes)

Stack: [0x000000a724c00000,0x000000a724d00000]
Native frames: (J=compiled Java code, j=interpreted, Vv=VM code, C=native code)
V  [jvm.dll+0x683b4a]
V  [jvm.dll+0x842654]
V  [jvm.dll+0x843dfe]
V  [jvm.dll+0x844463]
V  [jvm.dll+0x249b75]
V  [jvm.dll+0xabcac]
V  [jvm.dll+0xac27c]
V  [jvm.dll+0x368802]
V  [jvm.dll+0x1bced2]
V  [jvm.dll+0x21c359]
V  [jvm.dll+0x21b621]
V  [jvm.dll+0x1a4fdd]
V  [jvm.dll+0x22b098]
V  [jvm.dll+0x229159]
V  [jvm.dll+0x7f809c]
V  [jvm.dll+0x7f25fa]
V  [jvm.dll+0x682985]
C  [ucrtbase.dll+0x21bb2]
C  [KERNEL32.DLL+0x17604]
C  [ntdll.dll+0x526a1]


---------------  P R O C E S S  ---------------

Threads class SMR info:
_java_thread_list=0x00000243365cf810, length=14, elements={
0x000002431b6ba180, 0x0000024336013260, 0x0000024335440650, 0x000002433602c090,
0x000002433602cc40, 0x000002433602fa10, 0x00000243360543e0, 0x0000024336055170,
0x0000024336055c10, 0x000002433606a0b0, 0x00000243361c96e0, 0x00000243361c6ed0,
0x000002433622b070, 0x00000243379cc660
}

Java Threads: ( => current thread )
  0x000002431b6ba180 JavaThread "main" [_thread_in_vm, id=10404, stack(0x000000a723900000,0x000000a723a00000)]
  0x0000024336013260 JavaThread "Reference Handler" daemon [_thread_blocked, id=9752, stack(0x000000a724000000,0x000000a724100000)]
  0x0000024335440650 JavaThread "Finalizer" daemon [_thread_blocked, id=6772, stack(0x000000a724100000,0x000000a724200000)]
  0x000002433602c090 JavaThread "Signal Dispatcher" daemon [_thread_blocked, id=6360, stack(0x000000a724200000,0x000000a724300000)]
  0x000002433602cc40 JavaThread "Attach Listener" daemon [_thread_blocked, id=7616, stack(0x000000a724300000,0x000000a724400000)]
  0x000002433602fa10 JavaThread "Service Thread" daemon [_thread_blocked, id=12332, stack(0x000000a724400000,0x000000a724500000)]
  0x00000243360543e0 JavaThread "Monitor Deflation Thread" daemon [_thread_blocked, id=4584, stack(0x000000a724500000,0x000000a724600000)]
  0x0000024336055170 JavaThread "C2 CompilerThread0" daemon [_thread_in_native, id=13180, stack(0x000000a724600000,0x000000a724700000)]
  0x0000024336055c10 JavaThread "C1 CompilerThread0" daemon [_thread_blocked, id=3428, stack(0x000000a724700000,0x000000a724800000)]
  0x000002433606a0b0 JavaThread "Sweeper thread" daemon [_thread_blocked, id=4644, stack(0x000000a724800000,0x000000a724900000)]
  0x00000243361c96e0 JavaThread "Notification Thread" daemon [_thread_blocked, id=12140, stack(0x000000a724900000,0x000000a724a00000)]
  0x00000243361c6ed0 JavaThread "Common-Cleaner" daemon [_thread_blocked, id=3928, stack(0x000000a724b00000,0x000000a724c00000)]
=>0x000002433622b070 JavaThread "C2 CompilerThread1" daemon [_thread_in_native, id=5108, stack(0x000000a724c00000,0x000000a724d00000)]
  0x00000243379cc660 JavaThread "C2 CompilerThread2" daemon [_thread_in_native, id=13060, stack(0x000000a725500000,0x000000a725600000)]

Other Threads:
  0x000002433543da20 VMThread "VM Thread" [stack: 0x000000a723f00000,0x000000a724000000] [id=11536]
  0x000002431b72c8c0 WatcherThread [stack: 0x000000a724a00000,0x000000a724b00000] [id=7820]
  0x000002431b714800 GCTaskThread "GC Thread#0" [stack: 0x000000a723a00000,0x000000a723b00000] [id=13140]
  0x0000024336780220 GCTaskThread "GC Thread#1" [stack: 0x000000a724d00000,0x000000a724e00000] [id=2684]
  0x00000243367808e0 GCTaskThread "GC Thread#2" [stack: 0x000000a724e00000,0x000000a724f00000] [id=9104]
  0x0000024336808690 GCTaskThread "GC Thread#3" [stack: 0x000000a724f00000,0x000000a725000000] [id=8396]
  0x0000024336808940 GCTaskThread "GC Thread#4" [stack: 0x000000a725000000,0x000000a725100000] [id=3976]
  0x0000024337666320 GCTaskThread "GC Thread#5" [stack: 0x000000a725100000,0x000000a725200000] [id=6628]
  0x00000243376665d0 GCTaskThread "GC Thread#6" [stack: 0x000000a725200000,0x000000a725300000] [id=12880]
  0x0000024337666880 GCTaskThread "GC Thread#7" [stack: 0x000000a725300000,0x000000a725400000] [id=6532]
  0x000002431b7253c0 ConcurrentGCThread "G1 Main Marker" [stack: 0x000000a723b00000,0x000000a723c00000] [id=7368]
  0x000002431b7265e0 ConcurrentGCThread "G1 Conc#0" [stack: 0x000000a723c00000,0x000000a723d00000] [id=8568]
  0x0000024337666b30 ConcurrentGCThread "G1 Conc#1" [stack: 0x000000a725400000,0x000000a725500000] [id=5200]
  0x000002431b78eaf0 ConcurrentGCThread "G1 Refine#0" [stack: 0x000000a723d00000,0x000000a723e00000] [id=440]
  0x00000243381e6310 ConcurrentGCThread "G1 Refine#1" [stack: 0x000000a725600000,0x000000a725700000] [id=12736]
  0x0000024335292600 ConcurrentGCThread "G1 Service" [stack: 0x000000a723e00000,0x000000a723f00000] [id=12752]

Threads with active compile tasks:
C2 CompilerThread0     3462 2910       4       java.lang.ClassLoader::loadClass (7 bytes)
C2 CompilerThread1     3462 2973       4       jdk.internal.loader.ClassLoaders$AppClassLoader::loadClass (40 bytes)
C2 CompilerThread2     3462 2914       4       jdk.internal.loader.BuiltinClassLoader::loadClassOrNull (7 bytes)

VM state: not at safepoint (normal execution)

VM Mutex/Monitor currently owned by a thread: None

Heap address: 0x0000000081c00000, size: 2020 MB, Compressed Oops mode: 32-bit

CDS archive(s) not mapped
Compressed class space mapped at: 0x0000000100000000-0x0000000140000000, reserved size: 1073741824
Narrow klass base: 0x0000000000000000, Narrow klass shift: 3, Narrow klass range: 0x140000000

GC Precious Log:
 CPUs: 8 total, 8 available
 Memory: 8078M
 Large Page Support: Disabled
 NUMA Support: Disabled
 Compressed Oops: Enabled (32-bit)
 Heap Region Size: 1M
 Heap Min Capacity: 8M
 Heap Initial Capacity: 128M
 Heap Max Capacity: 2020M
 Pre-touch: Disabled
 Parallel Workers: 8
 Concurrent Workers: 2
 Concurrent Refinement Workers: 8
 Periodic GC: Disabled

Heap:
 garbage-first heap   total 67584K, used 34687K [0x0000000081c00000, 0x0000000100000000)
  region size 1024K, 11 young (11264K), 3 survivors (3072K)
 Metaspace       used 47004K, committed 47232K, reserved 1097728K
  class space    used 5696K, committed 5760K, reserved 1048576K

Heap Regions: E=young(eden), S=young(survivor), O=old, HS=humongous(starts), HC=humongous(continues), CS=collection set, F=free, OA=open archive, CA=closed archive, TAMS=top-at-mark-start (previous, next)
|   0|0x0000000081c00000, 0x0000000081d00000, 0x0000000081d00000|100%|HS|  |TAMS 0x0000000081d00000, 0x0000000081c00000| Complete 
|   1|0x0000000081d00000, 0x0000000081e00000, 0x0000000081e00000|100%|HC|  |TAMS 0x0000000081e00000, 0x0000000081d00000| Complete 
|   2|0x0000000081e00000, 0x0000000081f00000, 0x0000000081f00000|100%|HC|  |TAMS 0x0000000081f00000, 0x0000000081e00000| Complete 
|   3|0x0000000081f00000, 0x0000000082000000, 0x0000000082000000|100%|HC|  |TAMS 0x0000000082000000, 0x0000000081f00000| Complete 
|   4|0x0000000082000000, 0x0000000082100000, 0x0000000082100000|100%| O|  |TAMS 0x0000000082100000, 0x0000000082000000| Untracked 
|   5|0x0000000082100000, 0x0000000082200000, 0x0000000082200000|100%| O|  |TAMS 0x0000000082200000, 0x0000000082100000| Untracked 
|   6|0x0000000082200000, 0x0000000082300000, 0x0000000082300000|100%| O|  |TAMS 0x0000000082300000, 0x0000000082200000| Untracked 
|   7|0x0000000082300000, 0x0000000082400000, 0x0000000082400000|100%|HS|  |TAMS 0x0000000082400000, 0x0000000082300000| Complete 
|   8|0x0000000082400000, 0x0000000082500000, 0x0000000082500000|100%|HC|  |TAMS 0x0000000082500000, 0x0000000082400000| Complete 
|   9|0x0000000082500000, 0x0000000082600000, 0x0000000082600000|100%|HC|  |TAMS 0x0000000082600000, 0x0000000082500000| Complete 
|  10|0x0000000082600000, 0x0000000082700000, 0x0000000082700000|100%|HC|  |TAMS 0x0000000082700000, 0x0000000082600000| Complete 
|  11|0x0000000082700000, 0x0000000082800000, 0x0000000082800000|100%| O|  |TAMS 0x0000000082800000, 0x0000000082700000| Untracked 
|  12|0x0000000082800000, 0x0000000082900000, 0x0000000082900000|100%| O|  |TAMS 0x0000000082900000, 0x0000000082800000| Untracked 
|  13|0x0000000082900000, 0x0000000082a00000, 0x0000000082a00000|100%| O|  |TAMS 0x0000000082a00000, 0x0000000082900000| Untracked 
|  14|0x0000000082a00000, 0x0000000082b00000, 0x0000000082b00000|100%| O|  |TAMS 0x0000000082b00000, 0x0000000082a00000| Untracked 
|  15|0x0000000082b00000, 0x0000000082c00000, 0x0000000082c00000|100%| O|  |TAMS 0x0000000082b00000, 0x0000000082b00000| Untracked 
|  16|0x0000000082c00000, 0x0000000082d00000, 0x0000000082d00000|100%| O|  |TAMS 0x0000000082c00000, 0x0000000082c00000| Untracked 
|  17|0x0000000082d00000, 0x0000000082e00000, 0x0000000082e00000|100%| O|  |TAMS 0x0000000082e00000, 0x0000000082d00000| Untracked 
|  18|0x0000000082e00000, 0x0000000082e00000, 0x0000000082f00000|  0%| F|  |TAMS 0x0000000082e00000, 0x0000000082e00000| Untracked 
|  19|0x0000000082f00000, 0x0000000083000000, 0x0000000083000000|100%| O|  |TAMS 0x0000000083000000, 0x0000000082f00000| Untracked 
|  20|0x0000000083000000, 0x0000000083100000, 0x0000000083100000|100%| O|  |TAMS 0x0000000083100000, 0x0000000083000000| Untracked 
|  21|0x0000000083100000, 0x0000000083200000, 0x0000000083200000|100%| O|  |TAMS 0x000000008311f600, 0x0000000083100000| Untracked 
|  22|0x0000000083200000, 0x0000000083300000, 0x0000000083300000|100%| O|  |TAMS 0x0000000083200000, 0x0000000083200000| Untracked 
|  23|0x0000000083300000, 0x0000000083400000, 0x0000000083400000|100%| O|  |TAMS 0x0000000083300000, 0x0000000083300000| Untracked 
|  24|0x0000000083400000, 0x0000000083500000, 0x0000000083500000|100%| O|  |TAMS 0x0000000083400000, 0x0000000083400000| Untracked 
|  25|0x0000000083500000, 0x00000000835ccc00, 0x0000000083600000| 79%| O|  |TAMS 0x0000000083500000, 0x0000000083500000| Untracked 
|  26|0x0000000083600000, 0x0000000083600000, 0x0000000083700000|  0%| F|  |TAMS 0x0000000083600000, 0x0000000083600000| Untracked 
|  27|0x0000000083700000, 0x0000000083700000, 0x0000000083800000|  0%| F|  |TAMS 0x0000000083700000, 0x0000000083700000| Untracked 
|  28|0x0000000083800000, 0x0000000083800000, 0x0000000083900000|  0%| F|  |TAMS 0x0000000083800000, 0x0000000083800000| Untracked 
|  29|0x0000000083900000, 0x0000000083900000, 0x0000000083a00000|  0%| F|  |TAMS 0x0000000083900000, 0x0000000083900000| Untracked 
|  30|0x0000000083a00000, 0x0000000083a00000, 0x0000000083b00000|  0%| F|  |TAMS 0x0000000083a00000, 0x0000000083a00000| Untracked 
|  31|0x0000000083b00000, 0x0000000083b00000, 0x0000000083c00000|  0%| F|  |TAMS 0x0000000083b00000, 0x0000000083b00000| Untracked 
|  32|0x0000000083c00000, 0x0000000083c00000, 0x0000000083d00000|  0%| F|  |TAMS 0x0000000083c00000, 0x0000000083c00000| Untracked 
|  33|0x0000000083d00000, 0x0000000083d00000, 0x0000000083e00000|  0%| F|  |TAMS 0x0000000083d00000, 0x0000000083d00000| Untracked 
|  34|0x0000000083e00000, 0x0000000083e00000, 0x0000000083f00000|  0%| F|  |TAMS 0x0000000083e00000, 0x0000000083e00000| Untracked 
|  35|0x0000000083f00000, 0x0000000083f00000, 0x0000000084000000|  0%| F|  |TAMS 0x0000000083f00000, 0x0000000083f00000| Untracked 
|  36|0x0000000084000000, 0x0000000084000000, 0x0000000084100000|  0%| F|  |TAMS 0x0000000084000000, 0x0000000084000000| Untracked 
|  37|0x0000000084100000, 0x0000000084100000, 0x0000000084200000|  0%| F|  |TAMS 0x0000000084100000, 0x0000000084100000| Untracked 
|  38|0x0000000084200000, 0x0000000084200000, 0x0000000084300000|  0%| F|  |TAMS 0x0000000084200000, 0x0000000084200000| Untracked 
|  39|0x0000000084300000, 0x00000000843130b8, 0x0000000084400000|  7%| S|CS|TAMS 0x0000000084300000, 0x0000000084300000| Complete 
|  40|0x0000000084400000, 0x0000000084500000, 0x0000000084500000|100%| S|CS|TAMS 0x0000000084400000, 0x0000000084400000| Complete 
|  41|0x0000000084500000, 0x0000000084600000, 0x0000000084600000|100%| S|CS|TAMS 0x0000000084500000, 0x0000000084500000| Complete 
|  42|0x0000000084600000, 0x0000000084600000, 0x0000000084700000|  0%| F|  |TAMS 0x0000000084600000, 0x0000000084600000| Untracked 
|  43|0x0000000084700000, 0x0000000084700000, 0x0000000084800000|  0%| F|  |TAMS 0x0000000084700000, 0x0000000084700000| Untracked 
|  44|0x0000000084800000, 0x0000000084800000, 0x0000000084900000|  0%| F|  |TAMS 0x0000000084800000, 0x0000000084800000| Untracked 
|  45|0x0000000084900000, 0x0000000084900000, 0x0000000084a00000|  0%| F|  |TAMS 0x0000000084900000, 0x0000000084900000| Untracked 
|  46|0x0000000084a00000, 0x0000000084a00000, 0x0000000084b00000|  0%| F|  |TAMS 0x0000000084a00000, 0x0000000084a00000| Untracked 
|  47|0x0000000084b00000, 0x0000000084b00000, 0x0000000084c00000|  0%| F|  |TAMS 0x0000000084b00000, 0x0000000084b00000| Untracked 
|  48|0x0000000084c00000, 0x0000000084c00000, 0x0000000084d00000|  0%| F|  |TAMS 0x0000000084c00000, 0x0000000084c00000| Untracked 
|  49|0x0000000084d00000, 0x0000000084d00000, 0x0000000084e00000|  0%| F|  |TAMS 0x0000000084d00000, 0x0000000084d00000| Untracked 
|  50|0x0000000084e00000, 0x0000000084e00000, 0x0000000084f00000|  0%| F|  |TAMS 0x0000000084e00000, 0x0000000084e00000| Untracked 
|  51|0x0000000084f00000, 0x0000000084f00000, 0x0000000085000000|  0%| F|  |TAMS 0x0000000084f00000, 0x0000000084f00000| Untracked 
|  52|0x0000000085000000, 0x0000000085000000, 0x0000000085100000|  0%| F|  |TAMS 0x0000000085000000, 0x0000000085000000| Untracked 
|  53|0x0000000085100000, 0x0000000085100000, 0x0000000085200000|  0%| F|  |TAMS 0x0000000085100000, 0x0000000085100000| Untracked 
|  54|0x0000000085200000, 0x0000000085200000, 0x0000000085300000|  0%| F|  |TAMS 0x0000000085200000, 0x0000000085200000| Untracked 
|  55|0x0000000085300000, 0x0000000085300000, 0x0000000085400000|  0%| F|  |TAMS 0x0000000085300000, 0x0000000085300000| Untracked 
|  56|0x0000000085400000, 0x0000000085400000, 0x0000000085500000|  0%| F|  |TAMS 0x0000000085400000, 0x0000000085400000| Untracked 
|  57|0x0000000085500000, 0x0000000085500000, 0x0000000085600000|  0%| F|  |TAMS 0x0000000085500000, 0x0000000085500000| Untracked 
|  58|0x0000000085600000, 0x00000000856dea78, 0x0000000085700000| 86%| E|  |TAMS 0x0000000085600000, 0x0000000085600000| Complete 
|  59|0x0000000085700000, 0x0000000085800000, 0x0000000085800000|100%| E|CS|TAMS 0x0000000085700000, 0x0000000085700000| Complete 
|  60|0x0000000085800000, 0x0000000085900000, 0x0000000085900000|100%| E|CS|TAMS 0x0000000085800000, 0x0000000085800000| Complete 
|  89|0x0000000087500000, 0x0000000087600000, 0x0000000087600000|100%| E|CS|TAMS 0x0000000087500000, 0x0000000087500000| Complete 
|  90|0x0000000087600000, 0x0000000087700000, 0x0000000087700000|100%| E|CS|TAMS 0x0000000087600000, 0x0000000087600000| Complete 
|  91|0x0000000087700000, 0x0000000087800000, 0x0000000087800000|100%| E|CS|TAMS 0x0000000087700000, 0x0000000087700000| Complete 
|  92|0x0000000087800000, 0x0000000087900000, 0x0000000087900000|100%| E|CS|TAMS 0x0000000087800000, 0x0000000087800000| Complete 
| 127|0x0000000089b00000, 0x0000000089c00000, 0x0000000089c00000|100%| E|CS|TAMS 0x0000000089b00000, 0x0000000089b00000| Complete 

Card table byte_map: [0x000002432e2c0000,0x000002432e6c0000] _byte_map_base: 0x000002432deb2000

Marking Bits (Prev, Next): (CMBitMap*) 0x000002431b714e10, (CMBitMap*) 0x000002431b714e50
 Prev Bits: [0x000002432eac0000, 0x0000024330a50000)
 Next Bits: [0x0000024330a50000, 0x00000243329e0000)

Polling page: 0x0000024319690000

Metaspace:

Usage:
  Non-class:     40.38 MB used.
      Class:      5.56 MB used.
       Both:     45.94 MB used.

Virtual space:
  Non-class space:       48.00 MB reserved,      40.56 MB ( 85%) committed,  6 nodes.
      Class space:        1.00 GB reserved,       5.62 MB ( <1%) committed,  1 nodes.
             Both:        1.05 GB reserved,      46.19 MB (  4%) committed. 

Chunk freelists:
   Non-Class:  2.67 MB
       Class:  2.25 MB
        Both:  4.92 MB

MaxMetaspaceSize: unlimited
CompressedClassSpaceSize: 1.00 GB
Initial GC threshold: 21.00 MB
Current GC threshold: 56.69 MB
CDS: off
MetaspaceReclaimPolicy: balanced
 - commit_granule_bytes: 65536.
 - commit_granule_words: 8192.
 - virtual_space_node_default_size: 1048576.
 - enlarge_chunks_in_place: 1.
 - new_chunks_are_fully_committed: 0.
 - uncommit_free_chunks: 1.
 - use_allocation_guard: 0.
 - handle_deallocations: 1.


Internal statistics:

num_allocs_failed_limit: 3.
num_arena_births: 208.
num_arena_deaths: 0.
num_vsnodes_births: 7.
num_vsnodes_deaths: 0.
num_space_committed: 737.
num_space_uncommitted: 0.
num_chunks_returned_to_freelist: 3.
num_chunks_taken_from_freelist: 1521.
num_chunk_merges: 0.
num_chunk_splits: 1226.
num_chunks_enlarged: 1090.
num_purges: 0.
num_inconsistent_stats: 0.

CodeHeap 'non-profiled nmethods': size=120000Kb used=1478Kb max_used=1478Kb free=118521Kb
 bounds [0x0000024326660000, 0x00000243268d0000, 0x000002432db90000]
CodeHeap 'profiled nmethods': size=120000Kb used=6209Kb max_used=6209Kb free=113790Kb
 bounds [0x000002431eb90000, 0x000002431f1b0000, 0x00000243260c0000]
CodeHeap 'non-nmethods': size=5760Kb used=1274Kb max_used=1346Kb free=4485Kb
 bounds [0x00000243260c0000, 0x0000024326330000, 0x0000024326660000]
 total_blobs=3871 nmethods=3282 adapters=501
 compilation: enabled
              stopped_count=0, restarted_count=0
 full_count=0

Compilation events (20 events):
Event: 3.416 Thread 0x0000024336055c10 nmethod 3272 0x000002431f189a90 code [0x000002431f189c60, 0x000002431f189f38]
Event: 3.416 Thread 0x0000024336055c10 3273       2       java.util.concurrent.locks.ReentrantLock::tryLock (13 bytes)
Event: 3.416 Thread 0x0000024336055c10 nmethod 3273 0x000002431f18a110 code [0x000002431f18a2c0, 0x000002431f18a418]
Event: 3.416 Thread 0x0000024336055c10 3275       2       java.util.regex.Matcher::find (69 bytes)
Event: 3.417 Thread 0x0000024336055c10 nmethod 3275 0x000002431f18a510 code [0x000002431f18a6c0, 0x000002431f18a8c8]
Event: 3.417 Thread 0x0000024336055c10 3277       2       org.jetbrains.kotlin.com.intellij.openapi.util.text.StringUtilRt::lastIndexOf (58 bytes)
Event: 3.417 Thread 0x0000024336055c10 nmethod 3277 0x000002431f18aa10 code [0x000002431f18abe0, 0x000002431f18ae28]
Event: 3.417 Thread 0x0000024336055c10 3276       2       org.jetbrains.kotlin.com.intellij.openapi.vfs.VirtualFile::getExtension (24 bytes)
Event: 3.417 Thread 0x0000024336055c10 nmethod 3276 0x000002431f18af90 code [0x000002431f18b140, 0x000002431f18b2e8]
Event: 3.417 Thread 0x0000024336055c10 3278       2       gnu.trove.TObjectHash::insertionIndex (273 bytes)
Event: 3.418 Thread 0x0000024336055c10 nmethod 3278 0x000002431f18b410 code [0x000002431f18b620, 0x000002431f18bc08]
Event: 3.418 Thread 0x0000024336055c10 3279       2       gnu.trove.TObjectHash::equals (22 bytes)
Event: 3.418 Thread 0x0000024336055c10 nmethod 3279 0x000002431f18be90 code [0x000002431f18c020, 0x000002431f18c168]
Event: 3.418 Thread 0x0000024336055c10 3274       2       java.util.concurrent.locks.ReentrantLock$Sync::tryLockNanos (36 bytes)
Event: 3.419 Thread 0x0000024336055c10 nmethod 3274 0x000002431f18c210 code [0x000002431f18c3e0, 0x000002431f18c678]
Event: 3.422 Thread 0x0000024336055c10 3280       2       org.jetbrains.kotlin.com.intellij.diagnostic.LoadingState::checkOccurred (38 bytes)
Event: 3.422 Thread 0x0000024336055c10 nmethod 3280 0x000002431f18c810 code [0x000002431f18c9e0, 0x000002431f18cc28]
Event: 3.430 Thread 0x0000024336055c10 3281       2       java.lang.invoke.ConstantCallSite::getTarget (20 bytes)
Event: 3.431 Thread 0x0000024336055c10 nmethod 3281 0x000002431f18cd90 code [0x000002431f18cf40, 0x000002431f18d108]
Event: 3.432 Thread 0x0000024336055c10 3283       2       org.jetbrains.kotlin.com.intellij.lang.java.lexer.JavaLexer::locateToken (548 bytes)

GC Heap History (20 events):
Event: 0.602 GC heap before
{Heap before GC invocations=0 (full 0):
 garbage-first heap   total 131072K, used 27648K [0x0000000081c00000, 0x0000000100000000)
  region size 1024K, 23 young (23552K), 0 survivors (0K)
 Metaspace       used 13312K, committed 13440K, reserved 1064960K
  class space    used 1282K, committed 1344K, reserved 1048576K
}
Event: 0.605 GC heap after
{Heap after GC invocations=1 (full 0):
 garbage-first heap   total 131072K, used 7007K [0x0000000081c00000, 0x0000000100000000)
  region size 1024K, 3 young (3072K), 3 survivors (3072K)
 Metaspace       used 13312K, committed 13440K, reserved 1064960K
  class space    used 1282K, committed 1344K, reserved 1048576K
}
Event: 1.126 GC heap before
{Heap before GC invocations=1 (full 0):
 garbage-first heap   total 131072K, used 38751K [0x0000000081c00000, 0x0000000100000000)
  region size 1024K, 35 young (35840K), 3 survivors (3072K)
 Metaspace       used 21320K, committed 21504K, reserved 1073152K
  class space    used 2323K, committed 2432K, reserved 1048576K
}
Event: 1.135 GC heap after
{Heap after GC invocations=2 (full 0):
 garbage-first heap   total 131072K, used 10244K [0x0000000081c00000, 0x0000000100000000)
  region size 1024K, 4 young (4096K), 4 survivors (4096K)
 Metaspace       used 21320K, committed 21504K, reserved 1073152K
  class space    used 2323K, committed 2432K, reserved 1048576K
}
Event: 1.520 GC heap before
{Heap before GC invocations=3 (full 0):
 garbage-first heap   total 40960K, used 32772K [0x0000000081c00000, 0x0000000100000000)
  region size 1024K, 23 young (23552K), 4 survivors (4096K)
 Metaspace       used 26995K, committed 27264K, reserved 1081344K
  class space    used 2970K, committed 3072K, reserved 1048576K
}
Event: 1.528 GC heap after
{Heap after GC invocations=4 (full 0):
 garbage-first heap   total 40960K, used 16386K [0x0000000081c00000, 0x0000000100000000)
  region size 1024K, 2 young (2048K), 2 survivors (2048K)
 Metaspace       used 26995K, committed 27264K, reserved 1081344K
  class space    used 2970K, committed 3072K, reserved 1048576K
}
Event: 1.549 GC heap before
{Heap before GC invocations=4 (full 0):
 garbage-first heap   total 40960K, used 17410K [0x0000000081c00000, 0x0000000100000000)
  region size 1024K, 3 young (3072K), 2 survivors (2048K)
 Metaspace       used 27378K, committed 27648K, reserved 1081344K
  class space    used 3015K, committed 3136K, reserved 1048576K
}
Event: 1.553 GC heap after
{Heap after GC invocations=5 (full 0):
 garbage-first heap   total 40960K, used 16799K [0x0000000081c00000, 0x0000000100000000)
  region size 1024K, 1 young (1024K), 1 survivors (1024K)
 Metaspace       used 27378K, committed 27648K, reserved 1081344K
  class space    used 3015K, committed 3136K, reserved 1048576K
}
Event: 1.834 GC heap before
{Heap before GC invocations=5 (full 0):
 garbage-first heap   total 40960K, used 31135K [0x0000000081c00000, 0x0000000100000000)
  region size 1024K, 15 young (15360K), 1 survivors (1024K)
 Metaspace       used 31014K, committed 31232K, reserved 1081344K
  class space    used 3768K, committed 3904K, reserved 1048576K
}
Event: 1.839 GC heap after
{Heap after GC invocations=6 (full 0):
 garbage-first heap   total 40960K, used 18185K [0x0000000081c00000, 0x0000000100000000)
  region size 1024K, 2 young (2048K), 2 survivors (2048K)
 Metaspace       used 31014K, committed 31232K, reserved 1081344K
  class space    used 3768K, committed 3904K, reserved 1048576K
}
Event: 2.044 GC heap before
{Heap before GC invocations=6 (full 0):
 garbage-first heap   total 40960K, used 33545K [0x0000000081c00000, 0x0000000100000000)
  region size 1024K, 15 young (15360K), 2 survivors (2048K)
 Metaspace       used 31993K, committed 32256K, reserved 1081344K
  class space    used 4031K, committed 4160K, reserved 1048576K
}
Event: 2.052 GC heap after
{Heap after GC invocations=7 (full 0):
 garbage-first heap   total 40960K, used 23677K [0x0000000081c00000, 0x0000000100000000)
  region size 1024K, 2 young (2048K), 2 survivors (2048K)
 Metaspace       used 31993K, committed 32256K, reserved 1081344K
  class space    used 4031K, committed 4160K, reserved 1048576K
}
Event: 2.253 GC heap before
{Heap before GC invocations=7 (full 0):
 garbage-first heap   total 40960K, used 30845K [0x0000000081c00000, 0x0000000100000000)
  region size 1024K, 10 young (10240K), 2 survivors (2048K)
 Metaspace       used 34488K, committed 34688K, reserved 1081344K
  class space    used 4378K, committed 4480K, reserved 1048576K
}
Event: 2.260 GC heap after
{Heap after GC invocations=8 (full 0):
 garbage-first heap   total 67584K, used 24542K [0x0000000081c00000, 0x0000000100000000)
  region size 1024K, 1 young (1024K), 1 survivors (1024K)
 Metaspace       used 34488K, committed 34688K, reserved 1081344K
  class space    used 4378K, committed 4480K, reserved 1048576K
}
Event: 2.710 GC heap before
{Heap before GC invocations=9 (full 0):
 garbage-first heap   total 67584K, used 48094K [0x0000000081c00000, 0x0000000100000000)
  region size 1024K, 25 young (25600K), 1 survivors (1024K)
 Metaspace       used 38971K, committed 39232K, reserved 1089536K
  class space    used 4876K, committed 4992K, reserved 1048576K
}
Event: 2.717 GC heap after
{Heap after GC invocations=10 (full 0):
 garbage-first heap   total 67584K, used 25691K [0x0000000081c00000, 0x0000000100000000)
  region size 1024K, 4 young (4096K), 4 survivors (4096K)
 Metaspace       used 38971K, committed 39232K, reserved 1089536K
  class space    used 4876K, committed 4992K, reserved 1048576K
}
Event: 2.732 GC heap before
{Heap before GC invocations=10 (full 0):
 garbage-first heap   total 67584K, used 25691K [0x0000000081c00000, 0x0000000100000000)
  region size 1024K, 5 young (5120K), 4 survivors (4096K)
 Metaspace       used 39190K, committed 39424K, reserved 1089536K
  class space    used 4900K, committed 4992K, reserved 1048576K
}
Event: 2.738 GC heap after
{Heap after GC invocations=11 (full 0):
 garbage-first heap   total 67584K, used 25961K [0x0000000081c00000, 0x0000000100000000)
  region size 1024K, 1 young (1024K), 1 survivors (1024K)
 Metaspace       used 39190K, committed 39424K, reserved 1089536K
  class space    used 4900K, committed 4992K, reserved 1048576K
}
Event: 3.167 GC heap before
{Heap before GC invocations=11 (full 0):
 garbage-first heap   total 67584K, used 48489K [0x0000000081c00000, 0x0000000100000000)
  region size 1024K, 24 young (24576K), 1 survivors (1024K)
 Metaspace       used 44869K, committed 45056K, reserved 1089536K
  class space    used 5429K, committed 5504K, reserved 1048576K
}
Event: 3.173 GC heap after
{Heap after GC invocations=12 (full 0):
 garbage-first heap   total 67584K, used 27519K [0x0000000081c00000, 0x0000000100000000)
  region size 1024K, 3 young (3072K), 3 survivors (3072K)
 Metaspace       used 44869K, committed 45056K, reserved 1089536K
  class space    used 5429K, committed 5504K, reserved 1048576K
}

Dll operation events (2 events):
Event: 0.008 Loaded shared library C:\Program Files\Android\Android Studio\jbr\bin\java.dll
Event: 0.966 Loaded shared library C:\Program Files\Android\Android Studio\jbr\bin\verify.dll

Deoptimization events (20 events):
Event: 3.028 Thread 0x000002431b6ba180 Uncommon trap: trap_request=0xffffff45 fr.pc=0x0000024326723c40 relative=0x0000000000000220
Event: 3.028 Thread 0x000002431b6ba180 Uncommon trap: reason=unstable_if action=reinterpret pc=0x0000024326723c40 method=java.lang.String.startsWith(Ljava/lang/String;I)Z @ 50 c2
Event: 3.028 Thread 0x000002431b6ba180 DEOPT PACKING pc=0x0000024326723c40 sp=0x000000a7239f5290
Event: 3.028 Thread 0x000002431b6ba180 DEOPT UNPACKING pc=0x00000243261169a3 sp=0x000000a7239f51f0 mode 2
Event: 3.029 Thread 0x000002431b6ba180 Uncommon trap: trap_request=0xffffff45 fr.pc=0x000002432679f160 relative=0x0000000000000720
Event: 3.029 Thread 0x000002431b6ba180 Uncommon trap: reason=unstable_if action=reinterpret pc=0x000002432679f160 method=java.lang.String.lastIndexOf(II)I @ 4 c2
Event: 3.029 Thread 0x000002431b6ba180 DEOPT PACKING pc=0x000002432679f160 sp=0x000000a7239f52d0
Event: 3.029 Thread 0x000002431b6ba180 DEOPT UNPACKING pc=0x00000243261169a3 sp=0x000000a7239f51c0 mode 2
Event: 3.045 Thread 0x000002431b6ba180 Uncommon trap: trap_request=0xffffff45 fr.pc=0x00000243267c720c relative=0x00000000000000ec
Event: 3.045 Thread 0x000002431b6ba180 Uncommon trap: reason=unstable_if action=reinterpret pc=0x00000243267c720c method=java.lang.ThreadLocal$ThreadLocalMap.getEntry(Ljava/lang/ThreadLocal;)Ljava/lang/ThreadLocal$ThreadLocalMap$Entry; @ 29 c2
Event: 3.045 Thread 0x000002431b6ba180 DEOPT PACKING pc=0x00000243267c720c sp=0x000000a7239fda40
Event: 3.045 Thread 0x000002431b6ba180 DEOPT UNPACKING pc=0x00000243261169a3 sp=0x000000a7239fd958 mode 2
Event: 3.135 Thread 0x000002431b6ba180 Uncommon trap: trap_request=0xffffffde fr.pc=0x000002432679c368 relative=0x0000000000001168
Event: 3.135 Thread 0x000002431b6ba180 Uncommon trap: reason=class_check action=maybe_recompile pc=0x000002432679c368 method=java.util.HashMap.putVal(ILjava/lang/Object;Ljava/lang/Object;ZZ)Ljava/lang/Object; @ 203 c2
Event: 3.135 Thread 0x000002431b6ba180 DEOPT PACKING pc=0x000002432679c368 sp=0x000000a7239fcbf0
Event: 3.135 Thread 0x000002431b6ba180 DEOPT UNPACKING pc=0x00000243261169a3 sp=0x000000a7239fcb80 mode 2
Event: 3.150 Thread 0x000002431b6ba180 Uncommon trap: trap_request=0xffffffde fr.pc=0x000002432679c368 relative=0x0000000000001168
Event: 3.150 Thread 0x000002431b6ba180 Uncommon trap: reason=class_check action=maybe_recompile pc=0x000002432679c368 method=java.util.HashMap.putVal(ILjava/lang/Object;Ljava/lang/Object;ZZ)Ljava/lang/Object; @ 203 c2
Event: 3.150 Thread 0x000002431b6ba180 DEOPT PACKING pc=0x000002432679c368 sp=0x000000a7239fcbf0
Event: 3.150 Thread 0x000002431b6ba180 DEOPT UNPACKING pc=0x00000243261169a3 sp=0x000000a7239fcb80 mode 2

Classes unloaded (0 events):
No events

Classes redefined (0 events):
No events

Internal exceptions (20 events):
Event: 0.896 Thread 0x000002431b6ba180 Exception <a 'java/lang/NoSuchMethodError'{0x0000000088afb108}: 'int java.lang.invoke.DelegatingMethodHandle$Holder.reinvoke_L(java.lang.Object, java.lang.Object, java.lang.Object, long, int)'> (0x0000000088afb108) 
thrown [s\src\hotspot\share\interpreter\linkResolver.cpp, line 771]
Event: 0.969 Thread 0x000002431b6ba180 Exception <a 'java/lang/NoSuchMethodError'{0x0000000088664478}: 'java.lang.Object java.lang.invoke.DirectMethodHandle$Holder.invokeStaticInit(java.lang.Object)'> (0x0000000088664478) 
thrown [s\src\hotspot\share\interpreter\linkResolver.cpp, line 771]
Event: 1.078 Thread 0x000002431b6ba180 Exception <a 'java/lang/NoSuchMethodError'{0x0000000087c2f930}: 'java.lang.Object java.lang.invoke.DirectMethodHandle$Holder.invokeStaticInit(java.lang.Object, int)'> (0x0000000087c2f930) 
thrown [s\src\hotspot\share\interpreter\linkResolver.cpp, line 771]
Event: 1.088 Thread 0x000002431b6ba180 Exception <a 'java/lang/NoSuchMethodError'{0x0000000087cb9ae8}: 'void java.lang.invoke.DirectMethodHandle$Holder.invokeStatic(java.lang.Object, java.lang.Object)'> (0x0000000087cb9ae8) 
thrown [s\src\hotspot\share\interpreter\linkResolver.cpp, line 771]
Event: 1.105 Thread 0x000002431b6ba180 Exception <a 'java/lang/NoSuchMethodError'{0x0000000087bf1d68}: 'long java.lang.invoke.DirectMethodHandle$Holder.invokeStatic(java.lang.Object)'> (0x0000000087bf1d68) 
thrown [s\src\hotspot\share\interpreter\linkResolver.cpp, line 771]
Event: 1.106 Thread 0x000002431b6ba180 Exception <a 'java/lang/NoSuchMethodError'{0x0000000087bf54c0}: 'long java.lang.invoke.DirectMethodHandle$Holder.invokeStaticInit(java.lang.Object)'> (0x0000000087bf54c0) 
thrown [s\src\hotspot\share\interpreter\linkResolver.cpp, line 771]
Event: 1.186 Thread 0x000002431b6ba180 Exception <a 'java/lang/NoSuchMethodError'{0x0000000083c04288}: 'int java.lang.invoke.DirectMethodHandle$Holder.invokeStaticInit(java.lang.Object, java.lang.Object, java.lang.Object)'> (0x0000000083c04288) 
thrown [s\src\hotspot\share\interpreter\linkResolver.cpp, line 771]
Event: 1.193 Thread 0x000002431b6ba180 Exception <a 'java/lang/NoSuchMethodError'{0x0000000083c2c950}: 'int java.lang.invoke.DirectMethodHandle$Holder.invokeStaticInit(java.lang.Object, java.lang.Object)'> (0x0000000083c2c950) 
thrown [s\src\hotspot\share\interpreter\linkResolver.cpp, line 771]
Event: 1.209 Thread 0x000002431b6ba180 Exception <a 'java/lang/NoSuchMethodError'{0x0000000083b08ab8}: 'void java.lang.invoke.DirectMethodHandle$Holder.invokeSpecial(java.lang.Object, java.lang.Object, java.lang.Object)'> (0x0000000083b08ab8) 
thrown [s\src\hotspot\share\interpreter\linkResolver.cpp, line 771]
Event: 1.462 Thread 0x000002431b6ba180 Exception <a 'java/lang/NoSuchMethodError'{0x00000000830bcc60}: 'void java.lang.invoke.DirectMethodHandle$Holder.invokeStatic(java.lang.Object, java.lang.Object, java.lang.Object, java.lang.Object)'> (0x00000000830bcc60) 
thrown [s\src\hotspot\share\interpreter\linkResolver.cpp, line 771]
Event: 1.536 Thread 0x000002431b6ba180 Exception <a 'java/lang/NoSuchMethodError'{0x0000000089b65e50}: 'void java.lang.invoke.DirectMethodHandle$Holder.invokeStaticInit(java.lang.Object, java.lang.Object)'> (0x0000000089b65e50) 
thrown [s\src\hotspot\share\interpreter\linkResolver.cpp, line 771]
Event: 1.614 Thread 0x000002431b6ba180 Exception <a 'java/lang/NoSuchMethodError'{0x000000008758dc10}: 'void java.lang.invoke.DirectMethodHandle$Holder.invokeVirtual(java.lang.Object, java.lang.Object)'> (0x000000008758dc10) 
thrown [s\src\hotspot\share\interpreter\linkResolver.cpp, line 771]
Event: 1.623 Thread 0x000002431b6ba180 Exception <a 'java/lang/NoSuchMethodError'{0x0000000083e19960}: 'int java.lang.invoke.DirectMethodHandle$Holder.invokeVirtual(java.lang.Object, java.lang.Object)'> (0x0000000083e19960) 
thrown [s\src\hotspot\share\interpreter\linkResolver.cpp, line 771]
Event: 1.640 Thread 0x000002431b6ba180 Exception <a 'java/lang/NoSuchMethodError'{0x0000000083ebf860}: 'java.lang.Object java.lang.invoke.Invokers$Holder.invokeExact_MT(java.lang.Object, java.lang.Object, java.lang.Object, java.lang.Object, java.lang.Object, java.lang.Object)'> (0x0000000083ebf860) 
thrown [s\src\hotspot\share\interpreter\linkResolver.cpp, line 771]
Event: 2.417 Thread 0x000002431b6ba180 Exception <a 'java/lang/NoSuchMethodError'{0x000000008569ad08}: 'java.lang.Object java.lang.invoke.DirectMethodHandle$Holder.invokeVirtual(java.lang.Object, java.lang.Object, java.lang.Object)'> (0x000000008569ad08) 
thrown [s\src\hotspot\share\interpreter\linkResolver.cpp, line 771]
Event: 3.085 Thread 0x000002431b6ba180 Exception <a 'java/lang/NoSuchMethodError'{0x000000008472d798}: 'java.lang.Object java.lang.invoke.DirectMethodHandle$Holder.newInvokeSpecial(java.lang.Object, java.lang.Object, int)'> (0x000000008472d798) 
thrown [s\src\hotspot\share\interpreter\linkResolver.cpp, line 771]
Event: 3.285 Thread 0x000002431b6ba180 Exception <a 'java/lang/NoSuchMethodError'{0x0000000087730fc0}: 'java.lang.Object java.lang.invoke.DirectMethodHandle$Holder.newInvokeSpecial(java.lang.Object, java.lang.Object, java.lang.Object, int)'> (0x0000000087730fc0) 
thrown [s\src\hotspot\share\interpreter\linkResolver.cpp, line 771]
Event: 3.285 Thread 0x000002431b6ba180 Exception <a 'java/lang/NoSuchMethodError'{0x0000000087735648}: 'java.lang.Object java.lang.invoke.DirectMethodHandle$Holder.invokeSpecial(java.lang.Object, java.lang.Object, java.lang.Object, java.lang.Object, int)'> (0x0000000087735648) 
thrown [s\src\hotspot\share\interpreter\linkResolver.cpp, line 771]
Event: 3.286 Thread 0x000002431b6ba180 Exception <a 'java/lang/NoSuchMethodError'{0x00000000877394b8}: 'java.lang.Object java.lang.invoke.Invokers$Holder.linkToTargetMethod(java.lang.Object, java.lang.Object, int, java.lang.Object)'> (0x00000000877394b8) 
thrown [s\src\hotspot\share\interpreter\linkResolver.cpp, line 771]
Event: 3.299 Thread 0x000002431b6ba180 Exception <a 'java/lang/NoSuchMethodError'{0x000000008777f760}: 'java.lang.Object java.lang.invoke.DirectMethodHandle$Holder.invokeInterface(java.lang.Object, java.lang.Object)'> (0x000000008777f760) 
thrown [s\src\hotspot\share\interpreter\linkResolver.cpp, line 771]

VM Operations (20 events):
Event: 2.709 Executing VM operation: G1CollectForAllocation
Event: 2.717 Executing VM operation: G1CollectForAllocation done
Event: 2.732 Executing VM operation: G1CollectForAllocation
Event: 2.738 Executing VM operation: G1CollectForAllocation done
Event: 2.746 Executing VM operation: HandshakeAllThreads
Event: 2.746 Executing VM operation: HandshakeAllThreads done
Event: 3.167 Executing VM operation: G1CollectForAllocation
Event: 3.173 Executing VM operation: G1CollectForAllocation done
Event: 3.248 Executing VM operation: HandshakeAllThreads
Event: 3.248 Executing VM operation: HandshakeAllThreads done
Event: 3.281 Executing VM operation: HandshakeAllThreads
Event: 3.281 Executing VM operation: HandshakeAllThreads done
Event: 3.306 Executing VM operation: HandshakeAllThreads
Event: 3.306 Executing VM operation: HandshakeAllThreads done
Event: 3.377 Executing VM operation: HandshakeAllThreads
Event: 3.377 Executing VM operation: HandshakeAllThreads done
Event: 3.424 Executing VM operation: HandshakeAllThreads
Event: 3.424 Executing VM operation: HandshakeAllThreads done
Event: 3.427 Executing VM operation: HandshakeAllThreads
Event: 3.428 Executing VM operation: HandshakeAllThreads done

Events (20 events):
Event: 2.746 loading class sun/reflect/generics/repository/MethodRepository
Event: 2.746 loading class sun/reflect/generics/repository/MethodRepository done
Event: 3.052 loading class java/util/EmptyStackException
Event: 3.052 loading class java/util/EmptyStackException done
Event: 3.060 loading class java/util/BitSet
Event: 3.060 loading class java/util/BitSet done
Event: 3.062 loading class java/util/PrimitiveIterator$OfInt
Event: 3.062 loading class java/util/PrimitiveIterator
Event: 3.062 loading class java/util/PrimitiveIterator done
Event: 3.062 loading class java/util/PrimitiveIterator$OfInt done
Event: 3.077 loading class java/util/AbstractMap$SimpleImmutableEntry
Event: 3.077 loading class java/util/AbstractMap$SimpleImmutableEntry done
Event: 3.083 loading class java/util/function/IntUnaryOperator
Event: 3.084 loading class java/util/function/IntUnaryOperator done
Event: 3.247 loading class java/util/ArrayList$ListItr
Event: 3.248 loading class java/util/ArrayList$ListItr done
Event: 3.376 loading class java/util/AbstractList$SubList$1
Event: 3.376 loading class java/util/AbstractList$SubList$1 done
Event: 3.376 loading class java/util/AbstractList$ListItr
Event: 3.376 loading class java/util/AbstractList$ListItr done


Dynamic libraries:
0x00007ff682780000 - 0x00007ff68278a000 	C:\Program Files\Android\Android Studio\jbr\bin\java.exe
0x00007ffdb46b0000 - 0x00007ffdb48a8000 	C:\WINDOWS\SYSTEM32\ntdll.dll
0x00007ffdb42c0000 - 0x00007ffdb437f000 	C:\WINDOWS\System32\KERNEL32.DLL
0x00007ffdb2120000 - 0x00007ffdb23fa000 	C:\WINDOWS\System32\KERNELBASE.dll
0x00007ffdb2610000 - 0x00007ffdb2710000 	C:\WINDOWS\System32\ucrtbase.dll
0x00007ffdac1b0000 - 0x00007ffdac1c7000 	C:\Program Files\Android\Android Studio\jbr\bin\jli.dll
0x00007ffd9eaf0000 - 0x00007ffd9eb0b000 	C:\Program Files\Android\Android Studio\jbr\bin\VCRUNTIME140.dll
0x00007ffdb4420000 - 0x00007ffdb45bd000 	C:\WINDOWS\System32\USER32.dll
0x00007ffdb1ec0000 - 0x00007ffdb1ee2000 	C:\WINDOWS\System32\win32u.dll
0x00007ffd914b0000 - 0x00007ffd9174a000 	C:\WINDOWS\WinSxS\amd64_microsoft.windows.common-controls_6595b64144ccf1df_6.0.19041.1110_none_60b5254171f9507e\COMCTL32.dll
0x00007ffdb4290000 - 0x00007ffdb42bb000 	C:\WINDOWS\System32\GDI32.dll
0x00007ffdb45c0000 - 0x00007ffdb465e000 	C:\WINDOWS\System32\msvcrt.dll
0x00007ffdb2500000 - 0x00007ffdb2610000 	C:\WINDOWS\System32\gdi32full.dll
0x00007ffdb1f20000 - 0x00007ffdb1fbd000 	C:\WINDOWS\System32\msvcp_win.dll
0x00007ffdb3ac0000 - 0x00007ffdb3af0000 	C:\WINDOWS\System32\IMM32.DLL
0x00007ffd8f8e0000 - 0x00007ffd8f8ec000 	C:\Program Files\Android\Android Studio\jbr\bin\vcruntime140_1.dll
0x00007ffd97810000 - 0x00007ffd9789d000 	C:\Program Files\Android\Android Studio\jbr\bin\msvcp140.dll
0x00007ffd55a90000 - 0x00007ffd566fd000 	C:\Program Files\Android\Android Studio\jbr\bin\server\jvm.dll
0x00007ffdb2c50000 - 0x00007ffdb2cfe000 	C:\WINDOWS\System32\ADVAPI32.dll
0x00007ffdb2bb0000 - 0x00007ffdb2c4c000 	C:\WINDOWS\System32\sechost.dll
0x00007ffdb3af0000 - 0x00007ffdb3c16000 	C:\WINDOWS\System32\RPCRT4.dll
0x00007ffda1290000 - 0x00007ffda1299000 	C:\WINDOWS\SYSTEM32\WSOCK32.dll
0x00007ffdac4f0000 - 0x00007ffdac4fa000 	C:\WINDOWS\SYSTEM32\VERSION.dll
0x00007ffda0b70000 - 0x00007ffda0b97000 	C:\WINDOWS\SYSTEM32\WINMM.dll
0x00007ffdb2d00000 - 0x00007ffdb2d6b000 	C:\WINDOWS\System32\WS2_32.dll
0x00007ffdb0660000 - 0x00007ffdb0672000 	C:\WINDOWS\SYSTEM32\kernel.appcore.dll
0x00007ffd8f8d0000 - 0x00007ffd8f8da000 	C:\Program Files\Android\Android Studio\jbr\bin\jimage.dll
0x00007ffdafb80000 - 0x00007ffdafd64000 	C:\WINDOWS\SYSTEM32\DBGHELP.DLL
0x00007ffda92a0000 - 0x00007ffda92d4000 	C:\WINDOWS\SYSTEM32\dbgcore.DLL
0x00007ffdb1e30000 - 0x00007ffdb1eb2000 	C:\WINDOWS\System32\bcryptPrimitives.dll
0x00007ffd82970000 - 0x00007ffd82995000 	C:\Program Files\Android\Android Studio\jbr\bin\java.dll
0x00007ffd8efa0000 - 0x00007ffd8efb8000 	C:\Program Files\Android\Android Studio\jbr\bin\zip.dll
0x00007ffdb3370000 - 0x00007ffdb3ab4000 	C:\WINDOWS\System32\SHELL32.dll
0x00007ffdafe60000 - 0x00007ffdb05f3000 	C:\WINDOWS\SYSTEM32\windows.storage.dll
0x00007ffdb3e30000 - 0x00007ffdb4184000 	C:\WINDOWS\System32\combase.dll
0x00007ffdb1820000 - 0x00007ffdb184e000 	C:\WINDOWS\SYSTEM32\Wldp.dll
0x00007ffdb2710000 - 0x00007ffdb27bd000 	C:\WINDOWS\System32\SHCORE.dll
0x00007ffdb3dd0000 - 0x00007ffdb3e25000 	C:\WINDOWS\System32\shlwapi.dll
0x00007ffdb1d00000 - 0x00007ffdb1d1f000 	C:\WINDOWS\SYSTEM32\profapi.dll
0x00007ffd8b000000 - 0x00007ffd8b019000 	C:\Program Files\Android\Android Studio\jbr\bin\net.dll
0x00007ffda9c80000 - 0x00007ffda9d8a000 	C:\WINDOWS\SYSTEM32\WINHTTP.dll
0x00007ffdb1580000 - 0x00007ffdb15ea000 	C:\WINDOWS\system32\mswsock.dll
0x00007ffd84d50000 - 0x00007ffd84d66000 	C:\Program Files\Android\Android Studio\jbr\bin\nio.dll
0x00007ffd88eb0000 - 0x00007ffd88ec0000 	C:\Program Files\Android\Android Studio\jbr\bin\verify.dll

dbghelp: loaded successfully - version: 4.0.5 - missing functions: none
symbol engine: initialized successfully - sym options: 0x614 - pdb path: .;C:\Program Files\Android\Android Studio\jbr\bin;C:\WINDOWS\SYSTEM32;C:\WINDOWS\WinSxS\amd64_microsoft.windows.common-controls_6595b64144ccf1df_6.0.19041.1110_none_60b5254171f9507e;C:\Program Files\Android\Android Studio\jbr\bin\server

VM Arguments:
java_command: org.jetbrains.kotlin.cli.jvm.K2JVMCompiler @C:\Users\thang\Downloads\software\social_network_app-main\social_network_app-main\app\build\20230426_11080891347467010915.compiler.options
java_class_path (initial): C:\Users\thang\.gradle\caches\modules-2\files-2.1\org.jetbrains.kotlin\kotlin-compiler-embeddable\1.8.0\eb9118d4bcceaa2a94b2ae2a33a4ddba7c9a947f\kotlin-compiler-embeddable-1.8.0.jar;C:\Users\thang\.gradle\caches\modules-2\files-2.1\org.jetbrains.kotlin\kotlin-stdlib\1.8.0\1796921c7a3e2e2665a83e6c8d33399336cd39bc\kotlin-stdlib-1.8.0.jar;C:\Users\thang\.gradle\caches\modules-2\files-2.1\org.jetbrains.kotlin\kotlin-script-runtime\1.8.0\b2f7e760d283cb339974851c222a4c1d48f2d3d\kotlin-script-runtime-1.8.0.jar;C:\Users\thang\.gradle\caches\modules-2\files-2.1\org.jetbrains.kotlin\kotlin-reflect\1.6.10\1cbe9c92c12a94eea200d23c2bbaedaf3daf5132\kotlin-reflect-1.6.10.jar;C:\Users\thang\.gradle\caches\modules-2\files-2.1\org.jetbrains.kotlin\kotlin-daemon-embeddable\1.8.0\d255216c551685dc3a7e852b53617f5f01aaaa5c\kotlin-daemon-embeddable-1.8.0.jar;C:\Users\thang\.gradle\caches\modules-2\files-2.1\org.jetbrains.intellij.deps\trove4j\1.0.20200330\3afb14d5f9ceb459d724e907a21145e8ff394f02\trove4j-1.0.20200330.jar;C:\Users\thang\.gradle\caches\modules-2\files-2.1\net.java.dev.jna\jna\5.6.0\330f2244e9030119ab3030fc3fededc86713d9cc\jna-5.6.0.jar;C:\Users\thang\.gradle\caches\modules-2\files-2.1\org.jetbrains.kotlin\kotlin-stdlib-common\1.8.0\f7197e7cc76453ac59f8b0f8d5137cc600becd36\kotlin-stdlib-common-1.8.0.jar;C:\Users\thang\.gradle\caches\modules-2\files-2.1\org.jetbrains\annotations\13.0\919f0dfe192fb4e063e7dacadee7f8bb9a2672a9\annotations-13.0.jar
Launcher Type: SUN_STANDARD

[Global flags]
     intx CICompilerCount                          = 4                                         {product} {ergonomic}
     uint ConcGCThreads                            = 2                                         {product} {ergonomic}
     uint G1ConcRefinementThreads                  = 8                                         {product} {ergonomic}
   size_t G1HeapRegionSize                         = 1048576                                   {product} {ergonomic}
    uintx GCDrainStackTargetSize                   = 64                                        {product} {ergonomic}
   size_t InitialHeapSize                          = 134217728                                 {product} {ergonomic}
   size_t MarkStackSize                            = 4194304                                   {product} {ergonomic}
   size_t MaxHeapSize                              = 2118123520                                {product} {ergonomic}
   size_t MaxNewSize                               = 1270874112                                {product} {ergonomic}
   size_t MinHeapDeltaBytes                        = 1048576                                   {product} {ergonomic}
   size_t MinHeapSize                              = 8388608                                   {product} {ergonomic}
    uintx NonNMethodCodeHeapSize                   = 5839372                                {pd product} {ergonomic}
    uintx NonProfiledCodeHeapSize                  = 122909434                              {pd product} {ergonomic}
    uintx ProfiledCodeHeapSize                     = 122909434                              {pd product} {ergonomic}
    uintx ReservedCodeCacheSize                    = 251658240                              {pd product} {ergonomic}
     bool SegmentedCodeCache                       = true                                      {product} {ergonomic}
   size_t SoftMaxHeapSize                          = 2118123520                             {manageable} {ergonomic}
     bool UseCompressedClassPointers               = true                           {product lp64_product} {ergonomic}
     bool UseCompressedOops                        = true                           {product lp64_product} {ergonomic}
     bool UseG1GC                                  = true                                      {product} {ergonomic}
     bool UseLargePagesIndividualAllocation        = false                                  {pd product} {ergonomic}

Logging:
Log output configuration:
 #0: stdout all=warning uptime,level,tags
 #1: stderr all=off uptime,level,tags

Environment Variables:
PATH=C:\WINDOWS\system32;C:\WINDOWS;C:\WINDOWS\System32\Wbem;C:\WINDOWS\System32\WindowsPowerShell\v1.0\;C:\WINDOWS\System32\OpenSSH\;D:\Git\cmd;C:\Users\thang\AppData\Local\Microsoft\WindowsApps;
USERNAME=thang
OS=Windows_NT
PROCESSOR_IDENTIFIER=Intel64 Family 6 Model 142 Stepping 11, GenuineIntel
TMP=C:\Users\thang\AppData\Local\Temp
TEMP=C:\Users\thang\AppData\Local\Temp



---------------  S Y S T E M  ---------------

OS:
 Windows 10 , 64 bit Build 19041 (10.0.19041.2788)
OS uptime: 0 days 2:17 hours

CPU: total 8 (initial active 8) (4 cores per cpu, 2 threads per core) family 6 model 142 stepping 11 microcode 0xae, cx8, cmov, fxsr, ht, mmx, 3dnowpref, sse, sse2, sse3, ssse3, sse4.1, sse4.2, popcnt, lzcnt, tsc, tscinvbit, avx, avx2, aes, erms, clmul, bmi1, bmi2, adx, fma, vzeroupper, clflush, clflushopt

Memory: 4k page, system-wide physical 8078M (958M free)
TotalPageFile size 8110M (AvailPageFile size 6M)
current process WorkingSet (physical memory assigned to process): 234M, peak: 237M
current process commit charge ("private bytes"): 278M, peak: 281M

vm_info: OpenJDK 64-Bit Server VM (17.0.6+0-b2043.56-9586694) for windows-amd64 JRE (17.0.6+0-b2043.56-9586694), built on Feb  9 2023 20:06:20 by "androidbuild" with MS VC++ 16.10 / 16.11 (VS2019)

END.
