#
# There is insufficient memory for the Java Runtime Environment to continue.
# Native memory allocation (malloc) failed to allocate 305536 bytes for Chunk::new
# Possible reasons:
#   The system is out of physical RAM or swap space
#   The process is running with CompressedOops enabled, and the Java Heap may be blocking the growth of the native heap
# Possible solutions:
#   Reduce memory load on the system
#   Increase physical memory or swap space
#   Check if swap backing store is full
#   Decrease Java heap size (-Xmx/-Xms)
#   Decrease number of Java threads
#   Decrease Java thread stack sizes (-Xss)
#   Set larger code cache with -XX:ReservedCodeCacheSize=
#   JVM is running with Unscaled Compressed Oops mode in which the Java heap is
#     placed in the first 4GB address space. The Java Heap base address is the
#     maximum limit for the native heap growth. Please use -XX:HeapBaseMinAddress
#     to set the Java Heap base and to place the Java Heap above 4GB virtual address.
# This output file may be truncated or incomplete.
#
#  Out of Memory Error (arena.cpp:189), pid=10116, tid=3012
#
# JRE version: OpenJDK Runtime Environment (17.0.6) (build 17.0.6+0-b2043.56-9586694)
# Java VM: OpenJDK 64-Bit Server VM (17.0.6+0-b2043.56-9586694, mixed mode, tiered, compressed oops, compressed class ptrs, g1 gc, windows-amd64)
# No core dump will be written. Minidumps are not enabled by default on client versions of Windows
#

---------------  S U M M A R Y ------------

Command Line: org.jetbrains.kotlin.cli.jvm.K2JVMCompiler @C:\Users\thang\Downloads\software\social_network_app-main\social_network_app-main\app\build\20230426_8793941635118482554.compiler.options

Host: Intel(R) Core(TM) i7-8565U CPU @ 1.80GHz, 8 cores, 7G,  Windows 10 , 64 bit Build 19041 (10.0.19041.2788)
Time: Wed Apr 26 08:52:18 2023 SE Asia Standard Time elapsed time: 10.591240 seconds (0d 0h 0m 10s)

---------------  T H R E A D  ---------------

Current thread (0x0000029621420c00):  JavaThread "C2 CompilerThread2" daemon [_thread_in_native, id=3012, stack(0x000000cb18000000,0x000000cb18100000)]


Current CompileTask:
C2:  10591 9228       4       org.jetbrains.kotlin.resolve.calls.inference.components.NewTypeSubstitutor::substitute (1067 bytes)

Stack: [0x000000cb18000000,0x000000cb18100000]
Native frames: (J=compiled Java code, j=interpreted, Vv=VM code, C=native code)
V  [jvm.dll+0x683b4a]
V  [jvm.dll+0x842654]
V  [jvm.dll+0x843dfe]
V  [jvm.dll+0x844463]
V  [jvm.dll+0x249b75]
V  [jvm.dll+0xabcac]
V  [jvm.dll+0xac27c]
V  [jvm.dll+0x2b0eef]
V  [jvm.dll+0x58a207]
V  [jvm.dll+0x2243b2]
V  [jvm.dll+0x21dbe9]
V  [jvm.dll+0x21b51b]
V  [jvm.dll+0x1a4fdd]
V  [jvm.dll+0x22b098]
V  [jvm.dll+0x229159]
V  [jvm.dll+0x7f809c]
V  [jvm.dll+0x7f25fa]
V  [jvm.dll+0x682985]
C  [ucrtbase.dll+0x21bb2]
C  [KERNEL32.DLL+0x17604]
C  [ntdll.dll+0x526a1]


---------------  P R O C E S S  ---------------

Threads class SMR info:
_java_thread_list=0x0000029621422120, length=14, elements={
0x00000296043ea7c0, 0x0000029620211260, 0x00000296202120d0, 0x0000029620c26410,
0x0000029620c26fc0, 0x0000029620c27b70, 0x0000029620c2a530, 0x0000029620c2b2c0,
0x0000029620c2bd60, 0x0000029620c2e760, 0x0000029620d9ff50, 0x0000029620db2010,
0x0000029620df7f30, 0x0000029621420c00
}

Java Threads: ( => current thread )
  0x00000296043ea7c0 JavaThread "main" [_thread_in_Java, id=4404, stack(0x000000cb16800000,0x000000cb16900000)]
  0x0000029620211260 JavaThread "Reference Handler" daemon [_thread_blocked, id=5976, stack(0x000000cb16f00000,0x000000cb17000000)]
  0x00000296202120d0 JavaThread "Finalizer" daemon [_thread_blocked, id=5364, stack(0x000000cb17000000,0x000000cb17100000)]
  0x0000029620c26410 JavaThread "Signal Dispatcher" daemon [_thread_blocked, id=11432, stack(0x000000cb17100000,0x000000cb17200000)]
  0x0000029620c26fc0 JavaThread "Attach Listener" daemon [_thread_blocked, id=10344, stack(0x000000cb17200000,0x000000cb17300000)]
  0x0000029620c27b70 JavaThread "Service Thread" daemon [_thread_blocked, id=10812, stack(0x000000cb17300000,0x000000cb17400000)]
  0x0000029620c2a530 JavaThread "Monitor Deflation Thread" daemon [_thread_blocked, id=1312, stack(0x000000cb17400000,0x000000cb17500000)]
  0x0000029620c2b2c0 JavaThread "C2 CompilerThread0" daemon [_thread_in_native, id=7720, stack(0x000000cb17500000,0x000000cb17600000)]
  0x0000029620c2bd60 JavaThread "C1 CompilerThread0" daemon [_thread_in_native, id=3908, stack(0x000000cb17600000,0x000000cb17700000)]
  0x0000029620c2e760 JavaThread "Sweeper thread" daemon [_thread_blocked, id=12352, stack(0x000000cb17700000,0x000000cb17800000)]
  0x0000029620d9ff50 JavaThread "Notification Thread" daemon [_thread_blocked, id=7636, stack(0x000000cb17800000,0x000000cb17900000)]
  0x0000029620db2010 JavaThread "Common-Cleaner" daemon [_thread_blocked, id=10720, stack(0x000000cb17a00000,0x000000cb17b00000)]
  0x0000029620df7f30 JavaThread "C2 CompilerThread1" daemon [_thread_in_vm, id=10252, stack(0x000000cb17b00000,0x000000cb17c00000)]
=>0x0000029621420c00 JavaThread "C2 CompilerThread2" daemon [_thread_in_native, id=3012, stack(0x000000cb18000000,0x000000cb18100000)]

Other Threads:
  0x00000296201f1a30 VMThread "VM Thread" [stack: 0x000000cb16e00000,0x000000cb16f00000] [id=8560]
  0x0000029620da0420 WatcherThread [stack: 0x000000cb17900000,0x000000cb17a00000] [id=9184]
  0x00000296064d3920 GCTaskThread "GC Thread#0" [stack: 0x000000cb16900000,0x000000cb16a00000] [id=1736]
  0x0000029620db7ad0 GCTaskThread "GC Thread#1" [stack: 0x000000cb17c00000,0x000000cb17d00000] [id=1684]
  0x0000029620db7d80 GCTaskThread "GC Thread#2" [stack: 0x000000cb17d00000,0x000000cb17e00000] [id=7548]
  0x0000029620db8030 GCTaskThread "GC Thread#3" [stack: 0x000000cb17e00000,0x000000cb17f00000] [id=1744]
  0x0000029621415d40 GCTaskThread "GC Thread#4" [stack: 0x000000cb17f00000,0x000000cb18000000] [id=11168]
  0x0000029621416550 GCTaskThread "GC Thread#5" [stack: 0x000000cb18100000,0x000000cb18200000] [id=9480]
  0x0000029621416800 GCTaskThread "GC Thread#6" [stack: 0x000000cb18200000,0x000000cb18300000] [id=2624]
  0x00000296214182e0 GCTaskThread "GC Thread#7" [stack: 0x000000cb18300000,0x000000cb18400000] [id=10404]
  0x00000296064e44e0 ConcurrentGCThread "G1 Main Marker" [stack: 0x000000cb16a00000,0x000000cb16b00000] [id=9400]
  0x00000296064e5690 ConcurrentGCThread "G1 Conc#0" [stack: 0x000000cb16b00000,0x000000cb16c00000] [id=5040]
  0x0000029621417d80 ConcurrentGCThread "G1 Conc#1" [stack: 0x000000cb18400000,0x000000cb18500000] [id=1468]
  0x00000296200400a0 ConcurrentGCThread "G1 Refine#0" [stack: 0x000000cb16c00000,0x000000cb16d00000] [id=10108]
  0x00000296228b0ff0 ConcurrentGCThread "G1 Refine#1" [stack: 0x000000cb18500000,0x000000cb18600000] [id=2360]
  0x0000029620041ed0 ConcurrentGCThread "G1 Service" [stack: 0x000000cb16d00000,0x000000cb16e00000] [id=10676]

Threads with active compile tasks:
C2 CompilerThread0    10624 9168       4       java.util.regex.Pattern::split (288 bytes)
C1 CompilerThread0    10624 9312       3       org.jetbrains.kotlin.resolve.calls.components.InferenceSession$Companion$default$1::shouldCompleteResolvedSubAtomsOf (8 bytes)
C2 CompilerThread1    10624 9317       4       org.jetbrains.kotlin.types.TypeWithEnhancementKt::inheritEnhancement (46 bytes)
C2 CompilerThread2    10625 9228       4       org.jetbrains.kotlin.resolve.calls.inference.components.NewTypeSubstitutor::substitute (1067 bytes)

VM state: not at safepoint (normal execution)

VM Mutex/Monitor currently owned by a thread: None

Heap address: 0x0000000081c00000, size: 2020 MB, Compressed Oops mode: 32-bit

CDS archive(s) not mapped
Compressed class space mapped at: 0x0000000100000000-0x0000000140000000, reserved size: 1073741824
Narrow klass base: 0x0000000000000000, Narrow klass shift: 3, Narrow klass range: 0x140000000

GC Precious Log:
 CPUs: 8 total, 8 available
 Memory: 8078M
 Large Page Support: Disabled
 NUMA Support: Disabled
 Compressed Oops: Enabled (32-bit)
 Heap Region Size: 1M
 Heap Min Capacity: 8M
 Heap Initial Capacity: 128M
 Heap Max Capacity: 2020M
 Pre-touch: Disabled
 Parallel Workers: 8
 Concurrent Workers: 2
 Concurrent Refinement Workers: 8
 Periodic GC: Disabled

Heap:
 garbage-first heap   total 159744K, used 66907K [0x0000000081c00000, 0x0000000100000000)
  region size 1024K, 14 young (14336K), 9 survivors (9216K)
 Metaspace       used 66787K, committed 67072K, reserved 1114112K
  class space    used 7807K, committed 7936K, reserved 1048576K

Heap Regions: E=young(eden), S=young(survivor), O=old, HS=humongous(starts), HC=humongous(continues), CS=collection set, F=free, OA=open archive, CA=closed archive, TAMS=top-at-mark-start (previous, next)
|   0|0x0000000081c00000, 0x0000000081d00000, 0x0000000081d00000|100%|HS|  |TAMS 0x0000000081d00000, 0x0000000081c00000| Complete 
|   1|0x0000000081d00000, 0x0000000081e00000, 0x0000000081e00000|100%|HC|  |TAMS 0x0000000081e00000, 0x0000000081d00000| Complete 
|   2|0x0000000081e00000, 0x0000000081f00000, 0x0000000081f00000|100%|HC|  |TAMS 0x0000000081f00000, 0x0000000081e00000| Complete 
|   3|0x0000000081f00000, 0x0000000082000000, 0x0000000082000000|100%|HC|  |TAMS 0x0000000082000000, 0x0000000081f00000| Complete 
|   4|0x0000000082000000, 0x0000000082100000, 0x0000000082100000|100%| O|  |TAMS 0x0000000082100000, 0x0000000082000000| Untracked 
|   5|0x0000000082100000, 0x0000000082200000, 0x0000000082200000|100%| O|  |TAMS 0x0000000082200000, 0x0000000082100000| Untracked 
|   6|0x0000000082200000, 0x0000000082300000, 0x0000000082300000|100%| O|  |TAMS 0x0000000082300000, 0x0000000082200000| Untracked 
|   7|0x0000000082300000, 0x0000000082400000, 0x0000000082400000|100%|HS|  |TAMS 0x0000000082400000, 0x0000000082300000| Complete 
|   8|0x0000000082400000, 0x0000000082500000, 0x0000000082500000|100%|HC|  |TAMS 0x0000000082500000, 0x0000000082400000| Complete 
|   9|0x0000000082500000, 0x0000000082600000, 0x0000000082600000|100%|HC|  |TAMS 0x0000000082600000, 0x0000000082500000| Complete 
|  10|0x0000000082600000, 0x0000000082700000, 0x0000000082700000|100%|HC|  |TAMS 0x0000000082700000, 0x0000000082600000| Complete 
|  11|0x0000000082700000, 0x0000000082800000, 0x0000000082800000|100%| O|  |TAMS 0x0000000082800000, 0x0000000082700000| Untracked 
|  12|0x0000000082800000, 0x0000000082900000, 0x0000000082900000|100%| O|  |TAMS 0x0000000082900000, 0x0000000082800000| Untracked 
|  13|0x0000000082900000, 0x0000000082a00000, 0x0000000082a00000|100%| O|  |TAMS 0x0000000082a00000, 0x0000000082900000| Untracked 
|  14|0x0000000082a00000, 0x0000000082b00000, 0x0000000082b00000|100%| O|  |TAMS 0x0000000082b00000, 0x0000000082a00000| Untracked 
|  15|0x0000000082b00000, 0x0000000082c00000, 0x0000000082c00000|100%| O|  |TAMS 0x0000000082c00000, 0x0000000082b00000| Untracked 
|  16|0x0000000082c00000, 0x0000000082d00000, 0x0000000082d00000|100%| O|  |TAMS 0x0000000082d00000, 0x0000000082c00000| Untracked 
|  17|0x0000000082d00000, 0x0000000082e00000, 0x0000000082e00000|100%| O|  |TAMS 0x0000000082e00000, 0x0000000082d00000| Untracked 
|  18|0x0000000082e00000, 0x0000000082f00000, 0x0000000082f00000|100%| O|  |TAMS 0x0000000082f00000, 0x0000000082e00000| Untracked 
|  19|0x0000000082f00000, 0x0000000083000000, 0x0000000083000000|100%| O|  |TAMS 0x0000000083000000, 0x0000000082f00000| Untracked 
|  20|0x0000000083000000, 0x0000000083100000, 0x0000000083100000|100%| O|  |TAMS 0x0000000083100000, 0x0000000083000000| Untracked 
|  21|0x0000000083100000, 0x0000000083200000, 0x0000000083200000|100%| O|  |TAMS 0x0000000083200000, 0x0000000083100000| Untracked 
|  22|0x0000000083200000, 0x0000000083300000, 0x0000000083300000|100%| O|  |TAMS 0x0000000083300000, 0x0000000083200000| Untracked 
|  23|0x0000000083300000, 0x0000000083400000, 0x0000000083400000|100%| O|  |TAMS 0x0000000083400000, 0x0000000083300000| Untracked 
|  24|0x0000000083400000, 0x0000000083500000, 0x0000000083500000|100%| O|  |TAMS 0x0000000083500000, 0x0000000083400000| Untracked 
|  25|0x0000000083500000, 0x0000000083600000, 0x0000000083600000|100%| O|  |TAMS 0x0000000083600000, 0x0000000083500000| Untracked 
|  26|0x0000000083600000, 0x0000000083700000, 0x0000000083700000|100%|HS|  |TAMS 0x0000000083700000, 0x0000000083600000| Complete 
|  27|0x0000000083700000, 0x0000000083800000, 0x0000000083800000|100%|HC|  |TAMS 0x0000000083800000, 0x0000000083700000| Complete 
|  28|0x0000000083800000, 0x0000000083900000, 0x0000000083900000|100%| O|  |TAMS 0x0000000083900000, 0x0000000083800000| Untracked 
|  29|0x0000000083900000, 0x0000000083a00000, 0x0000000083a00000|100%| O|  |TAMS 0x0000000083a00000, 0x0000000083900000| Untracked 
|  30|0x0000000083a00000, 0x0000000083b00000, 0x0000000083b00000|100%| O|  |TAMS 0x0000000083b00000, 0x0000000083a00000| Untracked 
|  31|0x0000000083b00000, 0x0000000083c00000, 0x0000000083c00000|100%| O|  |TAMS 0x0000000083c00000, 0x0000000083b00000| Untracked 
|  32|0x0000000083c00000, 0x0000000083d00000, 0x0000000083d00000|100%| O|  |TAMS 0x0000000083d00000, 0x0000000083c00000| Untracked 
|  33|0x0000000083d00000, 0x0000000083e00000, 0x0000000083e00000|100%| O|  |TAMS 0x0000000083e00000, 0x0000000083d00000| Untracked 
|  34|0x0000000083e00000, 0x0000000083f00000, 0x0000000083f00000|100%| O|  |TAMS 0x0000000083f00000, 0x0000000083e00000| Untracked 
|  35|0x0000000083f00000, 0x0000000084000000, 0x0000000084000000|100%| O|  |TAMS 0x0000000084000000, 0x0000000083f00000| Untracked 
|  36|0x0000000084000000, 0x0000000084100000, 0x0000000084100000|100%| O|  |TAMS 0x0000000084100000, 0x0000000084000000| Untracked 
|  37|0x0000000084100000, 0x0000000084200000, 0x0000000084200000|100%| O|  |TAMS 0x0000000084200000, 0x0000000084100000| Untracked 
|  38|0x0000000084200000, 0x0000000084300000, 0x0000000084300000|100%| O|  |TAMS 0x0000000084300000, 0x0000000084200000| Untracked 
|  39|0x0000000084300000, 0x0000000084400000, 0x0000000084400000|100%| O|  |TAMS 0x0000000084400000, 0x0000000084300000| Untracked 
|  40|0x0000000084400000, 0x0000000084500000, 0x0000000084500000|100%| O|  |TAMS 0x0000000084500000, 0x0000000084400000| Untracked 
|  41|0x0000000084500000, 0x0000000084600000, 0x0000000084600000|100%| O|  |TAMS 0x0000000084600000, 0x0000000084500000| Untracked 
|  42|0x0000000084600000, 0x0000000084700000, 0x0000000084700000|100%| O|  |TAMS 0x0000000084700000, 0x0000000084600000| Untracked 
|  43|0x0000000084700000, 0x0000000084800000, 0x0000000084800000|100%| O|  |TAMS 0x0000000084800000, 0x0000000084700000| Untracked 
|  44|0x0000000084800000, 0x0000000084900000, 0x0000000084900000|100%| O|  |TAMS 0x0000000084900000, 0x0000000084800000| Untracked 
|  45|0x0000000084900000, 0x0000000084a00000, 0x0000000084a00000|100%| O|  |TAMS 0x0000000084a00000, 0x0000000084900000| Untracked 
|  46|0x0000000084a00000, 0x0000000084b00000, 0x0000000084b00000|100%| O|  |TAMS 0x0000000084a6e000, 0x0000000084a00000| Untracked 
|  47|0x0000000084b00000, 0x0000000084c00000, 0x0000000084c00000|100%| O|  |TAMS 0x0000000084b00000, 0x0000000084b00000| Untracked 
|  48|0x0000000084c00000, 0x0000000084d00000, 0x0000000084d00000|100%| O|  |TAMS 0x0000000084c00000, 0x0000000084c00000| Untracked 
|  49|0x0000000084d00000, 0x0000000084e00000, 0x0000000084e00000|100%| O|  |TAMS 0x0000000084d00000, 0x0000000084d00000| Untracked 
|  50|0x0000000084e00000, 0x0000000084f00000, 0x0000000084f00000|100%| O|  |TAMS 0x0000000084e00000, 0x0000000084e00000| Untracked 
|  51|0x0000000084f00000, 0x0000000085000000, 0x0000000085000000|100%| O|  |TAMS 0x0000000084f00000, 0x0000000084f00000| Untracked 
|  52|0x0000000085000000, 0x0000000085000000, 0x0000000085100000|  0%| F|  |TAMS 0x0000000085000000, 0x0000000085000000| Untracked 
|  53|0x0000000085100000, 0x0000000085156c00, 0x0000000085200000| 33%| O|  |TAMS 0x0000000085100000, 0x0000000085100000| Untracked 
|  54|0x0000000085200000, 0x0000000085200000, 0x0000000085300000|  0%| F|  |TAMS 0x0000000085200000, 0x0000000085200000| Untracked 
|  55|0x0000000085300000, 0x0000000085300000, 0x0000000085400000|  0%| F|  |TAMS 0x0000000085300000, 0x0000000085300000| Untracked 
|  56|0x0000000085400000, 0x0000000085400000, 0x0000000085500000|  0%| F|  |TAMS 0x0000000085400000, 0x0000000085400000| Untracked 
|  57|0x0000000085500000, 0x0000000085500000, 0x0000000085600000|  0%| F|  |TAMS 0x0000000085500000, 0x0000000085500000| Untracked 
|  58|0x0000000085600000, 0x0000000085600000, 0x0000000085700000|  0%| F|  |TAMS 0x0000000085600000, 0x0000000085600000| Untracked 
|  59|0x0000000085700000, 0x0000000085700000, 0x0000000085800000|  0%| F|  |TAMS 0x0000000085700000, 0x0000000085700000| Untracked 
|  60|0x0000000085800000, 0x0000000085800000, 0x0000000085900000|  0%| F|  |TAMS 0x0000000085800000, 0x0000000085800000| Untracked 
|  61|0x0000000085900000, 0x0000000085900000, 0x0000000085a00000|  0%| F|  |TAMS 0x0000000085900000, 0x0000000085900000| Untracked 
|  62|0x0000000085a00000, 0x0000000085a00000, 0x0000000085b00000|  0%| F|  |TAMS 0x0000000085a00000, 0x0000000085a00000| Untracked 
|  63|0x0000000085b00000, 0x0000000085b00000, 0x0000000085c00000|  0%| F|  |TAMS 0x0000000085b00000, 0x0000000085b00000| Untracked 
|  64|0x0000000085c00000, 0x0000000085c00000, 0x0000000085d00000|  0%| F|  |TAMS 0x0000000085c00000, 0x0000000085c00000| Untracked 
|  65|0x0000000085d00000, 0x0000000085d00000, 0x0000000085e00000|  0%| F|  |TAMS 0x0000000085d00000, 0x0000000085d00000| Untracked 
|  66|0x0000000085e00000, 0x0000000085e00000, 0x0000000085f00000|  0%| F|  |TAMS 0x0000000085e00000, 0x0000000085e00000| Untracked 
|  67|0x0000000085f00000, 0x0000000085f00000, 0x0000000086000000|  0%| F|  |TAMS 0x0000000085f00000, 0x0000000085f00000| Untracked 
|  68|0x0000000086000000, 0x0000000086000000, 0x0000000086100000|  0%| F|  |TAMS 0x0000000086000000, 0x0000000086000000| Untracked 
|  69|0x0000000086100000, 0x0000000086100000, 0x0000000086200000|  0%| F|  |TAMS 0x0000000086100000, 0x0000000086100000| Untracked 
|  70|0x0000000086200000, 0x0000000086200000, 0x0000000086300000|  0%| F|  |TAMS 0x0000000086200000, 0x0000000086200000| Untracked 
|  71|0x0000000086300000, 0x0000000086300000, 0x0000000086400000|  0%| F|  |TAMS 0x0000000086300000, 0x0000000086300000| Untracked 
|  72|0x0000000086400000, 0x0000000086400000, 0x0000000086500000|  0%| F|  |TAMS 0x0000000086400000, 0x0000000086400000| Untracked 
|  73|0x0000000086500000, 0x0000000086500000, 0x0000000086600000|  0%| F|  |TAMS 0x0000000086500000, 0x0000000086500000| Untracked 
|  74|0x0000000086600000, 0x0000000086600000, 0x0000000086700000|  0%| F|  |TAMS 0x0000000086600000, 0x0000000086600000| Untracked 
|  75|0x0000000086700000, 0x0000000086700000, 0x0000000086800000|  0%| F|  |TAMS 0x0000000086700000, 0x0000000086700000| Untracked 
|  76|0x0000000086800000, 0x0000000086800000, 0x0000000086900000|  0%| F|  |TAMS 0x0000000086800000, 0x0000000086800000| Untracked 
|  77|0x0000000086900000, 0x0000000086900000, 0x0000000086a00000|  0%| F|  |TAMS 0x0000000086900000, 0x0000000086900000| Untracked 
|  78|0x0000000086a00000, 0x0000000086a00000, 0x0000000086b00000|  0%| F|  |TAMS 0x0000000086a00000, 0x0000000086a00000| Untracked 
|  79|0x0000000086b00000, 0x0000000086b00000, 0x0000000086c00000|  0%| F|  |TAMS 0x0000000086b00000, 0x0000000086b00000| Untracked 
|  80|0x0000000086c00000, 0x0000000086d00000, 0x0000000086d00000|100%| S|CS|TAMS 0x0000000086c00000, 0x0000000086c00000| Complete 
|  81|0x0000000086d00000, 0x0000000086e00000, 0x0000000086e00000|100%| S|CS|TAMS 0x0000000086d00000, 0x0000000086d00000| Complete 
|  82|0x0000000086e00000, 0x0000000086f00000, 0x0000000086f00000|100%| S|CS|TAMS 0x0000000086e00000, 0x0000000086e00000| Complete 
|  83|0x0000000086f00000, 0x0000000087000000, 0x0000000087000000|100%| S|CS|TAMS 0x0000000086f00000, 0x0000000086f00000| Complete 
|  84|0x0000000087000000, 0x0000000087100000, 0x0000000087100000|100%| S|CS|TAMS 0x0000000087000000, 0x0000000087000000| Complete 
|  85|0x0000000087100000, 0x0000000087200000, 0x0000000087200000|100%| S|CS|TAMS 0x0000000087100000, 0x0000000087100000| Complete 
|  86|0x0000000087200000, 0x0000000087300000, 0x0000000087300000|100%| S|CS|TAMS 0x0000000087200000, 0x0000000087200000| Complete 
|  87|0x0000000087300000, 0x0000000087400000, 0x0000000087400000|100%| S|CS|TAMS 0x0000000087300000, 0x0000000087300000| Complete 
|  88|0x0000000087400000, 0x0000000087500000, 0x0000000087500000|100%| S|CS|TAMS 0x0000000087400000, 0x0000000087400000| Complete 
|  89|0x0000000087500000, 0x0000000087500000, 0x0000000087600000|  0%| F|  |TAMS 0x0000000087500000, 0x0000000087500000| Untracked 
|  90|0x0000000087600000, 0x0000000087600000, 0x0000000087700000|  0%| F|  |TAMS 0x0000000087600000, 0x0000000087600000| Untracked 
|  91|0x0000000087700000, 0x0000000087700000, 0x0000000087800000|  0%| F|  |TAMS 0x0000000087700000, 0x0000000087700000| Untracked 
|  92|0x0000000087800000, 0x0000000087800000, 0x0000000087900000|  0%| F|  |TAMS 0x0000000087800000, 0x0000000087800000| Untracked 
|  93|0x0000000087900000, 0x0000000087900000, 0x0000000087a00000|  0%| F|  |TAMS 0x0000000087900000, 0x0000000087900000| Untracked 
|  94|0x0000000087a00000, 0x0000000087a00000, 0x0000000087b00000|  0%| F|  |TAMS 0x0000000087a00000, 0x0000000087a00000| Untracked 
|  95|0x0000000087b00000, 0x0000000087b00000, 0x0000000087c00000|  0%| F|  |TAMS 0x0000000087b00000, 0x0000000087b00000| Untracked 
|  96|0x0000000087c00000, 0x0000000087c00000, 0x0000000087d00000|  0%| F|  |TAMS 0x0000000087c00000, 0x0000000087c00000| Untracked 
|  97|0x0000000087d00000, 0x0000000087d00000, 0x0000000087e00000|  0%| F|  |TAMS 0x0000000087d00000, 0x0000000087d00000| Untracked 
|  98|0x0000000087e00000, 0x0000000087e00000, 0x0000000087f00000|  0%| F|  |TAMS 0x0000000087e00000, 0x0000000087e00000| Untracked 
|  99|0x0000000087f00000, 0x0000000087f00000, 0x0000000088000000|  0%| F|  |TAMS 0x0000000087f00000, 0x0000000087f00000| Untracked 
| 100|0x0000000088000000, 0x0000000088000000, 0x0000000088100000|  0%| F|  |TAMS 0x0000000088000000, 0x0000000088000000| Untracked 
| 101|0x0000000088100000, 0x0000000088100000, 0x0000000088200000|  0%| F|  |TAMS 0x0000000088100000, 0x0000000088100000| Untracked 
| 102|0x0000000088200000, 0x0000000088200000, 0x0000000088300000|  0%| F|  |TAMS 0x0000000088200000, 0x0000000088200000| Untracked 
| 103|0x0000000088300000, 0x0000000088300000, 0x0000000088400000|  0%| F|  |TAMS 0x0000000088300000, 0x0000000088300000| Untracked 
| 104|0x0000000088400000, 0x0000000088400000, 0x0000000088500000|  0%| F|  |TAMS 0x0000000088400000, 0x0000000088400000| Untracked 
| 105|0x0000000088500000, 0x0000000088500000, 0x0000000088600000|  0%| F|  |TAMS 0x0000000088500000, 0x0000000088500000| Untracked 
| 106|0x0000000088600000, 0x0000000088600000, 0x0000000088700000|  0%| F|  |TAMS 0x0000000088600000, 0x0000000088600000| Untracked 
| 107|0x0000000088700000, 0x0000000088700000, 0x0000000088800000|  0%| F|  |TAMS 0x0000000088700000, 0x0000000088700000| Untracked 
| 108|0x0000000088800000, 0x0000000088800000, 0x0000000088900000|  0%| F|  |TAMS 0x0000000088800000, 0x0000000088800000| Untracked 
| 109|0x0000000088900000, 0x0000000088900000, 0x0000000088a00000|  0%| F|  |TAMS 0x0000000088900000, 0x0000000088900000| Untracked 
| 110|0x0000000088a00000, 0x0000000088a00000, 0x0000000088b00000|  0%| F|  |TAMS 0x0000000088a00000, 0x0000000088a00000| Untracked 
| 111|0x0000000088b00000, 0x0000000088b00000, 0x0000000088c00000|  0%| F|  |TAMS 0x0000000088b00000, 0x0000000088b00000| Untracked 
| 112|0x0000000088c00000, 0x0000000088c00000, 0x0000000088d00000|  0%| F|  |TAMS 0x0000000088c00000, 0x0000000088c00000| Untracked 
| 113|0x0000000088d00000, 0x0000000088d00000, 0x0000000088e00000|  0%| F|  |TAMS 0x0000000088d00000, 0x0000000088d00000| Untracked 
| 114|0x0000000088e00000, 0x0000000088e00000, 0x0000000088f00000|  0%| F|  |TAMS 0x0000000088e00000, 0x0000000088e00000| Untracked 
| 115|0x0000000088f00000, 0x0000000088f00000, 0x0000000089000000|  0%| F|  |TAMS 0x0000000088f00000, 0x0000000088f00000| Untracked 
| 116|0x0000000089000000, 0x0000000089000000, 0x0000000089100000|  0%| F|  |TAMS 0x0000000089000000, 0x0000000089000000| Untracked 
| 117|0x0000000089100000, 0x0000000089100000, 0x0000000089200000|  0%| F|  |TAMS 0x0000000089100000, 0x0000000089100000| Untracked 
| 118|0x0000000089200000, 0x0000000089200000, 0x0000000089300000|  0%| F|  |TAMS 0x0000000089200000, 0x0000000089200000| Untracked 
| 119|0x0000000089300000, 0x0000000089300000, 0x0000000089400000|  0%| F|  |TAMS 0x0000000089300000, 0x0000000089300000| Untracked 
| 120|0x0000000089400000, 0x0000000089400000, 0x0000000089500000|  0%| F|  |TAMS 0x0000000089400000, 0x0000000089400000| Untracked 
| 121|0x0000000089500000, 0x0000000089500000, 0x0000000089600000|  0%| F|  |TAMS 0x0000000089500000, 0x0000000089500000| Untracked 
| 122|0x0000000089600000, 0x0000000089600000, 0x0000000089700000|  0%| F|  |TAMS 0x0000000089600000, 0x0000000089600000| Untracked 
| 123|0x0000000089700000, 0x0000000089700000, 0x0000000089800000|  0%| F|  |TAMS 0x0000000089700000, 0x0000000089700000| Untracked 
| 124|0x0000000089800000, 0x0000000089800000, 0x0000000089900000|  0%| F|  |TAMS 0x0000000089800000, 0x0000000089800000| Untracked 
| 125|0x0000000089900000, 0x0000000089900000, 0x0000000089a00000|  0%| F|  |TAMS 0x0000000089900000, 0x0000000089900000| Untracked 
| 126|0x0000000089a00000, 0x0000000089a00000, 0x0000000089b00000|  0%| F|  |TAMS 0x0000000089a00000, 0x0000000089a00000| Untracked 
| 127|0x0000000089b00000, 0x0000000089b00000, 0x0000000089c00000|  0%| F|  |TAMS 0x0000000089b00000, 0x0000000089b00000| Untracked 
| 128|0x0000000089c00000, 0x0000000089c00000, 0x0000000089d00000|  0%| F|  |TAMS 0x0000000089c00000, 0x0000000089c00000| Untracked 
| 129|0x0000000089d00000, 0x0000000089d00000, 0x0000000089e00000|  0%| F|  |TAMS 0x0000000089d00000, 0x0000000089d00000| Untracked 
| 130|0x0000000089e00000, 0x0000000089e00000, 0x0000000089f00000|  0%| F|  |TAMS 0x0000000089e00000, 0x0000000089e00000| Untracked 
| 131|0x0000000089f00000, 0x0000000089f00000, 0x000000008a000000|  0%| F|  |TAMS 0x0000000089f00000, 0x0000000089f00000| Untracked 
| 132|0x000000008a000000, 0x000000008a000000, 0x000000008a100000|  0%| F|  |TAMS 0x000000008a000000, 0x000000008a000000| Untracked 
| 133|0x000000008a100000, 0x000000008a100000, 0x000000008a200000|  0%| F|  |TAMS 0x000000008a100000, 0x000000008a100000| Untracked 
| 134|0x000000008a200000, 0x000000008a200000, 0x000000008a300000|  0%| F|  |TAMS 0x000000008a200000, 0x000000008a200000| Untracked 
| 135|0x000000008a300000, 0x000000008a300000, 0x000000008a400000|  0%| F|  |TAMS 0x000000008a300000, 0x000000008a300000| Untracked 
| 136|0x000000008a400000, 0x000000008a400000, 0x000000008a500000|  0%| F|  |TAMS 0x000000008a400000, 0x000000008a400000| Untracked 
| 137|0x000000008a500000, 0x000000008a500000, 0x000000008a600000|  0%| F|  |TAMS 0x000000008a500000, 0x000000008a500000| Untracked 
| 138|0x000000008a600000, 0x000000008a600000, 0x000000008a700000|  0%| F|  |TAMS 0x000000008a600000, 0x000000008a600000| Untracked 
| 139|0x000000008a700000, 0x000000008a700000, 0x000000008a800000|  0%| F|  |TAMS 0x000000008a700000, 0x000000008a700000| Untracked 
| 140|0x000000008a800000, 0x000000008a800000, 0x000000008a900000|  0%| F|  |TAMS 0x000000008a800000, 0x000000008a800000| Untracked 
| 141|0x000000008a900000, 0x000000008a900000, 0x000000008aa00000|  0%| F|  |TAMS 0x000000008a900000, 0x000000008a900000| Untracked 
| 142|0x000000008aa00000, 0x000000008aa00000, 0x000000008ab00000|  0%| F|  |TAMS 0x000000008aa00000, 0x000000008aa00000| Untracked 
| 143|0x000000008ab00000, 0x000000008ab00000, 0x000000008ac00000|  0%| F|  |TAMS 0x000000008ab00000, 0x000000008ab00000| Untracked 
| 144|0x000000008ac00000, 0x000000008ac00000, 0x000000008ad00000|  0%| F|  |TAMS 0x000000008ac00000, 0x000000008ac00000| Untracked 
| 145|0x000000008ad00000, 0x000000008ad00000, 0x000000008ae00000|  0%| F|  |TAMS 0x000000008ad00000, 0x000000008ad00000| Untracked 
| 146|0x000000008ae00000, 0x000000008ae00000, 0x000000008af00000|  0%| F|  |TAMS 0x000000008ae00000, 0x000000008ae00000| Untracked 
| 147|0x000000008af00000, 0x000000008af00000, 0x000000008b000000|  0%| F|  |TAMS 0x000000008af00000, 0x000000008af00000| Untracked 
| 148|0x000000008b000000, 0x000000008b000000, 0x000000008b100000|  0%| F|  |TAMS 0x000000008b000000, 0x000000008b000000| Untracked 
| 149|0x000000008b100000, 0x000000008b100000, 0x000000008b200000|  0%| F|  |TAMS 0x000000008b100000, 0x000000008b100000| Untracked 
| 150|0x000000008b200000, 0x000000008b200000, 0x000000008b300000|  0%| F|  |TAMS 0x000000008b200000, 0x000000008b200000| Untracked 
| 151|0x000000008b300000, 0x000000008b380800, 0x000000008b400000| 50%| E|  |TAMS 0x000000008b300000, 0x000000008b300000| Complete 
| 152|0x000000008b400000, 0x000000008b500000, 0x000000008b500000|100%| E|CS|TAMS 0x000000008b400000, 0x000000008b400000| Complete 
| 153|0x000000008b500000, 0x000000008b600000, 0x000000008b600000|100%| E|CS|TAMS 0x000000008b500000, 0x000000008b500000| Complete 
| 154|0x000000008b600000, 0x000000008b700000, 0x000000008b700000|100%| E|CS|TAMS 0x000000008b600000, 0x000000008b600000| Complete 
| 155|0x000000008b700000, 0x000000008b800000, 0x000000008b800000|100%| E|CS|TAMS 0x000000008b700000, 0x000000008b700000| Complete 

Card table byte_map: [0x0000029619080000,0x0000029619480000] _byte_map_base: 0x0000029618c72000

Marking Bits (Prev, Next): (CMBitMap*) 0x00000296064d3f70, (CMBitMap*) 0x00000296064d3f30
 Prev Bits: [0x000002961b810000, 0x000002961d7a0000)
 Next Bits: [0x0000029619880000, 0x000002961b810000)

Polling page: 0x0000029604430000

Metaspace:

Usage:
  Non-class:     57.60 MB used.
      Class:      7.62 MB used.
       Both:     65.22 MB used.

Virtual space:
  Non-class space:       64.00 MB reserved,      57.75 MB ( 90%) committed,  8 nodes.
      Class space:        1.00 GB reserved,       7.75 MB ( <1%) committed,  1 nodes.
             Both:        1.06 GB reserved,      65.50 MB (  6%) committed. 

Chunk freelists:
   Non-Class:  2.03 MB
       Class:  198.00 KB
        Both:  2.22 MB

MaxMetaspaceSize: unlimited
CompressedClassSpaceSize: 1.00 GB
Initial GC threshold: 21.00 MB
Current GC threshold: 98.38 MB
CDS: off
MetaspaceReclaimPolicy: balanced
 - commit_granule_bytes: 65536.
 - commit_granule_words: 8192.
 - virtual_space_node_default_size: 1048576.
 - enlarge_chunks_in_place: 1.
 - new_chunks_are_fully_committed: 0.
 - uncommit_free_chunks: 1.
 - use_allocation_guard: 0.
 - handle_deallocations: 1.


Internal statistics:

num_allocs_failed_limit: 9.
num_arena_births: 324.
num_arena_deaths: 0.
num_vsnodes_births: 9.
num_vsnodes_deaths: 0.
num_space_committed: 1046.
num_space_uncommitted: 0.
num_chunks_returned_to_freelist: 9.
num_chunks_taken_from_freelist: 2416.
num_chunk_merges: 6.
num_chunk_splits: 1902.
num_chunks_enlarged: 1667.
num_purges: 0.
num_inconsistent_stats: 0.

CodeHeap 'non-profiled nmethods': size=120000Kb used=4492Kb max_used=4492Kb free=115507Kb
 bounds [0x0000029611420000, 0x0000029611890000, 0x0000029618950000]
CodeHeap 'profiled nmethods': size=120000Kb used=22180Kb max_used=22180Kb free=97819Kb
 bounds [0x0000029609950000, 0x000002960af00000, 0x0000029610e80000]
CodeHeap 'non-nmethods': size=5760Kb used=1311Kb max_used=1449Kb free=4448Kb
 bounds [0x0000029610e80000, 0x00000296110f0000, 0x0000029611420000]
 total_blobs=8984 nmethods=8356 adapters=537
 compilation: enabled
              stopped_count=0, restarted_count=0
 full_count=0

Compilation events (20 events):
Event: 10.570 Thread 0x0000029620c2bd60 nmethod 9273 0x000002960aeba490 code [0x000002960aeba6c0, 0x000002960aebaec8]
Event: 10.570 Thread 0x0000029620c2bd60 9274       3       org.jetbrains.kotlin.com.intellij.extapi.psi.ASTDelegatePsiElement::getContainingFile (8 bytes)
Event: 10.570 Thread 0x0000029620c2bd60 nmethod 9274 0x000002960aebb210 code [0x000002960aebb3c0, 0x000002960aebb5b8]
Event: 10.571 Thread 0x0000029620c2bd60 9275       3       org.jetbrains.kotlin.resolve.constants.evaluate.ConstantExpressionEvaluatorVisitor::evaluateCall$default (21 bytes)
Event: 10.571 Thread 0x0000029620c2bd60 nmethod 9275 0x000002960aebb690 code [0x000002960aebb840, 0x000002960aebb9a8]
Event: 10.572 Thread 0x0000029620c2bd60 9276       3       org.jetbrains.kotlin.resolve.constants.evaluate.ConstantExpressionEvaluatorVisitor::evaluateCall (894 bytes)
Event: 10.572 Thread 0x0000029620df7f30 

Event: 10.575 Thread 0x0000029620df7f30 9272       4       org.jetbrains.kotlin.com.intellij.extapi.psi.StubBasedPsiElementBase::getStubOrPsiChildren (113 bytes)
Event: 10.583 Thread 0x0000029620c2bd60 nmethod 9276 0x000002960aebba90 code [0x000002960aebc440, 0x000002960aec1cc8]
Event: 10.583 Thread 0x0000029620c2bd60 9278       3       org.jetbrains.kotlin.resolve.calls.tower.NewResolutionOldInferenceKt::transformToReceiverWithSmartCastInfo (71 bytes)
Event: 10.584 Thread 0x0000029620c2bd60 nmethod 9278 0x000002960aec3990 code [0x000002960aec3c80, 0x000002960aec4988]
Event: 10.584 Thread 0x0000029620c2bd60 9280       3       org.jetbrains.kotlin.resolve.calls.inference.DescriptorRelatedInferenceUtilsKt$substituteAndApproximateTypes$wrappedSubstitution$1::prepareTopLevelType (10 bytes)
Event: 10.584 Thread 0x0000029620c2bd60 nmethod 9280 0x000002960aec4e90 code [0x000002960aec5020, 0x000002960aec5168]
Event: 10.584 Thread 0x0000029620c2bd60 9281       3       org.jetbrains.kotlin.resolve.calls.inference.DescriptorRelatedInferenceUtilsKt$substituteAndApproximateTypes$wrappedSubstitution$1::prepareTopLevelType (88 bytes)
Event: 10.587 Thread 0x0000029620c2bd60 nmethod 9281 0x000002960aec5210 code [0x000002960aec56a0, 0x000002960aec7678]
Event: 10.587 Thread 0x0000029620c2bd60 9283       3       org.jetbrains.kotlin.descriptors.impl.ClassConstructorDescriptorImpl::getOriginal (5 bytes)
Event: 10.588 Thread 0x0000029620c2bd60 nmethod 9283 0x000002960aec8190 code [0x000002960aec8380, 0x000002960aec88c8]
Event: 10.588 Thread 0x0000029620c2bd60 9279       3       org.jetbrains.kotlin.types.model.TypeSystemContextHelpersKt::typeConstructor (25 bytes)
Event: 10.589 Thread 0x0000029620c2bd60 nmethod 9279 0x000002960aec8a10 code [0x000002960aec8ca0, 0x000002960aec9748]
Event: 10.589 Thread 0x0000029620c2bd60 9282       3       org.jetbrains.kotlin.descriptors.impl.PropertyDescriptorImpl::getOriginal (5 bytes)

GC Heap History (20 events):
Event: 2.236 GC heap before
{Heap before GC invocations=6 (full 0):
 garbage-first heap   total 40960K, used 34508K [0x0000000081c00000, 0x0000000100000000)
  region size 1024K, 16 young (16384K), 2 survivors (2048K)
 Metaspace       used 32278K, committed 32512K, reserved 1081344K
  class space    used 4117K, committed 4224K, reserved 1048576K
}
Event: 2.245 GC heap after
{Heap after GC invocations=7 (full 0):
 garbage-first heap   total 66560K, used 23744K [0x0000000081c00000, 0x0000000100000000)
  region size 1024K, 2 young (2048K), 2 survivors (2048K)
 Metaspace       used 32278K, committed 32512K, reserved 1081344K
  class space    used 4117K, committed 4224K, reserved 1048576K
}
Event: 2.560 GC heap before
{Heap before GC invocations=7 (full 0):
 garbage-first heap   total 66560K, used 38080K [0x0000000081c00000, 0x0000000100000000)
  region size 1024K, 17 young (17408K), 2 survivors (2048K)
 Metaspace       used 35805K, committed 35968K, reserved 1081344K
  class space    used 4520K, committed 4608K, reserved 1048576K
}
Event: 2.567 GC heap after
{Heap after GC invocations=8 (full 0):
 garbage-first heap   total 66560K, used 25724K [0x0000000081c00000, 0x0000000100000000)
  region size 1024K, 4 young (4096K), 4 survivors (4096K)
 Metaspace       used 35805K, committed 35968K, reserved 1081344K
  class space    used 4520K, committed 4608K, reserved 1048576K
}
Event: 2.945 GC heap before
{Heap before GC invocations=9 (full 0):
 garbage-first heap   total 66560K, used 47228K [0x0000000081c00000, 0x0000000100000000)
  region size 1024K, 26 young (26624K), 4 survivors (4096K)
 Metaspace       used 40127K, committed 40384K, reserved 1089536K
  class space    used 4955K, committed 5056K, reserved 1048576K
}
Event: 2.955 GC heap after
{Heap after GC invocations=10 (full 0):
 garbage-first heap   total 66560K, used 25535K [0x0000000081c00000, 0x0000000100000000)
  region size 1024K, 4 young (4096K), 4 survivors (4096K)
 Metaspace       used 40127K, committed 40384K, reserved 1089536K
  class space    used 4955K, committed 5056K, reserved 1048576K
}
Event: 2.974 GC heap before
{Heap before GC invocations=10 (full 0):
 garbage-first heap   total 66560K, used 25535K [0x0000000081c00000, 0x0000000100000000)
  region size 1024K, 5 young (5120K), 4 survivors (4096K)
 Metaspace       used 40401K, committed 40640K, reserved 1089536K
  class space    used 4972K, committed 5056K, reserved 1048576K
}
Event: 2.983 GC heap after
{Heap after GC invocations=11 (full 0):
 garbage-first heap   total 66560K, used 26020K [0x0000000081c00000, 0x0000000100000000)
  region size 1024K, 1 young (1024K), 1 survivors (1024K)
 Metaspace       used 40401K, committed 40640K, reserved 1089536K
  class space    used 4972K, committed 5056K, reserved 1048576K
}
Event: 3.516 GC heap before
{Heap before GC invocations=11 (full 0):
 garbage-first heap   total 66560K, used 48548K [0x0000000081c00000, 0x0000000100000000)
  region size 1024K, 23 young (23552K), 1 survivors (1024K)
 Metaspace       used 46176K, committed 46400K, reserved 1097728K
  class space    used 5580K, committed 5696K, reserved 1048576K
}
Event: 3.524 GC heap after
{Heap after GC invocations=12 (full 0):
 garbage-first heap   total 133120K, used 27537K [0x0000000081c00000, 0x0000000100000000)
  region size 1024K, 3 young (3072K), 3 survivors (3072K)
 Metaspace       used 46176K, committed 46400K, reserved 1097728K
  class space    used 5580K, committed 5696K, reserved 1048576K
}
Event: 4.694 GC heap before
{Heap before GC invocations=12 (full 0):
 garbage-first heap   total 133120K, used 98193K [0x0000000081c00000, 0x0000000100000000)
  region size 1024K, 69 young (70656K), 3 survivors (3072K)
 Metaspace       used 51617K, committed 51904K, reserved 1097728K
  class space    used 6198K, committed 6336K, reserved 1048576K
}
Event: 4.710 GC heap after
{Heap after GC invocations=13 (full 0):
 garbage-first heap   total 133120K, used 37536K [0x0000000081c00000, 0x0000000100000000)
  region size 1024K, 9 young (9216K), 9 survivors (9216K)
 Metaspace       used 51617K, committed 51904K, reserved 1097728K
  class space    used 6198K, committed 6336K, reserved 1048576K
}
Event: 6.168 GC heap before
{Heap before GC invocations=13 (full 0):
 garbage-first heap   total 133120K, used 95904K [0x0000000081c00000, 0x0000000100000000)
  region size 1024K, 66 young (67584K), 9 survivors (9216K)
 Metaspace       used 57104K, committed 57344K, reserved 1105920K
  class space    used 6706K, committed 6848K, reserved 1048576K
}
Event: 6.194 GC heap after
{Heap after GC invocations=14 (full 0):
 garbage-first heap   total 133120K, used 46805K [0x0000000081c00000, 0x0000000100000000)
  region size 1024K, 9 young (9216K), 9 survivors (9216K)
 Metaspace       used 57104K, committed 57344K, reserved 1105920K
  class space    used 6706K, committed 6848K, reserved 1048576K
}
Event: 6.803 GC heap before
{Heap before GC invocations=14 (full 0):
 garbage-first heap   total 133120K, used 98005K [0x0000000081c00000, 0x0000000100000000)
  region size 1024K, 59 young (60416K), 9 survivors (9216K)
 Metaspace       used 58900K, committed 59264K, reserved 1105920K
  class space    used 6924K, committed 7104K, reserved 1048576K
}
Event: 6.823 GC heap after
{Heap after GC invocations=15 (full 0):
 garbage-first heap   total 133120K, used 52664K [0x0000000081c00000, 0x0000000100000000)
  region size 1024K, 5 young (5120K), 5 survivors (5120K)
 Metaspace       used 58900K, committed 59264K, reserved 1105920K
  class space    used 6924K, committed 7104K, reserved 1048576K
}
Event: 7.208 GC heap before
{Heap before GC invocations=15 (full 0):
 garbage-first heap   total 133120K, used 59832K [0x0000000081c00000, 0x0000000100000000)
  region size 1024K, 13 young (13312K), 5 survivors (5120K)
 Metaspace       used 60041K, committed 60288K, reserved 1105920K
  class space    used 7047K, committed 7168K, reserved 1048576K
}
Event: 7.226 GC heap after
{Heap after GC invocations=16 (full 0):
 garbage-first heap   total 159744K, used 54111K [0x0000000081c00000, 0x0000000100000000)
  region size 1024K, 2 young (2048K), 2 survivors (2048K)
 Metaspace       used 60041K, committed 60288K, reserved 1105920K
  class space    used 7047K, committed 7168K, reserved 1048576K
}
Event: 10.322 GC heap before
{Heap before GC invocations=17 (full 0):
 garbage-first heap   total 159744K, used 121695K [0x0000000081c00000, 0x0000000100000000)
  region size 1024K, 67 young (68608K), 2 survivors (2048K)
 Metaspace       used 66432K, committed 66752K, reserved 1114112K
  class space    used 7798K, committed 7936K, reserved 1048576K
}
Event: 10.343 GC heap after
{Heap after GC invocations=18 (full 0):
 garbage-first heap   total 159744K, used 62811K [0x0000000081c00000, 0x0000000100000000)
  region size 1024K, 9 young (9216K), 9 survivors (9216K)
 Metaspace       used 66432K, committed 66752K, reserved 1114112K
  class space    used 7798K, committed 7936K, reserved 1048576K
}

Dll operation events (2 events):
Event: 0.007 Loaded shared library C:\Program Files\Android\Android Studio\jbr\bin\java.dll
Event: 1.079 Loaded shared library C:\Program Files\Android\Android Studio\jbr\bin\verify.dll

Deoptimization events (20 events):
Event: 10.485 Thread 0x00000296043ea7c0 Uncommon trap: trap_request=0xffffff45 fr.pc=0x0000029611440910 relative=0x0000000000000190
Event: 10.485 Thread 0x00000296043ea7c0 Uncommon trap: reason=unstable_if action=reinterpret pc=0x0000029611440910 method=java.lang.String.equals(Ljava/lang/Object;)Z @ 33 c2
Event: 10.485 Thread 0x00000296043ea7c0 DEOPT PACKING pc=0x0000029611440910 sp=0x000000cb168fc5a0
Event: 10.485 Thread 0x00000296043ea7c0 DEOPT UNPACKING pc=0x0000029610ed69a3 sp=0x000000cb168fc530 mode 2
Event: 10.552 Thread 0x00000296043ea7c0 Uncommon trap: trap_request=0xffffffd6 fr.pc=0x000002961187f2ec relative=0x0000000000000a4c
Event: 10.552 Thread 0x00000296043ea7c0 Uncommon trap: reason=array_check action=maybe_recompile pc=0x000002961187f2ec method=org.jetbrains.kotlin.com.intellij.extapi.psi.StubBasedPsiElementBase.getStubOrPsiChildren(Lorg/jetbrains/kotlin/com/intellij/psi/stubs/IStubElementType;Lorg/jetbrains/ko
Event: 10.552 Thread 0x00000296043ea7c0 DEOPT PACKING pc=0x000002961187f2ec sp=0x000000cb168f7080
Event: 10.552 Thread 0x00000296043ea7c0 DEOPT UNPACKING pc=0x0000029610ed69a3 sp=0x000000cb168f7028 mode 2
Event: 10.553 Thread 0x00000296043ea7c0 Uncommon trap: trap_request=0xffffffd6 fr.pc=0x000002961187f2ec relative=0x0000000000000a4c
Event: 10.553 Thread 0x00000296043ea7c0 Uncommon trap: reason=array_check action=maybe_recompile pc=0x000002961187f2ec method=org.jetbrains.kotlin.com.intellij.extapi.psi.StubBasedPsiElementBase.getStubOrPsiChildren(Lorg/jetbrains/kotlin/com/intellij/psi/stubs/IStubElementType;Lorg/jetbrains/ko
Event: 10.553 Thread 0x00000296043ea7c0 DEOPT PACKING pc=0x000002961187f2ec sp=0x000000cb168f6d60
Event: 10.553 Thread 0x00000296043ea7c0 DEOPT UNPACKING pc=0x0000029610ed69a3 sp=0x000000cb168f6d08 mode 2
Event: 10.554 Thread 0x00000296043ea7c0 Uncommon trap: trap_request=0xffffffd6 fr.pc=0x000002961187f2ec relative=0x0000000000000a4c
Event: 10.554 Thread 0x00000296043ea7c0 Uncommon trap: reason=array_check action=maybe_recompile pc=0x000002961187f2ec method=org.jetbrains.kotlin.com.intellij.extapi.psi.StubBasedPsiElementBase.getStubOrPsiChildren(Lorg/jetbrains/kotlin/com/intellij/psi/stubs/IStubElementType;Lorg/jetbrains/ko
Event: 10.554 Thread 0x00000296043ea7c0 DEOPT PACKING pc=0x000002961187f2ec sp=0x000000cb168f7ca0
Event: 10.554 Thread 0x00000296043ea7c0 DEOPT UNPACKING pc=0x0000029610ed69a3 sp=0x000000cb168f7c48 mode 2
Event: 10.554 Thread 0x00000296043ea7c0 Uncommon trap: trap_request=0xffffffd6 fr.pc=0x000002961187f2ec relative=0x0000000000000a4c
Event: 10.554 Thread 0x00000296043ea7c0 Uncommon trap: reason=array_check action=maybe_recompile pc=0x000002961187f2ec method=org.jetbrains.kotlin.com.intellij.extapi.psi.StubBasedPsiElementBase.getStubOrPsiChildren(Lorg/jetbrains/kotlin/com/intellij/psi/stubs/IStubElementType;Lorg/jetbrains/ko
Event: 10.554 Thread 0x00000296043ea7c0 DEOPT PACKING pc=0x000002961187f2ec sp=0x000000cb168f6990
Event: 10.554 Thread 0x00000296043ea7c0 DEOPT UNPACKING pc=0x0000029610ed69a3 sp=0x000000cb168f6938 mode 2

Classes unloaded (0 events):
No events

Classes redefined (0 events):
No events

Internal exceptions (20 events):
Event: 6.897 Thread 0x00000296043ea7c0 Exception <a 'java/lang/NoSuchMethodError'{0x0000000089ca27a0}: 'java.lang.Object java.lang.invoke.DirectMethodHandle$Holder.newInvokeSpecial(java.lang.Object, java.lang.Object, java.lang.Object, java.lang.Object, java.lang.Object, java.lang.Object, java.lang.Object)'> (0x0000000089ca27a0) 
thrown [s\src\hotspot\share\interpreter\linkResolver.cpp, line 771]
Event: 6.897 Thread 0x00000296043ea7c0 Exception <a 'java/lang/NoSuchMethodError'{0x0000000089ca7358}: 'java.lang.Object java.lang.invoke.Invokers$Holder.linkToTargetMethod(java.lang.Object, java.lang.Object, java.lang.Object, java.lang.Object, java.lang.Object, java.lang.Object, java.lang.Object)'> (0x0000000089ca7358) 
thrown [s\src\hotspot\share\interpreter\linkResolver.cpp, line 771]
Event: 6.984 Thread 0x00000296043ea7c0 Implicit null exception at 0x0000029611523f20 to 0x00000296115240a4
Event: 6.985 Thread 0x00000296043ea7c0 Implicit null exception at 0x0000029611485ae0 to 0x0000029611485b7a
Event: 7.031 Thread 0x00000296043ea7c0 Exception <a 'java/lang/NoSuchMethodError'{0x00000000899df038}: 'int java.lang.invoke.DirectMethodHandle$Holder.invokeStaticInit(java.lang.Object, int)'> (0x00000000899df038) 
thrown [s\src\hotspot\share\interpreter\linkResolver.cpp, line 771]
Event: 7.119 Thread 0x00000296043ea7c0 Implicit null exception at 0x0000029611731d40 to 0x0000029611732dc4
Event: 7.562 Thread 0x00000296043ea7c0 Exception <a 'java/lang/NoSuchMethodError'{0x000000008b490ef0}: 'java.lang.Object java.lang.invoke.DirectMethodHandle$Holder.invokeInterface(java.lang.Object, java.lang.Object, java.lang.Object)'> (0x000000008b490ef0) 
thrown [s\src\hotspot\share\interpreter\linkResolver.cpp, line 771]
Event: 7.562 Thread 0x00000296043ea7c0 Exception <a 'java/lang/IncompatibleClassChangeError'{0x000000008b494860}: Found class java.lang.Object, but interface was expected> (0x000000008b494860) 
thrown [s\src\hotspot\share\interpreter\linkResolver.cpp, line 838]
Event: 7.904 Thread 0x00000296043ea7c0 Exception <a 'java/lang/NoSuchMethodError'{0x000000008adc8178}: 'java.lang.Object java.lang.invoke.DirectMethodHandle$Holder.newInvokeSpecial(java.lang.Object, int, java.lang.Object, java.lang.Object)'> (0x000000008adc8178) 
thrown [s\src\hotspot\share\interpreter\linkResolver.cpp, line 771]
Event: 8.464 Thread 0x00000296043ea7c0 Implicit null exception at 0x000002961178f9e8 to 0x000002961179017c
Event: 8.852 Thread 0x00000296043ea7c0 Implicit null exception at 0x00000296117bdc75 to 0x00000296117be3c8
Event: 8.862 Thread 0x00000296043ea7c0 Implicit null exception at 0x0000029611781cf2 to 0x0000029611782424
Event: 9.017 Thread 0x00000296043ea7c0 Exception <a 'java/lang/NoSuchMethodError'{0x00000000890c30a0}: 'java.lang.Object java.lang.invoke.DirectMethodHandle$Holder.invokeStatic(java.lang.Object, int, java.lang.Object)'> (0x00000000890c30a0) 
thrown [s\src\hotspot\share\interpreter\linkResolver.cpp, line 771]
Event: 9.865 Thread 0x00000296043ea7c0 Exception <a 'java/lang/NoSuchMethodError'{0x0000000087eed870}: 'int java.lang.invoke.DirectMethodHandle$Holder.invokeVirtual(java.lang.Object, java.lang.Object, java.lang.Object)'> (0x0000000087eed870) 
thrown [s\src\hotspot\share\interpreter\linkResolver.cpp, line 771]
Event: 10.022 Thread 0x00000296043ea7c0 Exception <a 'java/lang/NoSuchMethodError'{0x0000000087a57300}: 'java.lang.Object java.lang.invoke.DirectMethodHandle$Holder.invokeStatic(java.lang.Object, java.lang.Object, java.lang.Object, java.lang.Object, int)'> (0x0000000087a57300) 
thrown [s\src\hotspot\share\interpreter\linkResolver.cpp, line 771]
Event: 10.023 Thread 0x00000296043ea7c0 Exception <a 'java/lang/NoSuchMethodError'{0x0000000087a60fe8}: 'java.lang.Object java.lang.invoke.DirectMethodHandle$Holder.newInvokeSpecial(java.lang.Object, java.lang.Object, java.lang.Object, java.lang.Object, int)'> (0x0000000087a60fe8) 
thrown [s\src\hotspot\share\interpreter\linkResolver.cpp, line 771]
Event: 10.023 Thread 0x00000296043ea7c0 Exception <a 'java/lang/NoSuchMethodError'{0x0000000087a65b18}: 'java.lang.Object java.lang.invoke.DirectMethodHandle$Holder.invokeSpecial(java.lang.Object, java.lang.Object, java.lang.Object, java.lang.Object, java.lang.Object, int)'> (0x0000000087a65b18) 
thrown [s\src\hotspot\share\interpreter\linkResolver.cpp, line 771]
Event: 10.023 Thread 0x00000296043ea7c0 Exception <a 'java/lang/NoSuchMethodError'{0x0000000087a69ff8}: 'java.lang.Object java.lang.invoke.Invokers$Holder.linkToTargetMethod(java.lang.Object, java.lang.Object, java.lang.Object, int, java.lang.Object)'> (0x0000000087a69ff8) 
thrown [s\src\hotspot\share\interpreter\linkResolver.cpp, line 771]
Event: 10.117 Thread 0x00000296043ea7c0 Exception <a 'java/lang/NoSuchMethodError'{0x0000000087817870}: 'void java.lang.invoke.DirectMethodHandle$Holder.invokeInterface(java.lang.Object, java.lang.Object)'> (0x0000000087817870) 
thrown [s\src\hotspot\share\interpreter\linkResolver.cpp, line 771]
Event: 10.218 Thread 0x00000296043ea7c0 Exception <a 'java/lang/IncompatibleClassChangeError'{0x0000000087604160}: Found class java.lang.Object, but interface was expected> (0x0000000087604160) 
thrown [s\src\hotspot\share\interpreter\linkResolver.cpp, line 838]

VM Operations (20 events):
Event: 10.005 Executing VM operation: HandshakeAllThreads
Event: 10.005 Executing VM operation: HandshakeAllThreads done
Event: 10.086 Executing VM operation: HandshakeAllThreads
Event: 10.086 Executing VM operation: HandshakeAllThreads done
Event: 10.089 Executing VM operation: HandshakeAllThreads
Event: 10.089 Executing VM operation: HandshakeAllThreads done
Event: 10.104 Executing VM operation: ICBufferFull
Event: 10.104 Executing VM operation: ICBufferFull done
Event: 10.112 Executing VM operation: HandshakeAllThreads
Event: 10.112 Executing VM operation: HandshakeAllThreads done
Event: 10.151 Executing VM operation: HandshakeAllThreads
Event: 10.151 Executing VM operation: HandshakeAllThreads done
Event: 10.152 Executing VM operation: HandshakeAllThreads
Event: 10.152 Executing VM operation: HandshakeAllThreads done
Event: 10.218 Executing VM operation: HandshakeAllThreads
Event: 10.218 Executing VM operation: HandshakeAllThreads done
Event: 10.321 Executing VM operation: G1CollectForAllocation
Event: 10.343 Executing VM operation: G1CollectForAllocation done
Event: 10.497 Executing VM operation: ICBufferFull
Event: 10.497 Executing VM operation: ICBufferFull done

Events (20 events):
Event: 10.124 loading class java/util/stream/Node$OfPrimitive
Event: 10.124 loading class java/util/stream/Node$OfPrimitive done
Event: 10.124 loading class java/util/stream/Node$OfInt done
Event: 10.124 loading class java/util/stream/Nodes$EmptyNode$OfInt done
Event: 10.124 loading class java/util/stream/Nodes$EmptyNode$OfLong
Event: 10.124 loading class java/util/stream/Node$OfLong
Event: 10.125 loading class java/util/stream/Node$OfLong done
Event: 10.125 loading class java/util/stream/Nodes$EmptyNode$OfLong done
Event: 10.125 loading class java/util/stream/Nodes$EmptyNode$OfDouble
Event: 10.125 loading class java/util/stream/Node$OfDouble
Event: 10.125 loading class java/util/stream/Node$OfDouble done
Event: 10.125 loading class java/util/stream/Nodes$EmptyNode$OfDouble done
Event: 10.125 loading class java/util/stream/Nodes$SpinedNodeBuilder
Event: 10.125 loading class java/util/stream/Node$Builder
Event: 10.125 loading class java/util/stream/Node$Builder done
Event: 10.126 loading class java/util/stream/SpinedBuffer
Event: 10.126 loading class java/util/stream/AbstractSpinedBuffer
Event: 10.126 loading class java/util/stream/AbstractSpinedBuffer done
Event: 10.126 loading class java/util/stream/SpinedBuffer done
Event: 10.126 loading class java/util/stream/Nodes$SpinedNodeBuilder done


Dynamic libraries:
0x00007ff682780000 - 0x00007ff68278a000 	C:\Program Files\Android\Android Studio\jbr\bin\java.exe
0x00007ffdb46b0000 - 0x00007ffdb48a8000 	C:\WINDOWS\SYSTEM32\ntdll.dll
0x00007ffdb42c0000 - 0x00007ffdb437f000 	C:\WINDOWS\System32\KERNEL32.DLL
0x00007ffdb2120000 - 0x00007ffdb23fa000 	C:\WINDOWS\System32\KERNELBASE.dll
0x00007ffdb2610000 - 0x00007ffdb2710000 	C:\WINDOWS\System32\ucrtbase.dll
0x00007ffd99de0000 - 0x00007ffd99df7000 	C:\Program Files\Android\Android Studio\jbr\bin\jli.dll
0x00007ffd9eaf0000 - 0x00007ffd9eb0b000 	C:\Program Files\Android\Android Studio\jbr\bin\VCRUNTIME140.dll
0x00007ffdb4420000 - 0x00007ffdb45bd000 	C:\WINDOWS\System32\USER32.dll
0x00007ffd914b0000 - 0x00007ffd9174a000 	C:\WINDOWS\WinSxS\amd64_microsoft.windows.common-controls_6595b64144ccf1df_6.0.19041.1110_none_60b5254171f9507e\COMCTL32.dll
0x00007ffdb1ec0000 - 0x00007ffdb1ee2000 	C:\WINDOWS\System32\win32u.dll
0x00007ffdb45c0000 - 0x00007ffdb465e000 	C:\WINDOWS\System32\msvcrt.dll
0x00007ffdb4290000 - 0x00007ffdb42bb000 	C:\WINDOWS\System32\GDI32.dll
0x00007ffdb2500000 - 0x00007ffdb2610000 	C:\WINDOWS\System32\gdi32full.dll
0x00007ffdb1f20000 - 0x00007ffdb1fbd000 	C:\WINDOWS\System32\msvcp_win.dll
0x00007ffdb3ac0000 - 0x00007ffdb3af0000 	C:\WINDOWS\System32\IMM32.DLL
0x00007ffd8f8e0000 - 0x00007ffd8f8ec000 	C:\Program Files\Android\Android Studio\jbr\bin\vcruntime140_1.dll
0x00007ffd88ed0000 - 0x00007ffd88f5d000 	C:\Program Files\Android\Android Studio\jbr\bin\msvcp140.dll
0x00007ffd55a90000 - 0x00007ffd566fd000 	C:\Program Files\Android\Android Studio\jbr\bin\server\jvm.dll
0x00007ffdb2c50000 - 0x00007ffdb2cfe000 	C:\WINDOWS\System32\ADVAPI32.dll
0x00007ffdb2bb0000 - 0x00007ffdb2c4c000 	C:\WINDOWS\System32\sechost.dll
0x00007ffdb3af0000 - 0x00007ffdb3c16000 	C:\WINDOWS\System32\RPCRT4.dll
0x00007ffda1290000 - 0x00007ffda1299000 	C:\WINDOWS\SYSTEM32\WSOCK32.dll
0x00007ffdac4f0000 - 0x00007ffdac4fa000 	C:\WINDOWS\SYSTEM32\VERSION.dll
0x00007ffda0b70000 - 0x00007ffda0b97000 	C:\WINDOWS\SYSTEM32\WINMM.dll
0x00007ffdb2d00000 - 0x00007ffdb2d6b000 	C:\WINDOWS\System32\WS2_32.dll
0x00007ffdb0660000 - 0x00007ffdb0672000 	C:\WINDOWS\SYSTEM32\kernel.appcore.dll
0x00007ffd8f8d0000 - 0x00007ffd8f8da000 	C:\Program Files\Android\Android Studio\jbr\bin\jimage.dll
0x00007ffdafb80000 - 0x00007ffdafd64000 	C:\WINDOWS\SYSTEM32\DBGHELP.DLL
0x00007ffda92a0000 - 0x00007ffda92d4000 	C:\WINDOWS\SYSTEM32\dbgcore.DLL
0x00007ffdb1e30000 - 0x00007ffdb1eb2000 	C:\WINDOWS\System32\bcryptPrimitives.dll
0x00007ffd82970000 - 0x00007ffd82995000 	C:\Program Files\Android\Android Studio\jbr\bin\java.dll
0x00007ffd8efa0000 - 0x00007ffd8efb8000 	C:\Program Files\Android\Android Studio\jbr\bin\zip.dll
0x00007ffdb3370000 - 0x00007ffdb3ab4000 	C:\WINDOWS\System32\SHELL32.dll
0x00007ffdafe60000 - 0x00007ffdb05f3000 	C:\WINDOWS\SYSTEM32\windows.storage.dll
0x00007ffdb3e30000 - 0x00007ffdb4184000 	C:\WINDOWS\System32\combase.dll
0x00007ffdb1820000 - 0x00007ffdb184e000 	C:\WINDOWS\SYSTEM32\Wldp.dll
0x00007ffdb2710000 - 0x00007ffdb27bd000 	C:\WINDOWS\System32\SHCORE.dll
0x00007ffdb3dd0000 - 0x00007ffdb3e25000 	C:\WINDOWS\System32\shlwapi.dll
0x00007ffdb1d00000 - 0x00007ffdb1d1f000 	C:\WINDOWS\SYSTEM32\profapi.dll
0x00007ffd8b000000 - 0x00007ffd8b019000 	C:\Program Files\Android\Android Studio\jbr\bin\net.dll
0x00007ffda9c80000 - 0x00007ffda9d8a000 	C:\WINDOWS\SYSTEM32\WINHTTP.dll
0x00007ffdb1580000 - 0x00007ffdb15ea000 	C:\WINDOWS\system32\mswsock.dll
0x00007ffd84d50000 - 0x00007ffd84d66000 	C:\Program Files\Android\Android Studio\jbr\bin\nio.dll
0x00007ffd88eb0000 - 0x00007ffd88ec0000 	C:\Program Files\Android\Android Studio\jbr\bin\verify.dll

dbghelp: loaded successfully - version: 4.0.5 - missing functions: none
symbol engine: initialized successfully - sym options: 0x614 - pdb path: .;C:\Program Files\Android\Android Studio\jbr\bin;C:\WINDOWS\SYSTEM32;C:\WINDOWS\WinSxS\amd64_microsoft.windows.common-controls_6595b64144ccf1df_6.0.19041.1110_none_60b5254171f9507e;C:\Program Files\Android\Android Studio\jbr\bin\server

VM Arguments:
java_command: org.jetbrains.kotlin.cli.jvm.K2JVMCompiler @C:\Users\thang\Downloads\software\social_network_app-main\social_network_app-main\app\build\20230426_8793941635118482554.compiler.options
java_class_path (initial): C:\Users\thang\.gradle\caches\modules-2\files-2.1\org.jetbrains.kotlin\kotlin-compiler-embeddable\1.8.0\eb9118d4bcceaa2a94b2ae2a33a4ddba7c9a947f\kotlin-compiler-embeddable-1.8.0.jar;C:\Users\thang\.gradle\caches\modules-2\files-2.1\org.jetbrains.kotlin\kotlin-stdlib\1.8.0\1796921c7a3e2e2665a83e6c8d33399336cd39bc\kotlin-stdlib-1.8.0.jar;C:\Users\thang\.gradle\caches\modules-2\files-2.1\org.jetbrains.kotlin\kotlin-script-runtime\1.8.0\b2f7e760d283cb339974851c222a4c1d48f2d3d\kotlin-script-runtime-1.8.0.jar;C:\Users\thang\.gradle\caches\modules-2\files-2.1\org.jetbrains.kotlin\kotlin-reflect\1.6.10\1cbe9c92c12a94eea200d23c2bbaedaf3daf5132\kotlin-reflect-1.6.10.jar;C:\Users\thang\.gradle\caches\modules-2\files-2.1\org.jetbrains.kotlin\kotlin-daemon-embeddable\1.8.0\d255216c551685dc3a7e852b53617f5f01aaaa5c\kotlin-daemon-embeddable-1.8.0.jar;C:\Users\thang\.gradle\caches\modules-2\files-2.1\org.jetbrains.intellij.deps\trove4j\1.0.20200330\3afb14d5f9ceb459d724e907a21145e8ff394f02\trove4j-1.0.20200330.jar;C:\Users\thang\.gradle\caches\modules-2\files-2.1\net.java.dev.jna\jna\5.6.0\330f2244e9030119ab3030fc3fededc86713d9cc\jna-5.6.0.jar;C:\Users\thang\.gradle\caches\modules-2\files-2.1\org.jetbrains.kotlin\kotlin-stdlib-common\1.8.0\f7197e7cc76453ac59f8b0f8d5137cc600becd36\kotlin-stdlib-common-1.8.0.jar;C:\Users\thang\.gradle\caches\modules-2\files-2.1\org.jetbrains\annotations\13.0\919f0dfe192fb4e063e7dacadee7f8bb9a2672a9\annotations-13.0.jar
Launcher Type: SUN_STANDARD

[Global flags]
     intx CICompilerCount                          = 4                                         {product} {ergonomic}
     uint ConcGCThreads                            = 2                                         {product} {ergonomic}
     uint G1ConcRefinementThreads                  = 8                                         {product} {ergonomic}
   size_t G1HeapRegionSize                         = 1048576                                   {product} {ergonomic}
    uintx GCDrainStackTargetSize                   = 64                                        {product} {ergonomic}
   size_t InitialHeapSize                          = 134217728                                 {product} {ergonomic}
   size_t MarkStackSize                            = 4194304                                   {product} {ergonomic}
   size_t MaxHeapSize                              = 2118123520                                {product} {ergonomic}
   size_t MaxNewSize                               = 1270874112                                {product} {ergonomic}
   size_t MinHeapDeltaBytes                        = 1048576                                   {product} {ergonomic}
   size_t MinHeapSize                              = 8388608                                   {product} {ergonomic}
    uintx NonNMethodCodeHeapSize                   = 5839372                                {pd product} {ergonomic}
    uintx NonProfiledCodeHeapSize                  = 122909434                              {pd product} {ergonomic}
    uintx ProfiledCodeHeapSize                     = 122909434                              {pd product} {ergonomic}
    uintx ReservedCodeCacheSize                    = 251658240                              {pd product} {ergonomic}
     bool SegmentedCodeCache                       = true                                      {product} {ergonomic}
   size_t SoftMaxHeapSize                          = 2118123520                             {manageable} {ergonomic}
     bool UseCompressedClassPointers               = true                           {product lp64_product} {ergonomic}
     bool UseCompressedOops                        = true                           {product lp64_product} {ergonomic}
     bool UseG1GC                                  = true                                      {product} {ergonomic}
     bool UseLargePagesIndividualAllocation        = false                                  {pd product} {ergonomic}

Logging:
Log output configuration:
 #0: stdout all=warning uptime,level,tags
 #1: stderr all=off uptime,level,tags

Environment Variables:
PATH=C:\WINDOWS\system32;C:\WINDOWS;C:\WINDOWS\System32\Wbem;C:\WINDOWS\System32\WindowsPowerShell\v1.0\;C:\WINDOWS\System32\OpenSSH\;D:\Git\cmd;C:\Users\thang\AppData\Local\Microsoft\WindowsApps;
USERNAME=thang
OS=Windows_NT
PROCESSOR_IDENTIFIER=Intel64 Family 6 Model 142 Stepping 11, GenuineIntel
TMP=C:\Users\thang\AppData\Local\Temp
TEMP=C:\Users\thang\AppData\Local\Temp



---------------  S Y S T E M  ---------------

OS:
 Windows 10 , 64 bit Build 19041 (10.0.19041.2788)
OS uptime: 0 days 2:22 hours

CPU: total 8 (initial active 8) (4 cores per cpu, 2 threads per core) family 6 model 142 stepping 11 microcode 0xae, cx8, cmov, fxsr, ht, mmx, 3dnowpref, sse, sse2, sse3, ssse3, sse4.1, sse4.2, popcnt, lzcnt, tsc, tscinvbit, avx, avx2, aes, erms, clmul, bmi1, bmi2, adx, fma, vzeroupper, clflush, clflushopt

Memory: 4k page, system-wide physical 8078M (859M free)
TotalPageFile size 8110M (AvailPageFile size 5M)
current process WorkingSet (physical memory assigned to process): 341M, peak: 364M
current process commit charge ("private bytes"): 380M, peak: 402M

vm_info: OpenJDK 64-Bit Server VM (17.0.6+0-b2043.56-9586694) for windows-amd64 JRE (17.0.6+0-b2043.56-9586694), built on Feb  9 2023 20:06:20 by "androidbuild" with MS VC++ 16.10 / 16.11 (VS2019)

END.
