#
# There is insufficient memory for the Java Runtime Environment to continue.
# Native memory allocation (malloc) failed to allocate 1399696 bytes for Chunk::new
# Possible reasons:
#   The system is out of physical RAM or swap space
#   The process is running with CompressedOops enabled, and the Java Heap may be blocking the growth of the native heap
# Possible solutions:
#   Reduce memory load on the system
#   Increase physical memory or swap space
#   Check if swap backing store is full
#   Decrease Java heap size (-Xmx/-Xms)
#   Decrease number of Java threads
#   Decrease Java thread stack sizes (-Xss)
#   Set larger code cache with -XX:ReservedCodeCacheSize=
#   JVM is running with Unscaled Compressed Oops mode in which the Java heap is
#     placed in the first 4GB address space. The Java Heap base address is the
#     maximum limit for the native heap growth. Please use -XX:HeapBaseMinAddress
#     to set the Java Heap base and to place the Java Heap above 4GB virtual address.
# This output file may be truncated or incomplete.
#
#  Out of Memory Error (arena.cpp:189), pid=8472, tid=9664
#
# JRE version: OpenJDK Runtime Environment (17.0.6) (build 17.0.6+0-b2043.56-9586694)
# Java VM: OpenJDK 64-Bit Server VM (17.0.6+0-b2043.56-9586694, mixed mode, tiered, compressed oops, compressed class ptrs, g1 gc, windows-amd64)
# No core dump will be written. Minidumps are not enabled by default on client versions of Windows
#

---------------  S U M M A R Y ------------

Command Line: --add-opens=java.base/java.util=ALL-UNNAMED --add-opens=java.base/java.lang=ALL-UNNAMED --add-opens=java.base/java.lang.invoke=ALL-UNNAMED --add-opens=java.base/java.util=ALL-UNNAMED --add-opens=java.prefs/java.util.prefs=ALL-UNNAMED --add-opens=java.prefs/java.util.prefs=ALL-UNNAMED --add-opens=java.base/java.nio.charset=ALL-UNNAMED --add-opens=java.base/java.net=ALL-UNNAMED --add-opens=java.base/java.util.concurrent.atomic=ALL-UNNAMED -Xmx2048m -Dfile.encoding=UTF-8 -Duser.country=US -Duser.language=en -Duser.variant org.gradle.launcher.daemon.bootstrap.GradleDaemon 7.5

Host: Intel(R) Core(TM) i7-8565U CPU @ 1.80GHz, 8 cores, 7G,  Windows 10 , 64 bit Build 19041 (10.0.19041.2788)
Time: Wed Apr 26 07:30:41 2023 SE Asia Standard Time elapsed time: 138.579786 seconds (0d 0h 2m 18s)

---------------  T H R E A D  ---------------

Current thread (0x000002398f820ca0):  JavaThread "C2 CompilerThread0" daemon [_thread_in_native, id=9664, stack(0x0000006c1bf00000,0x0000006c1c000000)]


Current CompileTask:
C2: 138579 14909       4       org.gradle.internal.snapshot.impl.AbstractValueProcessor::processValue (745 bytes)

Stack: [0x0000006c1bf00000,0x0000006c1c000000]
Native frames: (J=compiled Java code, j=interpreted, Vv=VM code, C=native code)
V  [jvm.dll+0x683b4a]
V  [jvm.dll+0x842654]
V  [jvm.dll+0x843dfe]
V  [jvm.dll+0x844463]
V  [jvm.dll+0x249b75]
V  [jvm.dll+0xabcac]
V  [jvm.dll+0xac27c]
V  [jvm.dll+0x368802]
V  [jvm.dll+0x332f31]
V  [jvm.dll+0x3323da]
V  [jvm.dll+0x21c201]
V  [jvm.dll+0x21b621]
V  [jvm.dll+0x1a4fdd]
V  [jvm.dll+0x22b098]
V  [jvm.dll+0x229159]
V  [jvm.dll+0x7f809c]
V  [jvm.dll+0x7f25fa]
V  [jvm.dll+0x682985]
C  [ucrtbase.dll+0x21bb2]
C  [KERNEL32.DLL+0x17604]
C  [ntdll.dll+0x526a1]


---------------  P R O C E S S  ---------------

Threads class SMR info:
_java_thread_list=0x0000023995e22520, length=143, elements={
0x00000239f4e9ab10, 0x00000239ffd14260, 0x00000239ffd14fe0, 0x000002398f81c3b0,
0x000002398f81ce70, 0x000002398f81f740, 0x000002398f820000, 0x000002398f820ca0,
0x000002398f821650, 0x000002398f82df80, 0x000002398f956230, 0x000002398f913290,
0x0000023992188580, 0x00000239908b84a0, 0x00000239921606d0, 0x0000023990e89630,
0x0000023990e882f0, 0x0000023990e8a970, 0x0000023990e89fd0, 0x0000023990e87480,
0x0000023990e88c90, 0x000002398fd7be70, 0x000002398fd7f830, 0x000002398fd7ee90,
0x000002398fd7d680, 0x000002398fd7db50, 0x000002398fd7e020, 0x0000023993cc9d40,
0x0000023993cc8060, 0x0000023993cc8ed0, 0x0000023993cc93a0, 0x00000239956fa000,
0x00000239956f9660, 0x0000023996520040, 0x0000023996524d40, 0x00000239941ddb50,
0x0000023999230fd0, 0x000002399651fb70, 0x0000023996520510, 0x00000239965243a0,
0x00000239941de4f0, 0x00000239941dcce0, 0x00000239941dd1b0, 0x0000023992991e70,
0x00000239964e0fc0, 0x00000239964e0620, 0x00000239964e0af0, 0x00000239964e1490,
0x00000239964e1960, 0x00000239964e0150, 0x0000023995d999f0, 0x0000023995d9c070,
0x0000023995d9a390, 0x0000023995d9ad30, 0x0000023995d9cee0, 0x0000023995d9b200,
0x0000023995d9c540, 0x0000023995d9ca10, 0x0000023995d99520, 0x0000023995d9b6d0,
0x0000023995d9bba0, 0x0000023995d99ec0, 0x0000023995d9a860, 0x0000023993cd0ef0,
0x0000023993cd3a40, 0x0000023993cd2230, 0x0000023993cd2700, 0x0000023993cd0080,
0x0000023993cd0550, 0x0000023993cd30a0, 0x0000023993cd1d60, 0x0000023993cd0a20,
0x0000023993cd2bd0, 0x0000023993cd3570, 0x0000023993cd13c0, 0x0000023993cd1890,
0x0000023995768140, 0x0000023995764780, 0x0000023995765ac0, 0x0000023995766460,
0x0000023995765f90, 0x00000239957655f0, 0x0000023995764c50, 0x00000239957672d0,
0x0000023995765120, 0x0000023995766930, 0x0000023995766e00, 0x00000239957677a0,
0x0000023995767c70, 0x0000023994384700, 0x0000023994384bd0, 0x0000023994385570,
0x00000239943833c0, 0x0000023994383890, 0x0000023994382ef0, 0x0000023994383d60,
0x0000023994382a20, 0x0000023994385a40, 0x0000023994382550, 0x0000023994384230,
0x00000239943850a0, 0x0000023994382080, 0x00000239911fa480, 0x00000239911fc160,
0x00000239911fc630, 0x00000239911fae20, 0x00000239911fcb00, 0x00000239911fa950,
0x0000023999aa92d0, 0x0000023992ba90a0, 0x0000023992ba9570, 0x0000023992baad80,
0x0000023992ba8230, 0x0000023992ba8700, 0x0000023992ba9a40, 0x0000023992ba8bd0,
0x0000023992ba9f10, 0x0000023992baa3e0, 0x0000023992ba7890, 0x0000023992bab250,
0x0000023992baa8b0, 0x0000023992ba7d60, 0x00000239959afe40, 0x00000239959b1ff0,
0x00000239959b24c0, 0x00000239959b0310, 0x00000239959b3330, 0x00000239959b07e0,
0x00000239959b2990, 0x00000239959b2e60, 0x0000023998dde640, 0x0000023999aa8930,
0x00000239992327e0, 0x0000023999231e40, 0x0000023999232310, 0x00000239992314a0,
0x0000023999231970, 0x000002399b4b21d0, 0x000002399b4ae810, 0x000002399b4b04f0,
0x00000239965209e0, 0x0000023999aa8e00, 0x00000239959b3800
}

Java Threads: ( => current thread )
  0x00000239f4e9ab10 JavaThread "main" [_thread_blocked, id=7880, stack(0x0000006c1b200000,0x0000006c1b300000)]
  0x00000239ffd14260 JavaThread "Reference Handler" daemon [_thread_blocked, id=532, stack(0x0000006c1b900000,0x0000006c1ba00000)]
  0x00000239ffd14fe0 JavaThread "Finalizer" daemon [_thread_blocked, id=12848, stack(0x0000006c1ba00000,0x0000006c1bb00000)]
  0x000002398f81c3b0 JavaThread "Signal Dispatcher" daemon [_thread_blocked, id=9884, stack(0x0000006c1bb00000,0x0000006c1bc00000)]
  0x000002398f81ce70 JavaThread "Attach Listener" daemon [_thread_blocked, id=13012, stack(0x0000006c1bc00000,0x0000006c1bd00000)]
  0x000002398f81f740 JavaThread "Service Thread" daemon [_thread_blocked, id=3964, stack(0x0000006c1bd00000,0x0000006c1be00000)]
  0x000002398f820000 JavaThread "Monitor Deflation Thread" daemon [_thread_blocked, id=9668, stack(0x0000006c1be00000,0x0000006c1bf00000)]
=>0x000002398f820ca0 JavaThread "C2 CompilerThread0" daemon [_thread_in_native, id=9664, stack(0x0000006c1bf00000,0x0000006c1c000000)]
  0x000002398f821650 JavaThread "C1 CompilerThread0" daemon [_thread_blocked, id=9652, stack(0x0000006c1c000000,0x0000006c1c100000)]
  0x000002398f82df80 JavaThread "Sweeper thread" daemon [_thread_blocked, id=9660, stack(0x0000006c1c100000,0x0000006c1c200000)]
  0x000002398f956230 JavaThread "Common-Cleaner" daemon [_thread_blocked, id=9644, stack(0x0000006c1c200000,0x0000006c1c300000)]
  0x000002398f913290 JavaThread "Notification Thread" daemon [_thread_blocked, id=8520, stack(0x0000006c1c300000,0x0000006c1c400000)]
  0x0000023992188580 JavaThread "Daemon health stats" [_thread_blocked, id=7540, stack(0x0000006c1ca00000,0x0000006c1cb00000)]
  0x00000239908b84a0 JavaThread "Incoming local TCP Connector on port 59180" [_thread_in_native, id=4208, stack(0x0000006c1c600000,0x0000006c1c700000)]
  0x00000239921606d0 JavaThread "Daemon periodic checks" [_thread_blocked, id=8236, stack(0x0000006c1cb00000,0x0000006c1cc00000)]
  0x0000023990e89630 JavaThread "Cache worker for journal cache (C:\Users\thang\.gradle\caches\journal-1)" [_thread_blocked, id=11024, stack(0x0000006c1d300000,0x0000006c1d400000)]
  0x0000023990e882f0 JavaThread "File lock request listener" [_thread_in_native, id=10692, stack(0x0000006c1d400000,0x0000006c1d500000)]
  0x0000023990e8a970 JavaThread "Cache worker for file hash cache (C:\Users\thang\.gradle\caches\7.5\fileHashes)" [_thread_blocked, id=12860, stack(0x0000006c1d900000,0x0000006c1da00000)]
  0x0000023990e89fd0 JavaThread "File watcher server" daemon [_thread_in_native, id=1924, stack(0x0000006c1dc00000,0x0000006c1dd00000)]
  0x0000023990e87480 JavaThread "File watcher consumer" daemon [_thread_blocked, id=5020, stack(0x0000006c1dd00000,0x0000006c1de00000)]
  0x0000023990e88c90 JavaThread "Cache worker for file content cache (C:\Users\thang\.gradle\caches\7.5\fileContent)" [_thread_blocked, id=7848, stack(0x0000006c1df00000,0x0000006c1e000000)]
  0x000002398fd7be70 JavaThread "Cache worker for execution history cache (C:\Users\thang\.gradle\caches\7.5\executionHistory)" [_thread_blocked, id=11060, stack(0x0000006c1e200000,0x0000006c1e300000)]
  0x000002398fd7f830 JavaThread "jar transforms" [_thread_blocked, id=11572, stack(0x0000006c1da00000,0x0000006c1db00000)]
  0x000002398fd7ee90 JavaThread "jar transforms Thread 2" [_thread_blocked, id=12712, stack(0x0000006c1e300000,0x0000006c1e400000)]
  0x000002398fd7d680 JavaThread "jar transforms Thread 3" [_thread_blocked, id=4144, stack(0x0000006c1e500000,0x0000006c1e600000)]
  0x000002398fd7db50 JavaThread "jar transforms Thread 4" [_thread_blocked, id=7784, stack(0x0000006c1e600000,0x0000006c1e700000)]
  0x000002398fd7e020 JavaThread "jar transforms Thread 5" [_thread_blocked, id=10624, stack(0x0000006c1e400000,0x0000006c1e500000)]
  0x0000023993cc9d40 JavaThread "jar transforms Thread 6" [_thread_blocked, id=8204, stack(0x0000006c23b00000,0x0000006c23c00000)]
  0x0000023993cc8060 JavaThread "jar transforms Thread 7" [_thread_blocked, id=6200, stack(0x0000006c23c00000,0x0000006c23d00000)]
  0x0000023993cc8ed0 JavaThread "jar transforms Thread 8" [_thread_blocked, id=7564, stack(0x0000006c23d00000,0x0000006c23e00000)]
  0x0000023993cc93a0 JavaThread "Memory manager" [_thread_blocked, id=6320, stack(0x0000006c23f00000,0x0000006c24000000)]
  0x00000239956fa000 JavaThread "RMI Scheduler(0)" daemon [_thread_blocked, id=11692, stack(0x0000006c23a00000,0x0000006c23b00000)]
  0x00000239956f9660 JavaThread "RMI GC Daemon" daemon [_thread_blocked, id=9100, stack(0x0000006c24c00000,0x0000006c24d00000)]
  0x0000023996520040 JavaThread "RMI TCP Accept-0" daemon [_thread_in_native, id=11136, stack(0x0000006c24e00000,0x0000006c24f00000)]
  0x0000023996524d40 JavaThread "RMI Reaper" [_thread_blocked, id=6204, stack(0x0000006c24f00000,0x0000006c25000000)]
  0x00000239941ddb50 JavaThread "File lock release action executor" [_thread_blocked, id=3456, stack(0x0000006c1af00000,0x0000006c1b000000)]
  0x0000023999230fd0 JavaThread "Daemon Thread 2" [_thread_blocked, id=3676, stack(0x0000006c1b000000,0x0000006c1b100000)]
  0x000002399651fb70 JavaThread "Handler for socket connection from /127.0.0.1:59180 to /127.0.0.1:59392" [_thread_in_native, id=10640, stack(0x0000006c1b100000,0x0000006c1b200000)]
  0x0000023996520510 JavaThread "Cancel handler" [_thread_blocked, id=2684, stack(0x0000006c1cc00000,0x0000006c1cd00000)]
  0x00000239965243a0 JavaThread "Daemon worker Thread 2" [_thread_blocked, id=13128, stack(0x0000006c1cd00000,0x0000006c1ce00000)]
  0x00000239941de4f0 JavaThread "Asynchronous log dispatcher for DefaultDaemonConnection: socket connection from /127.0.0.1:59180 to /127.0.0.1:59392" [_thread_blocked, id=3064, stack(0x0000006c1ce00000,0x0000006c1cf00000)]
  0x00000239941dcce0 JavaThread "Stdin handler" [_thread_blocked, id=13268, stack(0x0000006c1cf00000,0x0000006c1d000000)]
  0x00000239941dd1b0 JavaThread "Daemon client event forwarder" [_thread_blocked, id=13252, stack(0x0000006c1d000000,0x0000006c1d100000)]
  0x0000023992991e70 JavaThread "C2 CompilerThread1" daemon [_thread_in_native, id=5956, stack(0x0000006c1d100000,0x0000006c1d200000)]
  0x00000239964e0fc0 JavaThread "Cache worker for checksums cache (C:\Users\thang\Downloads\software\social_network_app-main\social_network_app-main\.gradle\7.5\checksums)" [_thread_blocked, id=13188, stack(0x0000006c1d200000,0x0000006c1d300000)]
  0x00000239964e0620 JavaThread "Cache worker for cache directory md-rule (C:\Users\thang\.gradle\caches\7.5\md-rule)" [_thread_blocked, id=13244, stack(0x0000006c1db00000,0x0000006c1dc00000)]
  0x00000239964e0af0 JavaThread "Cache worker for file hash cache (C:\Users\thang\Downloads\software\social_network_app-main\social_network_app-main\.gradle\7.5\fileHashes)" [_thread_blocked, id=10424, stack(0x0000006c1de00000,0x0000006c1df00000)]
  0x00000239964e1490 JavaThread "Cache worker for cache directory md-supplier (C:\Users\thang\.gradle\caches\7.5\md-supplier)" [_thread_blocked, id=4292, stack(0x0000006c1e000000,0x0000006c1e100000)]
  0x00000239964e1960 JavaThread "Cache worker for dependencies-accessors (C:\Users\thang\Downloads\software\social_network_app-main\social_network_app-main\.gradle\7.5\dependencies-accessors)" [_thread_blocked, id=13152, stack(0x0000006c1e100000,0x0000006c1e200000)]
  0x00000239964e0150 JavaThread "Cache worker for Build Output Cleanup Cache (C:\Users\thang\Downloads\software\social_network_app-main\social_network_app-main\.gradle\buildOutputCleanup)" [_thread_blocked, id=12832, stack(0x0000006c1e700000,0x0000006c1e800000)]
  0x0000023995d999f0 JavaThread "Unconstrained build operations" [_thread_blocked, id=7764, stack(0x0000006c1e800000,0x0000006c1e900000)]
  0x0000023995d9c070 JavaThread "Unconstrained build operations Thread 2" [_thread_blocked, id=13136, stack(0x0000006c1e900000,0x0000006c1ea00000)]
  0x0000023995d9a390 JavaThread "Unconstrained build operations Thread 3" [_thread_blocked, id=13164, stack(0x0000006c1eb00000,0x0000006c1ec00000)]
  0x0000023995d9ad30 JavaThread "Unconstrained build operations Thread 4" [_thread_blocked, id=11380, stack(0x0000006c1ec00000,0x0000006c1ed00000)]
  0x0000023995d9cee0 JavaThread "Unconstrained build operations Thread 5" [_thread_blocked, id=13180, stack(0x0000006c1ed00000,0x0000006c1ee00000)]
  0x0000023995d9b200 JavaThread "Unconstrained build operations Thread 6" [_thread_blocked, id=6612, stack(0x0000006c1ee00000,0x0000006c1ef00000)]
  0x0000023995d9c540 JavaThread "Unconstrained build operations Thread 7" [_thread_blocked, id=12644, stack(0x0000006c1ef00000,0x0000006c1f000000)]
  0x0000023995d9ca10 JavaThread "Unconstrained build operations Thread 8" [_thread_blocked, id=10504, stack(0x0000006c1f000000,0x0000006c1f100000)]
  0x0000023995d99520 JavaThread "Unconstrained build operations Thread 9" [_thread_blocked, id=10596, stack(0x0000006c1f100000,0x0000006c1f200000)]
  0x0000023995d9b6d0 JavaThread "Unconstrained build operations Thread 10" [_thread_blocked, id=3612, stack(0x0000006c1f200000,0x0000006c1f300000)]
  0x0000023995d9bba0 JavaThread "Unconstrained build operations Thread 11" [_thread_blocked, id=3244, stack(0x0000006c1f300000,0x0000006c1f400000)]
  0x0000023995d99ec0 JavaThread "Unconstrained build operations Thread 12" [_thread_blocked, id=10048, stack(0x0000006c1f400000,0x0000006c1f500000)]
  0x0000023995d9a860 JavaThread "Unconstrained build operations Thread 13" [_thread_blocked, id=1948, stack(0x0000006c1f500000,0x0000006c1f600000)]
  0x0000023993cd0ef0 JavaThread "Unconstrained build operations Thread 14" [_thread_blocked, id=7356, stack(0x0000006c1f600000,0x0000006c1f700000)]
  0x0000023993cd3a40 JavaThread "Unconstrained build operations Thread 15" [_thread_blocked, id=7500, stack(0x0000006c1f700000,0x0000006c1f800000)]
  0x0000023993cd2230 JavaThread "Unconstrained build operations Thread 16" [_thread_blocked, id=9712, stack(0x0000006c1f800000,0x0000006c1f900000)]
  0x0000023993cd2700 JavaThread "Unconstrained build operations Thread 17" [_thread_blocked, id=916, stack(0x0000006c1f900000,0x0000006c1fa00000)]
  0x0000023993cd0080 JavaThread "Unconstrained build operations Thread 18" [_thread_blocked, id=8708, stack(0x0000006c1fa00000,0x0000006c1fb00000)]
  0x0000023993cd0550 JavaThread "Unconstrained build operations Thread 19" [_thread_blocked, id=10792, stack(0x0000006c1fb00000,0x0000006c1fc00000)]
  0x0000023993cd30a0 JavaThread "Unconstrained build operations Thread 20" [_thread_blocked, id=11728, stack(0x0000006c1fc00000,0x0000006c1fd00000)]
  0x0000023993cd1d60 JavaThread "Unconstrained build operations Thread 21" [_thread_blocked, id=10800, stack(0x0000006c1fd00000,0x0000006c1fe00000)]
  0x0000023993cd0a20 JavaThread "Unconstrained build operations Thread 22" [_thread_blocked, id=12900, stack(0x0000006c1fe00000,0x0000006c1ff00000)]
  0x0000023993cd2bd0 JavaThread "Unconstrained build operations Thread 23" [_thread_blocked, id=6368, stack(0x0000006c1ff00000,0x0000006c20000000)]
  0x0000023993cd3570 JavaThread "Unconstrained build operations Thread 24" [_thread_blocked, id=3552, stack(0x0000006c20000000,0x0000006c20100000)]
  0x0000023993cd13c0 JavaThread "Unconstrained build operations Thread 25" [_thread_blocked, id=12240, stack(0x0000006c20100000,0x0000006c20200000)]
  0x0000023993cd1890 JavaThread "Unconstrained build operations Thread 26" [_thread_blocked, id=9704, stack(0x0000006c20200000,0x0000006c20300000)]
  0x0000023995768140 JavaThread "Unconstrained build operations Thread 27" [_thread_blocked, id=9724, stack(0x0000006c20300000,0x0000006c20400000)]
  0x0000023995764780 JavaThread "Unconstrained build operations Thread 28" [_thread_blocked, id=5748, stack(0x0000006c20400000,0x0000006c20500000)]
  0x0000023995765ac0 JavaThread "Unconstrained build operations Thread 29" [_thread_blocked, id=6652, stack(0x0000006c20500000,0x0000006c20600000)]
  0x0000023995766460 JavaThread "Unconstrained build operations Thread 30" [_thread_blocked, id=5212, stack(0x0000006c20600000,0x0000006c20700000)]
  0x0000023995765f90 JavaThread "Unconstrained build operations Thread 31" [_thread_blocked, id=392, stack(0x0000006c20700000,0x0000006c20800000)]
  0x00000239957655f0 JavaThread "Unconstrained build operations Thread 32" [_thread_blocked, id=3008, stack(0x0000006c20800000,0x0000006c20900000)]
  0x0000023995764c50 JavaThread "Unconstrained build operations Thread 33" [_thread_blocked, id=10908, stack(0x0000006c20900000,0x0000006c20a00000)]
  0x00000239957672d0 JavaThread "Unconstrained build operations Thread 34" [_thread_blocked, id=13260, stack(0x0000006c20a00000,0x0000006c20b00000)]
  0x0000023995765120 JavaThread "Unconstrained build operations Thread 35" [_thread_blocked, id=10920, stack(0x0000006c20b00000,0x0000006c20c00000)]
  0x0000023995766930 JavaThread "Unconstrained build operations Thread 36" [_thread_blocked, id=11544, stack(0x0000006c20c00000,0x0000006c20d00000)]
  0x0000023995766e00 JavaThread "Unconstrained build operations Thread 37" [_thread_blocked, id=836, stack(0x0000006c20d00000,0x0000006c20e00000)]
  0x00000239957677a0 JavaThread "Unconstrained build operations Thread 38" [_thread_blocked, id=8008, stack(0x0000006c20e00000,0x0000006c20f00000)]
  0x0000023995767c70 JavaThread "Unconstrained build operations Thread 39" [_thread_blocked, id=9232, stack(0x0000006c20f00000,0x0000006c21000000)]
  0x0000023994384700 JavaThread "Unconstrained build operations Thread 40" [_thread_blocked, id=7276, stack(0x0000006c21000000,0x0000006c21100000)]
  0x0000023994384bd0 JavaThread "Unconstrained build operations Thread 41" [_thread_blocked, id=3944, stack(0x0000006c21100000,0x0000006c21200000)]
  0x0000023994385570 JavaThread "Unconstrained build operations Thread 42" [_thread_blocked, id=11716, stack(0x0000006c21200000,0x0000006c21300000)]
  0x00000239943833c0 JavaThread "Unconstrained build operations Thread 43" [_thread_blocked, id=1928, stack(0x0000006c21300000,0x0000006c21400000)]
  0x0000023994383890 JavaThread "Unconstrained build operations Thread 44" [_thread_blocked, id=1984, stack(0x0000006c21400000,0x0000006c21500000)]
  0x0000023994382ef0 JavaThread "Unconstrained build operations Thread 45" [_thread_blocked, id=2068, stack(0x0000006c21500000,0x0000006c21600000)]
  0x0000023994383d60 JavaThread "Unconstrained build operations Thread 46" [_thread_blocked, id=10508, stack(0x0000006c21600000,0x0000006c21700000)]
  0x0000023994382a20 JavaThread "Unconstrained build operations Thread 47" [_thread_blocked, id=2444, stack(0x0000006c21700000,0x0000006c21800000)]
  0x0000023994385a40 JavaThread "Unconstrained build operations Thread 48" [_thread_blocked, id=1508, stack(0x0000006c21800000,0x0000006c21900000)]
  0x0000023994382550 JavaThread "Unconstrained build operations Thread 49" [_thread_blocked, id=1916, stack(0x0000006c21900000,0x0000006c21a00000)]
  0x0000023994384230 JavaThread "Unconstrained build operations Thread 50" [_thread_blocked, id=2432, stack(0x0000006c21a00000,0x0000006c21b00000)]
  0x00000239943850a0 JavaThread "Unconstrained build operations Thread 51" [_thread_blocked, id=4620, stack(0x0000006c21b00000,0x0000006c21c00000)]
  0x0000023994382080 JavaThread "Unconstrained build operations Thread 52" [_thread_blocked, id=7292, stack(0x0000006c21c00000,0x0000006c21d00000)]
  0x00000239911fa480 JavaThread "Unconstrained build operations Thread 53" [_thread_blocked, id=9136, stack(0x0000006c21d00000,0x0000006c21e00000)]
  0x00000239911fc160 JavaThread "Unconstrained build operations Thread 54" [_thread_blocked, id=10776, stack(0x0000006c21e00000,0x0000006c21f00000)]
  0x00000239911fc630 JavaThread "Unconstrained build operations Thread 55" [_thread_blocked, id=7988, stack(0x0000006c21f00000,0x0000006c22000000)]
  0x00000239911fae20 JavaThread "Unconstrained build operations Thread 56" [_thread_blocked, id=736, stack(0x0000006c22000000,0x0000006c22100000)]
  0x00000239911fcb00 JavaThread "Unconstrained build operations Thread 57" [_thread_blocked, id=8316, stack(0x0000006c22100000,0x0000006c22200000)]
  0x00000239911fa950 JavaThread "Unconstrained build operations Thread 58" [_thread_blocked, id=7836, stack(0x0000006c22200000,0x0000006c22300000)]
  0x0000023999aa92d0 JavaThread "Unconstrained build operations Thread 59" [_thread_blocked, id=5792, stack(0x0000006c22300000,0x0000006c22400000)]
  0x0000023992ba90a0 JavaThread "Unconstrained build operations Thread 60" [_thread_blocked, id=5276, stack(0x0000006c22400000,0x0000006c22500000)]
  0x0000023992ba9570 JavaThread "Unconstrained build operations Thread 61" [_thread_blocked, id=2428, stack(0x0000006c22500000,0x0000006c22600000)]
  0x0000023992baad80 JavaThread "Unconstrained build operations Thread 62" [_thread_blocked, id=7748, stack(0x0000006c22600000,0x0000006c22700000)]
  0x0000023992ba8230 JavaThread "Unconstrained build operations Thread 63" [_thread_blocked, id=12996, stack(0x0000006c22700000,0x0000006c22800000)]
  0x0000023992ba8700 JavaThread "Unconstrained build operations Thread 64" [_thread_blocked, id=9004, stack(0x0000006c22800000,0x0000006c22900000)]
  0x0000023992ba9a40 JavaThread "Unconstrained build operations Thread 65" [_thread_blocked, id=12080, stack(0x0000006c22900000,0x0000006c22a00000)]
  0x0000023992ba8bd0 JavaThread "Unconstrained build operations Thread 66" [_thread_blocked, id=10276, stack(0x0000006c22a00000,0x0000006c22b00000)]
  0x0000023992ba9f10 JavaThread "Unconstrained build operations Thread 67" [_thread_blocked, id=5456, stack(0x0000006c22b00000,0x0000006c22c00000)]
  0x0000023992baa3e0 JavaThread "Unconstrained build operations Thread 68" [_thread_blocked, id=9460, stack(0x0000006c22c00000,0x0000006c22d00000)]
  0x0000023992ba7890 JavaThread "Unconstrained build operations Thread 69" [_thread_blocked, id=3900, stack(0x0000006c22d00000,0x0000006c22e00000)]
  0x0000023992bab250 JavaThread "Unconstrained build operations Thread 70" [_thread_blocked, id=6048, stack(0x0000006c22e00000,0x0000006c22f00000)]
  0x0000023992baa8b0 JavaThread "Unconstrained build operations Thread 71" [_thread_blocked, id=7024, stack(0x0000006c22f00000,0x0000006c23000000)]
  0x0000023992ba7d60 JavaThread "Unconstrained build operations Thread 72" [_thread_blocked, id=7332, stack(0x0000006c23000000,0x0000006c23100000)]
  0x00000239959afe40 JavaThread "Unconstrained build operations Thread 73" [_thread_blocked, id=10548, stack(0x0000006c23100000,0x0000006c23200000)]
  0x00000239959b1ff0 JavaThread "Unconstrained build operations Thread 74" [_thread_blocked, id=11016, stack(0x0000006c23200000,0x0000006c23300000)]
  0x00000239959b24c0 JavaThread "Unconstrained build operations Thread 75" [_thread_blocked, id=10824, stack(0x0000006c23300000,0x0000006c23400000)]
  0x00000239959b0310 JavaThread "Unconstrained build operations Thread 76" [_thread_blocked, id=6324, stack(0x0000006c23400000,0x0000006c23500000)]
  0x00000239959b3330 JavaThread "Unconstrained build operations Thread 77" [_thread_blocked, id=10572, stack(0x0000006c23500000,0x0000006c23600000)]
  0x00000239959b07e0 JavaThread "Unconstrained build operations Thread 78" [_thread_blocked, id=7016, stack(0x0000006c23600000,0x0000006c23700000)]
  0x00000239959b2990 JavaThread "Unconstrained build operations Thread 79" [_thread_blocked, id=2716, stack(0x0000006c23700000,0x0000006c23800000)]
  0x00000239959b2e60 JavaThread "Unconstrained build operations Thread 80" [_thread_blocked, id=3480, stack(0x0000006c23800000,0x0000006c23900000)]
  0x0000023998dde640 JavaThread "build event listener" [_thread_blocked, id=12536, stack(0x0000006c23900000,0x0000006c23a00000)]
  0x0000023999aa8930 JavaThread "included builds" [_thread_blocked, id=9508, stack(0x0000006c23e00000,0x0000006c23f00000)]
  0x00000239992327e0 JavaThread "Execution worker" [_thread_blocked, id=11916, stack(0x0000006c24100000,0x0000006c24200000)]
  0x0000023999231e40 JavaThread "Execution worker Thread 2" [_thread_blocked, id=3916, stack(0x0000006c24200000,0x0000006c24300000)]
  0x0000023999232310 JavaThread "Execution worker Thread 3" [_thread_blocked, id=10552, stack(0x0000006c24300000,0x0000006c24400000)]
  0x00000239992314a0 JavaThread "Execution worker Thread 4" [_thread_blocked, id=3528, stack(0x0000006c24400000,0x0000006c24500000)]
  0x0000023999231970 JavaThread "Execution worker Thread 5" [_thread_blocked, id=4268, stack(0x0000006c24500000,0x0000006c24600000)]
  0x000002399b4b21d0 JavaThread "Execution worker Thread 6" [_thread_blocked, id=9172, stack(0x0000006c24600000,0x0000006c24700000)]
  0x000002399b4ae810 JavaThread "Execution worker Thread 7" [_thread_blocked, id=3596, stack(0x0000006c24700000,0x0000006c24800000)]
  0x000002399b4b04f0 JavaThread "Cache worker for execution history cache (C:\Users\thang\Downloads\software\social_network_app-main\social_network_app-main\.gradle\7.5\executionHistory)" [_thread_blocked, id=11316, stack(0x0000006c24800000,0x0000006c24900000)]
  0x00000239965209e0 JavaThread "WorkerExecutor Queue" [_thread_blocked, id=8784, stack(0x0000006c24900000,0x0000006c24a00000)]
  0x0000023999aa8e00 JavaThread "RMI RenewClean-[127.0.0.1:17737,org.jetbrains.kotlin.daemon.common.LoopbackNetworkInterface$ClientLoopbackSocketFactory@8db871d]" daemon [_thread_blocked, id=12352, stack(0x0000006c24a00000,0x0000006c24b00000)]
  0x00000239959b3800 JavaThread "RMI TCP Connection(idle)" daemon [_thread_blocked, id=12260, stack(0x0000006c24b00000,0x0000006c24c00000)]

Other Threads:
  0x00000239ffcefc70 VMThread "VM Thread" [stack: 0x0000006c1b800000,0x0000006c1b900000] [id=10752]
  0x00000239f4f19a90 WatcherThread [stack: 0x0000006c1c400000,0x0000006c1c500000] [id=8516]
  0x00000239f4ef59b0 GCTaskThread "GC Thread#0" [stack: 0x0000006c1b300000,0x0000006c1b400000] [id=9944]
  0x00000239911917c0 GCTaskThread "GC Thread#1" [stack: 0x0000006c1c700000,0x0000006c1c800000] [id=5880]
  0x0000023991191a70 GCTaskThread "GC Thread#2" [stack: 0x0000006c1c800000,0x0000006c1c900000] [id=9348]
  0x00000239910ced20 GCTaskThread "GC Thread#3" [stack: 0x0000006c1c900000,0x0000006c1ca00000] [id=10972]
  0x0000023990fcc200 GCTaskThread "GC Thread#4" [stack: 0x0000006c1c500000,0x0000006c1c600000] [id=5860]
  0x0000023992470910 GCTaskThread "GC Thread#5" [stack: 0x0000006c1d500000,0x0000006c1d600000] [id=3180]
  0x0000023992470bc0 GCTaskThread "GC Thread#6" [stack: 0x0000006c1d600000,0x0000006c1d700000] [id=3832]
  0x00000239905a3030 GCTaskThread "GC Thread#7" [stack: 0x0000006c1d700000,0x0000006c1d800000] [id=7928]
  0x00000239f4f06800 ConcurrentGCThread "G1 Main Marker" [stack: 0x0000006c1b400000,0x0000006c1b500000] [id=11216]
  0x00000239f4f07130 ConcurrentGCThread "G1 Conc#0" [stack: 0x0000006c1b500000,0x0000006c1b600000] [id=7912]
  0x00000239911812e0 ConcurrentGCThread "G1 Conc#1" [stack: 0x0000006c1d800000,0x0000006c1d900000] [id=11308]
  0x00000239ffb460d0 ConcurrentGCThread "G1 Refine#0" [stack: 0x0000006c1b600000,0x0000006c1b700000] [id=5936]
  0x0000023995a055a0 ConcurrentGCThread "G1 Refine#1" [stack: 0x0000006c24000000,0x0000006c24100000] [id=8172]
  0x00000239ffb47910 ConcurrentGCThread "G1 Service" [stack: 0x0000006c1b700000,0x0000006c1b800000] [id=12392]

Threads with active compile tasks:
C2 CompilerThread0   138640 14909       4       org.gradle.internal.snapshot.impl.AbstractValueProcessor::processValue (745 bytes)
C2 CompilerThread1   138640 14926   !   4       java.io.ObjectOutputStream::writeObject0 (620 bytes)

VM state: not at safepoint (normal execution)

VM Mutex/Monitor currently owned by a thread: None

Heap address: 0x0000000080000000, size: 2048 MB, Compressed Oops mode: 32-bit

CDS archive(s) not mapped
Compressed class space mapped at: 0x0000000100000000-0x0000000140000000, reserved size: 1073741824
Narrow klass base: 0x0000000000000000, Narrow klass shift: 3, Narrow klass range: 0x140000000

GC Precious Log:
 CPUs: 8 total, 8 available
 Memory: 8078M
 Large Page Support: Disabled
 NUMA Support: Disabled
 Compressed Oops: Enabled (32-bit)
 Heap Region Size: 1M
 Heap Min Capacity: 8M
 Heap Initial Capacity: 128M
 Heap Max Capacity: 2G
 Pre-touch: Disabled
 Parallel Workers: 8
 Concurrent Workers: 2
 Concurrent Refinement Workers: 8
 Periodic GC: Disabled

Heap:
 garbage-first heap   total 235520K, used 188321K [0x0000000080000000, 0x0000000100000000)
  region size 1024K, 77 young (78848K), 10 survivors (10240K)
 Metaspace       used 106595K, committed 107456K, reserved 1146880K
  class space    used 14480K, committed 14912K, reserved 1048576K

Heap Regions: E=young(eden), S=young(survivor), O=old, HS=humongous(starts), HC=humongous(continues), CS=collection set, F=free, OA=open archive, CA=closed archive, TAMS=top-at-mark-start (previous, next)
|   0|0x0000000080000000, 0x0000000080100000, 0x0000000080100000|100%| O|  |TAMS 0x0000000080100000, 0x0000000080000000| Untracked 
|   1|0x0000000080100000, 0x0000000080200000, 0x0000000080200000|100%| O|  |TAMS 0x0000000080200000, 0x0000000080100000| Untracked 
|   2|0x0000000080200000, 0x0000000080300000, 0x0000000080300000|100%| O|  |TAMS 0x0000000080300000, 0x0000000080200000| Untracked 
|   3|0x0000000080300000, 0x0000000080400000, 0x0000000080400000|100%|HS|  |TAMS 0x0000000080400000, 0x0000000080300000| Complete 
|   4|0x0000000080400000, 0x0000000080500000, 0x0000000080500000|100%|HC|  |TAMS 0x0000000080500000, 0x0000000080400000| Complete 
|   5|0x0000000080500000, 0x0000000080600000, 0x0000000080600000|100%|HC|  |TAMS 0x0000000080600000, 0x0000000080500000| Complete 
|   6|0x0000000080600000, 0x0000000080700000, 0x0000000080700000|100%| O|  |TAMS 0x0000000080600000, 0x0000000080600000| Untracked 
|   7|0x0000000080700000, 0x0000000080800000, 0x0000000080800000|100%| O|  |TAMS 0x0000000080800000, 0x0000000080700000| Untracked 
|   8|0x0000000080800000, 0x0000000080900000, 0x0000000080900000|100%| O|  |TAMS 0x0000000080900000, 0x0000000080800000| Untracked 
|   9|0x0000000080900000, 0x0000000080a00000, 0x0000000080a00000|100%| O|  |TAMS 0x0000000080a00000, 0x0000000080900000| Untracked 
|  10|0x0000000080a00000, 0x0000000080b00000, 0x0000000080b00000|100%| O|  |TAMS 0x0000000080b00000, 0x0000000080a00000| Untracked 
|  11|0x0000000080b00000, 0x0000000080c00000, 0x0000000080c00000|100%| O|  |TAMS 0x0000000080c00000, 0x0000000080b00000| Untracked 
|  12|0x0000000080c00000, 0x0000000080d00000, 0x0000000080d00000|100%| O|  |TAMS 0x0000000080d00000, 0x0000000080c00000| Untracked 
|  13|0x0000000080d00000, 0x0000000080e00000, 0x0000000080e00000|100%| O|  |TAMS 0x0000000080e00000, 0x0000000080d00000| Untracked 
|  14|0x0000000080e00000, 0x0000000080f00000, 0x0000000080f00000|100%| O|  |TAMS 0x0000000080f00000, 0x0000000080e00000| Untracked 
|  15|0x0000000080f00000, 0x0000000081000000, 0x0000000081000000|100%| O|  |TAMS 0x0000000081000000, 0x0000000080f00000| Untracked 
|  16|0x0000000081000000, 0x0000000081100000, 0x0000000081100000|100%| O|  |TAMS 0x0000000081100000, 0x0000000081000000| Untracked 
|  17|0x0000000081100000, 0x0000000081200000, 0x0000000081200000|100%| O|  |TAMS 0x0000000081200000, 0x0000000081100000| Untracked 
|  18|0x0000000081200000, 0x0000000081300000, 0x0000000081300000|100%| O|  |TAMS 0x0000000081300000, 0x0000000081200000| Untracked 
|  19|0x0000000081300000, 0x0000000081400000, 0x0000000081400000|100%| O|  |TAMS 0x0000000081400000, 0x0000000081300000| Untracked 
|  20|0x0000000081400000, 0x0000000081500000, 0x0000000081500000|100%| O|  |TAMS 0x0000000081500000, 0x0000000081400000| Untracked 
|  21|0x0000000081500000, 0x0000000081600000, 0x0000000081600000|100%| O|  |TAMS 0x0000000081600000, 0x0000000081500000| Untracked 
|  22|0x0000000081600000, 0x0000000081700000, 0x0000000081700000|100%| O|  |TAMS 0x0000000081700000, 0x0000000081600000| Untracked 
|  23|0x0000000081700000, 0x0000000081800000, 0x0000000081800000|100%| O|  |TAMS 0x0000000081800000, 0x0000000081700000| Untracked 
|  24|0x0000000081800000, 0x0000000081900000, 0x0000000081900000|100%| O|  |TAMS 0x0000000081900000, 0x0000000081800000| Untracked 
|  25|0x0000000081900000, 0x0000000081a00000, 0x0000000081a00000|100%| O|  |TAMS 0x0000000081a00000, 0x0000000081900000| Untracked 
|  26|0x0000000081a00000, 0x0000000081b00000, 0x0000000081b00000|100%| O|  |TAMS 0x0000000081b00000, 0x0000000081a00000| Untracked 
|  27|0x0000000081b00000, 0x0000000081c00000, 0x0000000081c00000|100%| O|  |TAMS 0x0000000081c00000, 0x0000000081b00000| Untracked 
|  28|0x0000000081c00000, 0x0000000081d00000, 0x0000000081d00000|100%| O|  |TAMS 0x0000000081d00000, 0x0000000081c00000| Untracked 
|  29|0x0000000081d00000, 0x0000000081e00000, 0x0000000081e00000|100%| O|  |TAMS 0x0000000081e00000, 0x0000000081d00000| Untracked 
|  30|0x0000000081e00000, 0x0000000081f00000, 0x0000000081f00000|100%| O|  |TAMS 0x0000000081f00000, 0x0000000081e00000| Untracked 
|  31|0x0000000081f00000, 0x0000000082000000, 0x0000000082000000|100%| O|  |TAMS 0x0000000081f00000, 0x0000000081f00000| Untracked 
|  32|0x0000000082000000, 0x0000000082100000, 0x0000000082100000|100%| O|  |TAMS 0x0000000082100000, 0x0000000082000000| Untracked 
|  33|0x0000000082100000, 0x0000000082200000, 0x0000000082200000|100%| O|  |TAMS 0x0000000082200000, 0x0000000082100000| Untracked 
|  34|0x0000000082200000, 0x0000000082300000, 0x0000000082300000|100%| O|  |TAMS 0x0000000082300000, 0x0000000082200000| Untracked 
|  35|0x0000000082300000, 0x0000000082400000, 0x0000000082400000|100%| O|  |TAMS 0x0000000082400000, 0x0000000082300000| Untracked 
|  36|0x0000000082400000, 0x0000000082500000, 0x0000000082500000|100%| O|  |TAMS 0x0000000082500000, 0x0000000082400000| Untracked 
|  37|0x0000000082500000, 0x0000000082600000, 0x0000000082600000|100%| O|  |TAMS 0x0000000082600000, 0x0000000082500000| Untracked 
|  38|0x0000000082600000, 0x0000000082700000, 0x0000000082700000|100%| O|  |TAMS 0x0000000082700000, 0x0000000082600000| Untracked 
|  39|0x0000000082700000, 0x0000000082800000, 0x0000000082800000|100%|HS|  |TAMS 0x0000000082800000, 0x0000000082700000| Complete 
|  40|0x0000000082800000, 0x0000000082900000, 0x0000000082900000|100%|HS|  |TAMS 0x0000000082900000, 0x0000000082800000| Complete 
|  41|0x0000000082900000, 0x0000000082a00000, 0x0000000082a00000|100%|HS|  |TAMS 0x0000000082a00000, 0x0000000082900000| Complete 
|  42|0x0000000082a00000, 0x0000000082b00000, 0x0000000082b00000|100%|HC|  |TAMS 0x0000000082b00000, 0x0000000082a00000| Complete 
|  43|0x0000000082b00000, 0x0000000082c00000, 0x0000000082c00000|100%| O|  |TAMS 0x0000000082c00000, 0x0000000082b00000| Untracked 
|  44|0x0000000082c00000, 0x0000000082d00000, 0x0000000082d00000|100%| O|  |TAMS 0x0000000082d00000, 0x0000000082c00000| Untracked 
|  45|0x0000000082d00000, 0x0000000082e00000, 0x0000000082e00000|100%| O|  |TAMS 0x0000000082e00000, 0x0000000082d00000| Untracked 
|  46|0x0000000082e00000, 0x0000000082f00000, 0x0000000082f00000|100%|HS|  |TAMS 0x0000000082f00000, 0x0000000082e00000| Complete 
|  47|0x0000000082f00000, 0x0000000083000000, 0x0000000083000000|100%|HC|  |TAMS 0x0000000083000000, 0x0000000082f00000| Complete 
|  48|0x0000000083000000, 0x0000000083100000, 0x0000000083100000|100%|HC|  |TAMS 0x0000000083100000, 0x0000000083000000| Complete 
|  49|0x0000000083100000, 0x0000000083200000, 0x0000000083200000|100%|HC|  |TAMS 0x0000000083200000, 0x0000000083100000| Complete 
|  50|0x0000000083200000, 0x0000000083300000, 0x0000000083300000|100%| O|  |TAMS 0x0000000083300000, 0x0000000083200000| Untracked 
|  51|0x0000000083300000, 0x0000000083400000, 0x0000000083400000|100%| O|  |TAMS 0x0000000083400000, 0x0000000083300000| Untracked 
|  52|0x0000000083400000, 0x0000000083500000, 0x0000000083500000|100%| O|  |TAMS 0x0000000083500000, 0x0000000083400000| Untracked 
|  53|0x0000000083500000, 0x0000000083600000, 0x0000000083600000|100%| O|  |TAMS 0x0000000083600000, 0x0000000083500000| Untracked 
|  54|0x0000000083600000, 0x0000000083700000, 0x0000000083700000|100%| O|  |TAMS 0x0000000083700000, 0x0000000083600000| Untracked 
|  55|0x0000000083700000, 0x0000000083800000, 0x0000000083800000|100%| O|  |TAMS 0x0000000083800000, 0x0000000083700000| Untracked 
|  56|0x0000000083800000, 0x0000000083900000, 0x0000000083900000|100%| O|  |TAMS 0x0000000083900000, 0x0000000083800000| Untracked 
|  57|0x0000000083900000, 0x0000000083a00000, 0x0000000083a00000|100%| O|  |TAMS 0x000000008392ae00, 0x0000000083900000| Untracked 
|  58|0x0000000083a00000, 0x0000000083b00000, 0x0000000083b00000|100%| O|  |TAMS 0x0000000083a00000, 0x0000000083a00000| Untracked 
|  59|0x0000000083b00000, 0x0000000083c00000, 0x0000000083c00000|100%| O|  |TAMS 0x0000000083b00000, 0x0000000083b00000| Untracked 
|  60|0x0000000083c00000, 0x0000000083d00000, 0x0000000083d00000|100%| O|  |TAMS 0x0000000083d00000, 0x0000000083c00000| Untracked 
|  61|0x0000000083d00000, 0x0000000083e00000, 0x0000000083e00000|100%| O|  |TAMS 0x0000000083d00000, 0x0000000083d00000| Untracked 
|  62|0x0000000083e00000, 0x0000000083f00000, 0x0000000083f00000|100%| O|  |TAMS 0x0000000083e00000, 0x0000000083e00000| Untracked 
|  63|0x0000000083f00000, 0x0000000084000000, 0x0000000084000000|100%| O|  |TAMS 0x0000000083f00000, 0x0000000083f00000| Untracked 
|  64|0x0000000084000000, 0x0000000084100000, 0x0000000084100000|100%| O|  |TAMS 0x0000000084000000, 0x0000000084000000| Untracked 
|  65|0x0000000084100000, 0x0000000084200000, 0x0000000084200000|100%| O|  |TAMS 0x0000000084100000, 0x0000000084100000| Untracked 
|  66|0x0000000084200000, 0x0000000084300000, 0x0000000084300000|100%| O|  |TAMS 0x0000000084200000, 0x0000000084200000| Untracked 
|  67|0x0000000084300000, 0x0000000084400000, 0x0000000084400000|100%| O|  |TAMS 0x0000000084300000, 0x0000000084300000| Untracked 
|  68|0x0000000084400000, 0x0000000084500000, 0x0000000084500000|100%| O|  |TAMS 0x0000000084400000, 0x0000000084400000| Untracked 
|  69|0x0000000084500000, 0x0000000084600000, 0x0000000084600000|100%| O|  |TAMS 0x0000000084500000, 0x0000000084500000| Untracked 
|  70|0x0000000084600000, 0x0000000084700000, 0x0000000084700000|100%| O|  |TAMS 0x0000000084600000, 0x0000000084600000| Untracked 
|  71|0x0000000084700000, 0x0000000084800000, 0x0000000084800000|100%| O|  |TAMS 0x0000000084700000, 0x0000000084700000| Untracked 
|  72|0x0000000084800000, 0x0000000084900000, 0x0000000084900000|100%| O|  |TAMS 0x0000000084800000, 0x0000000084800000| Untracked 
|  73|0x0000000084900000, 0x0000000084a00000, 0x0000000084a00000|100%| O|  |TAMS 0x0000000084900000, 0x0000000084900000| Untracked 
|  74|0x0000000084a00000, 0x0000000084b00000, 0x0000000084b00000|100%| O|  |TAMS 0x0000000084a00000, 0x0000000084a00000| Untracked 
|  75|0x0000000084b00000, 0x0000000084c00000, 0x0000000084c00000|100%| O|  |TAMS 0x0000000084b00000, 0x0000000084b00000| Untracked 
|  76|0x0000000084c00000, 0x0000000084d00000, 0x0000000084d00000|100%| O|  |TAMS 0x0000000084c00000, 0x0000000084c00000| Untracked 
|  77|0x0000000084d00000, 0x0000000084e00000, 0x0000000084e00000|100%| O|  |TAMS 0x0000000084d00000, 0x0000000084d00000| Untracked 
|  78|0x0000000084e00000, 0x0000000084f00000, 0x0000000084f00000|100%| O|  |TAMS 0x0000000084e00000, 0x0000000084e00000| Untracked 
|  79|0x0000000084f00000, 0x0000000085000000, 0x0000000085000000|100%| O|  |TAMS 0x0000000084f00000, 0x0000000084f00000| Untracked 
|  80|0x0000000085000000, 0x0000000085100000, 0x0000000085100000|100%| O|  |TAMS 0x0000000085000000, 0x0000000085000000| Untracked 
|  81|0x0000000085100000, 0x0000000085200000, 0x0000000085200000|100%| O|  |TAMS 0x0000000085100000, 0x0000000085100000| Untracked 
|  82|0x0000000085200000, 0x0000000085300000, 0x0000000085300000|100%| O|  |TAMS 0x0000000085200000, 0x0000000085200000| Untracked 
|  83|0x0000000085300000, 0x0000000085400000, 0x0000000085400000|100%| O|  |TAMS 0x0000000085300000, 0x0000000085300000| Untracked 
|  84|0x0000000085400000, 0x0000000085500000, 0x0000000085500000|100%| O|  |TAMS 0x0000000085400000, 0x0000000085400000| Untracked 
|  85|0x0000000085500000, 0x0000000085600000, 0x0000000085600000|100%| O|  |TAMS 0x0000000085500000, 0x0000000085500000| Untracked 
|  86|0x0000000085600000, 0x0000000085700000, 0x0000000085700000|100%| O|  |TAMS 0x0000000085600000, 0x0000000085600000| Untracked 
|  87|0x0000000085700000, 0x0000000085800000, 0x0000000085800000|100%| O|  |TAMS 0x0000000085700000, 0x0000000085700000| Untracked 
|  88|0x0000000085800000, 0x0000000085900000, 0x0000000085900000|100%| O|  |TAMS 0x0000000085800000, 0x0000000085800000| Untracked 
|  89|0x0000000085900000, 0x0000000085a00000, 0x0000000085a00000|100%| O|  |TAMS 0x0000000085900000, 0x0000000085900000| Untracked 
|  90|0x0000000085a00000, 0x0000000085b00000, 0x0000000085b00000|100%| O|  |TAMS 0x0000000085a00000, 0x0000000085a00000| Untracked 
|  91|0x0000000085b00000, 0x0000000085c00000, 0x0000000085c00000|100%| O|  |TAMS 0x0000000085b00000, 0x0000000085b00000| Untracked 
|  92|0x0000000085c00000, 0x0000000085d00000, 0x0000000085d00000|100%| O|  |TAMS 0x0000000085c00000, 0x0000000085c00000| Untracked 
|  93|0x0000000085d00000, 0x0000000085e00000, 0x0000000085e00000|100%| O|  |TAMS 0x0000000085d00000, 0x0000000085d00000| Untracked 
|  94|0x0000000085e00000, 0x0000000085f00000, 0x0000000085f00000|100%| O|  |TAMS 0x0000000085e00000, 0x0000000085e00000| Untracked 
|  95|0x0000000085f00000, 0x0000000086000000, 0x0000000086000000|100%| O|  |TAMS 0x0000000085f00000, 0x0000000085f00000| Untracked 
|  96|0x0000000086000000, 0x0000000086100000, 0x0000000086100000|100%| O|  |TAMS 0x0000000086000000, 0x0000000086000000| Untracked 
|  97|0x0000000086100000, 0x0000000086200000, 0x0000000086200000|100%| O|  |TAMS 0x0000000086100000, 0x0000000086100000| Untracked 
|  98|0x0000000086200000, 0x0000000086300000, 0x0000000086300000|100%| O|  |TAMS 0x0000000086200000, 0x0000000086200000| Untracked 
|  99|0x0000000086300000, 0x0000000086400000, 0x0000000086400000|100%| O|  |TAMS 0x0000000086300000, 0x0000000086300000| Untracked 
| 100|0x0000000086400000, 0x0000000086500000, 0x0000000086500000|100%| O|  |TAMS 0x0000000086400000, 0x0000000086400000| Untracked 
| 101|0x0000000086500000, 0x0000000086600000, 0x0000000086600000|100%| O|  |TAMS 0x0000000086500000, 0x0000000086500000| Untracked 
| 102|0x0000000086600000, 0x0000000086700000, 0x0000000086700000|100%| O|  |TAMS 0x0000000086600000, 0x0000000086600000| Untracked 
| 103|0x0000000086700000, 0x0000000086800000, 0x0000000086800000|100%| O|  |TAMS 0x0000000086700000, 0x0000000086700000| Untracked 
| 104|0x0000000086800000, 0x0000000086900000, 0x0000000086900000|100%| O|  |TAMS 0x0000000086800000, 0x0000000086800000| Untracked 
| 105|0x0000000086900000, 0x0000000086a00000, 0x0000000086a00000|100%| O|  |TAMS 0x0000000086900000, 0x0000000086900000| Untracked 
| 106|0x0000000086a00000, 0x0000000086b00000, 0x0000000086b00000|100%| O|  |TAMS 0x0000000086a00000, 0x0000000086a00000| Untracked 
| 107|0x0000000086b00000, 0x0000000086c00000, 0x0000000086c00000|100%| O|  |TAMS 0x0000000086b00000, 0x0000000086b00000| Untracked 
| 108|0x0000000086c00000, 0x0000000086d00000, 0x0000000086d00000|100%| O|  |TAMS 0x0000000086c00000, 0x0000000086c00000| Untracked 
| 109|0x0000000086d00000, 0x0000000086d00000, 0x0000000086e00000|  0%| F|  |TAMS 0x0000000086d00000, 0x0000000086d00000| Untracked 
| 110|0x0000000086e00000, 0x0000000086e00000, 0x0000000086f00000|  0%| F|  |TAMS 0x0000000086e00000, 0x0000000086e00000| Untracked 
| 111|0x0000000086f00000, 0x0000000086f00000, 0x0000000087000000|  0%| F|  |TAMS 0x0000000086f00000, 0x0000000086f00000| Untracked 
| 112|0x0000000087000000, 0x0000000087000000, 0x0000000087100000|  0%| F|  |TAMS 0x0000000087000000, 0x0000000087000000| Untracked 
| 113|0x0000000087100000, 0x0000000087100000, 0x0000000087200000|  0%| F|  |TAMS 0x0000000087100000, 0x0000000087100000| Untracked 
| 114|0x0000000087200000, 0x0000000087200000, 0x0000000087300000|  0%| F|  |TAMS 0x0000000087200000, 0x0000000087200000| Untracked 
| 115|0x0000000087300000, 0x0000000087300000, 0x0000000087400000|  0%| F|  |TAMS 0x0000000087300000, 0x0000000087300000| Untracked 
| 116|0x0000000087400000, 0x0000000087400000, 0x0000000087500000|  0%| F|  |TAMS 0x0000000087400000, 0x0000000087400000| Untracked 
| 117|0x0000000087500000, 0x0000000087500000, 0x0000000087600000|  0%| F|  |TAMS 0x0000000087500000, 0x0000000087500000| Untracked 
| 118|0x0000000087600000, 0x0000000087600000, 0x0000000087700000|  0%| F|  |TAMS 0x0000000087600000, 0x0000000087600000| Untracked 
| 119|0x0000000087700000, 0x0000000087700000, 0x0000000087800000|  0%| F|  |TAMS 0x0000000087700000, 0x0000000087700000| Untracked 
| 120|0x0000000087800000, 0x0000000087800000, 0x0000000087900000|  0%| F|  |TAMS 0x0000000087800000, 0x0000000087800000| Untracked 
| 121|0x0000000087900000, 0x0000000087900000, 0x0000000087a00000|  0%| F|  |TAMS 0x0000000087900000, 0x0000000087900000| Untracked 
| 122|0x0000000087a00000, 0x0000000087a00000, 0x0000000087b00000|  0%| F|  |TAMS 0x0000000087a00000, 0x0000000087a00000| Untracked 
| 123|0x0000000087b00000, 0x0000000087b00000, 0x0000000087c00000|  0%| F|  |TAMS 0x0000000087b00000, 0x0000000087b00000| Untracked 
| 124|0x0000000087c00000, 0x0000000087c00000, 0x0000000087d00000|  0%| F|  |TAMS 0x0000000087c00000, 0x0000000087c00000| Untracked 
| 125|0x0000000087d00000, 0x0000000087d00000, 0x0000000087e00000|  0%| F|  |TAMS 0x0000000087d00000, 0x0000000087d00000| Untracked 
| 126|0x0000000087e00000, 0x0000000087e00000, 0x0000000087f00000|  0%| F|  |TAMS 0x0000000087e00000, 0x0000000087e00000| Untracked 
| 127|0x0000000087f00000, 0x0000000087f00000, 0x0000000088000000|  0%| F|  |TAMS 0x0000000087f00000, 0x0000000087f00000| Untracked 
| 128|0x0000000088000000, 0x0000000088000000, 0x0000000088100000|  0%| F|  |TAMS 0x0000000088000000, 0x0000000088000000| Untracked 
| 129|0x0000000088100000, 0x0000000088100000, 0x0000000088200000|  0%| F|  |TAMS 0x0000000088100000, 0x0000000088100000| Untracked 
| 130|0x0000000088200000, 0x0000000088200000, 0x0000000088300000|  0%| F|  |TAMS 0x0000000088200000, 0x0000000088200000| Untracked 
| 131|0x0000000088300000, 0x0000000088300000, 0x0000000088400000|  0%| F|  |TAMS 0x0000000088300000, 0x0000000088300000| Untracked 
| 132|0x0000000088400000, 0x0000000088400000, 0x0000000088500000|  0%| F|  |TAMS 0x0000000088400000, 0x0000000088400000| Untracked 
| 133|0x0000000088500000, 0x0000000088500000, 0x0000000088600000|  0%| F|  |TAMS 0x0000000088500000, 0x0000000088500000| Untracked 
| 134|0x0000000088600000, 0x0000000088600000, 0x0000000088700000|  0%| F|  |TAMS 0x0000000088600000, 0x0000000088600000| Untracked 
| 135|0x0000000088700000, 0x0000000088700000, 0x0000000088800000|  0%| F|  |TAMS 0x0000000088700000, 0x0000000088700000| Untracked 
| 136|0x0000000088800000, 0x0000000088800000, 0x0000000088900000|  0%| F|  |TAMS 0x0000000088800000, 0x0000000088800000| Untracked 
| 137|0x0000000088900000, 0x0000000088900000, 0x0000000088a00000|  0%| F|  |TAMS 0x0000000088900000, 0x0000000088900000| Untracked 
| 138|0x0000000088a00000, 0x0000000088ae8680, 0x0000000088b00000| 90%| S|CS|TAMS 0x0000000088a00000, 0x0000000088a00000| Complete 
| 139|0x0000000088b00000, 0x0000000088c00000, 0x0000000088c00000|100%| S|CS|TAMS 0x0000000088b00000, 0x0000000088b00000| Complete 
| 140|0x0000000088c00000, 0x0000000088d00000, 0x0000000088d00000|100%| S|CS|TAMS 0x0000000088c00000, 0x0000000088c00000| Complete 
| 141|0x0000000088d00000, 0x0000000088e00000, 0x0000000088e00000|100%| S|CS|TAMS 0x0000000088d00000, 0x0000000088d00000| Complete 
| 142|0x0000000088e00000, 0x0000000088f00000, 0x0000000088f00000|100%| S|CS|TAMS 0x0000000088e00000, 0x0000000088e00000| Complete 
| 143|0x0000000088f00000, 0x0000000089000000, 0x0000000089000000|100%| S|CS|TAMS 0x0000000088f00000, 0x0000000088f00000| Complete 
| 144|0x0000000089000000, 0x0000000089100000, 0x0000000089100000|100%| S|CS|TAMS 0x0000000089000000, 0x0000000089000000| Complete 
| 145|0x0000000089100000, 0x0000000089100000, 0x0000000089200000|  0%| F|  |TAMS 0x0000000089100000, 0x0000000089100000| Untracked 
| 146|0x0000000089200000, 0x0000000089300000, 0x0000000089300000|100%| S|CS|TAMS 0x0000000089200000, 0x0000000089200000| Complete 
| 147|0x0000000089300000, 0x0000000089400000, 0x0000000089400000|100%| S|CS|TAMS 0x0000000089300000, 0x0000000089300000| Complete 
| 148|0x0000000089400000, 0x0000000089400000, 0x0000000089500000|  0%| F|  |TAMS 0x0000000089400000, 0x0000000089400000| Untracked 
| 149|0x0000000089500000, 0x0000000089500000, 0x0000000089600000|  0%| F|  |TAMS 0x0000000089500000, 0x0000000089500000| Untracked 
| 150|0x0000000089600000, 0x0000000089600000, 0x0000000089700000|  0%| F|  |TAMS 0x0000000089600000, 0x0000000089600000| Untracked 
| 151|0x0000000089700000, 0x0000000089700000, 0x0000000089800000|  0%| F|  |TAMS 0x0000000089700000, 0x0000000089700000| Untracked 
| 152|0x0000000089800000, 0x0000000089900000, 0x0000000089900000|100%| S|CS|TAMS 0x0000000089800000, 0x0000000089800000| Complete 
| 153|0x0000000089900000, 0x0000000089900000, 0x0000000089a00000|  0%| F|  |TAMS 0x0000000089900000, 0x0000000089900000| Untracked 
| 154|0x0000000089a00000, 0x0000000089a00000, 0x0000000089b00000|  0%| F|  |TAMS 0x0000000089a00000, 0x0000000089a00000| Untracked 
| 155|0x0000000089b00000, 0x0000000089b00000, 0x0000000089c00000|  0%| F|  |TAMS 0x0000000089b00000, 0x0000000089b00000| Untracked 
| 156|0x0000000089c00000, 0x0000000089c00000, 0x0000000089d00000|  0%| F|  |TAMS 0x0000000089c00000, 0x0000000089c00000| Untracked 
| 157|0x0000000089d00000, 0x0000000089d00000, 0x0000000089e00000|  0%| F|  |TAMS 0x0000000089d00000, 0x0000000089d00000| Untracked 
| 158|0x0000000089e00000, 0x0000000089e00000, 0x0000000089f00000|  0%| F|  |TAMS 0x0000000089e00000, 0x0000000089e00000| Untracked 
| 159|0x0000000089f00000, 0x0000000089f00000, 0x000000008a000000|  0%| F|  |TAMS 0x0000000089f00000, 0x0000000089f00000| Untracked 
| 160|0x000000008a000000, 0x000000008a000000, 0x000000008a100000|  0%| F|  |TAMS 0x000000008a000000, 0x000000008a000000| Untracked 
| 161|0x000000008a100000, 0x000000008a100000, 0x000000008a200000|  0%| F|  |TAMS 0x000000008a100000, 0x000000008a100000| Untracked 
| 162|0x000000008a200000, 0x000000008a200000, 0x000000008a300000|  0%| F|  |TAMS 0x000000008a200000, 0x000000008a200000| Untracked 
| 163|0x000000008a300000, 0x000000008a37e670, 0x000000008a400000| 49%| E|  |TAMS 0x000000008a300000, 0x000000008a300000| Complete 
| 164|0x000000008a400000, 0x000000008a500000, 0x000000008a500000|100%| E|CS|TAMS 0x000000008a400000, 0x000000008a400000| Complete 
| 165|0x000000008a500000, 0x000000008a600000, 0x000000008a600000|100%| E|  |TAMS 0x000000008a500000, 0x000000008a500000| Complete 
| 166|0x000000008a600000, 0x000000008a700000, 0x000000008a700000|100%| E|CS|TAMS 0x000000008a600000, 0x000000008a600000| Complete 
| 167|0x000000008a700000, 0x000000008a800000, 0x000000008a800000|100%| E|CS|TAMS 0x000000008a700000, 0x000000008a700000| Complete 
| 168|0x000000008a800000, 0x000000008a900000, 0x000000008a900000|100%| E|CS|TAMS 0x000000008a800000, 0x000000008a800000| Complete 
| 169|0x000000008a900000, 0x000000008aa00000, 0x000000008aa00000|100%| E|CS|TAMS 0x000000008a900000, 0x000000008a900000| Complete 
| 170|0x000000008aa00000, 0x000000008ab00000, 0x000000008ab00000|100%| E|CS|TAMS 0x000000008aa00000, 0x000000008aa00000| Complete 
| 171|0x000000008ab00000, 0x000000008ac00000, 0x000000008ac00000|100%| E|CS|TAMS 0x000000008ab00000, 0x000000008ab00000| Complete 
| 172|0x000000008ac00000, 0x000000008ad00000, 0x000000008ad00000|100%| E|CS|TAMS 0x000000008ac00000, 0x000000008ac00000| Complete 
| 173|0x000000008ad00000, 0x000000008ae00000, 0x000000008ae00000|100%| E|CS|TAMS 0x000000008ad00000, 0x000000008ad00000| Complete 
| 174|0x000000008ae00000, 0x000000008af00000, 0x000000008af00000|100%| E|CS|TAMS 0x000000008ae00000, 0x000000008ae00000| Complete 
| 175|0x000000008af00000, 0x000000008b000000, 0x000000008b000000|100%| E|CS|TAMS 0x000000008af00000, 0x000000008af00000| Complete 
| 176|0x000000008b000000, 0x000000008b100000, 0x000000008b100000|100%| E|CS|TAMS 0x000000008b000000, 0x000000008b000000| Complete 
| 177|0x000000008b100000, 0x000000008b200000, 0x000000008b200000|100%| E|CS|TAMS 0x000000008b100000, 0x000000008b100000| Complete 
| 178|0x000000008b200000, 0x000000008b300000, 0x000000008b300000|100%| E|CS|TAMS 0x000000008b200000, 0x000000008b200000| Complete 
| 179|0x000000008b300000, 0x000000008b400000, 0x000000008b400000|100%| E|CS|TAMS 0x000000008b300000, 0x000000008b300000| Complete 
| 180|0x000000008b400000, 0x000000008b500000, 0x000000008b500000|100%| E|CS|TAMS 0x000000008b400000, 0x000000008b400000| Complete 
| 181|0x000000008b500000, 0x000000008b600000, 0x000000008b600000|100%| E|CS|TAMS 0x000000008b500000, 0x000000008b500000| Complete 
| 182|0x000000008b600000, 0x000000008b700000, 0x000000008b700000|100%| E|CS|TAMS 0x000000008b600000, 0x000000008b600000| Complete 
| 183|0x000000008b700000, 0x000000008b800000, 0x000000008b800000|100%| E|CS|TAMS 0x000000008b700000, 0x000000008b700000| Complete 
| 184|0x000000008b800000, 0x000000008b900000, 0x000000008b900000|100%| E|CS|TAMS 0x000000008b800000, 0x000000008b800000| Complete 
| 185|0x000000008b900000, 0x000000008ba00000, 0x000000008ba00000|100%| E|CS|TAMS 0x000000008b900000, 0x000000008b900000| Complete 
| 186|0x000000008ba00000, 0x000000008bb00000, 0x000000008bb00000|100%| E|CS|TAMS 0x000000008ba00000, 0x000000008ba00000| Complete 
| 187|0x000000008bb00000, 0x000000008bc00000, 0x000000008bc00000|100%| E|CS|TAMS 0x000000008bb00000, 0x000000008bb00000| Complete 
| 188|0x000000008bc00000, 0x000000008bd00000, 0x000000008bd00000|100%| E|CS|TAMS 0x000000008bc00000, 0x000000008bc00000| Complete 
| 189|0x000000008bd00000, 0x000000008be00000, 0x000000008be00000|100%| E|CS|TAMS 0x000000008bd00000, 0x000000008bd00000| Complete 
| 190|0x000000008be00000, 0x000000008bf00000, 0x000000008bf00000|100%| E|CS|TAMS 0x000000008be00000, 0x000000008be00000| Complete 
| 191|0x000000008bf00000, 0x000000008c000000, 0x000000008c000000|100%| E|CS|TAMS 0x000000008bf00000, 0x000000008bf00000| Complete 
| 192|0x000000008c000000, 0x000000008c100000, 0x000000008c100000|100%| E|CS|TAMS 0x000000008c000000, 0x000000008c000000| Complete 
| 193|0x000000008c100000, 0x000000008c200000, 0x000000008c200000|100%| E|CS|TAMS 0x000000008c100000, 0x000000008c100000| Complete 
| 194|0x000000008c200000, 0x000000008c300000, 0x000000008c300000|100%| E|CS|TAMS 0x000000008c200000, 0x000000008c200000| Complete 
| 195|0x000000008c300000, 0x000000008c400000, 0x000000008c400000|100%| E|CS|TAMS 0x000000008c300000, 0x000000008c300000| Complete 
| 196|0x000000008c400000, 0x000000008c500000, 0x000000008c500000|100%| E|CS|TAMS 0x000000008c400000, 0x000000008c400000| Complete 
| 197|0x000000008c500000, 0x000000008c600000, 0x000000008c600000|100%| E|CS|TAMS 0x000000008c500000, 0x000000008c500000| Complete 
| 198|0x000000008c600000, 0x000000008c700000, 0x000000008c700000|100%| E|CS|TAMS 0x000000008c600000, 0x000000008c600000| Complete 
| 199|0x000000008c700000, 0x000000008c800000, 0x000000008c800000|100%| E|CS|TAMS 0x000000008c700000, 0x000000008c700000| Complete 
| 200|0x000000008c800000, 0x000000008c900000, 0x000000008c900000|100%| E|CS|TAMS 0x000000008c800000, 0x000000008c800000| Complete 
| 201|0x000000008c900000, 0x000000008ca00000, 0x000000008ca00000|100%| E|CS|TAMS 0x000000008c900000, 0x000000008c900000| Complete 
| 202|0x000000008ca00000, 0x000000008cb00000, 0x000000008cb00000|100%| E|CS|TAMS 0x000000008ca00000, 0x000000008ca00000| Complete 
| 203|0x000000008cb00000, 0x000000008cc00000, 0x000000008cc00000|100%| E|CS|TAMS 0x000000008cb00000, 0x000000008cb00000| Complete 
| 204|0x000000008cc00000, 0x000000008cd00000, 0x000000008cd00000|100%| E|CS|TAMS 0x000000008cc00000, 0x000000008cc00000| Complete 
| 205|0x000000008cd00000, 0x000000008ce00000, 0x000000008ce00000|100%| E|CS|TAMS 0x000000008cd00000, 0x000000008cd00000| Complete 
| 206|0x000000008ce00000, 0x000000008cf00000, 0x000000008cf00000|100%| E|CS|TAMS 0x000000008ce00000, 0x000000008ce00000| Complete 
| 207|0x000000008cf00000, 0x000000008d000000, 0x000000008d000000|100%| E|CS|TAMS 0x000000008cf00000, 0x000000008cf00000| Complete 
| 208|0x000000008d000000, 0x000000008d100000, 0x000000008d100000|100%| E|CS|TAMS 0x000000008d000000, 0x000000008d000000| Complete 
| 209|0x000000008d100000, 0x000000008d200000, 0x000000008d200000|100%| E|CS|TAMS 0x000000008d100000, 0x000000008d100000| Complete 
| 210|0x000000008d200000, 0x000000008d300000, 0x000000008d300000|100%| E|CS|TAMS 0x000000008d200000, 0x000000008d200000| Complete 
| 211|0x000000008d300000, 0x000000008d400000, 0x000000008d400000|100%| E|CS|TAMS 0x000000008d300000, 0x000000008d300000| Complete 
| 212|0x000000008d400000, 0x000000008d500000, 0x000000008d500000|100%| E|CS|TAMS 0x000000008d400000, 0x000000008d400000| Complete 
| 213|0x000000008d500000, 0x000000008d600000, 0x000000008d600000|100%| E|CS|TAMS 0x000000008d500000, 0x000000008d500000| Complete 
| 214|0x000000008d600000, 0x000000008d700000, 0x000000008d700000|100%| E|CS|TAMS 0x000000008d600000, 0x000000008d600000| Complete 
| 215|0x000000008d700000, 0x000000008d800000, 0x000000008d800000|100%| E|CS|TAMS 0x000000008d700000, 0x000000008d700000| Complete 
| 216|0x000000008d800000, 0x000000008d900000, 0x000000008d900000|100%| E|CS|TAMS 0x000000008d800000, 0x000000008d800000| Complete 
| 217|0x000000008d900000, 0x000000008da00000, 0x000000008da00000|100%| E|CS|TAMS 0x000000008d900000, 0x000000008d900000| Complete 
| 218|0x000000008da00000, 0x000000008db00000, 0x000000008db00000|100%| E|CS|TAMS 0x000000008da00000, 0x000000008da00000| Complete 
| 219|0x000000008db00000, 0x000000008dc00000, 0x000000008dc00000|100%| E|CS|TAMS 0x000000008db00000, 0x000000008db00000| Complete 
| 220|0x000000008dc00000, 0x000000008dd00000, 0x000000008dd00000|100%| E|CS|TAMS 0x000000008dc00000, 0x000000008dc00000| Complete 
| 221|0x000000008dd00000, 0x000000008de00000, 0x000000008de00000|100%| E|CS|TAMS 0x000000008dd00000, 0x000000008dd00000| Complete 
| 222|0x000000008de00000, 0x000000008df00000, 0x000000008df00000|100%| E|CS|TAMS 0x000000008de00000, 0x000000008de00000| Complete 
| 223|0x000000008df00000, 0x000000008e000000, 0x000000008e000000|100%| E|CS|TAMS 0x000000008df00000, 0x000000008df00000| Complete 
| 224|0x000000008e000000, 0x000000008e100000, 0x000000008e100000|100%| E|CS|TAMS 0x000000008e000000, 0x000000008e000000| Complete 
| 225|0x000000008e100000, 0x000000008e200000, 0x000000008e200000|100%| E|CS|TAMS 0x000000008e100000, 0x000000008e100000| Complete 
| 226|0x000000008e200000, 0x000000008e300000, 0x000000008e300000|100%| E|CS|TAMS 0x000000008e200000, 0x000000008e200000| Complete 
| 227|0x000000008e300000, 0x000000008e400000, 0x000000008e400000|100%| E|CS|TAMS 0x000000008e300000, 0x000000008e300000| Complete 
| 228|0x000000008e400000, 0x000000008e500000, 0x000000008e500000|100%| E|CS|TAMS 0x000000008e400000, 0x000000008e400000| Complete 
| 229|0x000000008e500000, 0x000000008e600000, 0x000000008e600000|100%| E|CS|TAMS 0x000000008e500000, 0x000000008e500000| Complete 

Card table byte_map: [0x00000239f8aa0000,0x00000239f8ea0000] _byte_map_base: 0x00000239f86a0000

Marking Bits (Prev, Next): (CMBitMap*) 0x00000239f4ef5f10, (CMBitMap*) 0x00000239f4ef5ed0
 Prev Bits: [0x00000239fb2a0000, 0x00000239fd2a0000)
 Next Bits: [0x00000239f92a0000, 0x00000239fb2a0000)

Polling page: 0x00000239f2e50000

Metaspace:

Usage:
  Non-class:     89.96 MB used.
      Class:     14.14 MB used.
       Both:    104.10 MB used.

Virtual space:
  Non-class space:       96.00 MB reserved,      90.38 MB ( 94%) committed,  12 nodes.
      Class space:        1.00 GB reserved,      14.56 MB (  1%) committed,  1 nodes.
             Both:        1.09 GB reserved,     104.94 MB (  9%) committed. 

Chunk freelists:
   Non-Class:  1.41 MB
       Class:  1.40 MB
        Both:  2.80 MB

MaxMetaspaceSize: unlimited
CompressedClassSpaceSize: 1.00 GB
Initial GC threshold: 21.00 MB
Current GC threshold: 113.88 MB
CDS: off
MetaspaceReclaimPolicy: balanced
 - commit_granule_bytes: 65536.
 - commit_granule_words: 8192.
 - virtual_space_node_default_size: 1048576.
 - enlarge_chunks_in_place: 1.
 - new_chunks_are_fully_committed: 0.
 - uncommit_free_chunks: 1.
 - use_allocation_guard: 0.
 - handle_deallocations: 1.


Internal statistics:

num_allocs_failed_limit: 6.
num_arena_births: 1282.
num_arena_deaths: 0.
num_vsnodes_births: 13.
num_vsnodes_deaths: 0.
num_space_committed: 1679.
num_space_uncommitted: 0.
num_chunks_returned_to_freelist: 6.
num_chunks_taken_from_freelist: 5258.
num_chunk_merges: 3.
num_chunk_splits: 3374.
num_chunks_enlarged: 2114.
num_purges: 0.
num_inconsistent_stats: 0.

CodeHeap 'non-profiled nmethods': size=120000Kb used=7421Kb max_used=7421Kb free=112578Kb
 bounds [0x0000023987ad0000, 0x0000023988210000, 0x000002398f000000]
CodeHeap 'profiled nmethods': size=120000Kb used=25004Kb max_used=25004Kb free=94995Kb
 bounds [0x0000023980000000, 0x0000023981870000, 0x0000023987530000]
CodeHeap 'non-nmethods': size=5760Kb used=2458Kb max_used=2567Kb free=3301Kb
 bounds [0x0000023987530000, 0x00000239877c0000, 0x0000023987ad0000]
 total_blobs=14133 nmethods=13126 adapters=919
 compilation: enabled
              stopped_count=0, restarted_count=0
 full_count=0

Compilation events (20 events):
Event: 138.456 Thread 0x000002398f821650 14970       2       org.gradle.api.internal.tasks.properties.annotations.NestedBeanAnnotationHandler::unpackProvider (19 bytes)
Event: 138.456 Thread 0x000002398f821650 nmethod 14970 0x0000023981867890 code [0x0000023981867a60, 0x0000023981867cb8]
Event: 138.456 Thread 0x000002398f821650 14968       2       org.gradle.api.specs.CompositeSpec::<init> (115 bytes)
Event: 138.457 Thread 0x000002398f821650 nmethod 14968 0x0000023981867e10 code [0x0000023981868040, 0x00000239818686a8]
Event: 138.457 Thread 0x000002398f821650 14972       1       org.gradle.api.internal.changedetection.TaskExecutionMode::isTaskHistoryMaintained (5 bytes)
Event: 138.457 Thread 0x000002398f821650 nmethod 14972 0x00000239881fb710 code [0x00000239881fb8a0, 0x00000239881fb978]
Event: 138.460 Thread 0x0000023992991e70 nmethod 14632 0x00000239881fba10 code [0x00000239881fc200, 0x00000239882081b8]
Event: 138.465 Thread 0x0000023992991e70 14919       4       java.io.ObjectOutputStream$BlockDataOutputStream::writeBytes (144 bytes)
Event: 138.477 Thread 0x000002398f821650 14973       2       org.gradle.internal.logging.sink.ProgressLogEventGenerator$Operation::completeHeader (154 bytes)
Event: 138.478 Thread 0x000002398f821650 nmethod 14973 0x0000023981868910 code [0x0000023981868b80, 0x00000239818691e8]
Event: 138.478 Thread 0x000002398f821650 14974       2       org.gradle.api.internal.tasks.properties.DefaultCacheableOutputFilePropertySpec::<init> (20 bytes)
Event: 138.478 Thread 0x000002398f821650 nmethod 14974 0x0000023981869590 code [0x0000023981869740, 0x0000023981869a18]
Event: 138.478 Thread 0x000002398f821650 14975       2       org.gradle.api.internal.tasks.properties.OutputUnpacker$$Lambda$928/0x0000000100c74000::accept (28 bytes)
Event: 138.479 Thread 0x000002398f821650 nmethod 14975 0x0000023981869a90 code [0x0000023981869c40, 0x0000023981869de8]
Event: 138.479 Thread 0x000002398f821650 14976       2       org.gradle.execution.plan.DefaultPlanExecutor$MergedQueues::selectNext (119 bytes)
Event: 138.480 Thread 0x000002398f821650 nmethod 14976 0x0000023981869f10 code [0x000002398186a1a0, 0x000002398186ac18]
Event: 138.485 Thread 0x0000023992991e70 nmethod 14919 0x000002398820da90 code [0x000002398820dc40, 0x000002398820e4c8]
Event: 138.485 Thread 0x0000023992991e70 14944       4       java.util.Spliterators$IteratorSpliterator::tryAdvance (77 bytes)
Event: 138.498 Thread 0x0000023992991e70 nmethod 14944 0x000002398820eb10 code [0x000002398820ecc0, 0x000002398820f1f8]
Event: 138.498 Thread 0x0000023992991e70 14926   !   4       java.io.ObjectOutputStream::writeObject0 (620 bytes)

GC Heap History (20 events):
Event: 26.175 GC heap before
{Heap before GC invocations=41 (full 0):
 garbage-first heap   total 157696K, used 123274K [0x0000000080000000, 0x0000000100000000)
  region size 1024K, 55 young (56320K), 4 survivors (4096K)
 Metaspace       used 84287K, committed 84864K, reserved 1122304K
  class space    used 11389K, committed 11712K, reserved 1048576K
}
Event: 26.184 GC heap after
{Heap after GC invocations=42 (full 0):
 garbage-first heap   total 157696K, used 75405K [0x0000000080000000, 0x0000000100000000)
  region size 1024K, 7 young (7168K), 7 survivors (7168K)
 Metaspace       used 84287K, committed 84864K, reserved 1122304K
  class space    used 11389K, committed 11712K, reserved 1048576K
}
Event: 27.199 GC heap before
{Heap before GC invocations=42 (full 0):
 garbage-first heap   total 157696K, used 125581K [0x0000000080000000, 0x0000000100000000)
  region size 1024K, 56 young (57344K), 7 survivors (7168K)
 Metaspace       used 90378K, committed 90944K, reserved 1130496K
  class space    used 12260K, committed 12544K, reserved 1048576K
}
Event: 27.209 GC heap after
{Heap after GC invocations=43 (full 0):
 garbage-first heap   total 157696K, used 79296K [0x0000000080000000, 0x0000000100000000)
  region size 1024K, 4 young (4096K), 4 survivors (4096K)
 Metaspace       used 90378K, committed 90944K, reserved 1130496K
  class space    used 12260K, committed 12544K, reserved 1048576K
}
Event: 27.736 GC heap before
{Heap before GC invocations=43 (full 0):
 garbage-first heap   total 157696K, used 126400K [0x0000000080000000, 0x0000000100000000)
  region size 1024K, 50 young (51200K), 4 survivors (4096K)
 Metaspace       used 91829K, committed 92480K, reserved 1130496K
  class space    used 12447K, committed 12736K, reserved 1048576K
}
Event: 27.747 GC heap after
{Heap after GC invocations=44 (full 0):
 garbage-first heap   total 157696K, used 85809K [0x0000000080000000, 0x0000000100000000)
  region size 1024K, 7 young (7168K), 7 survivors (7168K)
 Metaspace       used 91829K, committed 92480K, reserved 1130496K
  class space    used 12447K, committed 12736K, reserved 1048576K
}
Event: 28.450 GC heap before
{Heap before GC invocations=44 (full 0):
 garbage-first heap   total 157696K, used 127793K [0x0000000080000000, 0x0000000100000000)
  region size 1024K, 48 young (49152K), 7 survivors (7168K)
 Metaspace       used 93540K, committed 94144K, reserved 1130496K
  class space    used 12779K, committed 13056K, reserved 1048576K
}
Event: 28.462 GC heap after
{Heap after GC invocations=45 (full 0):
 garbage-first heap   total 157696K, used 92736K [0x0000000080000000, 0x0000000100000000)
  region size 1024K, 6 young (6144K), 6 survivors (6144K)
 Metaspace       used 93540K, committed 94144K, reserved 1130496K
  class space    used 12779K, committed 13056K, reserved 1048576K
}
Event: 28.993 GC heap before
{Heap before GC invocations=45 (full 0):
 garbage-first heap   total 157696K, used 126528K [0x0000000080000000, 0x0000000100000000)
  region size 1024K, 40 young (40960K), 6 survivors (6144K)
 Metaspace       used 94590K, committed 95232K, reserved 1138688K
  class space    used 12948K, committed 13248K, reserved 1048576K
}
Event: 29.001 GC heap after
{Heap after GC invocations=46 (full 0):
 garbage-first heap   total 235520K, used 95860K [0x0000000080000000, 0x0000000100000000)
  region size 1024K, 4 young (4096K), 4 survivors (4096K)
 Metaspace       used 94590K, committed 95232K, reserved 1138688K
  class space    used 12948K, committed 13248K, reserved 1048576K
}
Event: 30.142 GC heap before
{Heap before GC invocations=46 (full 0):
 garbage-first heap   total 235520K, used 181876K [0x0000000080000000, 0x0000000100000000)
  region size 1024K, 89 young (91136K), 4 survivors (4096K)
 Metaspace       used 95320K, committed 95936K, reserved 1138688K
  class space    used 13002K, committed 13312K, reserved 1048576K
}
Event: 30.151 GC heap after
{Heap after GC invocations=47 (full 0):
 garbage-first heap   total 235520K, used 100763K [0x0000000080000000, 0x0000000100000000)
  region size 1024K, 9 young (9216K), 9 survivors (9216K)
 Metaspace       used 95320K, committed 95936K, reserved 1138688K
  class space    used 13002K, committed 13312K, reserved 1048576K
}
Event: 30.912 GC heap before
{Heap before GC invocations=47 (full 0):
 garbage-first heap   total 235520K, used 185755K [0x0000000080000000, 0x0000000100000000)
  region size 1024K, 93 young (95232K), 9 survivors (9216K)
 Metaspace       used 95578K, committed 96256K, reserved 1138688K
  class space    used 13017K, committed 13312K, reserved 1048576K
}
Event: 30.927 GC heap after
{Heap after GC invocations=48 (full 0):
 garbage-first heap   total 235520K, used 106396K [0x0000000080000000, 0x0000000100000000)
  region size 1024K, 11 young (11264K), 11 survivors (11264K)
 Metaspace       used 95578K, committed 96256K, reserved 1138688K
  class space    used 13017K, committed 13312K, reserved 1048576K
}
Event: 32.440 GC heap before
{Heap before GC invocations=48 (full 0):
 garbage-first heap   total 235520K, used 189340K [0x0000000080000000, 0x0000000100000000)
  region size 1024K, 93 young (95232K), 11 survivors (11264K)
 Metaspace       used 102538K, committed 103232K, reserved 1138688K
  class space    used 13960K, committed 14272K, reserved 1048576K
}
Event: 32.454 GC heap after
{Heap after GC invocations=49 (full 0):
 garbage-first heap   total 235520K, used 111966K [0x0000000080000000, 0x0000000100000000)
  region size 1024K, 12 young (12288K), 12 survivors (12288K)
 Metaspace       used 102538K, committed 103232K, reserved 1138688K
  class space    used 13960K, committed 14272K, reserved 1048576K
}
Event: 32.921 GC heap before
{Heap before GC invocations=49 (full 0):
 garbage-first heap   total 235520K, used 190814K [0x0000000080000000, 0x0000000100000000)
  region size 1024K, 90 young (92160K), 12 survivors (12288K)
 Metaspace       used 103135K, committed 103936K, reserved 1146880K
  class space    used 14058K, committed 14464K, reserved 1048576K
}
Event: 32.936 GC heap after
{Heap after GC invocations=50 (full 0):
 garbage-first heap   total 235520K, used 116122K [0x0000000080000000, 0x0000000100000000)
  region size 1024K, 10 young (10240K), 10 survivors (10240K)
 Metaspace       used 103135K, committed 103936K, reserved 1146880K
  class space    used 14058K, committed 14464K, reserved 1048576K
}
Event: 136.383 GC heap before
{Heap before GC invocations=50 (full 0):
 garbage-first heap   total 235520K, used 193946K [0x0000000080000000, 0x0000000100000000)
  region size 1024K, 87 young (89088K), 10 survivors (10240K)
 Metaspace       used 106115K, committed 106944K, reserved 1146880K
  class space    used 14464K, committed 14848K, reserved 1048576K
}
Event: 136.400 GC heap after
{Heap after GC invocations=51 (full 0):
 garbage-first heap   total 235520K, used 121761K [0x0000000080000000, 0x0000000100000000)
  region size 1024K, 10 young (10240K), 10 survivors (10240K)
 Metaspace       used 106115K, committed 106944K, reserved 1146880K
  class space    used 14464K, committed 14848K, reserved 1048576K
}

Dll operation events (2 events):
Event: 0.014 Loaded shared library C:\Program Files\Android\Android Studio\jbr\bin\java.dll
Event: 0.813 Loaded shared library C:\Program Files\Android\Android Studio\jbr\bin\verify.dll

Deoptimization events (20 events):
Event: 138.243 Thread 0x00000239992327e0 Uncommon trap: trap_request=0xffffffc6 fr.pc=0x00000239880fb954 relative=0x0000000000000bd4
Event: 138.243 Thread 0x00000239992327e0 Uncommon trap: reason=bimorphic_or_optimized_type_check action=maybe_recompile pc=0x00000239880fb954 method=java.io.ObjectOutputStream$BlockDataOutputStream.drain()V @ 36 c2
Event: 138.243 Thread 0x00000239992327e0 DEOPT PACKING pc=0x00000239880fb954 sp=0x0000006c241f9310
Event: 138.244 Thread 0x00000239992327e0 DEOPT UNPACKING pc=0x00000239875869a3 sp=0x0000006c241f9258 mode 2
Event: 138.244 Thread 0x00000239992327e0 Uncommon trap: trap_request=0xffffffc6 fr.pc=0x00000239880fb954 relative=0x0000000000000bd4
Event: 138.244 Thread 0x00000239992327e0 Uncommon trap: reason=bimorphic_or_optimized_type_check action=maybe_recompile pc=0x00000239880fb954 method=java.io.ObjectOutputStream$BlockDataOutputStream.drain()V @ 36 c2
Event: 138.244 Thread 0x00000239992327e0 DEOPT PACKING pc=0x00000239880fb954 sp=0x0000006c241f9310
Event: 138.244 Thread 0x00000239992327e0 DEOPT UNPACKING pc=0x00000239875869a3 sp=0x0000006c241f9258 mode 2
Event: 138.314 Thread 0x00000239965209e0 Uncommon trap: trap_request=0xffffffd6 fr.pc=0x000002398813f4e8 relative=0x0000000000000928
Event: 138.314 Thread 0x00000239965209e0 Uncommon trap: reason=array_check action=maybe_recompile pc=0x000002398813f4e8 method=java.util.ComparableTimSort.binarySort([Ljava/lang/Object;III)V @ 193 c2
Event: 138.314 Thread 0x00000239965209e0 DEOPT PACKING pc=0x000002398813f4e8 sp=0x0000006c249fd5d0
Event: 138.314 Thread 0x00000239965209e0 DEOPT UNPACKING pc=0x00000239875869a3 sp=0x0000006c249fd570 mode 2
Event: 138.332 Thread 0x0000023999231970 DEOPT PACKING pc=0x000002398120d8ba sp=0x0000006c245fbef0
Event: 138.332 Thread 0x0000023999231970 DEOPT UNPACKING pc=0x0000023987587143 sp=0x0000006c245fb400 mode 0
Event: 138.357 Thread 0x00000239965209e0 Uncommon trap: trap_request=0xffffffde fr.pc=0x0000023987bfbedc relative=0x000000000000015c
Event: 138.357 Thread 0x00000239965209e0 Uncommon trap: reason=class_check action=maybe_recompile pc=0x0000023987bfbedc method=java.lang.reflect.Array.newInstance(Ljava/lang/Class;I)Ljava/lang/Object; @ 2 c2
Event: 138.357 Thread 0x00000239965209e0 DEOPT PACKING pc=0x0000023987bfbedc sp=0x0000006c249fc590
Event: 138.357 Thread 0x00000239965209e0 DEOPT UNPACKING pc=0x00000239875869a3 sp=0x0000006c249fc528 mode 2
Event: 138.369 Thread 0x00000239965209e0 DEOPT PACKING pc=0x0000023980a48716 sp=0x0000006c249fd2e0
Event: 138.369 Thread 0x00000239965209e0 DEOPT UNPACKING pc=0x0000023987587143 sp=0x0000006c249fc738 mode 0

Classes unloaded (0 events):
No events

Classes redefined (0 events):
No events

Internal exceptions (20 events):
Event: 41.760 Thread 0x0000023990e89160 Exception <a 'java/lang/NoSuchMethodError'{0x000000008c7e9fb8}: static Lorg/gradle/internal/build/event/types/DefaultFailure;.<clinit>()V> (0x000000008c7e9fb8) 
thrown [s\src\hotspot\share\prims\jni.cpp, line 1108]
Event: 41.796 Thread 0x0000023990e89b00 Exception <a 'sun/nio/fs/WindowsException'{0x000000008c6837d8}> (0x000000008c6837d8) 
thrown [s\src\hotspot\share\prims\jni.cpp, line 517]
Event: 41.796 Thread 0x0000023990e89b00 Exception <a 'sun/nio/fs/WindowsException'{0x000000008c683c80}> (0x000000008c683c80) 
thrown [s\src\hotspot\share\prims\jni.cpp, line 517]
Event: 41.798 Thread 0x0000023990e89b00 Exception <a 'sun/nio/fs/WindowsException'{0x000000008c68fc08}> (0x000000008c68fc08) 
thrown [s\src\hotspot\share\prims\jni.cpp, line 517]
Event: 42.042 Thread 0x0000023990e89b00 Implicit null exception at 0x00000239880e6793 to 0x00000239880e6a68
Event: 42.059 Thread 0x0000023992401e30 Exception <a 'java/lang/NoSuchMethodError'{0x000000008bc23278}: static Lorg/gradle/tooling/internal/provider/serialization/ClassLoaderDetails;.<clinit>()V> (0x000000008bc23278) 
thrown [s\src\hotspot\share\prims\jni.cpp, line 1108]
Event: 42.061 Thread 0x0000023992401e30 Exception <a 'java/lang/NoSuchMethodError'{0x000000008bc34cd8}: static Lorg/gradle/tooling/internal/provider/serialization/WellKnownClassLoaderRegistry$KnownClassLoaderSpec;.<clinit>()V> (0x000000008bc34cd8) 
thrown [s\src\hotspot\share\prims\jni.cpp, line 1108]
Event: 42.062 Thread 0x0000023992401e30 Exception <a 'java/lang/NoSuchMethodError'{0x000000008bc36350}: static Lorg/gradle/internal/classloader/ClassLoaderSpec;.<clinit>()V> (0x000000008bc36350) 
thrown [s\src\hotspot\share\prims\jni.cpp, line 1108]
Event: 42.064 Thread 0x0000023992401e30 Exception <a 'java/lang/NoSuchMethodError'{0x000000008bc4aa38}: static Lorg/gradle/internal/classloader/ClassLoaderSpec;.<clinit>()V> (0x000000008bc4aa38) 
thrown [s\src\hotspot\share\prims\jni.cpp, line 1108]
Event: 42.066 Thread 0x0000023992401e30 Exception <a 'java/lang/NoSuchMethodError'{0x000000008bc56580}: static Lorg/gradle/internal/classloader/VisitableURLClassLoader$Spec;.<clinit>()V> (0x000000008bc56580) 
thrown [s\src\hotspot\share\prims\jni.cpp, line 1108]
Event: 42.069 Thread 0x0000023992401e30 Exception <a 'java/lang/NoSuchMethodError'{0x000000008bc68490}: static [Ljava/net/URL;.<clinit>()V> (0x000000008bc68490) 
thrown [s\src\hotspot\share\prims\jni.cpp, line 1108]
Event: 42.072 Thread 0x0000023992401e30 Exception <a 'java/lang/NoSuchMethodError'{0x000000008bc7c4f8}: static Lorg/gradle/internal/classloader/FilteringClassLoader$Spec;.<clinit>()V> (0x000000008bc7c4f8) 
thrown [s\src\hotspot\share\prims\jni.cpp, line 1108]
Event: 42.073 Thread 0x0000023992401e30 Exception <a 'java/lang/NoSuchMethodError'{0x000000008bc8a370}: static Lorg/gradle/internal/classloader/CachingClassLoader$Spec;.<clinit>()V> (0x000000008bc8a370) 
thrown [s\src\hotspot\share\prims\jni.cpp, line 1108]
Event: 136.218 Thread 0x00000239965243a0 Exception <a 'sun/nio/fs/WindowsException'{0x0000000089e22260}> (0x0000000089e22260) 
thrown [s\src\hotspot\share\prims\jni.cpp, line 517]
Event: 136.514 Thread 0x00000239965243a0 Exception <a 'sun/nio/fs/WindowsException'{0x000000008e1fda50}> (0x000000008e1fda50) 
thrown [s\src\hotspot\share\prims\jni.cpp, line 517]
Event: 136.543 Thread 0x00000239965243a0 Exception <a 'sun/nio/fs/WindowsException'{0x000000008e09fb30}> (0x000000008e09fb30) 
thrown [s\src\hotspot\share\prims\jni.cpp, line 517]
Event: 136.543 Thread 0x00000239965243a0 Exception <a 'sun/nio/fs/WindowsException'{0x000000008e0a0ea8}> (0x000000008e0a0ea8) 
thrown [s\src\hotspot\share\prims\jni.cpp, line 517]
Event: 136.543 Thread 0x00000239965243a0 Exception <a 'sun/nio/fs/WindowsException'{0x000000008e0a2270}> (0x000000008e0a2270) 
thrown [s\src\hotspot\share\prims\jni.cpp, line 517]
Event: 136.544 Thread 0x00000239965243a0 Exception <a 'sun/nio/fs/WindowsException'{0x000000008e0a3638}> (0x000000008e0a3638) 
thrown [s\src\hotspot\share\prims\jni.cpp, line 517]
Event: 138.358 Thread 0x0000023999aa8e00 Exception <a 'java/lang/InterruptedException'{0x000000008acf6cd0}> (0x000000008acf6cd0) 
thrown [s\src\hotspot\share\runtime\objectMonitor.cpp, line 1648]

VM Operations (20 events):
Event: 97.118 Executing VM operation: Cleanup
Event: 97.118 Executing VM operation: Cleanup done
Event: 102.121 Executing VM operation: Cleanup
Event: 102.121 Executing VM operation: Cleanup done
Event: 111.127 Executing VM operation: Cleanup
Event: 111.127 Executing VM operation: Cleanup done
Event: 116.130 Executing VM operation: Cleanup
Event: 116.131 Executing VM operation: Cleanup done
Event: 126.144 Executing VM operation: Cleanup
Event: 126.144 Executing VM operation: Cleanup done
Event: 135.714 Executing VM operation: ICBufferFull
Event: 135.716 Executing VM operation: ICBufferFull done
Event: 136.382 Executing VM operation: G1CollectForAllocation
Event: 136.400 Executing VM operation: G1CollectForAllocation done
Event: 136.719 Executing VM operation: ICBufferFull
Event: 136.720 Executing VM operation: ICBufferFull done
Event: 137.372 Executing VM operation: ICBufferFull
Event: 137.373 Executing VM operation: ICBufferFull done
Event: 137.697 Executing VM operation: ICBufferFull
Event: 137.697 Executing VM operation: ICBufferFull done

Events (20 events):
Event: 135.987 Thread 0x00000239959b3330 Thread added: 0x00000239959b3330
Event: 135.987 Thread 0x00000239959b07e0 Thread added: 0x00000239959b07e0
Event: 135.988 Thread 0x00000239959b2990 Thread added: 0x00000239959b2990
Event: 135.988 Thread 0x00000239959b2e60 Thread added: 0x00000239959b2e60
Event: 136.168 Thread 0x0000023998dde640 Thread added: 0x0000023998dde640
Event: 136.401 loading class sun/rmi/transport/DGCClient$EndpointEntry$CleanRequest
Event: 136.401 loading class sun/rmi/transport/DGCClient$EndpointEntry$CleanRequest done
Event: 136.411 Thread 0x00000239956f87f0 Thread exited: 0x00000239956f87f0
Event: 136.716 Thread 0x0000023999aa8930 Thread added: 0x0000023999aa8930
Event: 136.718 Thread 0x00000239992327e0 Thread added: 0x00000239992327e0
Event: 136.718 Thread 0x0000023999231e40 Thread added: 0x0000023999231e40
Event: 136.718 Thread 0x0000023999232310 Thread added: 0x0000023999232310
Event: 136.718 Thread 0x00000239992314a0 Thread added: 0x00000239992314a0
Event: 136.718 Thread 0x0000023999231970 Thread added: 0x0000023999231970
Event: 136.718 Thread 0x000002399b4b21d0 Thread added: 0x000002399b4b21d0
Event: 136.719 Thread 0x000002399b4ae810 Thread added: 0x000002399b4ae810
Event: 136.722 Thread 0x000002399b4b04f0 Thread added: 0x000002399b4b04f0
Event: 138.246 Thread 0x00000239965209e0 Thread added: 0x00000239965209e0
Event: 138.351 Thread 0x0000023999aa8e00 Thread added: 0x0000023999aa8e00
Event: 138.381 Thread 0x00000239959b3800 Thread added: 0x00000239959b3800


Dynamic libraries:
0x00007ff682780000 - 0x00007ff68278a000 	C:\Program Files\Android\Android Studio\jbr\bin\java.exe
0x00007ffdb46b0000 - 0x00007ffdb48a8000 	C:\WINDOWS\SYSTEM32\ntdll.dll
0x00007ffdb42c0000 - 0x00007ffdb437f000 	C:\WINDOWS\System32\KERNEL32.DLL
0x00007ffdb2120000 - 0x00007ffdb23fa000 	C:\WINDOWS\System32\KERNELBASE.dll
0x00007ffdb2610000 - 0x00007ffdb2710000 	C:\WINDOWS\System32\ucrtbase.dll
0x00007ffd9eaf0000 - 0x00007ffd9eb0b000 	C:\Program Files\Android\Android Studio\jbr\bin\VCRUNTIME140.dll
0x00007ffdac0c0000 - 0x00007ffdac0d7000 	C:\Program Files\Android\Android Studio\jbr\bin\jli.dll
0x00007ffdb4420000 - 0x00007ffdb45bd000 	C:\WINDOWS\System32\USER32.dll
0x00007ffdb1ec0000 - 0x00007ffdb1ee2000 	C:\WINDOWS\System32\win32u.dll
0x00007ffdb4290000 - 0x00007ffdb42bb000 	C:\WINDOWS\System32\GDI32.dll
0x00007ffdb2500000 - 0x00007ffdb2610000 	C:\WINDOWS\System32\gdi32full.dll
0x00007ffdb1f20000 - 0x00007ffdb1fbd000 	C:\WINDOWS\System32\msvcp_win.dll
0x00007ffd914b0000 - 0x00007ffd9174a000 	C:\WINDOWS\WinSxS\amd64_microsoft.windows.common-controls_6595b64144ccf1df_6.0.19041.1110_none_60b5254171f9507e\COMCTL32.dll
0x00007ffdb45c0000 - 0x00007ffdb465e000 	C:\WINDOWS\System32\msvcrt.dll
0x00007ffdb3ac0000 - 0x00007ffdb3af0000 	C:\WINDOWS\System32\IMM32.DLL
0x00007ffd8f8e0000 - 0x00007ffd8f8ec000 	C:\Program Files\Android\Android Studio\jbr\bin\vcruntime140_1.dll
0x00007ffd98650000 - 0x00007ffd986dd000 	C:\Program Files\Android\Android Studio\jbr\bin\msvcp140.dll
0x00007ffd55a90000 - 0x00007ffd566fd000 	C:\Program Files\Android\Android Studio\jbr\bin\server\jvm.dll
0x00007ffdb2c50000 - 0x00007ffdb2cfe000 	C:\WINDOWS\System32\ADVAPI32.dll
0x00007ffdb2bb0000 - 0x00007ffdb2c4c000 	C:\WINDOWS\System32\sechost.dll
0x00007ffdb3af0000 - 0x00007ffdb3c16000 	C:\WINDOWS\System32\RPCRT4.dll
0x00007ffda1290000 - 0x00007ffda1299000 	C:\WINDOWS\SYSTEM32\WSOCK32.dll
0x00007ffdac4f0000 - 0x00007ffdac4fa000 	C:\WINDOWS\SYSTEM32\VERSION.dll
0x00007ffda0b70000 - 0x00007ffda0b97000 	C:\WINDOWS\SYSTEM32\WINMM.dll
0x00007ffdb2d00000 - 0x00007ffdb2d6b000 	C:\WINDOWS\System32\WS2_32.dll
0x00007ffdb0660000 - 0x00007ffdb0672000 	C:\WINDOWS\SYSTEM32\kernel.appcore.dll
0x00007ffd8f8d0000 - 0x00007ffd8f8da000 	C:\Program Files\Android\Android Studio\jbr\bin\jimage.dll
0x00007ffdafb80000 - 0x00007ffdafd64000 	C:\WINDOWS\SYSTEM32\DBGHELP.DLL
0x00007ffda92a0000 - 0x00007ffda92d4000 	C:\WINDOWS\SYSTEM32\dbgcore.DLL
0x00007ffdb1e30000 - 0x00007ffdb1eb2000 	C:\WINDOWS\System32\bcryptPrimitives.dll
0x00007ffd82970000 - 0x00007ffd82995000 	C:\Program Files\Android\Android Studio\jbr\bin\java.dll
0x00007ffd8efa0000 - 0x00007ffd8efb8000 	C:\Program Files\Android\Android Studio\jbr\bin\zip.dll
0x00007ffdb3370000 - 0x00007ffdb3ab4000 	C:\WINDOWS\System32\SHELL32.dll
0x00007ffdafe60000 - 0x00007ffdb05f3000 	C:\WINDOWS\SYSTEM32\windows.storage.dll
0x00007ffdb3e30000 - 0x00007ffdb4184000 	C:\WINDOWS\System32\combase.dll
0x00007ffdb1820000 - 0x00007ffdb184e000 	C:\WINDOWS\SYSTEM32\Wldp.dll
0x00007ffdb2710000 - 0x00007ffdb27bd000 	C:\WINDOWS\System32\SHCORE.dll
0x00007ffdb3dd0000 - 0x00007ffdb3e25000 	C:\WINDOWS\System32\shlwapi.dll
0x00007ffdb1d00000 - 0x00007ffdb1d1f000 	C:\WINDOWS\SYSTEM32\profapi.dll
0x00007ffd8b000000 - 0x00007ffd8b019000 	C:\Program Files\Android\Android Studio\jbr\bin\net.dll
0x00007ffda9c80000 - 0x00007ffda9d8a000 	C:\WINDOWS\SYSTEM32\WINHTTP.dll
0x00007ffdb1580000 - 0x00007ffdb15ea000 	C:\WINDOWS\system32\mswsock.dll
0x00007ffd84d50000 - 0x00007ffd84d66000 	C:\Program Files\Android\Android Studio\jbr\bin\nio.dll
0x00007ffd88eb0000 - 0x00007ffd88ec0000 	C:\Program Files\Android\Android Studio\jbr\bin\verify.dll
0x00007ffdac0e0000 - 0x00007ffdac107000 	C:\Users\thang\.gradle\native\e1d6ef7f7dcc3fd88c89a11ec53ec762bb8ba0a96d01ffa2cd45eb1d1d8dd5c5\windows-amd64\native-platform.dll
0x00007ffd8f000000 - 0x00007ffd8f144000 	C:\Users\thang\.gradle\native\0d407fdbe67a94daf76414ababcb853783967236a71b16ec16e742cd7a986fd3\windows-amd64\native-platform-file-events.dll
0x00007ffd8f260000 - 0x00007ffd8f269000 	C:\Program Files\Android\Android Studio\jbr\bin\management.dll
0x00007ffd8d490000 - 0x00007ffd8d49b000 	C:\Program Files\Android\Android Studio\jbr\bin\management_ext.dll
0x00007ffdb2ba0000 - 0x00007ffdb2ba8000 	C:\WINDOWS\System32\PSAPI.DLL
0x00007ffdb1780000 - 0x00007ffdb1798000 	C:\WINDOWS\SYSTEM32\CRYPTSP.dll
0x00007ffdb0e30000 - 0x00007ffdb0e64000 	C:\WINDOWS\system32\rsaenh.dll
0x00007ffdb1ef0000 - 0x00007ffdb1f17000 	C:\WINDOWS\System32\bcrypt.dll
0x00007ffdb1cc0000 - 0x00007ffdb1cee000 	C:\WINDOWS\SYSTEM32\USERENV.dll
0x00007ffdb1770000 - 0x00007ffdb177c000 	C:\WINDOWS\SYSTEM32\CRYPTBASE.dll
0x00007ffdb1220000 - 0x00007ffdb125c000 	C:\WINDOWS\SYSTEM32\IPHLPAPI.DLL
0x00007ffdb4660000 - 0x00007ffdb4668000 	C:\WINDOWS\System32\NSI.dll
0x00007ffdaa1a0000 - 0x00007ffdaa1b7000 	C:\WINDOWS\SYSTEM32\dhcpcsvc6.DLL
0x00007ffdaa760000 - 0x00007ffdaa77d000 	C:\WINDOWS\SYSTEM32\dhcpcsvc.DLL
0x00007ffdb1260000 - 0x00007ffdb132b000 	C:\WINDOWS\SYSTEM32\DNSAPI.dll
0x00007ffd88fc0000 - 0x00007ffd88fc7000 	C:\WINDOWS\system32\wshunix.dll
0x00007ffda24a0000 - 0x00007ffda24aa000 	C:\Windows\System32\rasadhlp.dll
0x00007ffda24e0000 - 0x00007ffda2560000 	C:\WINDOWS\System32\fwpuclnt.dll
0x00007ffd82000000 - 0x00007ffd82017000 	C:\WINDOWS\system32\napinsp.dll
0x00007ffd81480000 - 0x00007ffd8149b000 	C:\WINDOWS\system32\pnrpnsp.dll
0x00007ffd8d470000 - 0x00007ffd8d485000 	C:\WINDOWS\system32\wshbth.dll
0x00007ffdabf50000 - 0x00007ffdabf6d000 	C:\WINDOWS\system32\NLAapi.dll
0x00007ffd81460000 - 0x00007ffd81472000 	C:\WINDOWS\System32\winrnr.dll
0x00007ffdad900000 - 0x00007ffdad91e000 	C:\Users\thang\AppData\Local\Temp\native-platform13239386584355283327dir\native-platform.dll
0x00007ffdad8f0000 - 0x00007ffdad8f7000 	C:\Program Files\Android\Android Studio\jbr\bin\rmi.dll

dbghelp: loaded successfully - version: 4.0.5 - missing functions: none
symbol engine: initialized successfully - sym options: 0x614 - pdb path: .;C:\Program Files\Android\Android Studio\jbr\bin;C:\WINDOWS\SYSTEM32;C:\WINDOWS\WinSxS\amd64_microsoft.windows.common-controls_6595b64144ccf1df_6.0.19041.1110_none_60b5254171f9507e;C:\Program Files\Android\Android Studio\jbr\bin\server;C:\Users\thang\.gradle\native\e1d6ef7f7dcc3fd88c89a11ec53ec762bb8ba0a96d01ffa2cd45eb1d1d8dd5c5\windows-amd64;C:\Users\thang\.gradle\native\0d407fdbe67a94daf76414ababcb853783967236a71b16ec16e742cd7a986fd3\windows-amd64;C:\Users\thang\AppData\Local\Temp\native-platform13239386584355283327dir

VM Arguments:
jvm_args: --add-opens=java.base/java.util=ALL-UNNAMED --add-opens=java.base/java.lang=ALL-UNNAMED --add-opens=java.base/java.lang.invoke=ALL-UNNAMED --add-opens=java.base/java.util=ALL-UNNAMED --add-opens=java.prefs/java.util.prefs=ALL-UNNAMED --add-opens=java.prefs/java.util.prefs=ALL-UNNAMED --add-opens=java.base/java.nio.charset=ALL-UNNAMED --add-opens=java.base/java.net=ALL-UNNAMED --add-opens=java.base/java.util.concurrent.atomic=ALL-UNNAMED -Xmx2048m -Dfile.encoding=UTF-8 -Duser.country=US -Duser.language=en -Duser.variant 
java_command: org.gradle.launcher.daemon.bootstrap.GradleDaemon 7.5
java_class_path (initial): C:\Users\thang\.gradle\wrapper\dists\gradle-7.5-bin\f1w0cc9nuo0eivz97x2xlu9sv\gradle-7.5\lib\gradle-launcher-7.5.jar
Launcher Type: SUN_STANDARD

[Global flags]
     intx CICompilerCount                          = 4                                         {product} {ergonomic}
     uint ConcGCThreads                            = 2                                         {product} {ergonomic}
     uint G1ConcRefinementThreads                  = 8                                         {product} {ergonomic}
   size_t G1HeapRegionSize                         = 1048576                                   {product} {ergonomic}
    uintx GCDrainStackTargetSize                   = 64                                        {product} {ergonomic}
   size_t InitialHeapSize                          = 134217728                                 {product} {ergonomic}
   size_t MarkStackSize                            = 4194304                                   {product} {ergonomic}
   size_t MaxHeapSize                              = 2147483648                                {product} {command line}
   size_t MaxNewSize                               = 1287651328                                {product} {ergonomic}
   size_t MinHeapDeltaBytes                        = 1048576                                   {product} {ergonomic}
   size_t MinHeapSize                              = 8388608                                   {product} {ergonomic}
    uintx NonNMethodCodeHeapSize                   = 5839372                                {pd product} {ergonomic}
    uintx NonProfiledCodeHeapSize                  = 122909434                              {pd product} {ergonomic}
    uintx ProfiledCodeHeapSize                     = 122909434                              {pd product} {ergonomic}
    uintx ReservedCodeCacheSize                    = 251658240                              {pd product} {ergonomic}
     bool SegmentedCodeCache                       = true                                      {product} {ergonomic}
   size_t SoftMaxHeapSize                          = 2147483648                             {manageable} {ergonomic}
     bool UseCompressedClassPointers               = true                           {product lp64_product} {ergonomic}
     bool UseCompressedOops                        = true                           {product lp64_product} {ergonomic}
     bool UseG1GC                                  = true                                      {product} {ergonomic}
     bool UseLargePagesIndividualAllocation        = false                                  {pd product} {ergonomic}

Logging:
Log output configuration:
 #0: stdout all=warning uptime,level,tags
 #1: stderr all=off uptime,level,tags

Environment Variables:
PATH=C:\WINDOWS\system32;C:\WINDOWS;C:\WINDOWS\System32\Wbem;C:\WINDOWS\System32\WindowsPowerShell\v1.0\;C:\WINDOWS\System32\OpenSSH\;D:\Git\cmd;C:\Users\thang\AppData\Local\Microsoft\WindowsApps;
USERNAME=thang
OS=Windows_NT
PROCESSOR_IDENTIFIER=Intel64 Family 6 Model 142 Stepping 11, GenuineIntel
TMP=C:\Users\thang\AppData\Local\Temp
TEMP=C:\Users\thang\AppData\Local\Temp



---------------  S Y S T E M  ---------------

OS:
 Windows 10 , 64 bit Build 19041 (10.0.19041.2788)
OS uptime: 0 days 1:01 hours

CPU: total 8 (initial active 8) (4 cores per cpu, 2 threads per core) family 6 model 142 stepping 11 microcode 0xae, cx8, cmov, fxsr, ht, mmx, 3dnowpref, sse, sse2, sse3, ssse3, sse4.1, sse4.2, popcnt, lzcnt, tsc, tscinvbit, avx, avx2, aes, erms, clmul, bmi1, bmi2, adx, fma, vzeroupper, clflush, clflushopt

Memory: 4k page, system-wide physical 8078M (685M free)
TotalPageFile size 8110M (AvailPageFile size 316M)
current process WorkingSet (physical memory assigned to process): 491M, peak: 511M
current process commit charge ("private bytes"): 555M, peak: 559M

vm_info: OpenJDK 64-Bit Server VM (17.0.6+0-b2043.56-9586694) for windows-amd64 JRE (17.0.6+0-b2043.56-9586694), built on Feb  9 2023 20:06:20 by "androidbuild" with MS VC++ 16.10 / 16.11 (VS2019)

END.
