#
# There is insufficient memory for the Java Runtime Environment to continue.
# Native memory allocation (mmap) failed to map 133169152 bytes for G1 virtual space
# Possible reasons:
#   The system is out of physical RAM or swap space
#   The process is running with CompressedOops enabled, and the Java Heap may be blocking the growth of the native heap
# Possible solutions:
#   Reduce memory load on the system
#   Increase physical memory or swap space
#   Check if swap backing store is full
#   Decrease Java heap size (-Xmx/-Xms)
#   Decrease number of Java threads
#   Decrease Java thread stack sizes (-Xss)
#   Set larger code cache with -XX:ReservedCodeCacheSize=
#   JVM is running with Unscaled Compressed Oops mode in which the Java heap is
#     placed in the first 4GB address space. The Java Heap base address is the
#     maximum limit for the native heap growth. Please use -XX:HeapBaseMinAddress
#     to set the Java Heap base and to place the Java Heap above 4GB virtual address.
# This output file may be truncated or incomplete.
#
#  Out of Memory Error (os_windows.cpp:3769), pid=7048, tid=5128
#
# JRE version: OpenJDK Runtime Environment (17.0.6) (build 17.0.6+0-b2043.56-9586694)
# Java VM: OpenJDK 64-Bit Server VM (17.0.6+0-b2043.56-9586694, mixed mode, tiered, compressed oops, compressed class ptrs, g1 gc, windows-amd64)
# No core dump will be written. Minidumps are not enabled by default on client versions of Windows
#

---------------  S U M M A R Y ------------

Command Line: org.jetbrains.kotlin.cli.jvm.K2JVMCompiler @C:\Users\thang\Downloads\software\social_network_app-main\social_network_app-main\app\build\20230426_3327336241387611900.compiler.options

Host: Intel(R) Core(TM) i7-8565U CPU @ 1.80GHz, 8 cores, 7G,  Windows 10 , 64 bit Build 19041 (10.0.19041.2788)
Time: Wed Apr 26 09:04:15 2023 SE Asia Standard Time elapsed time: 17.422309 seconds (0d 0h 0m 17s)

---------------  T H R E A D  ---------------

Current thread (0x000001df7717f640):  VMThread "VM Thread" [stack: 0x000000c77a800000,0x000000c77a900000] [id=5128]

Stack: [0x000000c77a800000,0x000000c77a900000]
Native frames: (J=compiled Java code, j=interpreted, Vv=VM code, C=native code)
V  [jvm.dll+0x683b4a]
V  [jvm.dll+0x842654]
V  [jvm.dll+0x843dfe]
V  [jvm.dll+0x844463]
V  [jvm.dll+0x249b75]
V  [jvm.dll+0x680a19]
V  [jvm.dll+0x674f0a]
V  [jvm.dll+0x309acb]
V  [jvm.dll+0x310f86]
V  [jvm.dll+0x3608ee]
V  [jvm.dll+0x360b1f]
V  [jvm.dll+0x2dfbf8]
V  [jvm.dll+0x2ddec4]
V  [jvm.dll+0x2dd4cc]
V  [jvm.dll+0x321f3b]
V  [jvm.dll+0x84893b]
V  [jvm.dll+0x849674]
V  [jvm.dll+0x849b8d]
V  [jvm.dll+0x849f64]
V  [jvm.dll+0x84a030]
V  [jvm.dll+0x7f25fa]
V  [jvm.dll+0x682985]
C  [ucrtbase.dll+0x21bb2]
C  [KERNEL32.DLL+0x17604]
C  [ntdll.dll+0x526a1]

VM_Operation (0x000000c77a2fd8f0): G1CollectForAllocation, mode: safepoint, requested by thread 0x000001df5d3e6840


---------------  P R O C E S S  ---------------

Threads class SMR info:
_java_thread_list=0x000001df7c2344e0, length=14, elements={
0x000001df5d3e6840, 0x000001df77182350, 0x000001df77182dd0, 0x000001df77c23000,
0x000001df77c235d0, 0x000001df77c25ca0, 0x000001df77c2a270, 0x000001df77c2ab60,
0x000001df77c68530, 0x000001df77c73140, 0x000001df77dbd530, 0x000001df77dc9e80,
0x000001df7902a9e0, 0x000001df79029ab0
}

Java Threads: ( => current thread )
  0x000001df5d3e6840 JavaThread "main" [_thread_blocked, id=12848, stack(0x000000c77a200000,0x000000c77a300000)]
  0x000001df77182350 JavaThread "Reference Handler" daemon [_thread_blocked, id=5980, stack(0x000000c77a900000,0x000000c77aa00000)]
  0x000001df77182dd0 JavaThread "Finalizer" daemon [_thread_blocked, id=11844, stack(0x000000c77aa00000,0x000000c77ab00000)]
  0x000001df77c23000 JavaThread "Signal Dispatcher" daemon [_thread_blocked, id=7196, stack(0x000000c77ab00000,0x000000c77ac00000)]
  0x000001df77c235d0 JavaThread "Attach Listener" daemon [_thread_blocked, id=1992, stack(0x000000c77ac00000,0x000000c77ad00000)]
  0x000001df77c25ca0 JavaThread "Service Thread" daemon [_thread_blocked, id=12396, stack(0x000000c77ad00000,0x000000c77ae00000)]
  0x000001df77c2a270 JavaThread "Monitor Deflation Thread" daemon [_thread_blocked, id=8500, stack(0x000000c77ae00000,0x000000c77af00000)]
  0x000001df77c2ab60 JavaThread "C2 CompilerThread0" daemon [_thread_blocked, id=8684, stack(0x000000c77af00000,0x000000c77b000000)]
  0x000001df77c68530 JavaThread "C1 CompilerThread0" daemon [_thread_blocked, id=8512, stack(0x000000c77b000000,0x000000c77b100000)]
  0x000001df77c73140 JavaThread "Sweeper thread" daemon [_thread_blocked, id=11832, stack(0x000000c77b100000,0x000000c77b200000)]
  0x000001df77dbd530 JavaThread "Notification Thread" daemon [_thread_blocked, id=13160, stack(0x000000c77b200000,0x000000c77b300000)]
  0x000001df77dc9e80 JavaThread "Common-Cleaner" daemon [_thread_blocked, id=4792, stack(0x000000c77b400000,0x000000c77b500000)]
  0x000001df7902a9e0 JavaThread "C2 CompilerThread1" daemon [_thread_blocked, id=9044, stack(0x000000c77b500000,0x000000c77b600000)]
  0x000001df79029ab0 JavaThread "C2 CompilerThread2" daemon [_thread_blocked, id=8984, stack(0x000000c77bf00000,0x000000c77c000000)]

Other Threads:
=>0x000001df7717f640 VMThread "VM Thread" [stack: 0x000000c77a800000,0x000000c77a900000] [id=5128]
  0x000001df5d473f40 WatcherThread [stack: 0x000000c77b300000,0x000000c77b400000] [id=8584]
  0x000001df5d443e30 GCTaskThread "GC Thread#0" [stack: 0x000000c77a300000,0x000000c77a400000] [id=6520]
  0x000001df78375710 GCTaskThread "GC Thread#1" [stack: 0x000000c77b600000,0x000000c77b700000] [id=2904]
  0x000001df783e03f0 GCTaskThread "GC Thread#2" [stack: 0x000000c77b700000,0x000000c77b800000] [id=5732]
  0x000001df783959a0 GCTaskThread "GC Thread#3" [stack: 0x000000c77b800000,0x000000c77b900000] [id=6168]
  0x000001df78395c50 GCTaskThread "GC Thread#4" [stack: 0x000000c77b900000,0x000000c77ba00000] [id=9696]
  0x000001df791a2850 GCTaskThread "GC Thread#5" [stack: 0x000000c77ba00000,0x000000c77bb00000] [id=8856]
  0x000001df791a35c0 GCTaskThread "GC Thread#6" [stack: 0x000000c77bb00000,0x000000c77bc00000] [id=5288]
  0x000001df791a22f0 GCTaskThread "GC Thread#7" [stack: 0x000000c77bc00000,0x000000c77bd00000] [id=11184]
  0x000001df5d4549f0 ConcurrentGCThread "G1 Main Marker" [stack: 0x000000c77a400000,0x000000c77a500000] [id=9056]
  0x000001df5d455ba0 ConcurrentGCThread "G1 Conc#0" [stack: 0x000000c77a500000,0x000000c77a600000] [id=10972]
  0x000001df791a3060 ConcurrentGCThread "G1 Conc#1" [stack: 0x000000c77bd00000,0x000000c77be00000] [id=3624]
  0x000001df5d4bd4f0 ConcurrentGCThread "G1 Refine#0" [stack: 0x000000c77a600000,0x000000c77a700000] [id=5560]
  0x000001df79622060 ConcurrentGCThread "G1 Refine#1" [stack: 0x000000c77be00000,0x000000c77bf00000] [id=2136]
  0x000001df5d4beb30 ConcurrentGCThread "G1 Service" [stack: 0x000000c77a700000,0x000000c77a800000] [id=13140]

Threads with active compile tasks:
C2 CompilerThread0    17454 12655       4       org.jetbrains.kotlin.ir.util.IrFakeOverrideUtilsKt::collectRealOverrides (172 bytes)
C1 CompilerThread0    17454 12658       3       org.jetbrains.kotlin.backend.jvm.lower.AddContinuationLowering$addContinuationObjectAndContinuationParameterToSuspendFunctions$1::visitCall (10 bytes)
C2 CompilerThread1    17454 12392       4       org.jetbrains.kotlin.backend.jvm.caches.BridgeLoweringCache::canHaveSpecialBridge (152 bytes)
C2 CompilerThread2    17454 12653       4       org.jetbrains.kotlin.ir.util.IrFakeOverrideUtilsKt::resolveFakeOverrideOrNull (240 bytes)

VM state: at safepoint (normal execution)

VM Mutex/Monitor currently owned by a thread:  ([mutex/lock_event])
[0x000001df5d3e1850] Threads_lock - owner thread: 0x000001df7717f640
[0x000001df5d3e1df0] Heap_lock - owner thread: 0x000001df5d3e6840

Heap address: 0x0000000081c00000, size: 2020 MB, Compressed Oops mode: 32-bit

CDS archive(s) not mapped
Compressed class space mapped at: 0x0000000100000000-0x0000000140000000, reserved size: 1073741824
Narrow klass base: 0x0000000000000000, Narrow klass shift: 3, Narrow klass range: 0x140000000

GC Precious Log:
 CPUs: 8 total, 8 available
 Memory: 8078M
 Large Page Support: Disabled
 NUMA Support: Disabled
 Compressed Oops: Enabled (32-bit)
 Heap Region Size: 1M
 Heap Min Capacity: 8M
 Heap Initial Capacity: 128M
 Heap Max Capacity: 2020M
 Pre-touch: Disabled
 Parallel Workers: 8
 Concurrent Workers: 2
 Concurrent Refinement Workers: 8
 Periodic GC: Disabled

Heap:
 garbage-first heap   total 137216K, used 79561K [0x0000000081c00000, 0x0000000100000000)
  region size 1024K, 1 young (1024K), 1 survivors (1024K)
 Metaspace       used 83080K, committed 83392K, reserved 1130496K
  class space    used 9488K, committed 9600K, reserved 1048576K

Heap Regions: E=young(eden), S=young(survivor), O=old, HS=humongous(starts), HC=humongous(continues), CS=collection set, F=free, OA=open archive, CA=closed archive, TAMS=top-at-mark-start (previous, next)
|   0|0x0000000081c00000, 0x0000000081d00000, 0x0000000081d00000|100%|HS|  |TAMS 0x0000000081d00000, 0x0000000081d00000| Complete 
|   1|0x0000000081d00000, 0x0000000081e00000, 0x0000000081e00000|100%|HC|  |TAMS 0x0000000081e00000, 0x0000000081e00000| Complete 
|   2|0x0000000081e00000, 0x0000000081f00000, 0x0000000081f00000|100%|HC|  |TAMS 0x0000000081f00000, 0x0000000081f00000| Complete 
|   3|0x0000000081f00000, 0x0000000082000000, 0x0000000082000000|100%|HC|  |TAMS 0x0000000082000000, 0x0000000082000000| Complete 
|   4|0x0000000082000000, 0x0000000082100000, 0x0000000082100000|100%| O|  |TAMS 0x0000000082100000, 0x0000000082100000| Untracked 
|   5|0x0000000082100000, 0x0000000082200000, 0x0000000082200000|100%| O|  |TAMS 0x0000000082200000, 0x0000000082200000| Untracked 
|   6|0x0000000082200000, 0x0000000082300000, 0x0000000082300000|100%| O|  |TAMS 0x0000000082300000, 0x0000000082300000| Untracked 
|   7|0x0000000082300000, 0x0000000082400000, 0x0000000082400000|100%|HS|  |TAMS 0x0000000082400000, 0x0000000082400000| Complete 
|   8|0x0000000082400000, 0x0000000082500000, 0x0000000082500000|100%|HC|  |TAMS 0x0000000082500000, 0x0000000082500000| Complete 
|   9|0x0000000082500000, 0x0000000082600000, 0x0000000082600000|100%|HC|  |TAMS 0x0000000082600000, 0x0000000082600000| Complete 
|  10|0x0000000082600000, 0x0000000082700000, 0x0000000082700000|100%|HC|  |TAMS 0x0000000082700000, 0x0000000082700000| Complete 
|  11|0x0000000082700000, 0x0000000082800000, 0x0000000082800000|100%| O|  |TAMS 0x0000000082800000, 0x0000000082800000| Untracked 
|  12|0x0000000082800000, 0x0000000082900000, 0x0000000082900000|100%| O|  |TAMS 0x0000000082900000, 0x0000000082900000| Untracked 
|  13|0x0000000082900000, 0x0000000082a00000, 0x0000000082a00000|100%| O|  |TAMS 0x0000000082a00000, 0x0000000082a00000| Untracked 
|  14|0x0000000082a00000, 0x0000000082b00000, 0x0000000082b00000|100%| O|  |TAMS 0x0000000082b00000, 0x0000000082b00000| Untracked 
|  15|0x0000000082b00000, 0x0000000082c00000, 0x0000000082c00000|100%| O|  |TAMS 0x0000000082c00000, 0x0000000082c00000| Untracked 
|  16|0x0000000082c00000, 0x0000000082d00000, 0x0000000082d00000|100%| O|  |TAMS 0x0000000082d00000, 0x0000000082d00000| Untracked 
|  17|0x0000000082d00000, 0x0000000082e00000, 0x0000000082e00000|100%| O|  |TAMS 0x0000000082e00000, 0x0000000082e00000| Untracked 
|  18|0x0000000082e00000, 0x0000000082f00000, 0x0000000082f00000|100%| O|  |TAMS 0x0000000082f00000, 0x0000000082f00000| Untracked 
|  19|0x0000000082f00000, 0x0000000083000000, 0x0000000083000000|100%| O|  |TAMS 0x0000000083000000, 0x0000000083000000| Untracked 
|  20|0x0000000083000000, 0x0000000083100000, 0x0000000083100000|100%| O|  |TAMS 0x0000000083100000, 0x0000000083100000| Untracked 
|  21|0x0000000083100000, 0x0000000083200000, 0x0000000083200000|100%| O|  |TAMS 0x0000000083200000, 0x0000000083200000| Untracked 
|  22|0x0000000083200000, 0x0000000083300000, 0x0000000083300000|100%| O|  |TAMS 0x0000000083300000, 0x0000000083300000| Untracked 
|  23|0x0000000083300000, 0x0000000083400000, 0x0000000083400000|100%| O|  |TAMS 0x0000000083400000, 0x0000000083400000| Untracked 
|  24|0x0000000083400000, 0x0000000083500000, 0x0000000083500000|100%| O|  |TAMS 0x0000000083500000, 0x0000000083500000| Untracked 
|  25|0x0000000083500000, 0x0000000083600000, 0x0000000083600000|100%| O|  |TAMS 0x0000000083600000, 0x0000000083600000| Untracked 
|  26|0x0000000083600000, 0x0000000083700000, 0x0000000083700000|100%|HS|  |TAMS 0x0000000083700000, 0x0000000083700000| Complete 
|  27|0x0000000083700000, 0x0000000083800000, 0x0000000083800000|100%|HC|  |TAMS 0x0000000083800000, 0x0000000083800000| Complete 
|  28|0x0000000083800000, 0x0000000083900000, 0x0000000083900000|100%| O|  |TAMS 0x0000000083900000, 0x0000000083900000| Untracked 
|  29|0x0000000083900000, 0x0000000083a00000, 0x0000000083a00000|100%| O|  |TAMS 0x0000000083a00000, 0x0000000083a00000| Untracked 
|  30|0x0000000083a00000, 0x0000000083b00000, 0x0000000083b00000|100%| O|  |TAMS 0x0000000083b00000, 0x0000000083b00000| Untracked 
|  31|0x0000000083b00000, 0x0000000083c00000, 0x0000000083c00000|100%| O|  |TAMS 0x0000000083c00000, 0x0000000083c00000| Untracked 
|  32|0x0000000083c00000, 0x0000000083d00000, 0x0000000083d00000|100%| O|  |TAMS 0x0000000083d00000, 0x0000000083d00000| Untracked 
|  33|0x0000000083d00000, 0x0000000083e00000, 0x0000000083e00000|100%| O|  |TAMS 0x0000000083e00000, 0x0000000083e00000| Untracked 
|  34|0x0000000083e00000, 0x0000000083f00000, 0x0000000083f00000|100%| O|  |TAMS 0x0000000083f00000, 0x0000000083f00000| Untracked 
|  35|0x0000000083f00000, 0x0000000084000000, 0x0000000084000000|100%| O|  |TAMS 0x0000000084000000, 0x0000000084000000| Untracked 
|  36|0x0000000084000000, 0x0000000084100000, 0x0000000084100000|100%| O|  |TAMS 0x0000000084100000, 0x0000000084100000| Untracked 
|  37|0x0000000084100000, 0x0000000084200000, 0x0000000084200000|100%| O|  |TAMS 0x0000000084200000, 0x0000000084200000| Untracked 
|  38|0x0000000084200000, 0x0000000084300000, 0x0000000084300000|100%| O|  |TAMS 0x0000000084300000, 0x0000000084300000| Untracked 
|  39|0x0000000084300000, 0x0000000084400000, 0x0000000084400000|100%| O|  |TAMS 0x0000000084400000, 0x0000000084400000| Untracked 
|  40|0x0000000084400000, 0x0000000084500000, 0x0000000084500000|100%| O|  |TAMS 0x0000000084500000, 0x0000000084500000| Untracked 
|  41|0x0000000084500000, 0x0000000084600000, 0x0000000084600000|100%| O|  |TAMS 0x0000000084600000, 0x0000000084600000| Untracked 
|  42|0x0000000084600000, 0x0000000084700000, 0x0000000084700000|100%| O|  |TAMS 0x0000000084700000, 0x0000000084700000| Untracked 
|  43|0x0000000084700000, 0x0000000084800000, 0x0000000084800000|100%| O|  |TAMS 0x0000000084800000, 0x0000000084800000| Untracked 
|  44|0x0000000084800000, 0x0000000084900000, 0x0000000084900000|100%| O|  |TAMS 0x0000000084900000, 0x0000000084900000| Untracked 
|  45|0x0000000084900000, 0x0000000084a00000, 0x0000000084a00000|100%| O|  |TAMS 0x0000000084a00000, 0x0000000084a00000| Untracked 
|  46|0x0000000084a00000, 0x0000000084b00000, 0x0000000084b00000|100%| O|  |TAMS 0x0000000084b00000, 0x0000000084b00000| Untracked 
|  47|0x0000000084b00000, 0x0000000084c00000, 0x0000000084c00000|100%| O|  |TAMS 0x0000000084c00000, 0x0000000084c00000| Untracked 
|  48|0x0000000084c00000, 0x0000000084d00000, 0x0000000084d00000|100%| O|  |TAMS 0x0000000084d00000, 0x0000000084d00000| Untracked 
|  49|0x0000000084d00000, 0x0000000084d00000, 0x0000000084e00000|  0%| F|  |TAMS 0x0000000084d00000, 0x0000000084d00000| Untracked 
|  50|0x0000000084e00000, 0x0000000084f00000, 0x0000000084f00000|100%| O|  |TAMS 0x0000000084f00000, 0x0000000084f00000| Untracked 
|  51|0x0000000084f00000, 0x0000000085000000, 0x0000000085000000|100%| O|  |TAMS 0x0000000085000000, 0x0000000085000000| Untracked 
|  52|0x0000000085000000, 0x0000000085100000, 0x0000000085100000|100%| O|  |TAMS 0x0000000085100000, 0x0000000085100000| Untracked 
|  53|0x0000000085100000, 0x0000000085200000, 0x0000000085200000|100%| O|  |TAMS 0x0000000085200000, 0x0000000085200000| Untracked 
|  54|0x0000000085200000, 0x0000000085300000, 0x0000000085300000|100%| O|  |TAMS 0x0000000085300000, 0x0000000085300000| Untracked 
|  55|0x0000000085300000, 0x0000000085400000, 0x0000000085400000|100%| O|  |TAMS 0x0000000085400000, 0x0000000085400000| Untracked 
|  56|0x0000000085400000, 0x0000000085500000, 0x0000000085500000|100%| O|  |TAMS 0x0000000085500000, 0x0000000085500000| Untracked 
|  57|0x0000000085500000, 0x0000000085600000, 0x0000000085600000|100%| O|  |TAMS 0x0000000085600000, 0x0000000085600000| Untracked 
|  58|0x0000000085600000, 0x0000000085700000, 0x0000000085700000|100%| O|  |TAMS 0x0000000085700000, 0x0000000085700000| Untracked 
|  59|0x0000000085700000, 0x0000000085800000, 0x0000000085800000|100%| O|  |TAMS 0x0000000085800000, 0x0000000085800000| Untracked 
|  60|0x0000000085800000, 0x0000000085900000, 0x0000000085900000|100%| O|  |TAMS 0x0000000085900000, 0x0000000085900000| Untracked 
|  61|0x0000000085900000, 0x0000000085a00000, 0x0000000085a00000|100%| O|  |TAMS 0x0000000085a00000, 0x0000000085a00000| Untracked 
|  62|0x0000000085a00000, 0x0000000085b00000, 0x0000000085b00000|100%| O|  |TAMS 0x0000000085b00000, 0x0000000085b00000| Untracked 
|  63|0x0000000085b00000, 0x0000000085c00000, 0x0000000085c00000|100%| O|  |TAMS 0x0000000085b00000, 0x0000000085c00000| Untracked 
|  64|0x0000000085c00000, 0x0000000085d00000, 0x0000000085d00000|100%| O|  |TAMS 0x0000000085c00000, 0x0000000085d00000| Untracked 
|  65|0x0000000085d00000, 0x0000000085e00000, 0x0000000085e00000|100%| O|  |TAMS 0x0000000085d00000, 0x0000000085e00000| Untracked 
|  66|0x0000000085e00000, 0x0000000085f00000, 0x0000000085f00000|100%| O|  |TAMS 0x0000000085e00000, 0x0000000085f00000| Untracked 
|  67|0x0000000085f00000, 0x0000000086000000, 0x0000000086000000|100%| O|  |TAMS 0x0000000085f00000, 0x0000000086000000| Untracked 
|  68|0x0000000086000000, 0x0000000086100000, 0x0000000086100000|100%| O|  |TAMS 0x0000000086000000, 0x0000000086100000| Untracked 
|  69|0x0000000086100000, 0x0000000086200000, 0x0000000086200000|100%| O|  |TAMS 0x0000000086100000, 0x0000000086200000| Untracked 
|  70|0x0000000086200000, 0x0000000086300000, 0x0000000086300000|100%| O|  |TAMS 0x0000000086200000, 0x0000000086300000| Untracked 
|  71|0x0000000086300000, 0x0000000086400000, 0x0000000086400000|100%| O|  |TAMS 0x0000000086300000, 0x0000000086400000| Untracked 
|  72|0x0000000086400000, 0x0000000086500000, 0x0000000086500000|100%| O|  |TAMS 0x0000000086400000, 0x0000000086500000| Untracked 
|  73|0x0000000086500000, 0x0000000086600000, 0x0000000086600000|100%| O|  |TAMS 0x0000000086500000, 0x0000000086600000| Untracked 
|  74|0x0000000086600000, 0x0000000086700000, 0x0000000086700000|100%| O|  |TAMS 0x0000000086600000, 0x0000000086700000| Untracked 
|  75|0x0000000086700000, 0x0000000086800000, 0x0000000086800000|100%| O|  |TAMS 0x0000000086700000, 0x0000000086800000| Untracked 
|  76|0x0000000086800000, 0x0000000086900000, 0x0000000086900000|100%| O|  |TAMS 0x0000000086800000, 0x0000000086900000| Untracked 
|  77|0x0000000086900000, 0x00000000869ff000, 0x0000000086a00000| 99%| O|  |TAMS 0x0000000086900000, 0x00000000869ff000| Untracked 
|  78|0x0000000086a00000, 0x0000000086a00000, 0x0000000086b00000|  0%| F|  |TAMS 0x0000000086a00000, 0x0000000086a00000| Untracked 
|  79|0x0000000086b00000, 0x0000000086b00000, 0x0000000086c00000|  0%| F|  |TAMS 0x0000000086b00000, 0x0000000086b00000| Untracked 
|  80|0x0000000086c00000, 0x0000000086c00000, 0x0000000086d00000|  0%| F|  |TAMS 0x0000000086c00000, 0x0000000086c00000| Untracked 
|  81|0x0000000086d00000, 0x0000000086d00000, 0x0000000086e00000|  0%| F|  |TAMS 0x0000000086d00000, 0x0000000086d00000| Untracked 
|  82|0x0000000086e00000, 0x0000000086e00000, 0x0000000086f00000|  0%| F|  |TAMS 0x0000000086e00000, 0x0000000086e00000| Untracked 
|  83|0x0000000086f00000, 0x0000000086f00000, 0x0000000087000000|  0%| F|  |TAMS 0x0000000086f00000, 0x0000000086f00000| Untracked 
|  84|0x0000000087000000, 0x0000000087000000, 0x0000000087100000|  0%| F|  |TAMS 0x0000000087000000, 0x0000000087000000| Untracked 
|  85|0x0000000087100000, 0x0000000087100000, 0x0000000087200000|  0%| F|  |TAMS 0x0000000087100000, 0x0000000087100000| Untracked 
|  86|0x0000000087200000, 0x0000000087200000, 0x0000000087300000|  0%| F|  |TAMS 0x0000000087200000, 0x0000000087200000| Untracked 
|  87|0x0000000087300000, 0x0000000087300000, 0x0000000087400000|  0%| F|  |TAMS 0x0000000087300000, 0x0000000087300000| Untracked 
|  88|0x0000000087400000, 0x0000000087400000, 0x0000000087500000|  0%| F|  |TAMS 0x0000000087400000, 0x0000000087400000| Untracked 
|  89|0x0000000087500000, 0x0000000087500000, 0x0000000087600000|  0%| F|  |TAMS 0x0000000087500000, 0x0000000087500000| Untracked 
|  90|0x0000000087600000, 0x0000000087600000, 0x0000000087700000|  0%| F|  |TAMS 0x0000000087600000, 0x0000000087600000| Untracked 
|  91|0x0000000087700000, 0x0000000087700000, 0x0000000087800000|  0%| F|  |TAMS 0x0000000087700000, 0x0000000087700000| Untracked 
|  92|0x0000000087800000, 0x0000000087800000, 0x0000000087900000|  0%| F|  |TAMS 0x0000000087800000, 0x0000000087800000| Untracked 
|  93|0x0000000087900000, 0x0000000087900000, 0x0000000087a00000|  0%| F|  |TAMS 0x0000000087900000, 0x0000000087900000| Untracked 
|  94|0x0000000087a00000, 0x0000000087a00000, 0x0000000087b00000|  0%| F|  |TAMS 0x0000000087a00000, 0x0000000087a00000| Untracked 
|  95|0x0000000087b00000, 0x0000000087b00000, 0x0000000087c00000|  0%| F|  |TAMS 0x0000000087b00000, 0x0000000087b00000| Untracked 
|  96|0x0000000087c00000, 0x0000000087c00000, 0x0000000087d00000|  0%| F|  |TAMS 0x0000000087c00000, 0x0000000087c00000| Untracked 
|  97|0x0000000087d00000, 0x0000000087d00000, 0x0000000087e00000|  0%| F|  |TAMS 0x0000000087d00000, 0x0000000087d00000| Untracked 
|  98|0x0000000087e00000, 0x0000000087e00000, 0x0000000087f00000|  0%| F|  |TAMS 0x0000000087e00000, 0x0000000087e00000| Untracked 
|  99|0x0000000087f00000, 0x0000000087f00000, 0x0000000088000000|  0%| F|  |TAMS 0x0000000087f00000, 0x0000000087f00000| Untracked 
| 100|0x0000000088000000, 0x0000000088000000, 0x0000000088100000|  0%| F|  |TAMS 0x0000000088000000, 0x0000000088000000| Untracked 
| 101|0x0000000088100000, 0x0000000088100000, 0x0000000088200000|  0%| F|  |TAMS 0x0000000088100000, 0x0000000088100000| Untracked 
| 102|0x0000000088200000, 0x00000000882b3598, 0x0000000088300000| 70%| S|CS|TAMS 0x0000000088200000, 0x0000000088200000| Complete 
| 103|0x0000000088300000, 0x0000000088300000, 0x0000000088400000|  0%| F|  |TAMS 0x0000000088300000, 0x0000000088300000| Untracked 
| 104|0x0000000088400000, 0x0000000088400000, 0x0000000088500000|  0%| F|  |TAMS 0x0000000088400000, 0x0000000088400000| Untracked 
| 105|0x0000000088500000, 0x0000000088500000, 0x0000000088600000|  0%| F|  |TAMS 0x0000000088500000, 0x0000000088500000| Untracked 
| 106|0x0000000088600000, 0x0000000088600000, 0x0000000088700000|  0%| F|  |TAMS 0x0000000088600000, 0x0000000088600000| Untracked 
| 107|0x0000000088700000, 0x0000000088700000, 0x0000000088800000|  0%| F|  |TAMS 0x0000000088700000, 0x0000000088700000| Untracked 
| 108|0x0000000088800000, 0x0000000088800000, 0x0000000088900000|  0%| F|  |TAMS 0x0000000088800000, 0x0000000088800000| Untracked 
| 109|0x0000000088900000, 0x0000000088900000, 0x0000000088a00000|  0%| F|  |TAMS 0x0000000088900000, 0x0000000088900000| Untracked 
| 110|0x0000000088a00000, 0x0000000088a00000, 0x0000000088b00000|  0%| F|  |TAMS 0x0000000088a00000, 0x0000000088a00000| Untracked 
| 111|0x0000000088b00000, 0x0000000088b00000, 0x0000000088c00000|  0%| F|  |TAMS 0x0000000088b00000, 0x0000000088b00000| Untracked 
| 112|0x0000000088c00000, 0x0000000088c00000, 0x0000000088d00000|  0%| F|  |TAMS 0x0000000088c00000, 0x0000000088c00000| Untracked 
| 113|0x0000000088d00000, 0x0000000088d00000, 0x0000000088e00000|  0%| F|  |TAMS 0x0000000088d00000, 0x0000000088d00000| Untracked 
| 114|0x0000000088e00000, 0x0000000088e00000, 0x0000000088f00000|  0%| F|  |TAMS 0x0000000088e00000, 0x0000000088e00000| Untracked 
| 115|0x0000000088f00000, 0x0000000088f00000, 0x0000000089000000|  0%| F|  |TAMS 0x0000000088f00000, 0x0000000088f00000| Untracked 
| 116|0x0000000089000000, 0x0000000089000000, 0x0000000089100000|  0%| F|  |TAMS 0x0000000089000000, 0x0000000089000000| Untracked 
| 117|0x0000000089100000, 0x0000000089100000, 0x0000000089200000|  0%| F|  |TAMS 0x0000000089100000, 0x0000000089100000| Untracked 
| 118|0x0000000089200000, 0x0000000089200000, 0x0000000089300000|  0%| F|  |TAMS 0x0000000089200000, 0x0000000089200000| Untracked 
| 119|0x0000000089300000, 0x0000000089300000, 0x0000000089400000|  0%| F|  |TAMS 0x0000000089300000, 0x0000000089300000| Untracked 
| 120|0x0000000089400000, 0x0000000089400000, 0x0000000089500000|  0%| F|  |TAMS 0x0000000089400000, 0x0000000089400000| Untracked 
| 121|0x0000000089500000, 0x0000000089500000, 0x0000000089600000|  0%| F|  |TAMS 0x0000000089500000, 0x0000000089500000| Untracked 
| 122|0x0000000089600000, 0x0000000089600000, 0x0000000089700000|  0%| F|  |TAMS 0x0000000089600000, 0x0000000089600000| Untracked 
| 123|0x0000000089700000, 0x0000000089700000, 0x0000000089800000|  0%| F|  |TAMS 0x0000000089700000, 0x0000000089700000| Untracked 
| 124|0x0000000089800000, 0x0000000089800000, 0x0000000089900000|  0%| F|  |TAMS 0x0000000089800000, 0x0000000089800000| Untracked 
| 125|0x0000000089900000, 0x0000000089900000, 0x0000000089a00000|  0%| F|  |TAMS 0x0000000089900000, 0x0000000089900000| Untracked 
| 126|0x0000000089a00000, 0x0000000089a00000, 0x0000000089b00000|  0%| F|  |TAMS 0x0000000089a00000, 0x0000000089a00000| Untracked 
| 127|0x0000000089b00000, 0x0000000089b00000, 0x0000000089c00000|  0%| F|  |TAMS 0x0000000089b00000, 0x0000000089b00000| Untracked 
| 128|0x0000000089c00000, 0x0000000089c00000, 0x0000000089d00000|  0%| F|  |TAMS 0x0000000089c00000, 0x0000000089c00000| Untracked 
| 129|0x0000000089d00000, 0x0000000089d00000, 0x0000000089e00000|  0%| F|  |TAMS 0x0000000089d00000, 0x0000000089d00000| Untracked 
| 130|0x0000000089e00000, 0x0000000089e00000, 0x0000000089f00000|  0%| F|  |TAMS 0x0000000089e00000, 0x0000000089e00000| Untracked 
| 131|0x0000000089f00000, 0x0000000089f00000, 0x000000008a000000|  0%| F|  |TAMS 0x0000000089f00000, 0x0000000089f00000| Untracked 
| 132|0x000000008a000000, 0x000000008a000000, 0x000000008a100000|  0%| F|  |TAMS 0x000000008a000000, 0x000000008a000000| Untracked 
| 133|0x000000008a100000, 0x000000008a100000, 0x000000008a200000|  0%| F|  |TAMS 0x000000008a100000, 0x000000008a100000| Untracked 

Card table byte_map: [0x000001df6fff0000,0x000001df703f0000] _byte_map_base: 0x000001df6fbe2000

Marking Bits (Prev, Next): (CMBitMap*) 0x000001df5d444440, (CMBitMap*) 0x000001df5d444480
 Prev Bits: [0x000001df707f0000, 0x000001df72780000)
 Next Bits: [0x000001df72780000, 0x000001df74710000)

Polling page: 0x000001df5b330000

Metaspace:

Usage:
  Non-class:     71.87 MB used.
      Class:      9.27 MB used.
       Both:     81.13 MB used.

Virtual space:
  Non-class space:       80.00 MB reserved,      72.06 MB ( 90%) committed,  10 nodes.
      Class space:        1.00 GB reserved,       9.38 MB ( <1%) committed,  1 nodes.
             Both:        1.08 GB reserved,      81.44 MB (  7%) committed. 

Chunk freelists:
   Non-Class:  3.91 MB
       Class:  2.56 MB
        Both:  6.47 MB

MaxMetaspaceSize: unlimited
CompressedClassSpaceSize: 1.00 GB
Initial GC threshold: 21.00 MB
Current GC threshold: 127.81 MB
CDS: off
MetaspaceReclaimPolicy: balanced
 - commit_granule_bytes: 65536.
 - commit_granule_words: 8192.
 - virtual_space_node_default_size: 1048576.
 - enlarge_chunks_in_place: 1.
 - new_chunks_are_fully_committed: 0.
 - uncommit_free_chunks: 1.
 - use_allocation_guard: 0.
 - handle_deallocations: 1.


Internal statistics:

num_allocs_failed_limit: 6.
num_arena_births: 372.
num_arena_deaths: 0.
num_vsnodes_births: 11.
num_vsnodes_deaths: 0.
num_space_committed: 1301.
num_space_uncommitted: 0.
num_chunks_returned_to_freelist: 6.
num_chunks_taken_from_freelist: 2992.
num_chunk_merges: 6.
num_chunk_splits: 2447.
num_chunks_enlarged: 2168.
num_purges: 0.
num_inconsistent_stats: 0.

CodeHeap 'non-profiled nmethods': size=120000Kb used=6078Kb max_used=6078Kb free=113921Kb
 bounds [0x000001df68390000, 0x000001df68980000, 0x000001df6f8c0000]
CodeHeap 'profiled nmethods': size=120000Kb used=30804Kb max_used=30804Kb free=89195Kb
 bounds [0x000001df608c0000, 0x000001df626e0000, 0x000001df67df0000]
CodeHeap 'non-nmethods': size=5760Kb used=1400Kb max_used=1480Kb free=4360Kb
 bounds [0x000001df67df0000, 0x000001df68060000, 0x000001df68390000]
 total_blobs=11495 nmethods=10764 adapters=640
 compilation: enabled
              stopped_count=0, restarted_count=0
 full_count=0

Compilation events (20 events):
Event: 17.396 Thread 0x000001df77c68530 nmethod 12652 0x000001df626d0f10 code [0x000001df626d1220, 0x000001df626d20c8]
Event: 17.396 Thread 0x000001df77c68530 12650       3       org.jetbrains.kotlin.ir.util.DeclarationParentsVisitor::visitConstructorCall (6 bytes)
Event: 17.397 Thread 0x000001df77c68530 nmethod 12650 0x000001df626d2610 code [0x000001df626d2840, 0x000001df626d2f08]
Event: 17.397 Thread 0x000001df77c68530 12647       3       org.jetbrains.kotlin.ir.util.DeepCopyIrTreeWithSymbols::<init> (95 bytes)
Event: 17.399 Thread 0x000001df77c68530 nmethod 12647 0x000001df626d3190 code [0x000001df626d3500, 0x000001df626d4b18]
Event: 17.399 Thread 0x000001df77c68530 12645       3       org.jetbrains.kotlin.ir.util.DeepCopySymbolRemapper::visitFunctionAccess (6 bytes)
Event: 17.399 Thread 0x000001df77c68530 nmethod 12645 0x000001df626d5210 code [0x000001df626d5440, 0x000001df626d5b08]
Event: 17.399 Thread 0x000001df77c68530 12646       3       org.jetbrains.kotlin.ir.util.DeepCopySymbolRemapper::visitMemberAccess (6 bytes)
Event: 17.400 Thread 0x000001df77c68530 nmethod 12646 0x000001df626d5d90 code [0x000001df626d5fc0, 0x000001df626d6688]
Event: 17.400 Thread 0x000001df77c68530 12656       3       org.jetbrains.kotlin.ir.visitors.IrElementTransformerVoid::visitInstanceInitializerCall (16 bytes)
Event: 17.401 Thread 0x000001df77c68530 nmethod 12656 0x000001df626d6910 code [0x000001df626d6b20, 0x000001df626d7188]
Event: 17.401 Thread 0x000001df77c68530 12639       3       org.jetbrains.kotlin.ir.types.IrTypePredicatesKt::isByte (14 bytes)
Event: 17.401 Thread 0x000001df77c2ab60 nmethod 12641 0x000001df6897ed90 code [0x000001df6897ef80, 0x000001df6897f468]
Event: 17.401 Thread 0x000001df77c68530 nmethod 12639 0x000001df626d7410 code [0x000001df626d7640, 0x000001df626d7cc8]
Event: 17.402 Thread 0x000001df77c68530 12657       3       org.jetbrains.kotlin.backend.jvm.lower.TailCallOptimizationLowering$lower$1::visitCall (10 bytes)
Event: 17.402 Thread 0x000001df77c2ab60 12655       4       org.jetbrains.kotlin.ir.util.IrFakeOverrideUtilsKt::collectRealOverrides (172 bytes)
Event: 17.402 Thread 0x000001df77c68530 nmethod 12657 0x000001df626d7f90 code [0x000001df626d8140, 0x000001df626d83a8]
Event: 17.402 Thread 0x000001df77c68530 12659       3       org.jetbrains.kotlin.ir.visitors.IrElementTransformer$DefaultImpls::visitTypeOperator (18 bytes)
Event: 17.402 Thread 0x000001df77c68530 nmethod 12659 0x000001df626d8490 code [0x000001df626d86a0, 0x000001df626d8ce8]
Event: 17.402 Thread 0x000001df77c68530 12658       3       org.jetbrains.kotlin.backend.jvm.lower.AddContinuationLowering$addContinuationObjectAndContinuationParameterToSuspendFunctions$1::visitCall (10 bytes)

GC Heap History (20 events):
Event: 6.723 GC heap after
{Heap after GC invocations=14 (full 0):
 garbage-first heap   total 113664K, used 36736K [0x0000000081c00000, 0x0000000100000000)
  region size 1024K, 7 young (7168K), 7 survivors (7168K)
 Metaspace       used 50791K, committed 51072K, reserved 1097728K
  class space    used 6079K, committed 6208K, reserved 1048576K
}
Event: 8.999 GC heap before
{Heap before GC invocations=14 (full 0):
 garbage-first heap   total 113664K, used 81792K [0x0000000081c00000, 0x0000000100000000)
  region size 1024K, 51 young (52224K), 7 survivors (7168K)
 Metaspace       used 57082K, committed 57408K, reserved 1105920K
  class space    used 6684K, committed 6848K, reserved 1048576K
}
Event: 9.038 GC heap after
{Heap after GC invocations=15 (full 0):
 garbage-first heap   total 113664K, used 43851K [0x0000000081c00000, 0x0000000100000000)
  region size 1024K, 7 young (7168K), 7 survivors (7168K)
 Metaspace       used 57082K, committed 57408K, reserved 1105920K
  class space    used 6684K, committed 6848K, reserved 1048576K
}
Event: 9.995 GC heap before
{Heap before GC invocations=15 (full 0):
 garbage-first heap   total 113664K, used 84811K [0x0000000081c00000, 0x0000000100000000)
  region size 1024K, 47 young (48128K), 7 survivors (7168K)
 Metaspace       used 57714K, committed 57920K, reserved 1105920K
  class space    used 6729K, committed 6848K, reserved 1048576K
}
Event: 10.037 GC heap after
{Heap after GC invocations=16 (full 0):
 garbage-first heap   total 113664K, used 50138K [0x0000000081c00000, 0x0000000100000000)
  region size 1024K, 6 young (6144K), 6 survivors (6144K)
 Metaspace       used 57714K, committed 57920K, reserved 1105920K
  class space    used 6729K, committed 6848K, reserved 1048576K
}
Event: 10.217 GC heap before
{Heap before GC invocations=16 (full 0):
 garbage-first heap   total 113664K, used 68570K [0x0000000081c00000, 0x0000000100000000)
  region size 1024K, 25 young (25600K), 6 survivors (6144K)
 Metaspace       used 58224K, committed 58496K, reserved 1105920K
  class space    used 6801K, committed 6912K, reserved 1048576K
}
Event: 10.236 GC heap after
{Heap after GC invocations=17 (full 0):
 garbage-first heap   total 137216K, used 51712K [0x0000000081c00000, 0x0000000100000000)
  region size 1024K, 1 young (1024K), 1 survivors (1024K)
 Metaspace       used 58224K, committed 58496K, reserved 1105920K
  class space    used 6801K, committed 6912K, reserved 1048576K
}
Event: 12.303 GC heap before
{Heap before GC invocations=18 (full 0):
 garbage-first heap   total 137216K, used 104960K [0x0000000081c00000, 0x0000000100000000)
  region size 1024K, 53 young (54272K), 1 survivors (1024K)
 Metaspace       used 63047K, committed 63360K, reserved 1105920K
  class space    used 7310K, committed 7488K, reserved 1048576K
}
Event: 12.320 GC heap after
{Heap after GC invocations=19 (full 0):
 garbage-first heap   total 137216K, used 59171K [0x0000000081c00000, 0x0000000100000000)
  region size 1024K, 7 young (7168K), 7 survivors (7168K)
 Metaspace       used 63047K, committed 63360K, reserved 1105920K
  class space    used 7310K, committed 7488K, reserved 1048576K
}
Event: 14.033 GC heap before
{Heap before GC invocations=19 (full 0):
 garbage-first heap   total 137216K, used 107299K [0x0000000081c00000, 0x0000000100000000)
  region size 1024K, 53 young (54272K), 7 survivors (7168K)
 Metaspace       used 67447K, committed 67776K, reserved 1114112K
  class space    used 7836K, committed 8000K, reserved 1048576K
}
Event: 14.054 GC heap after
{Heap after GC invocations=20 (full 0):
 garbage-first heap   total 137216K, used 65146K [0x0000000081c00000, 0x0000000100000000)
  region size 1024K, 6 young (6144K), 6 survivors (6144K)
 Metaspace       used 67447K, committed 67776K, reserved 1114112K
  class space    used 7836K, committed 8000K, reserved 1048576K
}
Event: 15.039 GC heap before
{Heap before GC invocations=20 (full 0):
 garbage-first heap   total 137216K, used 108154K [0x0000000081c00000, 0x0000000100000000)
  region size 1024K, 48 young (49152K), 6 survivors (6144K)
 Metaspace       used 72659K, committed 72960K, reserved 1114112K
  class space    used 8396K, committed 8512K, reserved 1048576K
}
Event: 15.054 GC heap after
{Heap after GC invocations=21 (full 0):
 garbage-first heap   total 137216K, used 68255K [0x0000000081c00000, 0x0000000100000000)
  region size 1024K, 4 young (4096K), 4 survivors (4096K)
 Metaspace       used 72659K, committed 72960K, reserved 1114112K
  class space    used 8396K, committed 8512K, reserved 1048576K
}
Event: 16.132 GC heap before
{Heap before GC invocations=21 (full 0):
 garbage-first heap   total 137216K, used 109215K [0x0000000081c00000, 0x0000000100000000)
  region size 1024K, 44 young (45056K), 4 survivors (4096K)
 Metaspace       used 77538K, committed 77888K, reserved 1122304K
  class space    used 8866K, committed 9024K, reserved 1048576K
}
Event: 16.143 GC heap after
{Heap after GC invocations=22 (full 0):
 garbage-first heap   total 137216K, used 74393K [0x0000000081c00000, 0x0000000100000000)
  region size 1024K, 6 young (6144K), 6 survivors (6144K)
 Metaspace       used 77538K, committed 77888K, reserved 1122304K
  class space    used 8866K, committed 9024K, reserved 1048576K
}
Event: 16.885 GC heap before
{Heap before GC invocations=23 (full 0):
 garbage-first heap   total 137216K, used 109209K [0x0000000081c00000, 0x0000000100000000)
  region size 1024K, 40 young (40960K), 6 survivors (6144K)
 Metaspace       used 82401K, committed 82752K, reserved 1122304K
  class space    used 9436K, committed 9600K, reserved 1048576K
}
Event: 16.905 GC heap after
{Heap after GC invocations=24 (full 0):
 garbage-first heap   total 137216K, used 79355K [0x0000000081c00000, 0x0000000100000000)
  region size 1024K, 5 young (5120K), 5 survivors (5120K)
 Metaspace       used 82401K, committed 82752K, reserved 1122304K
  class space    used 9436K, committed 9600K, reserved 1048576K
}
Event: 16.942 GC heap before
{Heap before GC invocations=24 (full 0):
 garbage-first heap   total 137216K, used 80379K [0x0000000081c00000, 0x0000000100000000)
  region size 1024K, 6 young (6144K), 5 survivors (5120K)
 Metaspace       used 82456K, committed 82816K, reserved 1122304K
  class space    used 9441K, committed 9600K, reserved 1048576K
}
Event: 16.956 GC heap after
{Heap after GC invocations=25 (full 0):
 garbage-first heap   total 137216K, used 79769K [0x0000000081c00000, 0x0000000100000000)
  region size 1024K, 1 young (1024K), 1 survivors (1024K)
 Metaspace       used 82456K, committed 82816K, reserved 1122304K
  class space    used 9441K, committed 9600K, reserved 1048576K
}
Event: 17.403 GC heap before
{Heap before GC invocations=25 (full 0):
 garbage-first heap   total 137216K, used 110489K [0x0000000081c00000, 0x0000000100000000)
  region size 1024K, 31 young (31744K), 1 survivors (1024K)
 Metaspace       used 83080K, committed 83392K, reserved 1130496K
  class space    used 9488K, committed 9600K, reserved 1048576K
}

Dll operation events (2 events):
Event: 0.010 Loaded shared library C:\Program Files\Android\Android Studio\jbr\bin\java.dll
Event: 1.421 Loaded shared library C:\Program Files\Android\Android Studio\jbr\bin\verify.dll

Deoptimization events (20 events):
Event: 17.276 Thread 0x000001df5d3e6840 DEOPT PACKING pc=0x000001df6895f818 sp=0x000000c77a2fdaa0
Event: 17.276 Thread 0x000001df5d3e6840 DEOPT UNPACKING pc=0x000001df67e469a3 sp=0x000000c77a2fd950 mode 2
Event: 17.293 Thread 0x000001df5d3e6840 Uncommon trap: trap_request=0xffffff66 fr.pc=0x000001df6897178c relative=0x000000000000038c
Event: 17.293 Thread 0x000001df5d3e6840 Uncommon trap: reason=speculate_class_check action=maybe_recompile pc=0x000001df6897178c method=org.jetbrains.kotlin.backend.common.DeclarationTransformer$Visitor.visitFunction(Lorg/jetbrains/kotlin/ir/declarations/IrFunction;)V @ 18 c2
Event: 17.293 Thread 0x000001df5d3e6840 DEOPT PACKING pc=0x000001df6897178c sp=0x000000c77a2fdd70
Event: 17.293 Thread 0x000001df5d3e6840 DEOPT UNPACKING pc=0x000001df67e469a3 sp=0x000000c77a2fdd18 mode 2
Event: 17.293 Thread 0x000001df5d3e6840 Uncommon trap: trap_request=0xffffff66 fr.pc=0x000001df6897178c relative=0x000000000000038c
Event: 17.293 Thread 0x000001df5d3e6840 Uncommon trap: reason=speculate_class_check action=maybe_recompile pc=0x000001df6897178c method=org.jetbrains.kotlin.backend.common.DeclarationTransformer$Visitor.visitFunction(Lorg/jetbrains/kotlin/ir/declarations/IrFunction;)V @ 18 c2
Event: 17.294 Thread 0x000001df5d3e6840 DEOPT PACKING pc=0x000001df6897178c sp=0x000000c77a2fdab0
Event: 17.294 Thread 0x000001df5d3e6840 DEOPT UNPACKING pc=0x000001df67e469a3 sp=0x000000c77a2fda58 mode 2
Event: 17.351 Thread 0x000001df5d3e6840 DEOPT PACKING pc=0x000001df622f6f10 sp=0x000000c77a2fdac0
Event: 17.351 Thread 0x000001df5d3e6840 DEOPT UNPACKING pc=0x000001df67e47143 sp=0x000000c77a2fcfe0 mode 0
Event: 17.383 Thread 0x000001df5d3e6840 Uncommon trap: trap_request=0xffffff66 fr.pc=0x000001df6897178c relative=0x000000000000038c
Event: 17.383 Thread 0x000001df5d3e6840 Uncommon trap: reason=speculate_class_check action=maybe_recompile pc=0x000001df6897178c method=org.jetbrains.kotlin.backend.common.DeclarationTransformer$Visitor.visitFunction(Lorg/jetbrains/kotlin/ir/declarations/IrFunction;)V @ 18 c2
Event: 17.383 Thread 0x000001df5d3e6840 DEOPT PACKING pc=0x000001df6897178c sp=0x000000c77a2fdd10
Event: 17.383 Thread 0x000001df5d3e6840 DEOPT UNPACKING pc=0x000001df67e469a3 sp=0x000000c77a2fdcb8 mode 2
Event: 17.384 Thread 0x000001df5d3e6840 Uncommon trap: trap_request=0xffffff66 fr.pc=0x000001df6897178c relative=0x000000000000038c
Event: 17.384 Thread 0x000001df5d3e6840 Uncommon trap: reason=speculate_class_check action=maybe_recompile pc=0x000001df6897178c method=org.jetbrains.kotlin.backend.common.DeclarationTransformer$Visitor.visitFunction(Lorg/jetbrains/kotlin/ir/declarations/IrFunction;)V @ 18 c2
Event: 17.384 Thread 0x000001df5d3e6840 DEOPT PACKING pc=0x000001df6897178c sp=0x000000c77a2fb8e0
Event: 17.384 Thread 0x000001df5d3e6840 DEOPT UNPACKING pc=0x000001df67e469a3 sp=0x000000c77a2fb888 mode 2

Classes unloaded (0 events):
No events

Classes redefined (0 events):
No events

Internal exceptions (20 events):
Event: 11.032 Thread 0x000001df5d3e6840 Exception <a 'java/lang/IncompatibleClassChangeError'{0x0000000088e38988}: Found class java.lang.Object, but interface was expected> (0x0000000088e38988) 
thrown [s\src\hotspot\share\interpreter\linkResolver.cpp, line 838]
Event: 11.093 Thread 0x000001df5d3e6840 Exception <a 'java/lang/NoSuchMethodError'{0x0000000088c96af0}: 'java.lang.Object java.lang.invoke.DirectMethodHandle$Holder.newInvokeSpecial(java.lang.Object, int, java.lang.Object, java.lang.Object)'> (0x0000000088c96af0) 
thrown [s\src\hotspot\share\interpreter\linkResolver.cpp, line 771]
Event: 11.096 Thread 0x000001df5d3e6840 Implicit null exception at 0x000001df68726e6c to 0x000001df68726f2b
Event: 11.997 Thread 0x000001df5d3e6840 Implicit null exception at 0x000001df683aa172 to 0x000001df683aa78c
Event: 12.009 Thread 0x000001df5d3e6840 Implicit null exception at 0x000001df683abbf2 to 0x000001df683ac20c
Event: 12.193 Thread 0x000001df5d3e6840 Exception <a 'java/lang/NoSuchMethodError'{0x0000000086f29998}: 'java.lang.Object java.lang.invoke.DirectMethodHandle$Holder.invokeStatic(java.lang.Object, int, java.lang.Object)'> (0x0000000086f29998) 
thrown [s\src\hotspot\share\interpreter\linkResolver.cpp, line 771]
Event: 12.242 Thread 0x000001df5d3e6840 Implicit null exception at 0x000001df687c502f to 0x000001df687c5100
Event: 12.615 Thread 0x000001df5d3e6840 Exception <a 'java/lang/NoSuchMethodError'{0x00000000894990f0}: 'int java.lang.invoke.DirectMethodHandle$Holder.invokeVirtual(java.lang.Object, java.lang.Object, java.lang.Object)'> (0x00000000894990f0) 
thrown [s\src\hotspot\share\interpreter\linkResolver.cpp, line 771]
Event: 12.723 Thread 0x000001df5d3e6840 Exception <a 'java/lang/NoSuchMethodError'{0x00000000890000a8}: 'java.lang.Object java.lang.invoke.DirectMethodHandle$Holder.invokeStatic(java.lang.Object, java.lang.Object, java.lang.Object, java.lang.Object, int)'> (0x00000000890000a8) 
thrown [s\src\hotspot\share\interpreter\linkResolver.cpp, line 771]
Event: 12.724 Thread 0x000001df5d3e6840 Exception <a 'java/lang/NoSuchMethodError'{0x000000008900a080}: 'java.lang.Object java.lang.invoke.DirectMethodHandle$Holder.newInvokeSpecial(java.lang.Object, java.lang.Object, java.lang.Object, java.lang.Object, int)'> (0x000000008900a080) 
thrown [s\src\hotspot\share\interpreter\linkResolver.cpp, line 771]
Event: 12.725 Thread 0x000001df5d3e6840 Exception <a 'java/lang/NoSuchMethodError'{0x000000008900ebb0}: 'java.lang.Object java.lang.invoke.DirectMethodHandle$Holder.invokeSpecial(java.lang.Object, java.lang.Object, java.lang.Object, java.lang.Object, java.lang.Object, int)'> (0x000000008900ebb0) 
thrown [s\src\hotspot\share\interpreter\linkResolver.cpp, line 771]
Event: 12.725 Thread 0x000001df5d3e6840 Exception <a 'java/lang/NoSuchMethodError'{0x0000000089013090}: 'java.lang.Object java.lang.invoke.Invokers$Holder.linkToTargetMethod(java.lang.Object, java.lang.Object, java.lang.Object, int, java.lang.Object)'> (0x0000000089013090) 
thrown [s\src\hotspot\share\interpreter\linkResolver.cpp, line 771]
Event: 12.790 Thread 0x000001df5d3e6840 Exception <a 'java/lang/NoSuchMethodError'{0x0000000088fbe7a8}: 'void java.lang.invoke.DirectMethodHandle$Holder.invokeInterface(java.lang.Object, java.lang.Object)'> (0x0000000088fbe7a8) 
thrown [s\src\hotspot\share\interpreter\linkResolver.cpp, line 771]
Event: 12.874 Thread 0x000001df5d3e6840 Exception <a 'java/lang/IncompatibleClassChangeError'{0x0000000088dabf18}: Found class java.lang.Object, but interface was expected> (0x0000000088dabf18) 
thrown [s\src\hotspot\share\interpreter\linkResolver.cpp, line 838]
Event: 14.098 Thread 0x000001df5d3e6840 Exception <a 'java/lang/NoSuchMethodError'{0x000000008a1f85f0}: 'void java.lang.invoke.DirectMethodHandle$Holder.invokeStatic(java.lang.Object, java.lang.Object, java.lang.Object)'> (0x000000008a1f85f0) 
thrown [s\src\hotspot\share\interpreter\linkResolver.cpp, line 771]
Event: 14.548 Thread 0x000001df5d3e6840 Exception <a 'java/lang/NoSuchMethodError'{0x0000000088ced6e0}: 'java.lang.Object java.lang.invoke.DirectMethodHandle$Holder.invokeStaticInit(java.lang.Object, java.lang.Object, java.lang.Object, java.lang.Object)'> (0x0000000088ced6e0) 
thrown [s\src\hotspot\share\interpreter\linkResolver.cpp, line 771]
Event: 14.778 Thread 0x000001df5d3e6840 Exception <a 'java/lang/NoSuchMethodError'{0x0000000087f7d740}: 'java.lang.Object java.lang.invoke.DirectMethodHandle$Holder.newInvokeSpecial(java.lang.Object, java.lang.Object, java.lang.Object, int, int)'> (0x0000000087f7d740) 
thrown [s\src\hotspot\share\interpreter\linkResolver.cpp, line 771]
Event: 14.778 Thread 0x000001df5d3e6840 Exception <a 'java/lang/NoSuchMethodError'{0x0000000087f81580}: 'java.lang.Object java.lang.invoke.DirectMethodHandle$Holder.invokeSpecial(java.lang.Object, java.lang.Object, java.lang.Object, java.lang.Object, int, int)'> (0x0000000087f81580) 
thrown [s\src\hotspot\share\interpreter\linkResolver.cpp, line 771]
Event: 14.851 Thread 0x000001df5d3e6840 Exception <a 'java/lang/NoSuchMethodError'{0x0000000087dad840}: 'java.lang.Object java.lang.invoke.Invokers$Holder.linkToTargetMethod(java.lang.Object, java.lang.Object, int, int, java.lang.Object, java.lang.Object, java.lang.Object, java.lang.Object, java.lang.Object)'> (0x0000000087dad840) 
thrown [s\src\hotspot\share\interpreter\linkResolver.cpp, line 771]
Event: 14.853 Thread 0x000001df5d3e6840 Implicit null exception at 0x000001df683faaef to 0x000001df683fad30

VM Operations (20 events):
Event: 16.722 Executing VM operation: HandshakeAllThreads done
Event: 16.722 Executing VM operation: HandshakeAllThreads
Event: 16.723 Executing VM operation: HandshakeAllThreads done
Event: 16.755 Executing VM operation: HandshakeAllThreads
Event: 16.755 Executing VM operation: HandshakeAllThreads done
Event: 16.790 Executing VM operation: HandshakeAllThreads
Event: 16.790 Executing VM operation: HandshakeAllThreads done
Event: 16.791 Executing VM operation: ICBufferFull
Event: 16.791 Executing VM operation: ICBufferFull done
Event: 16.885 Executing VM operation: G1CollectForAllocation
Event: 16.906 Executing VM operation: G1CollectForAllocation done
Event: 16.942 Executing VM operation: G1CollectForAllocation
Event: 16.956 Executing VM operation: G1CollectForAllocation done
Event: 17.085 Executing VM operation: HandshakeAllThreads
Event: 17.085 Executing VM operation: HandshakeAllThreads done
Event: 17.159 Executing VM operation: ICBufferFull
Event: 17.160 Executing VM operation: ICBufferFull done
Event: 17.248 Executing VM operation: ICBufferFull
Event: 17.248 Executing VM operation: ICBufferFull done
Event: 17.403 Executing VM operation: G1CollectForAllocation

Events (20 events):
Event: 14.958 Thread 0x000001df77c73140 flushing nmethod 0x000001df61df1310
Event: 14.958 Thread 0x000001df77c73140 flushing nmethod 0x000001df61e17290
Event: 14.959 Thread 0x000001df77c73140 flushing nmethod 0x000001df61e4e810
Event: 14.959 Thread 0x000001df77c73140 flushing nmethod 0x000001df61e93190
Event: 14.959 Thread 0x000001df77c73140 flushing nmethod 0x000001df61eb3290
Event: 14.960 Thread 0x000001df77c73140 flushing nmethod 0x000001df61ef9890
Event: 14.960 Thread 0x000001df77c73140 flushing nmethod 0x000001df61f09890
Event: 14.960 Thread 0x000001df77c73140 flushing nmethod 0x000001df61f3d710
Event: 14.960 Thread 0x000001df77c73140 flushing nmethod 0x000001df61f66510
Event: 14.960 Thread 0x000001df77c73140 flushing nmethod 0x000001df61f95910
Event: 14.960 Thread 0x000001df77c73140 flushing nmethod 0x000001df61f98090
Event: 14.960 Thread 0x000001df77c73140 flushing nmethod 0x000001df61fb8610
Event: 14.960 Thread 0x000001df77c73140 flushing nmethod 0x000001df61ff5810
Event: 14.962 Thread 0x000001df77c73140 flushing nmethod 0x000001df62134e90
Event: 16.723 Thread 0x000001df77c73140 flushing nmethod 0x000001df683fa910
Event: 16.736 Thread 0x000001df77c73140 flushing nmethod 0x000001df60cdeb10
Event: 16.747 Thread 0x000001df77c73140 flushing nmethod 0x000001df612e9790
Event: 16.748 Thread 0x000001df77c73140 flushing nmethod 0x000001df613f8410
Event: 16.755 Thread 0x000001df77c73140 flushing nmethod 0x000001df617b1410
Event: 16.767 Thread 0x000001df77c73140 flushing nmethod 0x000001df6210fb90


Dynamic libraries:
0x00007ff682780000 - 0x00007ff68278a000 	C:\Program Files\Android\Android Studio\jbr\bin\java.exe
0x00007ffdb46b0000 - 0x00007ffdb48a8000 	C:\WINDOWS\SYSTEM32\ntdll.dll
0x00007ffdb42c0000 - 0x00007ffdb437f000 	C:\WINDOWS\System32\KERNEL32.DLL
0x00007ffdb2120000 - 0x00007ffdb23fa000 	C:\WINDOWS\System32\KERNELBASE.dll
0x00007ffdb2610000 - 0x00007ffdb2710000 	C:\WINDOWS\System32\ucrtbase.dll
0x00007ffd9eaf0000 - 0x00007ffd9eb0b000 	C:\Program Files\Android\Android Studio\jbr\bin\VCRUNTIME140.dll
0x00007ffda7b40000 - 0x00007ffda7b57000 	C:\Program Files\Android\Android Studio\jbr\bin\jli.dll
0x00007ffdb4420000 - 0x00007ffdb45bd000 	C:\WINDOWS\System32\USER32.dll
0x00007ffd914b0000 - 0x00007ffd9174a000 	C:\WINDOWS\WinSxS\amd64_microsoft.windows.common-controls_6595b64144ccf1df_6.0.19041.1110_none_60b5254171f9507e\COMCTL32.dll
0x00007ffdb1ec0000 - 0x00007ffdb1ee2000 	C:\WINDOWS\System32\win32u.dll
0x00007ffdb4290000 - 0x00007ffdb42bb000 	C:\WINDOWS\System32\GDI32.dll
0x00007ffdb45c0000 - 0x00007ffdb465e000 	C:\WINDOWS\System32\msvcrt.dll
0x00007ffdb2500000 - 0x00007ffdb2610000 	C:\WINDOWS\System32\gdi32full.dll
0x00007ffdb1f20000 - 0x00007ffdb1fbd000 	C:\WINDOWS\System32\msvcp_win.dll
0x00007ffdb3ac0000 - 0x00007ffdb3af0000 	C:\WINDOWS\System32\IMM32.DLL
0x00007ffd8f8e0000 - 0x00007ffd8f8ec000 	C:\Program Files\Android\Android Studio\jbr\bin\vcruntime140_1.dll
0x00007ffd91760000 - 0x00007ffd917ed000 	C:\Program Files\Android\Android Studio\jbr\bin\msvcp140.dll
0x00007ffd55a90000 - 0x00007ffd566fd000 	C:\Program Files\Android\Android Studio\jbr\bin\server\jvm.dll
0x00007ffdb2c50000 - 0x00007ffdb2cfe000 	C:\WINDOWS\System32\ADVAPI32.dll
0x00007ffdb2bb0000 - 0x00007ffdb2c4c000 	C:\WINDOWS\System32\sechost.dll
0x00007ffdb3af0000 - 0x00007ffdb3c16000 	C:\WINDOWS\System32\RPCRT4.dll
0x00007ffda0b70000 - 0x00007ffda0b97000 	C:\WINDOWS\SYSTEM32\WINMM.dll
0x00007ffda1290000 - 0x00007ffda1299000 	C:\WINDOWS\SYSTEM32\WSOCK32.dll
0x00007ffdac4f0000 - 0x00007ffdac4fa000 	C:\WINDOWS\SYSTEM32\VERSION.dll
0x00007ffdb2d00000 - 0x00007ffdb2d6b000 	C:\WINDOWS\System32\WS2_32.dll
0x00007ffdb0660000 - 0x00007ffdb0672000 	C:\WINDOWS\SYSTEM32\kernel.appcore.dll
0x00007ffd8f8d0000 - 0x00007ffd8f8da000 	C:\Program Files\Android\Android Studio\jbr\bin\jimage.dll
0x00007ffdafb80000 - 0x00007ffdafd64000 	C:\WINDOWS\SYSTEM32\DBGHELP.DLL
0x00007ffda92a0000 - 0x00007ffda92d4000 	C:\WINDOWS\SYSTEM32\dbgcore.DLL
0x00007ffdb1e30000 - 0x00007ffdb1eb2000 	C:\WINDOWS\System32\bcryptPrimitives.dll
0x00007ffd82970000 - 0x00007ffd82995000 	C:\Program Files\Android\Android Studio\jbr\bin\java.dll
0x00007ffd8efa0000 - 0x00007ffd8efb8000 	C:\Program Files\Android\Android Studio\jbr\bin\zip.dll
0x00007ffdb3370000 - 0x00007ffdb3ab4000 	C:\WINDOWS\System32\SHELL32.dll
0x00007ffdafe60000 - 0x00007ffdb05f3000 	C:\WINDOWS\SYSTEM32\windows.storage.dll
0x00007ffdb3e30000 - 0x00007ffdb4184000 	C:\WINDOWS\System32\combase.dll
0x00007ffdb1820000 - 0x00007ffdb184e000 	C:\WINDOWS\SYSTEM32\Wldp.dll
0x00007ffdb2710000 - 0x00007ffdb27bd000 	C:\WINDOWS\System32\SHCORE.dll
0x00007ffdb3dd0000 - 0x00007ffdb3e25000 	C:\WINDOWS\System32\shlwapi.dll
0x00007ffdb1d00000 - 0x00007ffdb1d1f000 	C:\WINDOWS\SYSTEM32\profapi.dll
0x00007ffd8b000000 - 0x00007ffd8b019000 	C:\Program Files\Android\Android Studio\jbr\bin\net.dll
0x00007ffda9c80000 - 0x00007ffda9d8a000 	C:\WINDOWS\SYSTEM32\WINHTTP.dll
0x00007ffdb1580000 - 0x00007ffdb15ea000 	C:\WINDOWS\system32\mswsock.dll
0x00007ffd84d50000 - 0x00007ffd84d66000 	C:\Program Files\Android\Android Studio\jbr\bin\nio.dll
0x00007ffd88eb0000 - 0x00007ffd88ec0000 	C:\Program Files\Android\Android Studio\jbr\bin\verify.dll

dbghelp: loaded successfully - version: 4.0.5 - missing functions: none
symbol engine: initialized successfully - sym options: 0x614 - pdb path: .;C:\Program Files\Android\Android Studio\jbr\bin;C:\WINDOWS\SYSTEM32;C:\WINDOWS\WinSxS\amd64_microsoft.windows.common-controls_6595b64144ccf1df_6.0.19041.1110_none_60b5254171f9507e;C:\Program Files\Android\Android Studio\jbr\bin\server

VM Arguments:
java_command: org.jetbrains.kotlin.cli.jvm.K2JVMCompiler @C:\Users\thang\Downloads\software\social_network_app-main\social_network_app-main\app\build\20230426_3327336241387611900.compiler.options
java_class_path (initial): C:\Users\thang\.gradle\caches\modules-2\files-2.1\org.jetbrains.kotlin\kotlin-compiler-embeddable\1.8.0\eb9118d4bcceaa2a94b2ae2a33a4ddba7c9a947f\kotlin-compiler-embeddable-1.8.0.jar;C:\Users\thang\.gradle\caches\modules-2\files-2.1\org.jetbrains.kotlin\kotlin-stdlib\1.8.0\1796921c7a3e2e2665a83e6c8d33399336cd39bc\kotlin-stdlib-1.8.0.jar;C:\Users\thang\.gradle\caches\modules-2\files-2.1\org.jetbrains.kotlin\kotlin-script-runtime\1.8.0\b2f7e760d283cb339974851c222a4c1d48f2d3d\kotlin-script-runtime-1.8.0.jar;C:\Users\thang\.gradle\caches\modules-2\files-2.1\org.jetbrains.kotlin\kotlin-reflect\1.6.10\1cbe9c92c12a94eea200d23c2bbaedaf3daf5132\kotlin-reflect-1.6.10.jar;C:\Users\thang\.gradle\caches\modules-2\files-2.1\org.jetbrains.kotlin\kotlin-daemon-embeddable\1.8.0\d255216c551685dc3a7e852b53617f5f01aaaa5c\kotlin-daemon-embeddable-1.8.0.jar;C:\Users\thang\.gradle\caches\modules-2\files-2.1\org.jetbrains.intellij.deps\trove4j\1.0.20200330\3afb14d5f9ceb459d724e907a21145e8ff394f02\trove4j-1.0.20200330.jar;C:\Users\thang\.gradle\caches\modules-2\files-2.1\net.java.dev.jna\jna\5.6.0\330f2244e9030119ab3030fc3fededc86713d9cc\jna-5.6.0.jar;C:\Users\thang\.gradle\caches\modules-2\files-2.1\org.jetbrains.kotlin\kotlin-stdlib-common\1.8.0\f7197e7cc76453ac59f8b0f8d5137cc600becd36\kotlin-stdlib-common-1.8.0.jar;C:\Users\thang\.gradle\caches\modules-2\files-2.1\org.jetbrains\annotations\13.0\919f0dfe192fb4e063e7dacadee7f8bb9a2672a9\annotations-13.0.jar
Launcher Type: SUN_STANDARD

[Global flags]
     intx CICompilerCount                          = 4                                         {product} {ergonomic}
     uint ConcGCThreads                            = 2                                         {product} {ergonomic}
     uint G1ConcRefinementThreads                  = 8                                         {product} {ergonomic}
   size_t G1HeapRegionSize                         = 1048576                                   {product} {ergonomic}
    uintx GCDrainStackTargetSize                   = 64                                        {product} {ergonomic}
   size_t InitialHeapSize                          = 134217728                                 {product} {ergonomic}
   size_t MarkStackSize                            = 4194304                                   {product} {ergonomic}
   size_t MaxHeapSize                              = 2118123520                                {product} {ergonomic}
   size_t MaxNewSize                               = 1270874112                                {product} {ergonomic}
   size_t MinHeapDeltaBytes                        = 1048576                                   {product} {ergonomic}
   size_t MinHeapSize                              = 8388608                                   {product} {ergonomic}
    uintx NonNMethodCodeHeapSize                   = 5839372                                {pd product} {ergonomic}
    uintx NonProfiledCodeHeapSize                  = 122909434                              {pd product} {ergonomic}
    uintx ProfiledCodeHeapSize                     = 122909434                              {pd product} {ergonomic}
    uintx ReservedCodeCacheSize                    = 251658240                              {pd product} {ergonomic}
     bool SegmentedCodeCache                       = true                                      {product} {ergonomic}
   size_t SoftMaxHeapSize                          = 2118123520                             {manageable} {ergonomic}
     bool UseCompressedClassPointers               = true                           {product lp64_product} {ergonomic}
     bool UseCompressedOops                        = true                           {product lp64_product} {ergonomic}
     bool UseG1GC                                  = true                                      {product} {ergonomic}
     bool UseLargePagesIndividualAllocation        = false                                  {pd product} {ergonomic}

Logging:
Log output configuration:
 #0: stdout all=warning uptime,level,tags
 #1: stderr all=off uptime,level,tags

Environment Variables:
PATH=C:\WINDOWS\system32;C:\WINDOWS;C:\WINDOWS\System32\Wbem;C:\WINDOWS\System32\WindowsPowerShell\v1.0\;C:\WINDOWS\System32\OpenSSH\;D:\Git\cmd;C:\Users\thang\AppData\Local\Microsoft\WindowsApps;
USERNAME=thang
OS=Windows_NT
PROCESSOR_IDENTIFIER=Intel64 Family 6 Model 142 Stepping 11, GenuineIntel
TMP=C:\Users\thang\AppData\Local\Temp
TEMP=C:\Users\thang\AppData\Local\Temp



---------------  S Y S T E M  ---------------

OS:
 Windows 10 , 64 bit Build 19041 (10.0.19041.2788)
OS uptime: 0 days 2:34 hours

CPU: total 8 (initial active 8) (4 cores per cpu, 2 threads per core) family 6 model 142 stepping 11 microcode 0xae, cx8, cmov, fxsr, ht, mmx, 3dnowpref, sse, sse2, sse3, ssse3, sse4.1, sse4.2, popcnt, lzcnt, tsc, tscinvbit, avx, avx2, aes, erms, clmul, bmi1, bmi2, adx, fma, vzeroupper, clflush, clflushopt

Memory: 4k page, system-wide physical 8078M (695M free)
TotalPageFile size 8110M (AvailPageFile size 33M)
current process WorkingSet (physical memory assigned to process): 366M, peak: 371M
current process commit charge ("private bytes"): 402M, peak: 529M

vm_info: OpenJDK 64-Bit Server VM (17.0.6+0-b2043.56-9586694) for windows-amd64 JRE (17.0.6+0-b2043.56-9586694), built on Feb  9 2023 20:06:20 by "androidbuild" with MS VC++ 16.10 / 16.11 (VS2019)

END.
