#
# There is insufficient memory for the Java Runtime Environment to continue.
# Native memory allocation (mmap) failed to map 35651584 bytes for G1 virtual space
# Possible reasons:
#   The system is out of physical RAM or swap space
#   The process is running with CompressedOops enabled, and the Java Heap may be blocking the growth of the native heap
# Possible solutions:
#   Reduce memory load on the system
#   Increase physical memory or swap space
#   Check if swap backing store is full
#   Decrease Java heap size (-Xmx/-Xms)
#   Decrease number of Java threads
#   Decrease Java thread stack sizes (-Xss)
#   Set larger code cache with -XX:ReservedCodeCacheSize=
#   JVM is running with Unscaled Compressed Oops mode in which the Java heap is
#     placed in the first 4GB address space. The Java Heap base address is the
#     maximum limit for the native heap growth. Please use -XX:HeapBaseMinAddress
#     to set the Java Heap base and to place the Java Heap above 4GB virtual address.
# This output file may be truncated or incomplete.
#
#  Out of Memory Error (os_windows.cpp:3769), pid=3044, tid=7328
#
# JRE version: OpenJDK Runtime Environment (17.0.6) (build 17.0.6+0-b2043.56-9586694)
# Java VM: OpenJDK 64-Bit Server VM (17.0.6+0-b2043.56-9586694, mixed mode, tiered, compressed oops, compressed class ptrs, g1 gc, windows-amd64)
# No core dump will be written. Minidumps are not enabled by default on client versions of Windows
#

---------------  S U M M A R Y ------------

Command Line: org.jetbrains.kotlin.cli.jvm.K2JVMCompiler @C:\Users\thang\Downloads\software\social_network_app-main\social_network_app-main\app\build\20230426_6995364143533814419.compiler.options

Host: Intel(R) Core(TM) i7-8565U CPU @ 1.80GHz, 8 cores, 7G,  Windows 10 , 64 bit Build 19041 (10.0.19041.2788)
Time: Wed Apr 26 08:46:16 2023 SE Asia Standard Time elapsed time: 6.516390 seconds (0d 0h 0m 6s)

---------------  T H R E A D  ---------------

Current thread (0x000001afe1c00950):  VMThread "VM Thread" [stack: 0x0000005bf9700000,0x0000005bf9800000] [id=7328]

Stack: [0x0000005bf9700000,0x0000005bf9800000]
Native frames: (J=compiled Java code, j=interpreted, Vv=VM code, C=native code)
V  [jvm.dll+0x683b4a]
V  [jvm.dll+0x842654]
V  [jvm.dll+0x843dfe]
V  [jvm.dll+0x844463]
V  [jvm.dll+0x249b75]
V  [jvm.dll+0x680a19]
V  [jvm.dll+0x674f0a]
V  [jvm.dll+0x309acb]
V  [jvm.dll+0x310f86]
V  [jvm.dll+0x3608ee]
V  [jvm.dll+0x360b1f]
V  [jvm.dll+0x2dfbf8]
V  [jvm.dll+0x2ddec4]
V  [jvm.dll+0x2dd4cc]
V  [jvm.dll+0x321f3b]
V  [jvm.dll+0x84893b]
V  [jvm.dll+0x849674]
V  [jvm.dll+0x849b8d]
V  [jvm.dll+0x849f64]
V  [jvm.dll+0x84a030]
V  [jvm.dll+0x7f25fa]
V  [jvm.dll+0x682985]
C  [ucrtbase.dll+0x21bb2]
C  [KERNEL32.DLL+0x17604]
C  [ntdll.dll+0x526a1]

VM_Operation (0x0000005bf91f9c60): G1CollectForAllocation, mode: safepoint, requested by thread 0x000001afc5ea7660


---------------  P R O C E S S  ---------------

Threads class SMR info:
_java_thread_list=0x000001afe2fa8d70, length=14, elements={
0x000001afc5ea7660, 0x000001afe1c23670, 0x000001afe1c244e0, 0x000001afe28282e0,
0x000001afe2828e90, 0x000001afe282b850, 0x000001afe282c200, 0x000001afe282d3a0,
0x000001afe282e250, 0x000001afe282f040, 0x000001afe29abb40, 0x000001afe29ac1c0,
0x000001afe2eb18c0, 0x000001afe3fe63b0
}

Java Threads: ( => current thread )
  0x000001afc5ea7660 JavaThread "main" [_thread_blocked, id=13028, stack(0x0000005bf9100000,0x0000005bf9200000)]
  0x000001afe1c23670 JavaThread "Reference Handler" daemon [_thread_blocked, id=6864, stack(0x0000005bf9800000,0x0000005bf9900000)]
  0x000001afe1c244e0 JavaThread "Finalizer" daemon [_thread_blocked, id=1424, stack(0x0000005bf9900000,0x0000005bf9a00000)]
  0x000001afe28282e0 JavaThread "Signal Dispatcher" daemon [_thread_blocked, id=12300, stack(0x0000005bf9a00000,0x0000005bf9b00000)]
  0x000001afe2828e90 JavaThread "Attach Listener" daemon [_thread_blocked, id=4412, stack(0x0000005bf9b00000,0x0000005bf9c00000)]
  0x000001afe282b850 JavaThread "Service Thread" daemon [_thread_blocked, id=5512, stack(0x0000005bf9c00000,0x0000005bf9d00000)]
  0x000001afe282c200 JavaThread "Monitor Deflation Thread" daemon [_thread_blocked, id=10068, stack(0x0000005bf9d00000,0x0000005bf9e00000)]
  0x000001afe282d3a0 JavaThread "C2 CompilerThread0" daemon [_thread_blocked, id=10072, stack(0x0000005bf9e00000,0x0000005bf9f00000)]
  0x000001afe282e250 JavaThread "C1 CompilerThread0" daemon [_thread_blocked, id=9344, stack(0x0000005bf9f00000,0x0000005bfa000000)]
  0x000001afe282f040 JavaThread "Sweeper thread" daemon [_thread_blocked, id=10664, stack(0x0000005bfa000000,0x0000005bfa100000)]
  0x000001afe29abb40 JavaThread "Notification Thread" daemon [_thread_blocked, id=11924, stack(0x0000005bfa100000,0x0000005bfa200000)]
  0x000001afe29ac1c0 JavaThread "Common-Cleaner" daemon [_thread_blocked, id=5404, stack(0x0000005bfa300000,0x0000005bfa400000)]
  0x000001afe2eb18c0 JavaThread "C2 CompilerThread1" daemon [_thread_blocked, id=12488, stack(0x0000005bfa800000,0x0000005bfa900000)]
  0x000001afe3fe63b0 JavaThread "C2 CompilerThread2" daemon [_thread_blocked, id=9820, stack(0x0000005bfad00000,0x0000005bfae00000)]

Other Threads:
=>0x000001afe1c00950 VMThread "VM Thread" [stack: 0x0000005bf9700000,0x0000005bf9800000] [id=7328]
  0x000001afc5f1d780 WatcherThread [stack: 0x0000005bfa200000,0x0000005bfa300000] [id=8036]
  0x000001afc5f04690 GCTaskThread "GC Thread#0" [stack: 0x0000005bf9200000,0x0000005bf9300000] [id=5024]
  0x000001afe2f67880 GCTaskThread "GC Thread#1" [stack: 0x0000005bfa400000,0x0000005bfa500000] [id=12760]
  0x000001afe2f67b30 GCTaskThread "GC Thread#2" [stack: 0x0000005bfa500000,0x0000005bfa600000] [id=592]
  0x000001afe2f8cf50 GCTaskThread "GC Thread#3" [stack: 0x0000005bfa600000,0x0000005bfa700000] [id=2904]
  0x000001afe2f8d610 GCTaskThread "GC Thread#4" [stack: 0x0000005bfa700000,0x0000005bfa800000] [id=10528]
  0x000001afe3e861c0 GCTaskThread "GC Thread#5" [stack: 0x0000005bfa900000,0x0000005bfaa00000] [id=12108]
  0x000001afe3ea57f0 GCTaskThread "GC Thread#6" [stack: 0x0000005bfaa00000,0x0000005bfab00000] [id=2152]
  0x000001afe3f6df30 GCTaskThread "GC Thread#7" [stack: 0x0000005bfab00000,0x0000005bfac00000] [id=11744]
  0x000001afc5f15250 ConcurrentGCThread "G1 Main Marker" [stack: 0x0000005bf9300000,0x0000005bf9400000] [id=12204]
  0x000001afc5f15c60 ConcurrentGCThread "G1 Conc#0" [stack: 0x0000005bf9400000,0x0000005bf9500000] [id=3616]
  0x000001afe3f6eca0 ConcurrentGCThread "G1 Conc#1" [stack: 0x0000005bfac00000,0x0000005bfad00000] [id=10168]
  0x000001afc5f7c910 ConcurrentGCThread "G1 Refine#0" [stack: 0x0000005bf9500000,0x0000005bf9600000] [id=9732]
  0x000001afe4a1e730 ConcurrentGCThread "G1 Refine#1" [stack: 0x0000005bfae00000,0x0000005bfaf00000] [id=6032]
  0x000001afc5f7d330 ConcurrentGCThread "G1 Service" [stack: 0x0000005bf9600000,0x0000005bf9700000] [id=1096]

Threads with active compile tasks:
C2 CompilerThread0     6541 5626       4       org.jetbrains.kotlin.name.FqNameUnsafe::shortName (56 bytes)
C1 CompilerThread0     6542 5649       3       org.jetbrains.kotlin.load.java.SpecialGenericSignatures$Companion::getSameAsRenamedInJvmBuiltin (17 bytes)
C2 CompilerThread1     6542 5595       4       java.util.HashSet::iterator (13 bytes)
C2 CompilerThread2     6542 5651       4       kotlin.collections.CollectionsKt__MutableCollectionsKt::addAll (74 bytes)

VM state: at safepoint (normal execution)

VM Mutex/Monitor currently owned by a thread:  ([mutex/lock_event])
[0x000001afc5ea4a10] Threads_lock - owner thread: 0x000001afe1c00950
[0x000001afc5ea2fa0] Heap_lock - owner thread: 0x000001afc5ea7660

Heap address: 0x0000000081c00000, size: 2020 MB, Compressed Oops mode: 32-bit

CDS archive(s) not mapped
Compressed class space mapped at: 0x0000000100000000-0x0000000140000000, reserved size: 1073741824
Narrow klass base: 0x0000000000000000, Narrow klass shift: 3, Narrow klass range: 0x140000000

GC Precious Log:
 CPUs: 8 total, 8 available
 Memory: 8078M
 Large Page Support: Disabled
 NUMA Support: Disabled
 Compressed Oops: Enabled (32-bit)
 Heap Region Size: 1M
 Heap Min Capacity: 8M
 Heap Initial Capacity: 128M
 Heap Max Capacity: 2020M
 Pre-touch: Disabled
 Parallel Workers: 8
 Concurrent Workers: 2
 Concurrent Refinement Workers: 8
 Periodic GC: Disabled

Heap:
 garbage-first heap   total 97280K, used 44980K [0x0000000081c00000, 0x0000000100000000)
  region size 1024K, 3 young (3072K), 3 survivors (3072K)
 Metaspace       used 56923K, committed 57216K, reserved 1105920K
  class space    used 6702K, committed 6848K, reserved 1048576K

Heap Regions: E=young(eden), S=young(survivor), O=old, HS=humongous(starts), HC=humongous(continues), CS=collection set, F=free, OA=open archive, CA=closed archive, TAMS=top-at-mark-start (previous, next)
|   0|0x0000000081c00000, 0x0000000081d00000, 0x0000000081d00000|100%|HS|  |TAMS 0x0000000081d00000, 0x0000000081d00000| Complete 
|   1|0x0000000081d00000, 0x0000000081e00000, 0x0000000081e00000|100%|HC|  |TAMS 0x0000000081e00000, 0x0000000081e00000| Complete 
|   2|0x0000000081e00000, 0x0000000081f00000, 0x0000000081f00000|100%|HC|  |TAMS 0x0000000081f00000, 0x0000000081f00000| Complete 
|   3|0x0000000081f00000, 0x0000000082000000, 0x0000000082000000|100%|HC|  |TAMS 0x0000000082000000, 0x0000000082000000| Complete 
|   4|0x0000000082000000, 0x0000000082100000, 0x0000000082100000|100%| O|  |TAMS 0x0000000082100000, 0x0000000082100000| Untracked 
|   5|0x0000000082100000, 0x0000000082200000, 0x0000000082200000|100%| O|  |TAMS 0x0000000082200000, 0x0000000082200000| Untracked 
|   6|0x0000000082200000, 0x0000000082300000, 0x0000000082300000|100%| O|  |TAMS 0x0000000082300000, 0x0000000082300000| Untracked 
|   7|0x0000000082300000, 0x0000000082400000, 0x0000000082400000|100%|HS|  |TAMS 0x0000000082400000, 0x0000000082400000| Complete 
|   8|0x0000000082400000, 0x0000000082500000, 0x0000000082500000|100%|HC|  |TAMS 0x0000000082500000, 0x0000000082500000| Complete 
|   9|0x0000000082500000, 0x0000000082600000, 0x0000000082600000|100%|HC|  |TAMS 0x0000000082600000, 0x0000000082600000| Complete 
|  10|0x0000000082600000, 0x0000000082700000, 0x0000000082700000|100%|HC|  |TAMS 0x0000000082700000, 0x0000000082700000| Complete 
|  11|0x0000000082700000, 0x0000000082800000, 0x0000000082800000|100%| O|  |TAMS 0x0000000082800000, 0x0000000082800000| Untracked 
|  12|0x0000000082800000, 0x0000000082900000, 0x0000000082900000|100%| O|  |TAMS 0x0000000082900000, 0x0000000082900000| Untracked 
|  13|0x0000000082900000, 0x0000000082a00000, 0x0000000082a00000|100%| O|  |TAMS 0x0000000082a00000, 0x0000000082a00000| Untracked 
|  14|0x0000000082a00000, 0x0000000082b00000, 0x0000000082b00000|100%| O|  |TAMS 0x0000000082a00000, 0x0000000082b00000| Untracked 
|  15|0x0000000082b00000, 0x0000000082c00000, 0x0000000082c00000|100%| O|  |TAMS 0x0000000082b00000, 0x0000000082c00000| Untracked 
|  16|0x0000000082c00000, 0x0000000082d00000, 0x0000000082d00000|100%| O|  |TAMS 0x0000000082d00000, 0x0000000082d00000| Untracked 
|  17|0x0000000082d00000, 0x0000000082e00000, 0x0000000082e00000|100%| O|  |TAMS 0x0000000082e00000, 0x0000000082e00000| Untracked 
|  18|0x0000000082e00000, 0x0000000082f00000, 0x0000000082f00000|100%| O|  |TAMS 0x0000000082f00000, 0x0000000082f00000| Untracked 
|  19|0x0000000082f00000, 0x0000000083000000, 0x0000000083000000|100%| O|  |TAMS 0x0000000082fe8c00, 0x0000000083000000| Untracked 
|  20|0x0000000083000000, 0x0000000083100000, 0x0000000083100000|100%| O|  |TAMS 0x0000000083000000, 0x0000000083100000| Untracked 
|  21|0x0000000083100000, 0x0000000083200000, 0x0000000083200000|100%| O|  |TAMS 0x0000000083100000, 0x0000000083200000| Untracked 
|  22|0x0000000083200000, 0x0000000083300000, 0x0000000083300000|100%| O|  |TAMS 0x0000000083200000, 0x0000000083300000| Untracked 
|  23|0x0000000083300000, 0x0000000083400000, 0x0000000083400000|100%| O|  |TAMS 0x0000000083300000, 0x0000000083400000| Untracked 
|  24|0x0000000083400000, 0x0000000083500000, 0x0000000083500000|100%|HS|  |TAMS 0x0000000083400000, 0x0000000083500000| Complete 
|  25|0x0000000083500000, 0x0000000083600000, 0x0000000083600000|100%|HC|  |TAMS 0x0000000083500000, 0x0000000083600000| Complete 
|  26|0x0000000083600000, 0x0000000083700000, 0x0000000083700000|100%| O|  |TAMS 0x0000000083600000, 0x0000000083700000| Untracked 
|  27|0x0000000083700000, 0x0000000083800000, 0x0000000083800000|100%| O|  |TAMS 0x0000000083700000, 0x0000000083800000| Untracked 
|  28|0x0000000083800000, 0x0000000083900000, 0x0000000083900000|100%| O|  |TAMS 0x0000000083800000, 0x0000000083900000| Untracked 
|  29|0x0000000083900000, 0x0000000083a00000, 0x0000000083a00000|100%| O|  |TAMS 0x0000000083900000, 0x0000000083a00000| Untracked 
|  30|0x0000000083a00000, 0x0000000083b00000, 0x0000000083b00000|100%| O|  |TAMS 0x0000000083a00000, 0x0000000083b00000| Untracked 
|  31|0x0000000083b00000, 0x0000000083c00000, 0x0000000083c00000|100%| O|  |TAMS 0x0000000083b00000, 0x0000000083c00000| Untracked 
|  32|0x0000000083c00000, 0x0000000083d00000, 0x0000000083d00000|100%| O|  |TAMS 0x0000000083c00000, 0x0000000083d00000| Untracked 
|  33|0x0000000083d00000, 0x0000000083e00000, 0x0000000083e00000|100%| O|  |TAMS 0x0000000083d00000, 0x0000000083e00000| Untracked 
|  34|0x0000000083e00000, 0x0000000083f00000, 0x0000000083f00000|100%| O|  |TAMS 0x0000000083e00000, 0x0000000083f00000| Untracked 
|  35|0x0000000083f00000, 0x0000000084000000, 0x0000000084000000|100%| O|  |TAMS 0x0000000083f00000, 0x0000000084000000| Untracked 
|  36|0x0000000084000000, 0x0000000084100000, 0x0000000084100000|100%| O|  |TAMS 0x0000000084000000, 0x0000000084060000| Untracked 
|  37|0x0000000084100000, 0x0000000084200000, 0x0000000084200000|100%| O|  |TAMS 0x0000000084100000, 0x0000000084100000| Untracked 
|  38|0x0000000084200000, 0x0000000084300000, 0x0000000084300000|100%| O|  |TAMS 0x0000000084200000, 0x0000000084200000| Untracked 
|  39|0x0000000084300000, 0x00000000843ed208, 0x0000000084400000| 92%| O|  |TAMS 0x0000000084300000, 0x0000000084300000| Untracked 
|  40|0x0000000084400000, 0x0000000084400000, 0x0000000084500000|  0%| F|  |TAMS 0x0000000084400000, 0x0000000084400000| Untracked 
|  41|0x0000000084500000, 0x0000000084500000, 0x0000000084600000|  0%| F|  |TAMS 0x0000000084500000, 0x0000000084500000| Untracked 
|  42|0x0000000084600000, 0x0000000084600000, 0x0000000084700000|  0%| F|  |TAMS 0x0000000084600000, 0x0000000084600000| Untracked 
|  43|0x0000000084700000, 0x0000000084700000, 0x0000000084800000|  0%| F|  |TAMS 0x0000000084700000, 0x0000000084700000| Untracked 
|  44|0x0000000084800000, 0x0000000084800000, 0x0000000084900000|  0%| F|  |TAMS 0x0000000084800000, 0x0000000084800000| Untracked 
|  45|0x0000000084900000, 0x0000000084900000, 0x0000000084a00000|  0%| F|  |TAMS 0x0000000084900000, 0x0000000084900000| Untracked 
|  46|0x0000000084a00000, 0x0000000084a00000, 0x0000000084b00000|  0%| F|  |TAMS 0x0000000084a00000, 0x0000000084a00000| Untracked 
|  47|0x0000000084b00000, 0x0000000084b00000, 0x0000000084c00000|  0%| F|  |TAMS 0x0000000084b00000, 0x0000000084b00000| Untracked 
|  48|0x0000000084c00000, 0x0000000084c00000, 0x0000000084d00000|  0%| F|  |TAMS 0x0000000084c00000, 0x0000000084c00000| Untracked 
|  49|0x0000000084d00000, 0x0000000084d00000, 0x0000000084e00000|  0%| F|  |TAMS 0x0000000084d00000, 0x0000000084d00000| Untracked 
|  50|0x0000000084e00000, 0x0000000084e00000, 0x0000000084f00000|  0%| F|  |TAMS 0x0000000084e00000, 0x0000000084e00000| Untracked 
|  51|0x0000000084f00000, 0x0000000084f00000, 0x0000000085000000|  0%| F|  |TAMS 0x0000000084f00000, 0x0000000084f00000| Untracked 
|  52|0x0000000085000000, 0x0000000085000000, 0x0000000085100000|  0%| F|  |TAMS 0x0000000085000000, 0x0000000085000000| Untracked 
|  53|0x0000000085100000, 0x0000000085100000, 0x0000000085200000|  0%| F|  |TAMS 0x0000000085100000, 0x0000000085100000| Untracked 
|  54|0x0000000085200000, 0x0000000085300000, 0x0000000085300000|100%| S|CS|TAMS 0x0000000085200000, 0x0000000085200000| Complete 
|  55|0x0000000085300000, 0x0000000085400000, 0x0000000085400000|100%| S|CS|TAMS 0x0000000085300000, 0x0000000085300000| Complete 
|  56|0x0000000085400000, 0x0000000085500000, 0x0000000085500000|100%| S|CS|TAMS 0x0000000085400000, 0x0000000085400000| Complete 
|  57|0x0000000085500000, 0x0000000085500000, 0x0000000085600000|  0%| F|  |TAMS 0x0000000085500000, 0x0000000085500000| Untracked 
|  58|0x0000000085600000, 0x0000000085600000, 0x0000000085700000|  0%| F|  |TAMS 0x0000000085600000, 0x0000000085600000| Untracked 
|  59|0x0000000085700000, 0x0000000085700000, 0x0000000085800000|  0%| F|  |TAMS 0x0000000085700000, 0x0000000085700000| Untracked 
|  60|0x0000000085800000, 0x0000000085800000, 0x0000000085900000|  0%| F|  |TAMS 0x0000000085800000, 0x0000000085800000| Untracked 
|  61|0x0000000085900000, 0x0000000085900000, 0x0000000085a00000|  0%| F|  |TAMS 0x0000000085900000, 0x0000000085900000| Untracked 
|  62|0x0000000085a00000, 0x0000000085a00000, 0x0000000085b00000|  0%| F|  |TAMS 0x0000000085a00000, 0x0000000085a00000| Untracked 
|  63|0x0000000085b00000, 0x0000000085b00000, 0x0000000085c00000|  0%| F|  |TAMS 0x0000000085b00000, 0x0000000085b00000| Untracked 
|  64|0x0000000085c00000, 0x0000000085c00000, 0x0000000085d00000|  0%| F|  |TAMS 0x0000000085c00000, 0x0000000085c00000| Untracked 
|  65|0x0000000085d00000, 0x0000000085d00000, 0x0000000085e00000|  0%| F|  |TAMS 0x0000000085d00000, 0x0000000085d00000| Untracked 
|  66|0x0000000085e00000, 0x0000000085e00000, 0x0000000085f00000|  0%| F|  |TAMS 0x0000000085e00000, 0x0000000085e00000| Untracked 
|  67|0x0000000085f00000, 0x0000000085f00000, 0x0000000086000000|  0%| F|  |TAMS 0x0000000085f00000, 0x0000000085f00000| Untracked 
|  68|0x0000000086000000, 0x0000000086000000, 0x0000000086100000|  0%| F|  |TAMS 0x0000000086000000, 0x0000000086000000| Untracked 
|  69|0x0000000086100000, 0x0000000086100000, 0x0000000086200000|  0%| F|  |TAMS 0x0000000086100000, 0x0000000086100000| Untracked 
|  70|0x0000000086200000, 0x0000000086200000, 0x0000000086300000|  0%| F|  |TAMS 0x0000000086200000, 0x0000000086200000| Untracked 
|  71|0x0000000086300000, 0x0000000086300000, 0x0000000086400000|  0%| F|  |TAMS 0x0000000086300000, 0x0000000086300000| Untracked 
|  72|0x0000000086400000, 0x0000000086400000, 0x0000000086500000|  0%| F|  |TAMS 0x0000000086400000, 0x0000000086400000| Untracked 
|  73|0x0000000086500000, 0x0000000086500000, 0x0000000086600000|  0%| F|  |TAMS 0x0000000086500000, 0x0000000086500000| Untracked 
|  74|0x0000000086600000, 0x0000000086600000, 0x0000000086700000|  0%| F|  |TAMS 0x0000000086600000, 0x0000000086600000| Untracked 
|  75|0x0000000086700000, 0x0000000086700000, 0x0000000086800000|  0%| F|  |TAMS 0x0000000086700000, 0x0000000086700000| Untracked 
|  76|0x0000000086800000, 0x0000000086800000, 0x0000000086900000|  0%| F|  |TAMS 0x0000000086800000, 0x0000000086800000| Untracked 
|  77|0x0000000086900000, 0x0000000086900000, 0x0000000086a00000|  0%| F|  |TAMS 0x0000000086900000, 0x0000000086900000| Untracked 
|  78|0x0000000086a00000, 0x0000000086a00000, 0x0000000086b00000|  0%| F|  |TAMS 0x0000000086a00000, 0x0000000086a00000| Untracked 
|  79|0x0000000086b00000, 0x0000000086b00000, 0x0000000086c00000|  0%| F|  |TAMS 0x0000000086b00000, 0x0000000086b00000| Untracked 
|  80|0x0000000086c00000, 0x0000000086c00000, 0x0000000086d00000|  0%| F|  |TAMS 0x0000000086c00000, 0x0000000086c00000| Untracked 
|  81|0x0000000086d00000, 0x0000000086d00000, 0x0000000086e00000|  0%| F|  |TAMS 0x0000000086d00000, 0x0000000086d00000| Untracked 
|  82|0x0000000086e00000, 0x0000000086e00000, 0x0000000086f00000|  0%| F|  |TAMS 0x0000000086e00000, 0x0000000086e00000| Untracked 
|  83|0x0000000086f00000, 0x0000000086f00000, 0x0000000087000000|  0%| F|  |TAMS 0x0000000086f00000, 0x0000000086f00000| Untracked 
|  84|0x0000000087000000, 0x0000000087000000, 0x0000000087100000|  0%| F|  |TAMS 0x0000000087000000, 0x0000000087000000| Untracked 
|  85|0x0000000087100000, 0x0000000087100000, 0x0000000087200000|  0%| F|  |TAMS 0x0000000087100000, 0x0000000087100000| Untracked 
|  86|0x0000000087200000, 0x0000000087200000, 0x0000000087300000|  0%| F|  |TAMS 0x0000000087200000, 0x0000000087200000| Untracked 
|  87|0x0000000087300000, 0x0000000087300000, 0x0000000087400000|  0%| F|  |TAMS 0x0000000087300000, 0x0000000087300000| Untracked 
|  88|0x0000000087400000, 0x0000000087400000, 0x0000000087500000|  0%| F|  |TAMS 0x0000000087400000, 0x0000000087400000| Untracked 
|  89|0x0000000087500000, 0x0000000087500000, 0x0000000087600000|  0%| F|  |TAMS 0x0000000087500000, 0x0000000087500000| Untracked 
|  90|0x0000000087600000, 0x0000000087600000, 0x0000000087700000|  0%| F|  |TAMS 0x0000000087600000, 0x0000000087600000| Untracked 
|  91|0x0000000087700000, 0x0000000087700000, 0x0000000087800000|  0%| F|  |TAMS 0x0000000087700000, 0x0000000087700000| Untracked 
|  92|0x0000000087800000, 0x0000000087800000, 0x0000000087900000|  0%| F|  |TAMS 0x0000000087800000, 0x0000000087800000| Untracked 
| 127|0x0000000089b00000, 0x0000000089b00000, 0x0000000089c00000|  0%| F|  |TAMS 0x0000000089b00000, 0x0000000089b00000| Untracked 
|2019|0x00000000fff00000, 0x0000000100000000, 0x0000000100000000|100%| O|  |TAMS 0x0000000100000000, 0x0000000100000000| Untracked 

Card table byte_map: [0x000001afda9f0000,0x000001afdadf0000] _byte_map_base: 0x000001afda5e2000

Marking Bits (Prev, Next): (CMBitMap*) 0x000001afc5f04ca0, (CMBitMap*) 0x000001afc5f04ce0
 Prev Bits: [0x000001afdb1f0000, 0x000001afdd180000)
 Next Bits: [0x000001afdd180000, 0x000001afdf110000)

Polling page: 0x000001afc5f80000

Metaspace:

Usage:
  Non-class:     49.04 MB used.
      Class:      6.55 MB used.
       Both:     55.59 MB used.

Virtual space:
  Non-class space:       56.00 MB reserved,      49.19 MB ( 88%) committed,  7 nodes.
      Class space:        1.00 GB reserved,       6.69 MB ( <1%) committed,  1 nodes.
             Both:        1.05 GB reserved,      55.88 MB (  5%) committed. 

Chunk freelists:
   Non-Class:  2.27 MB
       Class:  1.28 MB
        Both:  3.55 MB

MaxMetaspaceSize: unlimited
CompressedClassSpaceSize: 1.00 GB
Initial GC threshold: 21.00 MB
Current GC threshold: 58.88 MB
CDS: off
MetaspaceReclaimPolicy: balanced
 - commit_granule_bytes: 65536.
 - commit_granule_words: 8192.
 - virtual_space_node_default_size: 1048576.
 - enlarge_chunks_in_place: 1.
 - new_chunks_are_fully_committed: 0.
 - uncommit_free_chunks: 1.
 - use_allocation_guard: 0.
 - handle_deallocations: 1.


Internal statistics:

num_allocs_failed_limit: 6.
num_arena_births: 262.
num_arena_deaths: 0.
num_vsnodes_births: 8.
num_vsnodes_deaths: 0.
num_space_committed: 892.
num_space_uncommitted: 0.
num_chunks_returned_to_freelist: 6.
num_chunks_taken_from_freelist: 1939.
num_chunk_merges: 0.
num_chunk_splits: 1567.
num_chunks_enlarged: 1375.
num_purges: 0.
num_inconsistent_stats: 0.

CodeHeap 'non-profiled nmethods': size=120000Kb used=2721Kb max_used=2721Kb free=117278Kb
 bounds [0x000001afd2650000, 0x000001afd2900000, 0x000001afd9b80000]
CodeHeap 'profiled nmethods': size=120000Kb used=12419Kb max_used=12419Kb free=107580Kb
 bounds [0x000001afcab80000, 0x000001afcb7b0000, 0x000001afd20b0000]
CodeHeap 'non-nmethods': size=5760Kb used=1292Kb max_used=1456Kb free=4467Kb
 bounds [0x000001afd20b0000, 0x000001afd2320000, 0x000001afd2650000]
 total_blobs=6186 nmethods=5574 adapters=524
 compilation: enabled
              stopped_count=0, restarted_count=0
 full_count=0

Compilation events (20 events):
Event: 6.471 Thread 0x000001afe282e250 nmethod 5639 0x000001afcb799d10 code [0x000001afcb799f40, 0x000001afcb79a648]
Event: 6.471 Thread 0x000001afe282e250 5642       3       org.jetbrains.kotlin.resolve.descriptorUtil.DescriptorUtilsKt::getFqNameSafe (18 bytes)
Event: 6.471 Thread 0x000001afe282e250 nmethod 5642 0x000001afcb79a890 code [0x000001afcb79aac0, 0x000001afcb79b0b8]
Event: 6.471 Thread 0x000001afe282e250 5652       3       org.jetbrains.kotlin.builtins.functions.FunctionClassKind$Companion::parseClassName (77 bytes)
Event: 6.473 Thread 0x000001afe282e250 nmethod 5652 0x000001afcb79b310 code [0x000001afcb79b640, 0x000001afcb79c588]
Event: 6.473 Thread 0x000001afe282e250 5653       3       org.jetbrains.kotlin.util.ArrayMap::<init> (5 bytes)
Event: 6.473 Thread 0x000001afe282e250 nmethod 5653 0x000001afcb79cc10 code [0x000001afcb79cdc0, 0x000001afcb79cf78]
Event: 6.473 Thread 0x000001afe282e250 5659       3       org.jetbrains.kotlin.types.AbstractStrictEqualityTypeChecker::strictEqualSimpleTypes (248 bytes)
Event: 6.474 Thread 0x000001afe282e250 nmethod 5659 0x000001afcb79d090 code [0x000001afcb79d400, 0x000001afcb79ee68]
Event: 6.474 Thread 0x000001afe282e250 5657       3       org.jetbrains.kotlin.load.kotlin.TypeMappingConfigurationImpl::getPredefinedTypeForClass (6 bytes)
Event: 6.475 Thread 0x000001afe282e250 nmethod 5657 0x000001afcb79f290 code [0x000001afcb79f4a0, 0x000001afcb79fa98]
Event: 6.475 Thread 0x000001afe282e250 5658       3       org.jetbrains.kotlin.load.kotlin.TypeMappingConfigurationImpl::getPredefinedTypeForClass (8 bytes)
Event: 6.476 Thread 0x000001afe3fe63b0 nmethod 4865 0x000001afd28ec890 code [0x000001afd28ece20, 0x000001afd28f4810]
Event: 6.476 Thread 0x000001afe282e250 nmethod 5658 0x000001afcb79fd10 code [0x000001afcb79ff20, 0x000001afcb7a04b8]
Event: 6.476 Thread 0x000001afe282e250 5654       3       org.jetbrains.kotlin.util.ArrayMap::<init> (5 bytes)
Event: 6.476 Thread 0x000001afe282e250 nmethod 5654 0x000001afcb7a0710 code [0x000001afcb7a08a0, 0x000001afcb7a09f8]
Event: 6.476 Thread 0x000001afe282e250 5660       3       org.jetbrains.kotlin.resolve.OverridingUtilTypeSystemContext::lowerBound (6 bytes)
Event: 6.477 Thread 0x000001afe282e250 nmethod 5660 0x000001afcb7a0a90 code [0x000001afcb7a0c20, 0x000001afcb7a0d48]
Event: 6.477 Thread 0x000001afe282e250 5649       3       org.jetbrains.kotlin.load.java.SpecialGenericSignatures$Companion::getSameAsRenamedInJvmBuiltin (17 bytes)
Event: 6.479 Thread 0x000001afe3fe63b0 5651       4       kotlin.collections.CollectionsKt__MutableCollectionsKt::addAll (74 bytes)

GC Heap History (20 events):
Event: 1.808 GC heap after
{Heap after GC invocations=6 (full 0):
 garbage-first heap   total 41984K, used 17868K [0x0000000081c00000, 0x0000000100000000)
  region size 1024K, 2 young (2048K), 2 survivors (2048K)
 Metaspace       used 31005K, committed 31232K, reserved 1081344K
  class space    used 3769K, committed 3904K, reserved 1048576K
}
Event: 2.008 GC heap before
{Heap before GC invocations=6 (full 0):
 garbage-first heap   total 41984K, used 34252K [0x0000000081c00000, 0x0000000100000000)
  region size 1024K, 16 young (16384K), 2 survivors (2048K)
 Metaspace       used 32240K, committed 32448K, reserved 1081344K
  class space    used 4113K, committed 4224K, reserved 1048576K
}
Event: 2.017 GC heap after
{Heap after GC invocations=7 (full 0):
 garbage-first heap   total 64512K, used 23459K [0x0000000081c00000, 0x0000000100000000)
  region size 1024K, 2 young (2048K), 2 survivors (2048K)
 Metaspace       used 32240K, committed 32448K, reserved 1081344K
  class space    used 4113K, committed 4224K, reserved 1048576K
}
Event: 2.281 GC heap before
{Heap before GC invocations=7 (full 0):
 garbage-first heap   total 64512K, used 37795K [0x0000000081c00000, 0x0000000100000000)
  region size 1024K, 17 young (17408K), 2 survivors (2048K)
 Metaspace       used 35782K, committed 35968K, reserved 1081344K
  class space    used 4522K, committed 4608K, reserved 1048576K
}
Event: 2.288 GC heap after
{Heap after GC invocations=8 (full 0):
 garbage-first heap   total 64512K, used 25378K [0x0000000081c00000, 0x0000000100000000)
  region size 1024K, 2 young (2048K), 2 survivors (2048K)
 Metaspace       used 35782K, committed 35968K, reserved 1081344K
  class space    used 4522K, committed 4608K, reserved 1048576K
}
Event: 2.622 GC heap before
{Heap before GC invocations=9 (full 0):
 garbage-first heap   total 64512K, used 45858K [0x0000000081c00000, 0x0000000100000000)
  region size 1024K, 23 young (23552K), 2 survivors (2048K)
 Metaspace       used 39929K, committed 40128K, reserved 1089536K
  class space    used 4948K, committed 5056K, reserved 1048576K
}
Event: 2.629 GC heap after
{Heap after GC invocations=10 (full 0):
 garbage-first heap   total 64512K, used 25581K [0x0000000081c00000, 0x0000000100000000)
  region size 1024K, 3 young (3072K), 3 survivors (3072K)
 Metaspace       used 39929K, committed 40128K, reserved 1089536K
  class space    used 4948K, committed 5056K, reserved 1048576K
}
Event: 3.286 GC heap before
{Heap before GC invocations=10 (full 0):
 garbage-first heap   total 64512K, used 46061K [0x0000000081c00000, 0x0000000100000000)
  region size 1024K, 24 young (24576K), 3 survivors (3072K)
 Metaspace       used 45343K, committed 45568K, reserved 1089536K
  class space    used 5463K, committed 5568K, reserved 1048576K
}
Event: 3.294 GC heap after
{Heap after GC invocations=11 (full 0):
 garbage-first heap   total 64512K, used 27856K [0x0000000081c00000, 0x0000000100000000)
  region size 1024K, 3 young (3072K), 3 survivors (3072K)
 Metaspace       used 45343K, committed 45568K, reserved 1089536K
  class space    used 5463K, committed 5568K, reserved 1048576K
}
Event: 3.980 GC heap before
{Heap before GC invocations=11 (full 0):
 garbage-first heap   total 64512K, used 50384K [0x0000000081c00000, 0x0000000100000000)
  region size 1024K, 23 young (23552K), 3 survivors (3072K)
 Metaspace       used 49121K, committed 49344K, reserved 1097728K
  class space    used 5928K, committed 6016K, reserved 1048576K
}
Event: 3.994 GC heap after
{Heap after GC invocations=12 (full 0):
 garbage-first heap   total 64512K, used 32742K [0x0000000081c00000, 0x0000000100000000)
  region size 1024K, 3 young (3072K), 3 survivors (3072K)
 Metaspace       used 49121K, committed 49344K, reserved 1097728K
  class space    used 5928K, committed 6016K, reserved 1048576K
}
Event: 4.028 GC heap before
{Heap before GC invocations=12 (full 0):
 garbage-first heap   total 64512K, used 33766K [0x0000000081c00000, 0x0000000100000000)
  region size 1024K, 5 young (5120K), 3 survivors (3072K)
 Metaspace       used 49271K, committed 49472K, reserved 1097728K
  class space    used 5945K, committed 6016K, reserved 1048576K
}
Event: 4.036 GC heap after
{Heap after GC invocations=13 (full 0):
 garbage-first heap   total 77824K, used 33510K [0x0000000081c00000, 0x0000000100000000)
  region size 1024K, 1 young (1024K), 1 survivors (1024K)
 Metaspace       used 49271K, committed 49472K, reserved 1097728K
  class space    used 5945K, committed 6016K, reserved 1048576K
}
Event: 4.265 GC heap before
{Heap before GC invocations=13 (full 0):
 garbage-first heap   total 77824K, used 58086K [0x0000000081c00000, 0x0000000100000000)
  region size 1024K, 25 young (25600K), 1 survivors (1024K)
 Metaspace       used 49986K, committed 50176K, reserved 1097728K
  class space    used 6022K, committed 6080K, reserved 1048576K
}
Event: 4.270 GC heap after
{Heap after GC invocations=14 (full 0):
 garbage-first heap   total 77824K, used 34183K [0x0000000081c00000, 0x0000000100000000)
  region size 1024K, 2 young (2048K), 2 survivors (2048K)
 Metaspace       used 49986K, committed 50176K, reserved 1097728K
  class space    used 6022K, committed 6080K, reserved 1048576K
}
Event: 4.750 GC heap before
{Heap before GC invocations=14 (full 0):
 garbage-first heap   total 77824K, used 57735K [0x0000000081c00000, 0x0000000100000000)
  region size 1024K, 26 young (26624K), 2 survivors (2048K)
 Metaspace       used 51757K, committed 52032K, reserved 1097728K
  class space    used 6204K, committed 6336K, reserved 1048576K
}
Event: 4.765 GC heap after
{Heap after GC invocations=15 (full 0):
 garbage-first heap   total 77824K, used 38135K [0x0000000081c00000, 0x0000000100000000)
  region size 1024K, 4 young (4096K), 4 survivors (4096K)
 Metaspace       used 51757K, committed 52032K, reserved 1097728K
  class space    used 6204K, committed 6336K, reserved 1048576K
}
Event: 5.957 GC heap before
{Heap before GC invocations=15 (full 0):
 garbage-first heap   total 77824K, used 58615K [0x0000000081c00000, 0x0000000100000000)
  region size 1024K, 25 young (25600K), 4 survivors (4096K)
 Metaspace       used 56253K, committed 56512K, reserved 1105920K
  class space    used 6680K, committed 6848K, reserved 1048576K
}
Event: 5.975 GC heap after
{Heap after GC invocations=16 (full 0):
 garbage-first heap   total 77824K, used 41670K [0x0000000081c00000, 0x0000000100000000)
  region size 1024K, 4 young (4096K), 4 survivors (4096K)
 Metaspace       used 56253K, committed 56512K, reserved 1105920K
  class space    used 6680K, committed 6848K, reserved 1048576K
}
Event: 6.490 GC heap before
{Heap before GC invocations=16 (full 0):
 garbage-first heap   total 77824K, used 60102K [0x0000000081c00000, 0x0000000100000000)
  region size 1024K, 22 young (22528K), 4 survivors (4096K)
 Metaspace       used 56923K, committed 57216K, reserved 1105920K
  class space    used 6702K, committed 6848K, reserved 1048576K
}

Dll operation events (2 events):
Event: 0.008 Loaded shared library C:\Program Files\Android\Android Studio\jbr\bin\java.dll
Event: 0.906 Loaded shared library C:\Program Files\Android\Android Studio\jbr\bin\verify.dll

Deoptimization events (20 events):
Event: 5.800 Thread 0x000001afc5ea7660 Uncommon trap: trap_request=0xffffff45 fr.pc=0x000001afd281ec60 relative=0x0000000000001fe0
Event: 5.800 Thread 0x000001afc5ea7660 Uncommon trap: reason=unstable_if action=reinterpret pc=0x000001afd281ec60 method=org.jetbrains.kotlin.metadata.ProtoBuf$Type.writeTo(Lorg/jetbrains/kotlin/protobuf/CodedOutputStream;)V @ 160 c2
Event: 5.800 Thread 0x000001afc5ea7660 DEOPT PACKING pc=0x000001afd281ec60 sp=0x0000005bf91fb090
Event: 5.800 Thread 0x000001afc5ea7660 DEOPT UNPACKING pc=0x000001afd21069a3 sp=0x0000005bf91fb098 mode 2
Event: 5.822 Thread 0x000001afc5ea7660 Uncommon trap: trap_request=0xffffff45 fr.pc=0x000001afd2836990 relative=0x00000000000009b0
Event: 5.822 Thread 0x000001afc5ea7660 Uncommon trap: reason=unstable_if action=reinterpret pc=0x000001afd2836990 method=java.util.HashMap.putVal(ILjava/lang/Object;Ljava/lang/Object;ZZ)Ljava/lang/Object; @ 206 c2
Event: 5.822 Thread 0x000001afc5ea7660 DEOPT PACKING pc=0x000001afd2836990 sp=0x0000005bf91fb2b0
Event: 5.822 Thread 0x000001afc5ea7660 DEOPT UNPACKING pc=0x000001afd21069a3 sp=0x0000005bf91fb248 mode 2
Event: 5.822 Thread 0x000001afc5ea7660 Uncommon trap: trap_request=0xffffff45 fr.pc=0x000001afd26f1554 relative=0x0000000000000234
Event: 5.822 Thread 0x000001afc5ea7660 Uncommon trap: reason=unstable_if action=reinterpret pc=0x000001afd26f1554 method=java.util.HashMap.getNode(Ljava/lang/Object;)Ljava/util/HashMap$Node; @ 66 c2
Event: 5.822 Thread 0x000001afc5ea7660 DEOPT PACKING pc=0x000001afd26f1554 sp=0x0000005bf91fb480
Event: 5.822 Thread 0x000001afc5ea7660 DEOPT UNPACKING pc=0x000001afd21069a3 sp=0x0000005bf91fb388 mode 2
Event: 5.827 Thread 0x000001afc5ea7660 Uncommon trap: trap_request=0xffffff45 fr.pc=0x000001afd26a8738 relative=0x0000000000000218
Event: 5.827 Thread 0x000001afc5ea7660 Uncommon trap: reason=unstable_if action=reinterpret pc=0x000001afd26a8738 method=java.util.HashMap.getNode(Ljava/lang/Object;)Ljava/util/HashMap$Node; @ 66 c2
Event: 5.827 Thread 0x000001afc5ea7660 DEOPT PACKING pc=0x000001afd26a8738 sp=0x0000005bf91fb3f0
Event: 5.827 Thread 0x000001afc5ea7660 DEOPT UNPACKING pc=0x000001afd21069a3 sp=0x0000005bf91fb370 mode 2
Event: 6.025 Thread 0x000001afc5ea7660 DEOPT PACKING pc=0x000001afcb0a7fe5 sp=0x0000005bf91fc1b0
Event: 6.025 Thread 0x000001afc5ea7660 DEOPT UNPACKING pc=0x000001afd2107143 sp=0x0000005bf91fb600 mode 0
Event: 6.210 Thread 0x000001afc5ea7660 DEOPT PACKING pc=0x000001afcb0a7fe5 sp=0x0000005bf91fbca0
Event: 6.210 Thread 0x000001afc5ea7660 DEOPT UNPACKING pc=0x000001afd2107143 sp=0x0000005bf91fb0f0 mode 0

Classes unloaded (0 events):
No events

Classes redefined (0 events):
No events

Internal exceptions (20 events):
Event: 1.118 Thread 0x000001afc5ea7660 Exception <a 'java/lang/NoSuchMethodError'{0x0000000083c09f38}: 'int java.lang.invoke.DirectMethodHandle$Holder.invokeStaticInit(java.lang.Object, java.lang.Object, java.lang.Object)'> (0x0000000083c09f38) 
thrown [s\src\hotspot\share\interpreter\linkResolver.cpp, line 771]
Event: 1.123 Thread 0x000001afc5ea7660 Exception <a 'java/lang/NoSuchMethodError'{0x0000000083c32600}: 'int java.lang.invoke.DirectMethodHandle$Holder.invokeStaticInit(java.lang.Object, java.lang.Object)'> (0x0000000083c32600) 
thrown [s\src\hotspot\share\interpreter\linkResolver.cpp, line 771]
Event: 1.144 Thread 0x000001afc5ea7660 Exception <a 'java/lang/NoSuchMethodError'{0x0000000083b0dca8}: 'void java.lang.invoke.DirectMethodHandle$Holder.invokeSpecial(java.lang.Object, java.lang.Object, java.lang.Object)'> (0x0000000083b0dca8) 
thrown [s\src\hotspot\share\interpreter\linkResolver.cpp, line 771]
Event: 1.387 Thread 0x000001afc5ea7660 Exception <a 'java/lang/NoSuchMethodError'{0x00000000830c0c50}: 'void java.lang.invoke.DirectMethodHandle$Holder.invokeStatic(java.lang.Object, java.lang.Object, java.lang.Object, java.lang.Object)'> (0x00000000830c0c50) 
thrown [s\src\hotspot\share\interpreter\linkResolver.cpp, line 771]
Event: 1.467 Thread 0x000001afc5ea7660 Exception <a 'java/lang/NoSuchMethodError'{0x0000000089b70628}: 'void java.lang.invoke.DirectMethodHandle$Holder.invokeStaticInit(java.lang.Object, java.lang.Object)'> (0x0000000089b70628) 
thrown [s\src\hotspot\share\interpreter\linkResolver.cpp, line 771]
Event: 1.563 Thread 0x000001afc5ea7660 Exception <a 'java/lang/NoSuchMethodError'{0x00000000875aa028}: 'void java.lang.invoke.DirectMethodHandle$Holder.invokeVirtual(java.lang.Object, java.lang.Object)'> (0x00000000875aa028) 
thrown [s\src\hotspot\share\interpreter\linkResolver.cpp, line 771]
Event: 1.578 Thread 0x000001afc5ea7660 Exception <a 'java/lang/NoSuchMethodError'{0x0000000083e34368}: 'int java.lang.invoke.DirectMethodHandle$Holder.invokeVirtual(java.lang.Object, java.lang.Object)'> (0x0000000083e34368) 
thrown [s\src\hotspot\share\interpreter\linkResolver.cpp, line 771]
Event: 1.594 Thread 0x000001afc5ea7660 Exception <a 'java/lang/NoSuchMethodError'{0x0000000083eda2a8}: 'java.lang.Object java.lang.invoke.Invokers$Holder.invokeExact_MT(java.lang.Object, java.lang.Object, java.lang.Object, java.lang.Object, java.lang.Object, java.lang.Object)'> (0x0000000083eda2a8) 
thrown [s\src\hotspot\share\interpreter\linkResolver.cpp, line 771]
Event: 2.281 Thread 0x000001afc5ea7660 Exception <a 'java/lang/NoSuchMethodError'{0x0000000084bb6b70}: 'java.lang.Object java.lang.invoke.DirectMethodHandle$Holder.invokeVirtual(java.lang.Object, java.lang.Object, java.lang.Object)'> (0x0000000084bb6b70) 
thrown [s\src\hotspot\share\interpreter\linkResolver.cpp, line 771]
Event: 2.985 Thread 0x000001afc5ea7660 Exception <a 'java/lang/NoSuchMethodError'{0x000000008488d4b0}: 'java.lang.Object java.lang.invoke.DirectMethodHandle$Holder.newInvokeSpecial(java.lang.Object, java.lang.Object, int)'> (0x000000008488d4b0) 
thrown [s\src\hotspot\share\interpreter\linkResolver.cpp, line 771]
Event: 3.310 Thread 0x000001afc5ea7660 Exception <a 'java/lang/NoSuchMethodError'{0x0000000089b8dd78}: 'java.lang.Object java.lang.invoke.DirectMethodHandle$Holder.newInvokeSpecial(java.lang.Object, java.lang.Object, java.lang.Object, int)'> (0x0000000089b8dd78) 
thrown [s\src\hotspot\share\interpreter\linkResolver.cpp, line 771]
Event: 3.311 Thread 0x000001afc5ea7660 Exception <a 'java/lang/NoSuchMethodError'{0x0000000089b92400}: 'java.lang.Object java.lang.invoke.DirectMethodHandle$Holder.invokeSpecial(java.lang.Object, java.lang.Object, java.lang.Object, java.lang.Object, int)'> (0x0000000089b92400) 
thrown [s\src\hotspot\share\interpreter\linkResolver.cpp, line 771]
Event: 3.311 Thread 0x000001afc5ea7660 Exception <a 'java/lang/NoSuchMethodError'{0x0000000089b96270}: 'java.lang.Object java.lang.invoke.Invokers$Holder.linkToTargetMethod(java.lang.Object, java.lang.Object, int, java.lang.Object)'> (0x0000000089b96270) 
thrown [s\src\hotspot\share\interpreter\linkResolver.cpp, line 771]
Event: 3.323 Thread 0x000001afc5ea7660 Exception <a 'java/lang/NoSuchMethodError'{0x0000000089bda7a8}: 'java.lang.Object java.lang.invoke.DirectMethodHandle$Holder.invokeInterface(java.lang.Object, java.lang.Object)'> (0x0000000089bda7a8) 
thrown [s\src\hotspot\share\interpreter\linkResolver.cpp, line 771]
Event: 5.006 Thread 0x000001afc5ea7660 Exception <a 'java/lang/NoSuchMethodError'{0x00000000861d6b68}: 'java.lang.Object java.lang.invoke.DirectMethodHandle$Holder.newInvokeSpecial(java.lang.Object, java.lang.Object, java.lang.Object, java.lang.Object, java.lang.Object, java.lang.Object, java.lang.Object, java.lang.Object)'> (0x00000000861d6b68) 
thrown [s\src\hotspot\share\interpreter\linkResolver.cpp, line 771]
Event: 5.007 Thread 0x000001afc5ea7660 Exception <a 'java/lang/NoSuchMethodError'{0x00000000861dc3d8}: 'java.lang.Object java.lang.invoke.DirectMethodHandle$Holder.invokeSpecial(java.lang.Object, java.lang.Object, java.lang.Object, java.lang.Object, java.lang.Object, java.lang.Object, java.lang.Object, java.lang.Object, java.lang.Object)'> (0x00000000861dc3d8) 
thrown [s\src\hotspot\share\interpreter\linkResolver.cpp, line 771]
Event: 5.008 Thread 0x000001afc5ea7660 Exception <a 'java/lang/NoSuchMethodError'{0x00000000861e1308}: 'java.lang.Object java.lang.invoke.Invokers$Holder.linkToTargetMethod(java.lang.Object, java.lang.Object, java.lang.Object, java.lang.Object, java.lang.Object, java.lang.Object, java.lang.Object, java.lang.Object)'> (0x00000000861e1308) 
thrown [s\src\hotspot\share\interpreter\linkResolver.cpp, line 771]
Event: 5.676 Thread 0x000001afc5ea7660 Exception <a 'java/lang/NoSuchMethodError'{0x00000000855cf700}: 'java.lang.Object java.lang.invoke.DirectMethodHandle$Holder.invokeStaticInit(java.lang.Object, java.lang.Object, java.lang.Object)'> (0x00000000855cf700) 
thrown [s\src\hotspot\share\interpreter\linkResolver.cpp, line 771]
Event: 5.691 Thread 0x000001afc5ea7660 Exception <a 'java/lang/NoSuchMethodError'{0x00000000854152b0}: 'java.lang.Object java.lang.invoke.DirectMethodHandle$Holder.newInvokeSpecial(java.lang.Object, int, java.lang.Object)'> (0x00000000854152b0) 
thrown [s\src\hotspot\share\interpreter\linkResolver.cpp, line 771]
Event: 5.694 Thread 0x000001afc5ea7660 Exception <a 'java/lang/NoSuchMethodError'{0x000000008541e958}: 'int java.lang.invoke.DirectMethodHandle$Holder.invokeInterface(java.lang.Object, java.lang.Object)'> (0x000000008541e958) 
thrown [s\src\hotspot\share\interpreter\linkResolver.cpp, line 771]

VM Operations (20 events):
Event: 5.276 Executing VM operation: ICBufferFull done
Event: 5.502 Executing VM operation: HandshakeAllThreads
Event: 5.502 Executing VM operation: HandshakeAllThreads done
Event: 5.506 Executing VM operation: HandshakeAllThreads
Event: 5.506 Executing VM operation: HandshakeAllThreads done
Event: 5.522 Executing VM operation: HandshakeAllThreads
Event: 5.522 Executing VM operation: HandshakeAllThreads done
Event: 5.776 Executing VM operation: ICBufferFull
Event: 5.777 Executing VM operation: ICBufferFull done
Event: 5.957 Executing VM operation: G1CollectForAllocation
Event: 5.975 Executing VM operation: G1CollectForAllocation done
Event: 6.202 Executing VM operation: ICBufferFull
Event: 6.202 Executing VM operation: ICBufferFull done
Event: 6.249 Executing VM operation: HandshakeAllThreads
Event: 6.249 Executing VM operation: HandshakeAllThreads done
Event: 6.296 Executing VM operation: HandshakeAllThreads
Event: 6.296 Executing VM operation: HandshakeAllThreads done
Event: 6.317 Executing VM operation: ICBufferFull
Event: 6.317 Executing VM operation: ICBufferFull done
Event: 6.478 Executing VM operation: G1CollectForAllocation

Events (20 events):
Event: 4.340 loading class java/util/function/BinaryOperator
Event: 4.340 loading class java/util/function/BinaryOperator done
Event: 4.341 loading class java/util/stream/ReduceOps
Event: 4.341 loading class java/util/stream/ReduceOps done
Event: 4.341 loading class java/util/stream/ReduceOps$3
Event: 4.342 loading class java/util/stream/ReduceOps$ReduceOp
Event: 4.342 loading class java/util/stream/ReduceOps$ReduceOp done
Event: 4.342 loading class java/util/stream/ReduceOps$3 done
Event: 4.342 loading class java/util/stream/ReduceOps$3ReducingSink
Event: 4.342 loading class java/util/stream/ReduceOps$AccumulatingSink
Event: 4.342 loading class java/util/stream/ReduceOps$AccumulatingSink done
Event: 4.342 loading class java/util/stream/ReduceOps$Box
Event: 4.342 loading class java/util/stream/ReduceOps$Box done
Event: 4.342 loading class java/util/stream/ReduceOps$3ReducingSink done
Event: 4.342 loading class java/util/stream/ReferencePipeline$2$1
Event: 4.342 loading class java/util/stream/ReferencePipeline$2$1 done
Event: 5.304 loading class java/util/RegularEnumSet$EnumSetIterator
Event: 5.304 loading class java/util/RegularEnumSet$EnumSetIterator done
Event: 5.524 loading class java/util/ComparableTimSort
Event: 5.524 loading class java/util/ComparableTimSort done


Dynamic libraries:
0x00007ff682780000 - 0x00007ff68278a000 	C:\Program Files\Android\Android Studio\jbr\bin\java.exe
0x00007ffdb46b0000 - 0x00007ffdb48a8000 	C:\WINDOWS\SYSTEM32\ntdll.dll
0x00007ffdb42c0000 - 0x00007ffdb437f000 	C:\WINDOWS\System32\KERNEL32.DLL
0x00007ffdb2120000 - 0x00007ffdb23fa000 	C:\WINDOWS\System32\KERNELBASE.dll
0x00007ffdb2610000 - 0x00007ffdb2710000 	C:\WINDOWS\System32\ucrtbase.dll
0x00007ffdac1b0000 - 0x00007ffdac1c7000 	C:\Program Files\Android\Android Studio\jbr\bin\jli.dll
0x00007ffd9eaf0000 - 0x00007ffd9eb0b000 	C:\Program Files\Android\Android Studio\jbr\bin\VCRUNTIME140.dll
0x00007ffdb4420000 - 0x00007ffdb45bd000 	C:\WINDOWS\System32\USER32.dll
0x00007ffdb1ec0000 - 0x00007ffdb1ee2000 	C:\WINDOWS\System32\win32u.dll
0x00007ffd914b0000 - 0x00007ffd9174a000 	C:\WINDOWS\WinSxS\amd64_microsoft.windows.common-controls_6595b64144ccf1df_6.0.19041.1110_none_60b5254171f9507e\COMCTL32.dll
0x00007ffdb45c0000 - 0x00007ffdb465e000 	C:\WINDOWS\System32\msvcrt.dll
0x00007ffdb4290000 - 0x00007ffdb42bb000 	C:\WINDOWS\System32\GDI32.dll
0x00007ffdb2500000 - 0x00007ffdb2610000 	C:\WINDOWS\System32\gdi32full.dll
0x00007ffdb1f20000 - 0x00007ffdb1fbd000 	C:\WINDOWS\System32\msvcp_win.dll
0x00007ffdb3ac0000 - 0x00007ffdb3af0000 	C:\WINDOWS\System32\IMM32.DLL
0x00007ffd8f8e0000 - 0x00007ffd8f8ec000 	C:\Program Files\Android\Android Studio\jbr\bin\vcruntime140_1.dll
0x00007ffd97810000 - 0x00007ffd9789d000 	C:\Program Files\Android\Android Studio\jbr\bin\msvcp140.dll
0x00007ffd55a90000 - 0x00007ffd566fd000 	C:\Program Files\Android\Android Studio\jbr\bin\server\jvm.dll
0x00007ffdb2c50000 - 0x00007ffdb2cfe000 	C:\WINDOWS\System32\ADVAPI32.dll
0x00007ffdb2bb0000 - 0x00007ffdb2c4c000 	C:\WINDOWS\System32\sechost.dll
0x00007ffdb3af0000 - 0x00007ffdb3c16000 	C:\WINDOWS\System32\RPCRT4.dll
0x00007ffda1290000 - 0x00007ffda1299000 	C:\WINDOWS\SYSTEM32\WSOCK32.dll
0x00007ffda0b70000 - 0x00007ffda0b97000 	C:\WINDOWS\SYSTEM32\WINMM.dll
0x00007ffdac4f0000 - 0x00007ffdac4fa000 	C:\WINDOWS\SYSTEM32\VERSION.dll
0x00007ffdb2d00000 - 0x00007ffdb2d6b000 	C:\WINDOWS\System32\WS2_32.dll
0x00007ffdb0660000 - 0x00007ffdb0672000 	C:\WINDOWS\SYSTEM32\kernel.appcore.dll
0x00007ffd8f8d0000 - 0x00007ffd8f8da000 	C:\Program Files\Android\Android Studio\jbr\bin\jimage.dll
0x00007ffdafb80000 - 0x00007ffdafd64000 	C:\WINDOWS\SYSTEM32\DBGHELP.DLL
0x00007ffda92a0000 - 0x00007ffda92d4000 	C:\WINDOWS\SYSTEM32\dbgcore.DLL
0x00007ffdb1e30000 - 0x00007ffdb1eb2000 	C:\WINDOWS\System32\bcryptPrimitives.dll
0x00007ffd82970000 - 0x00007ffd82995000 	C:\Program Files\Android\Android Studio\jbr\bin\java.dll
0x00007ffd8efa0000 - 0x00007ffd8efb8000 	C:\Program Files\Android\Android Studio\jbr\bin\zip.dll
0x00007ffdb3370000 - 0x00007ffdb3ab4000 	C:\WINDOWS\System32\SHELL32.dll
0x00007ffdafe60000 - 0x00007ffdb05f3000 	C:\WINDOWS\SYSTEM32\windows.storage.dll
0x00007ffdb3e30000 - 0x00007ffdb4184000 	C:\WINDOWS\System32\combase.dll
0x00007ffdb1820000 - 0x00007ffdb184e000 	C:\WINDOWS\SYSTEM32\Wldp.dll
0x00007ffdb2710000 - 0x00007ffdb27bd000 	C:\WINDOWS\System32\SHCORE.dll
0x00007ffdb3dd0000 - 0x00007ffdb3e25000 	C:\WINDOWS\System32\shlwapi.dll
0x00007ffdb1d00000 - 0x00007ffdb1d1f000 	C:\WINDOWS\SYSTEM32\profapi.dll
0x00007ffd8b000000 - 0x00007ffd8b019000 	C:\Program Files\Android\Android Studio\jbr\bin\net.dll
0x00007ffda9c80000 - 0x00007ffda9d8a000 	C:\WINDOWS\SYSTEM32\WINHTTP.dll
0x00007ffdb1580000 - 0x00007ffdb15ea000 	C:\WINDOWS\system32\mswsock.dll
0x00007ffd84d50000 - 0x00007ffd84d66000 	C:\Program Files\Android\Android Studio\jbr\bin\nio.dll
0x00007ffd88eb0000 - 0x00007ffd88ec0000 	C:\Program Files\Android\Android Studio\jbr\bin\verify.dll

dbghelp: loaded successfully - version: 4.0.5 - missing functions: none
symbol engine: initialized successfully - sym options: 0x614 - pdb path: .;C:\Program Files\Android\Android Studio\jbr\bin;C:\WINDOWS\SYSTEM32;C:\WINDOWS\WinSxS\amd64_microsoft.windows.common-controls_6595b64144ccf1df_6.0.19041.1110_none_60b5254171f9507e;C:\Program Files\Android\Android Studio\jbr\bin\server

VM Arguments:
java_command: org.jetbrains.kotlin.cli.jvm.K2JVMCompiler @C:\Users\thang\Downloads\software\social_network_app-main\social_network_app-main\app\build\20230426_6995364143533814419.compiler.options
java_class_path (initial): C:\Users\thang\.gradle\caches\modules-2\files-2.1\org.jetbrains.kotlin\kotlin-compiler-embeddable\1.8.0\eb9118d4bcceaa2a94b2ae2a33a4ddba7c9a947f\kotlin-compiler-embeddable-1.8.0.jar;C:\Users\thang\.gradle\caches\modules-2\files-2.1\org.jetbrains.kotlin\kotlin-stdlib\1.8.0\1796921c7a3e2e2665a83e6c8d33399336cd39bc\kotlin-stdlib-1.8.0.jar;C:\Users\thang\.gradle\caches\modules-2\files-2.1\org.jetbrains.kotlin\kotlin-script-runtime\1.8.0\b2f7e760d283cb339974851c222a4c1d48f2d3d\kotlin-script-runtime-1.8.0.jar;C:\Users\thang\.gradle\caches\modules-2\files-2.1\org.jetbrains.kotlin\kotlin-reflect\1.6.10\1cbe9c92c12a94eea200d23c2bbaedaf3daf5132\kotlin-reflect-1.6.10.jar;C:\Users\thang\.gradle\caches\modules-2\files-2.1\org.jetbrains.kotlin\kotlin-daemon-embeddable\1.8.0\d255216c551685dc3a7e852b53617f5f01aaaa5c\kotlin-daemon-embeddable-1.8.0.jar;C:\Users\thang\.gradle\caches\modules-2\files-2.1\org.jetbrains.intellij.deps\trove4j\1.0.20200330\3afb14d5f9ceb459d724e907a21145e8ff394f02\trove4j-1.0.20200330.jar;C:\Users\thang\.gradle\caches\modules-2\files-2.1\net.java.dev.jna\jna\5.6.0\330f2244e9030119ab3030fc3fededc86713d9cc\jna-5.6.0.jar;C:\Users\thang\.gradle\caches\modules-2\files-2.1\org.jetbrains.kotlin\kotlin-stdlib-common\1.8.0\f7197e7cc76453ac59f8b0f8d5137cc600becd36\kotlin-stdlib-common-1.8.0.jar;C:\Users\thang\.gradle\caches\modules-2\files-2.1\org.jetbrains\annotations\13.0\919f0dfe192fb4e063e7dacadee7f8bb9a2672a9\annotations-13.0.jar
Launcher Type: SUN_STANDARD

[Global flags]
     intx CICompilerCount                          = 4                                         {product} {ergonomic}
     uint ConcGCThreads                            = 2                                         {product} {ergonomic}
     uint G1ConcRefinementThreads                  = 8                                         {product} {ergonomic}
   size_t G1HeapRegionSize                         = 1048576                                   {product} {ergonomic}
    uintx GCDrainStackTargetSize                   = 64                                        {product} {ergonomic}
   size_t InitialHeapSize                          = 134217728                                 {product} {ergonomic}
   size_t MarkStackSize                            = 4194304                                   {product} {ergonomic}
   size_t MaxHeapSize                              = 2118123520                                {product} {ergonomic}
   size_t MaxNewSize                               = 1270874112                                {product} {ergonomic}
   size_t MinHeapDeltaBytes                        = 1048576                                   {product} {ergonomic}
   size_t MinHeapSize                              = 8388608                                   {product} {ergonomic}
    uintx NonNMethodCodeHeapSize                   = 5839372                                {pd product} {ergonomic}
    uintx NonProfiledCodeHeapSize                  = 122909434                              {pd product} {ergonomic}
    uintx ProfiledCodeHeapSize                     = 122909434                              {pd product} {ergonomic}
    uintx ReservedCodeCacheSize                    = 251658240                              {pd product} {ergonomic}
     bool SegmentedCodeCache                       = true                                      {product} {ergonomic}
   size_t SoftMaxHeapSize                          = 2118123520                             {manageable} {ergonomic}
     bool UseCompressedClassPointers               = true                           {product lp64_product} {ergonomic}
     bool UseCompressedOops                        = true                           {product lp64_product} {ergonomic}
     bool UseG1GC                                  = true                                      {product} {ergonomic}
     bool UseLargePagesIndividualAllocation        = false                                  {pd product} {ergonomic}

Logging:
Log output configuration:
 #0: stdout all=warning uptime,level,tags
 #1: stderr all=off uptime,level,tags

Environment Variables:
PATH=C:\WINDOWS\system32;C:\WINDOWS;C:\WINDOWS\System32\Wbem;C:\WINDOWS\System32\WindowsPowerShell\v1.0\;C:\WINDOWS\System32\OpenSSH\;D:\Git\cmd;C:\Users\thang\AppData\Local\Microsoft\WindowsApps;
USERNAME=thang
OS=Windows_NT
PROCESSOR_IDENTIFIER=Intel64 Family 6 Model 142 Stepping 11, GenuineIntel
TMP=C:\Users\thang\AppData\Local\Temp
TEMP=C:\Users\thang\AppData\Local\Temp



---------------  S Y S T E M  ---------------

OS:
 Windows 10 , 64 bit Build 19041 (10.0.19041.2788)
OS uptime: 0 days 2:16 hours

CPU: total 8 (initial active 8) (4 cores per cpu, 2 threads per core) family 6 model 142 stepping 11 microcode 0xae, cx8, cmov, fxsr, ht, mmx, 3dnowpref, sse, sse2, sse3, ssse3, sse4.1, sse4.2, popcnt, lzcnt, tsc, tscinvbit, avx, avx2, aes, erms, clmul, bmi1, bmi2, adx, fma, vzeroupper, clflush, clflushopt

Memory: 4k page, system-wide physical 8078M (974M free)
TotalPageFile size 8110M (AvailPageFile size 18M)
current process WorkingSet (physical memory assigned to process): 246M, peak: 269M
current process commit charge ("private bytes"): 302M, peak: 336M

vm_info: OpenJDK 64-Bit Server VM (17.0.6+0-b2043.56-9586694) for windows-amd64 JRE (17.0.6+0-b2043.56-9586694), built on Feb  9 2023 20:06:20 by "androidbuild" with MS VC++ 16.10 / 16.11 (VS2019)

END.
