#
# There is insufficient memory for the Java Runtime Environment to continue.
# Native memory allocation (mmap) failed to map 134217728 bytes for G1 virtual space
# Possible reasons:
#   The system is out of physical RAM or swap space
#   The process is running with CompressedOops enabled, and the Java Heap may be blocking the growth of the native heap
# Possible solutions:
#   Reduce memory load on the system
#   Increase physical memory or swap space
#   Check if swap backing store is full
#   Decrease Java heap size (-Xmx/-Xms)
#   Decrease number of Java threads
#   Decrease Java thread stack sizes (-Xss)
#   Set larger code cache with -XX:ReservedCodeCacheSize=
#   JVM is running with Unscaled Compressed Oops mode in which the Java heap is
#     placed in the first 4GB address space. The Java Heap base address is the
#     maximum limit for the native heap growth. Please use -XX:HeapBaseMinAddress
#     to set the Java Heap base and to place the Java Heap above 4GB virtual address.
# This output file may be truncated or incomplete.
#
#  Out of Memory Error (os_windows.cpp:3769), pid=9752, tid=8396
#
# JRE version:  (17.0.6) (build )
# Java VM: OpenJDK 64-Bit Server VM (17.0.6+0-b2043.56-9586694, mixed mode, sharing, tiered, compressed oops, compressed class ptrs, g1 gc, windows-amd64)
# No core dump will be written. Minidumps are not enabled by default on client versions of Windows
#

---------------  S U M M A R Y ------------

Command Line: org.jetbrains.kotlin.cli.jvm.K2JVMCompiler @C:\Users\thang\Downloads\software\social_network_app-main\social_network_app-main\app\build\20230426_11712321155915111663.compiler.options

Host: Intel(R) Core(TM) i7-8565U CPU @ 1.80GHz, 8 cores, 7G,  Windows 10 , 64 bit Build 19041 (10.0.19041.2788)
Time: Wed Apr 26 08:47:44 2023 SE Asia Standard Time elapsed time: 0.027861 seconds (0d 0h 0m 0s)

---------------  T H R E A D  ---------------

Current thread (0x000002a5bd4d7d60):  JavaThread "Unknown thread" [_thread_in_vm, id=8396, stack(0x000000bcad800000,0x000000bcad900000)]

Stack: [0x000000bcad800000,0x000000bcad900000]
Native frames: (J=compiled Java code, j=interpreted, Vv=VM code, C=native code)
V  [jvm.dll+0x683b4a]
V  [jvm.dll+0x842654]
V  [jvm.dll+0x843dfe]
V  [jvm.dll+0x844463]
V  [jvm.dll+0x249b75]
V  [jvm.dll+0x680a19]
V  [jvm.dll+0x674f0a]
V  [jvm.dll+0x309acb]
V  [jvm.dll+0x310f86]
V  [jvm.dll+0x3608ee]
V  [jvm.dll+0x360b1f]
V  [jvm.dll+0x2dfbf8]
V  [jvm.dll+0x2e0b64]
V  [jvm.dll+0x813f41]
V  [jvm.dll+0x36e6a1]
V  [jvm.dll+0x7f347c]
V  [jvm.dll+0x3f0e8f]
V  [jvm.dll+0x3f29d1]
C  [jli.dll+0x526b]
C  [ucrtbase.dll+0x21bb2]
C  [KERNEL32.DLL+0x17604]
C  [ntdll.dll+0x526a1]


---------------  P R O C E S S  ---------------

Threads class SMR info:
_java_thread_list=0x00007ffd565cc058, length=0, elements={
}

Java Threads: ( => current thread )

Other Threads:
  0x000002a5bd532ee0 GCTaskThread "GC Thread#0" [stack: 0x000000bcad900000,0x000000bcada00000] [id=3976]
  0x000002a5bd544dc0 ConcurrentGCThread "G1 Main Marker" [stack: 0x000000bcada00000,0x000000bcadb00000] [id=6628]
  0x000002a5bd545e80 ConcurrentGCThread "G1 Conc#0" [stack: 0x000000bcadb00000,0x000000bcadc00000] [id=12880]

[error occurred during error reporting (printing all threads), id 0xc0000005, EXCEPTION_ACCESS_VIOLATION (0xc0000005) at pc=0x00007ffd55d80797]

VM state: not at safepoint (not fully initialized)

VM Mutex/Monitor currently owned by a thread:  ([mutex/lock_event])
[0x000002a5bd4d41e0] Heap_lock - owner thread: 0x000002a5bd4d7d60

Heap address: 0x0000000081c00000, size: 2020 MB, Compressed Oops mode: 32-bit

CDS archive(s) mapped at: [0x0000000000000000-0x0000000000000000-0x0000000000000000), size 0, SharedBaseAddress: 0x0000000800000000, ArchiveRelocationMode: 0.
Narrow klass base: 0x0000000000000000, Narrow klass shift: 0, Narrow klass range: 0x0

GC Precious Log:
<Empty>

Heap:
 garbage-first heap   total 0K, used 0K [0x0000000081c00000, 0x0000000100000000)
  region size 1024K, 0 young (0K), 0 survivors (0K)

[error occurred during error reporting (printing heap information), id 0xc0000005, EXCEPTION_ACCESS_VIOLATION (0xc0000005) at pc=0x00007ffd5616d939]

GC Heap History (0 events):
No events

Dll operation events (1 events):
Event: 0.010 Loaded shared library C:\Program Files\Android\Android Studio\jbr\bin\java.dll

Deoptimization events (0 events):
No events

Classes unloaded (0 events):
No events

Classes redefined (0 events):
No events

Internal exceptions (0 events):
No events

VM Operations (0 events):
No events

Events (0 events):
No events


Dynamic libraries:
0x00007ff682780000 - 0x00007ff68278a000 	C:\Program Files\Android\Android Studio\jbr\bin\java.exe
0x00007ffdb46b0000 - 0x00007ffdb48a8000 	C:\WINDOWS\SYSTEM32\ntdll.dll
0x00007ffdb42c0000 - 0x00007ffdb437f000 	C:\WINDOWS\System32\KERNEL32.DLL
0x00007ffdb2120000 - 0x00007ffdb23fa000 	C:\WINDOWS\System32\KERNELBASE.dll
0x00007ffdb2610000 - 0x00007ffdb2710000 	C:\WINDOWS\System32\ucrtbase.dll
0x00007ffdac1b0000 - 0x00007ffdac1c7000 	C:\Program Files\Android\Android Studio\jbr\bin\jli.dll
0x00007ffd9eaf0000 - 0x00007ffd9eb0b000 	C:\Program Files\Android\Android Studio\jbr\bin\VCRUNTIME140.dll
0x00007ffdb4420000 - 0x00007ffdb45bd000 	C:\WINDOWS\System32\USER32.dll
0x00007ffdb1ec0000 - 0x00007ffdb1ee2000 	C:\WINDOWS\System32\win32u.dll
0x00007ffd914b0000 - 0x00007ffd9174a000 	C:\WINDOWS\WinSxS\amd64_microsoft.windows.common-controls_6595b64144ccf1df_6.0.19041.1110_none_60b5254171f9507e\COMCTL32.dll
0x00007ffdb4290000 - 0x00007ffdb42bb000 	C:\WINDOWS\System32\GDI32.dll
0x00007ffdb45c0000 - 0x00007ffdb465e000 	C:\WINDOWS\System32\msvcrt.dll
0x00007ffdb2500000 - 0x00007ffdb2610000 	C:\WINDOWS\System32\gdi32full.dll
0x00007ffdb1f20000 - 0x00007ffdb1fbd000 	C:\WINDOWS\System32\msvcp_win.dll
0x00007ffdb3ac0000 - 0x00007ffdb3af0000 	C:\WINDOWS\System32\IMM32.DLL
0x00007ffd8f8e0000 - 0x00007ffd8f8ec000 	C:\Program Files\Android\Android Studio\jbr\bin\vcruntime140_1.dll
0x00007ffd97810000 - 0x00007ffd9789d000 	C:\Program Files\Android\Android Studio\jbr\bin\msvcp140.dll
0x00007ffd55a90000 - 0x00007ffd566fd000 	C:\Program Files\Android\Android Studio\jbr\bin\server\jvm.dll
0x00007ffdb2c50000 - 0x00007ffdb2cfe000 	C:\WINDOWS\System32\ADVAPI32.dll
0x00007ffdb2bb0000 - 0x00007ffdb2c4c000 	C:\WINDOWS\System32\sechost.dll
0x00007ffdb3af0000 - 0x00007ffdb3c16000 	C:\WINDOWS\System32\RPCRT4.dll
0x00007ffda1290000 - 0x00007ffda1299000 	C:\WINDOWS\SYSTEM32\WSOCK32.dll
0x00007ffdb2d00000 - 0x00007ffdb2d6b000 	C:\WINDOWS\System32\WS2_32.dll
0x00007ffdac4f0000 - 0x00007ffdac4fa000 	C:\WINDOWS\SYSTEM32\VERSION.dll
0x00007ffda0b70000 - 0x00007ffda0b97000 	C:\WINDOWS\SYSTEM32\WINMM.dll
0x00007ffdb0660000 - 0x00007ffdb0672000 	C:\WINDOWS\SYSTEM32\kernel.appcore.dll
0x00007ffd8f8d0000 - 0x00007ffd8f8da000 	C:\Program Files\Android\Android Studio\jbr\bin\jimage.dll
0x00007ffdafb80000 - 0x00007ffdafd64000 	C:\WINDOWS\SYSTEM32\DBGHELP.DLL
0x00007ffda92a0000 - 0x00007ffda92d4000 	C:\WINDOWS\SYSTEM32\dbgcore.DLL
0x00007ffdb1e30000 - 0x00007ffdb1eb2000 	C:\WINDOWS\System32\bcryptPrimitives.dll
0x00007ffd82970000 - 0x00007ffd82995000 	C:\Program Files\Android\Android Studio\jbr\bin\java.dll

dbghelp: loaded successfully - version: 4.0.5 - missing functions: none
symbol engine: initialized successfully - sym options: 0x614 - pdb path: .;C:\Program Files\Android\Android Studio\jbr\bin;C:\WINDOWS\SYSTEM32;C:\WINDOWS\WinSxS\amd64_microsoft.windows.common-controls_6595b64144ccf1df_6.0.19041.1110_none_60b5254171f9507e;C:\Program Files\Android\Android Studio\jbr\bin\server

VM Arguments:
java_command: org.jetbrains.kotlin.cli.jvm.K2JVMCompiler @C:\Users\thang\Downloads\software\social_network_app-main\social_network_app-main\app\build\20230426_11712321155915111663.compiler.options
java_class_path (initial): C:\Users\thang\.gradle\caches\modules-2\files-2.1\org.jetbrains.kotlin\kotlin-compiler-embeddable\1.8.0\eb9118d4bcceaa2a94b2ae2a33a4ddba7c9a947f\kotlin-compiler-embeddable-1.8.0.jar;C:\Users\thang\.gradle\caches\modules-2\files-2.1\org.jetbrains.kotlin\kotlin-stdlib\1.8.0\1796921c7a3e2e2665a83e6c8d33399336cd39bc\kotlin-stdlib-1.8.0.jar;C:\Users\thang\.gradle\caches\modules-2\files-2.1\org.jetbrains.kotlin\kotlin-script-runtime\1.8.0\b2f7e760d283cb339974851c222a4c1d48f2d3d\kotlin-script-runtime-1.8.0.jar;C:\Users\thang\.gradle\caches\modules-2\files-2.1\org.jetbrains.kotlin\kotlin-reflect\1.6.10\1cbe9c92c12a94eea200d23c2bbaedaf3daf5132\kotlin-reflect-1.6.10.jar;C:\Users\thang\.gradle\caches\modules-2\files-2.1\org.jetbrains.kotlin\kotlin-daemon-embeddable\1.8.0\d255216c551685dc3a7e852b53617f5f01aaaa5c\kotlin-daemon-embeddable-1.8.0.jar;C:\Users\thang\.gradle\caches\modules-2\files-2.1\org.jetbrains.intellij.deps\trove4j\1.0.20200330\3afb14d5f9ceb459d724e907a21145e8ff394f02\trove4j-1.0.20200330.jar;C:\Users\thang\.gradle\caches\modules-2\files-2.1\net.java.dev.jna\jna\5.6.0\330f2244e9030119ab3030fc3fededc86713d9cc\jna-5.6.0.jar;C:\Users\thang\.gradle\caches\modules-2\files-2.1\org.jetbrains.kotlin\kotlin-stdlib-common\1.8.0\f7197e7cc76453ac59f8b0f8d5137cc600becd36\kotlin-stdlib-common-1.8.0.jar;C:\Users\thang\.gradle\caches\modules-2\files-2.1\org.jetbrains\annotations\13.0\919f0dfe192fb4e063e7dacadee7f8bb9a2672a9\annotations-13.0.jar
Launcher Type: SUN_STANDARD

[Global flags]
     intx CICompilerCount                          = 4                                         {product} {ergonomic}
     uint ConcGCThreads                            = 2                                         {product} {ergonomic}
     uint G1ConcRefinementThreads                  = 8                                         {product} {ergonomic}
   size_t G1HeapRegionSize                         = 1048576                                   {product} {ergonomic}
    uintx GCDrainStackTargetSize                   = 64                                        {product} {ergonomic}
   size_t InitialHeapSize                          = 134217728                                 {product} {ergonomic}
   size_t MarkStackSize                            = 4194304                                   {product} {ergonomic}
   size_t MaxHeapSize                              = 2118123520                                {product} {ergonomic}
   size_t MinHeapDeltaBytes                        = 1048576                                   {product} {ergonomic}
   size_t MinHeapSize                              = 8388608                                   {product} {ergonomic}
    uintx NonNMethodCodeHeapSize                   = 5839372                                {pd product} {ergonomic}
    uintx NonProfiledCodeHeapSize                  = 122909434                              {pd product} {ergonomic}
    uintx ProfiledCodeHeapSize                     = 122909434                              {pd product} {ergonomic}
    uintx ReservedCodeCacheSize                    = 251658240                              {pd product} {ergonomic}
     bool SegmentedCodeCache                       = true                                      {product} {ergonomic}
   size_t SoftMaxHeapSize                          = 2118123520                             {manageable} {ergonomic}
     bool UseCompressedClassPointers               = true                           {product lp64_product} {ergonomic}
     bool UseCompressedOops                        = true                           {product lp64_product} {ergonomic}
     bool UseG1GC                                  = true                                      {product} {ergonomic}
     bool UseLargePagesIndividualAllocation        = false                                  {pd product} {ergonomic}

Logging:
Log output configuration:
 #0: stdout all=warning uptime,level,tags
 #1: stderr all=off uptime,level,tags

Environment Variables:
PATH=C:\WINDOWS\system32;C:\WINDOWS;C:\WINDOWS\System32\Wbem;C:\WINDOWS\System32\WindowsPowerShell\v1.0\;C:\WINDOWS\System32\OpenSSH\;D:\Git\cmd;C:\Users\thang\AppData\Local\Microsoft\WindowsApps;
USERNAME=thang
OS=Windows_NT
PROCESSOR_IDENTIFIER=Intel64 Family 6 Model 142 Stepping 11, GenuineIntel
TMP=C:\Users\thang\AppData\Local\Temp
TEMP=C:\Users\thang\AppData\Local\Temp



---------------  S Y S T E M  ---------------

OS:
 Windows 10 , 64 bit Build 19041 (10.0.19041.2788)
OS uptime: 0 days 2:18 hours

CPU: total 8 (initial active 8) (4 cores per cpu, 2 threads per core) family 6 model 142 stepping 11 microcode 0xae, cx8, cmov, fxsr, ht, mmx, 3dnowpref, sse, sse2, sse3, ssse3, sse4.1, sse4.2, popcnt, lzcnt, tsc, tscinvbit, avx, avx2, aes, erms, clmul, bmi1, bmi2, adx, fma, vzeroupper, clflush, clflushopt

Memory: 4k page, system-wide physical 8078M (965M free)
TotalPageFile size 8110M (AvailPageFile size 31M)
current process WorkingSet (physical memory assigned to process): 10M, peak: 10M
current process commit charge ("private bytes"): 60M, peak: 188M

vm_info: OpenJDK 64-Bit Server VM (17.0.6+0-b2043.56-9586694) for windows-amd64 JRE (17.0.6+0-b2043.56-9586694), built on Feb  9 2023 20:06:20 by "androidbuild" with MS VC++ 16.10 / 16.11 (VS2019)

END.
